[0.014s] Invoking command in '/root/sam_bot_description/src/joint_control/build/joint_control': CMAKE_PREFIX_PATH=/opt/ros/foxy /usr/bin/cmake --build /root/sam_bot_description/src/joint_control/build/joint_control -- -j16 -l16
[0.048s] [35m[1mScanning dependencies of target joint[0m
[0.070s] [ 50%] [32mBuilding CXX object CMakeFiles/joint.dir/src/joint_controller.cpp.o[0m
[2.141s] [01m[K/root/sam_bot_description/src/joint_control/src/joint_controller.cpp:155:3:[m[K [01;31m[Kerror: [m[K‘[01m[KOdometry[m[K’ does not name a type
[2.141s]   155 |   [01;31m[KOdometry[m[K odometry_;
[2.142s]       |   [01;31m[K^~~~~~~~[m[K
[2.143s] [01m[K/root/sam_bot_description/src/joint_control/src/joint_controller.cpp:[m[K In constructor ‘[01m[KTwistToAackermann::TwistToAackermann()[m[K’:
[2.144s] [01m[K/root/sam_bot_description/src/joint_control/src/joint_controller.cpp:26:40:[m[K [01;31m[Kerror: [m[Kno matching function for call to ‘[01m[Krclcpp::Publisher<sensor_msgs::msg::JointState_<std::allocator<void> > >::Publisher()[m[K’
[2.144s]    26 |   TwistToAackermann() : Node("ackiyooo"[01;31m[K)[m[K
[2.144s]       |                                        [01;31m[K^[m[K
[2.144s] In file included from [01m[K/opt/ros/foxy/include/rclcpp/topic_statistics/subscription_topic_statistics.hpp:31[m[K,
[2.145s]                  from [01m[K/opt/ros/foxy/include/rclcpp/subscription.hpp:50[m[K,
[2.145s]                  from [01m[K/opt/ros/foxy/include/rclcpp/any_executable.hpp:25[m[K,
[2.145s]                  from [01m[K/opt/ros/foxy/include/rclcpp/memory_strategy.hpp:24[m[K,
[2.145s]                  from [01m[K/opt/ros/foxy/include/rclcpp/memory_strategies.hpp:18[m[K,
[2.145s]                  from [01m[K/opt/ros/foxy/include/rclcpp/executor_options.hpp:20[m[K,
[2.146s]                  from [01m[K/opt/ros/foxy/include/rclcpp/executor.hpp:33[m[K,
[2.146s]                  from [01m[K/opt/ros/foxy/include/rclcpp/executors/multi_threaded_executor.hpp:26[m[K,
[2.146s]                  from [01m[K/opt/ros/foxy/include/rclcpp/executors.hpp:21[m[K,
[2.146s]                  from [01m[K/opt/ros/foxy/include/rclcpp/rclcpp.hpp:146[m[K,
[2.146s]                  from [01m[K/root/sam_bot_description/src/joint_control/src/joint_controller.cpp:10[m[K:
[2.146s] [01m[K/opt/ros/foxy/include/rclcpp/publisher.hpp:73:3:[m[K [01;36m[Knote: [m[Kcandidate: ‘[01m[Krclcpp::Publisher<MessageT, AllocatorT>::Publisher(rclcpp::node_interfaces::NodeBaseInterface*, const string&, const rclcpp::QoS&, const rclcpp::PublisherOptionsWithAllocator<AllocatorT>&) [with MessageT = sensor_msgs::msg::JointState_<std::allocator<void> >; AllocatorT = std::allocator<void>; std::string = std::__cxx11::basic_string<char>][m[K’
[2.146s]    73 |   [01;36m[KPublisher[m[K(
[2.146s]       |   [01;36m[K^~~~~~~~~[m[K
[2.147s] [01m[K/opt/ros/foxy/include/rclcpp/publisher.hpp:73:3:[m[K [01;36m[Knote: [m[K  candidate expects 4 arguments, 0 provided
[2.147s] [01m[K/opt/ros/foxy/include/rclcpp/publisher.hpp:51:7:[m[K [01;36m[Knote: [m[Kcandidate: ‘[01m[Krclcpp::Publisher<sensor_msgs::msg::JointState_<std::allocator<void> > >::Publisher(const rclcpp::Publisher<sensor_msgs::msg::JointState_<std::allocator<void> > >&)[m[K’
[2.147s]    51 | class [01;36m[KPublisher[m[K : public PublisherBase
[2.147s]       |       [01;36m[K^~~~~~~~~[m[K
[2.147s] [01m[K/opt/ros/foxy/include/rclcpp/publisher.hpp:51:7:[m[K [01;36m[Knote: [m[K  candidate expects 1 argument, 0 provided
[2.147s] [01m[K/root/sam_bot_description/src/joint_control/src/joint_controller.cpp:26:40:[m[K [01;31m[Kerror: [m[Kno matching function for call to ‘[01m[Krclcpp::Publisher<nav_msgs::msg::Odometry_<std::allocator<void> > >::Publisher()[m[K’
[2.147s]    26 |   TwistToAackermann() : Node("ackiyooo"[01;31m[K)[m[K
[2.148s]       |                                        [01;31m[K^[m[K
[2.148s] In file included from [01m[K/opt/ros/foxy/include/rclcpp/topic_statistics/subscription_topic_statistics.hpp:31[m[K,
[2.148s]                  from [01m[K/opt/ros/foxy/include/rclcpp/subscription.hpp:50[m[K,
[2.148s]                  from [01m[K/opt/ros/foxy/include/rclcpp/any_executable.hpp:25[m[K,
[2.148s]                  from [01m[K/opt/ros/foxy/include/rclcpp/memory_strategy.hpp:24[m[K,
[2.148s]                  from [01m[K/opt/ros/foxy/include/rclcpp/memory_strategies.hpp:18[m[K,
[2.149s]                  from [01m[K/opt/ros/foxy/include/rclcpp/executor_options.hpp:20[m[K,
[2.149s]                  from [01m[K/opt/ros/foxy/include/rclcpp/executor.hpp:33[m[K,
[2.149s]                  from [01m[K/opt/ros/foxy/include/rclcpp/executors/multi_threaded_executor.hpp:26[m[K,
[2.149s]                  from [01m[K/opt/ros/foxy/include/rclcpp/executors.hpp:21[m[K,
[2.149s]                  from [01m[K/opt/ros/foxy/include/rclcpp/rclcpp.hpp:146[m[K,
[2.149s]                  from [01m[K/root/sam_bot_description/src/joint_control/src/joint_controller.cpp:10[m[K:
[2.149s] [01m[K/opt/ros/foxy/include/rclcpp/publisher.hpp:73:3:[m[K [01;36m[Knote: [m[Kcandidate: ‘[01m[Krclcpp::Publisher<MessageT, AllocatorT>::Publisher(rclcpp::node_interfaces::NodeBaseInterface*, const string&, const rclcpp::QoS&, const rclcpp::PublisherOptionsWithAllocator<AllocatorT>&) [with MessageT = nav_msgs::msg::Odometry_<std::allocator<void> >; AllocatorT = std::allocator<void>; std::string = std::__cxx11::basic_string<char>][m[K’
[2.150s]    73 |   [01;36m[KPublisher[m[K(
[2.150s]       |   [01;36m[K^~~~~~~~~[m[K
[2.150s] [01m[K/opt/ros/foxy/include/rclcpp/publisher.hpp:73:3:[m[K [01;36m[Knote: [m[K  candidate expects 4 arguments, 0 provided
[2.150s] [01m[K/opt/ros/foxy/include/rclcpp/publisher.hpp:51:7:[m[K [01;36m[Knote: [m[Kcandidate: ‘[01m[Krclcpp::Publisher<nav_msgs::msg::Odometry_<std::allocator<void> > >::Publisher(const rclcpp::Publisher<nav_msgs::msg::Odometry_<std::allocator<void> > >&)[m[K’
[2.150s]    51 | class [01;36m[KPublisher[m[K : public PublisherBase
[2.150s]       |       [01;36m[K^~~~~~~~~[m[K
[2.150s] [01m[K/opt/ros/foxy/include/rclcpp/publisher.hpp:51:7:[m[K [01;36m[Knote: [m[K  candidate expects 1 argument, 0 provided
[2.151s] [01m[K/root/sam_bot_description/src/joint_control/src/joint_controller.cpp:26:40:[m[K [01;31m[Kerror: [m[Kno matching function for call to ‘[01m[Krclcpp::Publisher<tf2_msgs::msg::TFMessage_<std::allocator<void> > >::Publisher()[m[K’
[2.151s]    26 |   TwistToAackermann() : Node("ackiyooo"[01;31m[K)[m[K
[2.151s]       |                                        [01;31m[K^[m[K
[2.151s] In file included from [01m[K/opt/ros/foxy/include/rclcpp/topic_statistics/subscription_topic_statistics.hpp:31[m[K,
[2.151s]                  from [01m[K/opt/ros/foxy/include/rclcpp/subscription.hpp:50[m[K,
[2.152s]                  from [01m[K/opt/ros/foxy/include/rclcpp/any_executable.hpp:25[m[K,
[2.152s]                  from [01m[K/opt/ros/foxy/include/rclcpp/memory_strategy.hpp:24[m[K,
[2.152s]                  from [01m[K/opt/ros/foxy/include/rclcpp/memory_strategies.hpp:18[m[K,
[2.152s]                  from [01m[K/opt/ros/foxy/include/rclcpp/executor_options.hpp:20[m[K,
[2.152s]                  from [01m[K/opt/ros/foxy/include/rclcpp/executor.hpp:33[m[K,
[2.152s]                  from [01m[K/opt/ros/foxy/include/rclcpp/executors/multi_threaded_executor.hpp:26[m[K,
[2.152s]                  from [01m[K/opt/ros/foxy/include/rclcpp/executors.hpp:21[m[K,
[2.153s]                  from [01m[K/opt/ros/foxy/include/rclcpp/rclcpp.hpp:146[m[K,
[2.153s]                  from [01m[K/root/sam_bot_description/src/joint_control/src/joint_controller.cpp:10[m[K:
[2.153s] [01m[K/opt/ros/foxy/include/rclcpp/publisher.hpp:73:3:[m[K [01;36m[Knote: [m[Kcandidate: ‘[01m[Krclcpp::Publisher<MessageT, AllocatorT>::Publisher(rclcpp::node_interfaces::NodeBaseInterface*, const string&, const rclcpp::QoS&, const rclcpp::PublisherOptionsWithAllocator<AllocatorT>&) [with MessageT = tf2_msgs::msg::TFMessage_<std::allocator<void> >; AllocatorT = std::allocator<void>; std::string = std::__cxx11::basic_string<char>][m[K’
[2.153s]    73 |   [01;36m[KPublisher[m[K(
[2.153s]       |   [01;36m[K^~~~~~~~~[m[K
[2.153s] [01m[K/opt/ros/foxy/include/rclcpp/publisher.hpp:73:3:[m[K [01;36m[Knote: [m[K  candidate expects 4 arguments, 0 provided
[2.154s] [01m[K/opt/ros/foxy/include/rclcpp/publisher.hpp:51:7:[m[K [01;36m[Knote: [m[Kcandidate: ‘[01m[Krclcpp::Publisher<tf2_msgs::msg::TFMessage_<std::allocator<void> > >::Publisher(const rclcpp::Publisher<tf2_msgs::msg::TFMessage_<std::allocator<void> > >&)[m[K’
[2.154s]    51 | class [01;36m[KPublisher[m[K : public PublisherBase
[2.154s]       |       [01;36m[K^~~~~~~~~[m[K
[2.154s] [01m[K/opt/ros/foxy/include/rclcpp/publisher.hpp:51:7:[m[K [01;36m[Knote: [m[K  candidate expects 1 argument, 0 provided
[2.154s] [01m[K/root/sam_bot_description/src/joint_control/src/joint_controller.cpp:26:40:[m[K [01;31m[Kerror: [m[Kno matching function for call to ‘[01m[Krclcpp::Subscription<geometry_msgs::msg::Twist_<std::allocator<void> > >::Subscription()[m[K’
[2.155s]    26 |   TwistToAackermann() : Node("ackiyooo"[01;31m[K)[m[K
[2.155s]       |                                        [01;31m[K^[m[K
[2.155s] In file included from [01m[K/opt/ros/foxy/include/rclcpp/any_executable.hpp:25[m[K,
[2.155s]                  from [01m[K/opt/ros/foxy/include/rclcpp/memory_strategy.hpp:24[m[K,
[2.155s]                  from [01m[K/opt/ros/foxy/include/rclcpp/memory_strategies.hpp:18[m[K,
[2.155s]                  from [01m[K/opt/ros/foxy/include/rclcpp/executor_options.hpp:20[m[K,
[2.155s]                  from [01m[K/opt/ros/foxy/include/rclcpp/executor.hpp:33[m[K,
[2.156s]                  from [01m[K/opt/ros/foxy/include/rclcpp/executors/multi_threaded_executor.hpp:26[m[K,
[2.156s]                  from [01m[K/opt/ros/foxy/include/rclcpp/executors.hpp:21[m[K,
[2.156s]                  from [01m[K/opt/ros/foxy/include/rclcpp/rclcpp.hpp:146[m[K,
[2.156s]                  from [01m[K/root/sam_bot_description/src/joint_control/src/joint_controller.cpp:10[m[K:
[2.156s] [01m[K/opt/ros/foxy/include/rclcpp/subscription.hpp:102:3:[m[K [01;36m[Knote: [m[Kcandidate: ‘[01m[Krclcpp::Subscription<CallbackMessageT, AllocatorT, MessageMemoryStrategyT>::Subscription(rclcpp::node_interfaces::NodeBaseInterface*, const rosidl_message_type_support_t&, const string&, const rclcpp::QoS&, rclcpp::AnySubscriptionCallback<CallbackMessageT, AllocatorT>, const rclcpp::SubscriptionOptionsWithAllocator<AllocatorT>&, typename MessageMemoryStrategyT::SharedPtr, rclcpp::Subscription<CallbackMessageT, AllocatorT, MessageMemoryStrategyT>::SubscriptionTopicStatisticsSharedPtr) [with CallbackMessageT = geometry_msgs::msg::Twist_<std::allocator<void> >; AllocatorT = std::allocator<void>; MessageMemoryStrategyT = rclcpp::message_memory_strategy::MessageMemoryStrategy<geometry_msgs::msg::Twist_<std::allocator<void> >, std::allocator<void> >; rosidl_message_type_support_t = rosidl_message_type_support_t; std::string = std::__cxx11::basic_string<char>; typename MessageMemoryStrategyT::SharedPtr = std::shared_ptr<rclcpp::message_memory_strategy::MessageMemoryStrategy<geometry_msgs::msg::Twist_<std::allocator<void> >, std::allocator<void> > >; rclcpp::Subscription<CallbackMessageT, AllocatorT, MessageMemoryStrategyT>::SubscriptionTopicStatisticsSharedPtr = std::shared_ptr<rclcpp::topic_statistics::SubscriptionTopicStatistics<geometry_msgs::msg::Twist_<std::allocator<void> > > >][m[K’
[2.156s]   102 |   [01;36m[KSubscription[m[K(
[2.156s]       |   [01;36m[K^~~~~~~~~~~~[m[K
[2.157s] [01m[K/opt/ros/foxy/include/rclcpp/subscription.hpp:102:3:[m[K [01;36m[Knote: [m[K  candidate expects 8 arguments, 0 provided
[2.157s] [01m[K/root/sam_bot_description/src/joint_control/src/joint_controller.cpp:29:76:[m[K [01;31m[Kerror: [m[Kno match for ‘[01m[Koperator=[m[K’ (operand types are ‘[01m[Krclcpp::Publisher<sensor_msgs::msg::JointState_<std::allocator<void> > >[m[K’ and ‘[01m[Kstd::shared_ptr<rclcpp::Publisher<sensor_msgs::msg::JointState_<std::allocator<void> > > >[m[K’)
[2.157s]    29 |     pub_ = create_publisher<sensor_msgs::msg::JointState>("/joint_state", 1[01;31m[K)[m[K;
[2.157s]       |                                                                            [01;31m[K^[m[K
[2.157s] In file included from [01m[K/opt/ros/foxy/include/rclcpp/topic_statistics/subscription_topic_statistics.hpp:31[m[K,
[2.157s]                  from [01m[K/opt/ros/foxy/include/rclcpp/subscription.hpp:50[m[K,
[2.157s]                  from [01m[K/opt/ros/foxy/include/rclcpp/any_executable.hpp:25[m[K,
[2.158s]                  from [01m[K/opt/ros/foxy/include/rclcpp/memory_strategy.hpp:24[m[K,
[2.158s]                  from [01m[K/opt/ros/foxy/include/rclcpp/memory_strategies.hpp:18[m[K,
[2.158s]                  from [01m[K/opt/ros/foxy/include/rclcpp/executor_options.hpp:20[m[K,
[2.158s]                  from [01m[K/opt/ros/foxy/include/rclcpp/executor.hpp:33[m[K,
[2.158s]                  from [01m[K/opt/ros/foxy/include/rclcpp/executors/multi_threaded_executor.hpp:26[m[K,
[2.159s]                  from [01m[K/opt/ros/foxy/include/rclcpp/executors.hpp:21[m[K,
[2.159s]                  from [01m[K/opt/ros/foxy/include/rclcpp/rclcpp.hpp:146[m[K,
[2.159s]                  from [01m[K/root/sam_bot_description/src/joint_control/src/joint_controller.cpp:10[m[K:
[2.159s] [01m[K/opt/ros/foxy/include/rclcpp/publisher.hpp:51:7:[m[K [01;36m[Knote: [m[Kcandidate: ‘[01m[Krclcpp::Publisher<sensor_msgs::msg::JointState_<std::allocator<void> > >& rclcpp::Publisher<sensor_msgs::msg::JointState_<std::allocator<void> > >::operator=(const rclcpp::Publisher<sensor_msgs::msg::JointState_<std::allocator<void> > >&)[m[K’ <deleted>
[2.159s]    51 | class [01;36m[KPublisher[m[K : public PublisherBase
[2.159s]       |       [01;36m[K^~~~~~~~~[m[K
[2.159s] [01m[K/opt/ros/foxy/include/rclcpp/publisher.hpp:51:7:[m[K [01;36m[Knote: [m[K  no known conversion for argument 1 from ‘[01m[Kstd::shared_ptr<rclcpp::Publisher<sensor_msgs::msg::JointState_<std::allocator<void> > > >[m[K’ to ‘[01m[Kconst rclcpp::Publisher<sensor_msgs::msg::JointState_<std::allocator<void> > >&[m[K’
[2.159s] [01m[K/root/sam_bot_description/src/joint_control/src/joint_controller.cpp:30:69:[m[K [01;31m[Kerror: [m[Kno match for ‘[01m[Koperator=[m[K’ (operand types are ‘[01m[Krclcpp::Publisher<nav_msgs::msg::Odometry_<std::allocator<void> > >[m[K’ and ‘[01m[Kstd::shared_ptr<rclcpp::Publisher<nav_msgs::msg::Odometry_<std::allocator<void> > > >[m[K’)
[2.160s]    30 |     pub_odom_  = create_publisher<nav_msgs::msg::Odometry>("/odom",1[01;31m[K)[m[K;
[2.160s]       |                                                                     [01;31m[K^[m[K
[2.160s] In file included from [01m[K/opt/ros/foxy/include/rclcpp/topic_statistics/subscription_topic_statistics.hpp:31[m[K,
[2.160s]                  from [01m[K/opt/ros/foxy/include/rclcpp/subscription.hpp:50[m[K,
[2.160s]                  from [01m[K/opt/ros/foxy/include/rclcpp/any_executable.hpp:25[m[K,
[2.160s]                  from [01m[K/opt/ros/foxy/include/rclcpp/memory_strategy.hpp:24[m[K,
[2.160s]                  from [01m[K/opt/ros/foxy/include/rclcpp/memory_strategies.hpp:18[m[K,
[2.161s]                  from [01m[K/opt/ros/foxy/include/rclcpp/executor_options.hpp:20[m[K,
[2.161s]                  from [01m[K/opt/ros/foxy/include/rclcpp/executor.hpp:33[m[K,
[2.161s]                  from [01m[K/opt/ros/foxy/include/rclcpp/executors/multi_threaded_executor.hpp:26[m[K,
[2.161s]                  from [01m[K/opt/ros/foxy/include/rclcpp/executors.hpp:21[m[K,
[2.161s]                  from [01m[K/opt/ros/foxy/include/rclcpp/rclcpp.hpp:146[m[K,
[2.161s]                  from [01m[K/root/sam_bot_description/src/joint_control/src/joint_controller.cpp:10[m[K:
[2.161s] [01m[K/opt/ros/foxy/include/rclcpp/publisher.hpp:51:7:[m[K [01;36m[Knote: [m[Kcandidate: ‘[01m[Krclcpp::Publisher<nav_msgs::msg::Odometry_<std::allocator<void> > >& rclcpp::Publisher<nav_msgs::msg::Odometry_<std::allocator<void> > >::operator=(const rclcpp::Publisher<nav_msgs::msg::Odometry_<std::allocator<void> > >&)[m[K’ <deleted>
[2.162s]    51 | class [01;36m[KPublisher[m[K : public PublisherBase
[2.162s]       |       [01;36m[K^~~~~~~~~[m[K
[2.162s] [01m[K/opt/ros/foxy/include/rclcpp/publisher.hpp:51:7:[m[K [01;36m[Knote: [m[K  no known conversion for argument 1 from ‘[01m[Kstd::shared_ptr<rclcpp::Publisher<nav_msgs::msg::Odometry_<std::allocator<void> > > >[m[K’ to ‘[01m[Kconst rclcpp::Publisher<nav_msgs::msg::Odometry_<std::allocator<void> > >&[m[K’
[2.162s] [01m[K/root/sam_bot_description/src/joint_control/src/joint_controller.cpp:31:5:[m[K [01;31m[Kerror: [m[K‘[01m[Kpub_odom_tf_[m[K’ was not declared in this scope; did you mean ‘[01m[Kpub_odom_tf[m[K’?
[2.162s]    31 |     [01;31m[Kpub_odom_tf_[m[K = create_publisher<tf2_msgs::msg::TFMessage>("/odom_tf",1);
[2.162s]       |     [01;31m[K^~~~~~~~~~~~[m[K
[2.162s]       |     [32m[Kpub_odom_tf[m[K
[2.163s] [01m[K/root/sam_bot_description/src/joint_control/src/joint_controller.cpp:32:5:[m[K [01;31m[Kerror: [m[K‘[01m[Kjoint[m[K’ was not declared in this scope
[2.163s]    32 |     [01;31m[Kjoint[m[K.header.frame_id = std::string("");
[2.163s]       |     [01;31m[K^~~~~[m[K
[2.163s] [01m[K/root/sam_bot_description/src/joint_control/src/joint_controller.cpp:45:6:[m[K [01;31m[Kerror: [m[K‘[01m[Kodometry_[m[K’ was not declared in this scope
[2.163s]    45 |      [01;31m[Kodometry_[m[K.setVelocityRollingWindowSize(10);
[2.163s]       |      [01;31m[K^~~~~~~~~[m[K
[2.170s] [01m[K/root/sam_bot_description/src/joint_control/src/joint_controller.cpp:72:44:[m[K [01;31m[Kerror: [m[K‘[01m[Kbase_frame_id_[m[K’ was not declared in this scope
[2.170s]    72 |     tf_msg_.transforms[0].child_frame_id = [01;31m[Kbase_frame_id_[m[K;
[2.170s]       |                                            [01;31m[K^~~~~~~~~~~~~~[m[K
[2.178s] [01m[K/root/sam_bot_description/src/joint_control/src/joint_controller.cpp:73:45:[m[K [01;31m[Kerror: [m[K‘[01m[Kodom_frame_id_[m[K’ was not declared in this scope
[2.178s]    73 |     tf_msg_.transforms[0].header.frame_id = [01;31m[Kodom_frame_id_[m[K;
[2.178s]       |                                             [01;31m[K^~~~~~~~~~~~~~[m[K
[2.179s] [01m[K/root/sam_bot_description/src/joint_control/src/joint_controller.cpp:75:108:[m[K [01;31m[Kerror: [m[Kno matching function for call to ‘[01m[KTwistToAackermann::create_subscription<geometry_msgs::msg::Twist>(const char [9], int, void (TwistToAackermann::*)(const Twist&), TwistToAackermann*)[m[K’
[2.179s]    75 |     sub_ = create_subscription<geometry_msgs::msg::Twist>("/cmd_vel", 1, &TwistToAackermann::callback, this[01;31m[K)[m[K;
[2.179s]       |                                                                                                            [01;31m[K^[m[K
[2.179s] In file included from [01m[K/opt/ros/foxy/include/rclcpp/executors/single_threaded_executor.hpp:28[m[K,
[2.179s]                  from [01m[K/opt/ros/foxy/include/rclcpp/executors.hpp:22[m[K,
[2.180s]                  from [01m[K/opt/ros/foxy/include/rclcpp/rclcpp.hpp:146[m[K,
[2.180s]                  from [01m[K/root/sam_bot_description/src/joint_control/src/joint_controller.cpp:10[m[K:
[2.180s] [01m[K/opt/ros/foxy/include/rclcpp/node.hpp:213:3:[m[K [01;36m[Knote: [m[Kcandidate: ‘[01m[Ktemplate<class MessageT, class CallbackT, class AllocatorT, class CallbackMessageT, class SubscriptionT, class MessageMemoryStrategyT> std::shared_ptr<SubscriptionT> rclcpp::Node::create_subscription(const string&, const rclcpp::QoS&, CallbackT&&, const rclcpp::SubscriptionOptionsWithAllocator<AllocatorT>&, typename MessageMemoryStrategyT::SharedPtr)[m[K’
[2.180s]   213 |   [01;36m[Kcreate_subscription[m[K(
[2.180s]       |   [01;36m[K^~~~~~~~~~~~~~~~~~~[m[K
[2.180s] [01m[K/opt/ros/foxy/include/rclcpp/node.hpp:213:3:[m[K [01;36m[Knote: [m[K  template argument deduction/substitution failed:
[2.180s] [01m[K/root/sam_bot_description/src/joint_control/src/joint_controller.cpp:75:108:[m[K [01;36m[Knote: [m[K  mismatched types ‘[01m[Kconst rclcpp::SubscriptionOptionsWithAllocator<AllocatorT>[m[K’ and ‘[01m[KTwistToAackermann*[m[K’
[2.181s]    75 |     sub_ = create_subscription<geometry_msgs::msg::Twist>("/cmd_vel", 1, &TwistToAackermann::callback, this[01;36m[K)[m[K;
[2.181s]       |                                                                                                            [01;36m[K^[m[K
[2.181s] [01m[K/root/sam_bot_description/src/joint_control/src/joint_controller.cpp:[m[K In member function ‘[01m[Kvoid TwistToAackermann::callback(const Twist&)[m[K’:
[2.181s] [01m[K/root/sam_bot_description/src/joint_control/src/joint_controller.cpp:82:18:[m[K [01;31m[Kerror: [m[K‘[01m[KJointState[m[K’ is not a member of ‘[01m[Ksensor_msgs[m[K’; did you mean ‘[01m[Ksensor_msgs::msg::JointState[m[K’?
[2.181s]    82 |     sensor_msgs::[01;31m[KJointState[m[K joint;
[2.182s]       |                  [01;31m[K^~~~~~~~~~[m[K
[2.182s] In file included from [01m[K/opt/ros/foxy/include/sensor_msgs/msg/joint_state.hpp:7[m[K,
[2.182s]                  from [01m[K/root/sam_bot_description/src/joint_control/src/joint_controller.cpp:4[m[K:
[2.182s] [01m[K/opt/ros/foxy/include/sensor_msgs/msg/detail/joint_state__struct.hpp:166:7:[m[K [01;36m[Knote: [m[K‘[01m[Ksensor_msgs::msg::JointState[m[K’ declared here
[2.182s]   166 | using [01;36m[KJointState[m[K =
[2.183s]       |       [01;36m[K^~~~~~~~~~[m[K
[2.183s] [01m[K/root/sam_bot_description/src/joint_control/src/joint_controller.cpp:92:5:[m[K [01;31m[Kerror: [m[K‘[01m[Kjoint[m[K’ was not declared in this scope
[2.183s]    92 |     [01;31m[Kjoint[m[K.header.stamp = rclcpp::Time::now();
[2.183s]       |     [01;31m[K^~~~~[m[K
[2.183s] [01m[K/root/sam_bot_description/src/joint_control/src/joint_controller.cpp:92:40:[m[K [01;31m[Kerror: [m[K‘[01m[Know[m[K’ is not a member of ‘[01m[Krclcpp::Time[m[K’
[2.183s]    92 |     joint.header.stamp = rclcpp::Time::[01;31m[Know[m[K();
[2.183s]       |                                        [01;31m[K^~~[m[K
[2.183s] [01m[K/root/sam_bot_description/src/joint_control/src/joint_controller.cpp:106:29:[m[K [01;31m[Kerror: [m[Kexpected primary-expression before ‘[01m[K/[m[K’ token
[2.184s]   106 |       lwh = atan(actualBase+[01;31m[K/[m[K(r-(track/2)));
[2.184s]       |                             [01;31m[K^[m[K
[2.185s] [01m[K/root/sam_bot_description/src/joint_control/src/joint_controller.cpp:118:5:[m[K [01;31m[Kerror: [m[K‘[01m[Kodometry_[m[K’ was not declared in this scope
[2.185s]   118 |     [01;31m[Kodometry_[m[K.updateOpenLoop(msg.linear.x, msg.angular.z, joint.header.stamp);
[2.186s]       |     [01;31m[K^~~~~~~~~[m[K
[2.186s] [01m[K/root/sam_bot_description/src/joint_control/src/joint_controller.cpp:121:26:[m[K [01;31m[Kerror: [m[K‘[01m[KQuaternion[m[K’ in namespace ‘[01m[Kgeometry_msgs[m[K’ does not name a type
[2.186s]   121 |     const geometry_msgs::[01;31m[KQuaternion[m[K orientation(
[2.186s]       |                          [01;31m[K^~~~~~~~~~[m[K
[2.189s] [01m[K/root/sam_bot_description/src/joint_control/src/joint_controller.cpp:126:37:[m[K [01;31m[Kerror: [m[K‘[01m[Korientation[m[K’ was not declared in this scope
[2.189s]   126 |        msg_.pose.pose.orientation = [01;31m[Korientation[m[K;
[2.189s]       |                                     [01;31m[K^~~~~~~~~~~[m[K
[2.190s] [01m[K/root/sam_bot_description/src/joint_control/src/joint_controller.cpp:133:18:[m[K [01;31m[Kerror: [m[K‘[01m[KTransformStamped[m[K’ is not a member of ‘[01m[Kgeometry_msgs[m[K’; did you mean ‘[01m[Kgeometry_msgs::msg::TransformStamped[m[K’?
[2.190s]   133 |   geometry_msgs::[01;31m[KTransformStamped[m[K& odom_frame = tf_msg_.transforms[0];
[2.190s]       |                  [01;31m[K^~~~~~~~~~~~~~~~[m[K
[2.191s] In file included from [01m[K/opt/ros/foxy/include/tf2_msgs/msg/detail/tf_message__struct.hpp:19[m[K,
[2.191s]                  from [01m[K/opt/ros/foxy/include/tf2_msgs/msg/tf_message.hpp:7[m[K,
[2.191s]                  from [01m[K/root/sam_bot_description/src/joint_control/src/joint_controller.cpp:7[m[K:
[2.191s] [01m[K/opt/ros/foxy/include/geometry_msgs/msg/detail/transform_stamped__struct.hpp:155:7:[m[K [01;36m[Knote: [m[K‘[01m[Kgeometry_msgs::msg::TransformStamped[m[K’ declared here
[2.191s]   155 | using [01;36m[KTransformStamped[m[K =
[2.191s]       |       [01;36m[K^~~~~~~~~~~~~~~~[m[K
[2.194s] [01m[K/root/sam_bot_description/src/joint_control/src/joint_controller.cpp:133:36:[m[K [01;31m[Kerror: [m[K‘[01m[Kodom_frame[m[K’ was not declared in this scope
[2.194s]   133 |   geometry_msgs::TransformStamped& [01;31m[Kodom_frame[m[K = tf_msg_.transforms[0];
[2.194s]       |                                    [01;31m[K^~~~~~~~~~[m[K
[2.201s] [01m[K/root/sam_bot_description/src/joint_control/src/joint_controller.cpp:146:5:[m[K [01;31m[Kerror: [m[K‘[01m[Kpub_odom_tf_[m[K’ was not declared in this scope; did you mean ‘[01m[Kpub_odom_tf[m[K’?
[2.202s]   146 |     [01;31m[Kpub_odom_tf_[m[K.publish(tf_msg_);
[2.202s]       |     [01;31m[K^~~~~~~~~~~~[m[K
[2.202s]       |     [32m[Kpub_odom_tf[m[K
[2.202s] [01m[K/root/sam_bot_description/src/joint_control/src/joint_controller.cpp:[m[K In function ‘[01m[Kint main(int, char**)[m[K’:
[2.202s] [01m[K/root/sam_bot_description/src/joint_control/src/joint_controller.cpp:162:28:[m[K [01;31m[Kerror: [m[Kinvalid initialization of reference of type ‘[01m[Kconst rclcpp::InitOptions&[m[K’ from expression of type ‘[01m[Kconst char [19][m[K’
[2.202s]   162 |   rclcpp::init(argc, argv, [01;31m[K"twist_to_ackermann"[m[K);
[2.202s]       |                            [01;31m[K^~~~~~~~~~~~~~~~~~~~[m[K
[2.203s] In file included from [01m[K/opt/ros/foxy/include/rclcpp/client.hpp:36[m[K,
[2.203s]                  from [01m[K/opt/ros/foxy/include/rclcpp/callback_group.hpp:23[m[K,
[2.203s]                  from [01m[K/opt/ros/foxy/include/rclcpp/any_executable.hpp:20[m[K,
[2.203s]                  from [01m[K/opt/ros/foxy/include/rclcpp/memory_strategy.hpp:24[m[K,
[2.203s]                  from [01m[K/opt/ros/foxy/include/rclcpp/memory_strategies.hpp:18[m[K,
[2.203s]                  from [01m[K/opt/ros/foxy/include/rclcpp/executor_options.hpp:20[m[K,
[2.203s]                  from [01m[K/opt/ros/foxy/include/rclcpp/executor.hpp:33[m[K,
[2.203s]                  from [01m[K/opt/ros/foxy/include/rclcpp/executors/multi_threaded_executor.hpp:26[m[K,
[2.204s]                  from [01m[K/opt/ros/foxy/include/rclcpp/executors.hpp:21[m[K,
[2.204s]                  from [01m[K/opt/ros/foxy/include/rclcpp/rclcpp.hpp:146[m[K,
[2.204s]                  from [01m[K/root/sam_bot_description/src/joint_control/src/joint_controller.cpp:10[m[K:
[2.204s] [01m[K/opt/ros/foxy/include/rclcpp/utilities.hpp:56:63:[m[K [01;36m[Knote: [m[Kin passing argument 3 of ‘[01m[Kvoid rclcpp::init(int, const char* const*, const rclcpp::InitOptions&)[m[K’
[2.204s]    56 | init(int argc, char const * const argv[], [01;36m[Kconst InitOptions & init_options = InitOptions()[m[K);
[2.204s]       |                                           [01;36m[K~~~~~~~~~~~~~~~~~~~~^~~~~~~~~~~~~~~~~~~~~~~~~~~~[m[K
[2.204s] [01m[K/root/sam_bot_description/src/joint_control/src/joint_controller.cpp:165:16:[m[K [01;31m[Kerror: [m[Kno matching function for call to ‘[01m[Kspin()[m[K’
[2.205s]   165 |   rclcpp::spin([01;31m[K)[m[K;
[2.205s]       |                [01;31m[K^[m[K
[2.205s] In file included from [01m[K/opt/ros/foxy/include/rclcpp/rclcpp.hpp:146[m[K,
[2.205s]                  from [01m[K/root/sam_bot_description/src/joint_control/src/joint_controller.cpp:10[m[K:
[2.205s] [01m[K/opt/ros/foxy/include/rclcpp/executors.hpp:45:1:[m[K [01;36m[Knote: [m[Kcandidate: ‘[01m[Kvoid rclcpp::spin(rclcpp::node_interfaces::NodeBaseInterface::SharedPtr)[m[K’
[2.205s]    45 | [01;36m[Kspin[m[K(rclcpp::node_interfaces::NodeBaseInterface::SharedPtr node_ptr);
[2.206s]       | [01;36m[K^~~~[m[K
[2.206s] [01m[K/opt/ros/foxy/include/rclcpp/executors.hpp:45:1:[m[K [01;36m[Knote: [m[K  candidate expects 1 argument, 0 provided
[2.206s] [01m[K/opt/ros/foxy/include/rclcpp/executors.hpp:49:1:[m[K [01;36m[Knote: [m[Kcandidate: ‘[01m[Kvoid rclcpp::spin(rclcpp::Node::SharedPtr)[m[K’
[2.206s]    49 | [01;36m[Kspin[m[K(rclcpp::Node::SharedPtr node_ptr);
[2.206s]       | [01;36m[K^~~~[m[K
[2.206s] [01m[K/opt/ros/foxy/include/rclcpp/executors.hpp:49:1:[m[K [01;36m[Knote: [m[K  candidate expects 1 argument, 0 provided
[2.932s] make[2]: *** [CMakeFiles/joint.dir/build.make:63: CMakeFiles/joint.dir/src/joint_controller.cpp.o] Error 1
[2.932s] make[1]: *** [CMakeFiles/Makefile2:78: CMakeFiles/joint.dir/all] Error 2
[2.933s] make: *** [Makefile:141: all] Error 2
[2.936s] Invoked command in '/root/sam_bot_description/src/joint_control/build/joint_control' returned '2': CMAKE_PREFIX_PATH=/opt/ros/foxy /usr/bin/cmake --build /root/sam_bot_description/src/joint_control/build/joint_control -- -j16 -l16
