[0.017s] Invoking command in '/root/host_ws/src/trx6_mobile_robot/build/trx6_mobile_robot': CMAKE_PREFIX_PATH=${CMAKE_PREFIX_PATH}:/opt/ros/foxy /usr/bin/cmake /root/host_ws/src/trx6_mobile_robot -DCMAKE_INSTALL_PREFIX=/root/host_ws/src/trx6_mobile_robot/install/trx6_mobile_robot
[0.086s] -- The C compiler identification is GNU 9.3.0
[0.158s] -- The CXX compiler identification is GNU 9.3.0
[0.165s] -- Check for working C compiler: /usr/bin/cc
[0.271s] -- Check for working C compiler: /usr/bin/cc -- works
[0.272s] -- Detecting C compiler ABI info
[0.369s] -- Detecting C compiler ABI info - done
[0.386s] -- Detecting C compile features
[0.386s] -- Detecting C compile features - done
[0.390s] -- Check for working CXX compiler: /usr/bin/c++
[0.496s] -- Check for working CXX compiler: /usr/bin/c++ -- works
[0.497s] -- Detecting CXX compiler ABI info
[0.621s] -- Detecting CXX compiler ABI info - done
[0.644s] -- Detecting CXX compile features
[0.645s] -- Detecting CXX compile features - done
[0.651s] -- Found ament_cmake: 0.9.9 (/opt/ros/foxy/share/ament_cmake/cmake)
[0.688s] -- Found PythonInterp: /usr/bin/python3 (found suitable version "3.8.10", minimum required is "3") 
[0.688s] -- Using PYTHON_EXECUTABLE: /usr/bin/python3
[0.941s] -- Found ament_lint_auto: 0.9.6 (/opt/ros/foxy/share/ament_lint_auto/cmake)
[1.036s] -- Added test 'copyright' to check source files copyright and LICENSE
[1.041s] -- Added test 'cppcheck' to perform static code analysis on C / C++ code
[1.041s] -- Configured cppcheck include dirs: 
[1.041s] -- Configured cppcheck exclude dirs and/or files: 
[1.046s] -- Added test 'cpplint' to check C / C++ code against the Google style
[1.046s] -- Configured cpplint exclude dirs and/or files: 
[1.047s] -- Added test 'flake8' to check Python code syntax and style conventions
[1.049s] -- Added test 'lint_cmake' to check CMake code style
[1.050s] -- Added test 'pep257' to check Python code against some of the style conventions in PEP 257
[1.057s] -- Added test 'uncrustify' to check C / C++ code style
[1.057s] -- Configured uncrustify additional arguments: 
[1.058s] -- Added test 'xmllint' to check XML markup files
[1.061s] -- Configuring done
[1.063s] -- Generating done
[1.064s] -- Build files have been written to: /root/host_ws/src/trx6_mobile_robot/build/trx6_mobile_robot
[1.073s] Invoked command in '/root/host_ws/src/trx6_mobile_robot/build/trx6_mobile_robot' returned '0': CMAKE_PREFIX_PATH=${CMAKE_PREFIX_PATH}:/opt/ros/foxy /usr/bin/cmake /root/host_ws/src/trx6_mobile_robot -DCMAKE_INSTALL_PREFIX=/root/host_ws/src/trx6_mobile_robot/install/trx6_mobile_robot
[1.075s] Invoking command in '/root/host_ws/src/trx6_mobile_robot/build/trx6_mobile_robot': CMAKE_PREFIX_PATH=${CMAKE_PREFIX_PATH}:/opt/ros/foxy /usr/bin/cmake --build /root/host_ws/src/trx6_mobile_robot/build/trx6_mobile_robot -- -j8 -l8
[1.128s] Invoked command in '/root/host_ws/src/trx6_mobile_robot/build/trx6_mobile_robot' returned '0': CMAKE_PREFIX_PATH=${CMAKE_PREFIX_PATH}:/opt/ros/foxy /usr/bin/cmake --build /root/host_ws/src/trx6_mobile_robot/build/trx6_mobile_robot -- -j8 -l8
[1.181s] Invoking command in '/root/host_ws/src/trx6_mobile_robot/build/trx6_mobile_robot': CMAKE_PREFIX_PATH=${CMAKE_PREFIX_PATH}:/opt/ros/foxy /usr/bin/cmake --install /root/host_ws/src/trx6_mobile_robot/build/trx6_mobile_robot
[1.195s] -- Install configuration: ""
[1.195s] -- Installing: /root/host_ws/src/trx6_mobile_robot/install/trx6_mobile_robot/share/trx6_mobile_robot/config
[1.195s] -- Installing: /root/host_ws/src/trx6_mobile_robot/install/trx6_mobile_robot/share/trx6_mobile_robot/config/ekf.lgsvl.yaml
[1.196s] -- Installing: /root/host_ws/src/trx6_mobile_robot/install/trx6_mobile_robot/share/trx6_mobile_robot/config/ekf.yaml
[1.196s] -- Installing: /root/host_ws/src/trx6_mobile_robot/install/trx6_mobile_robot/share/trx6_mobile_robot/config/ekf.example.yaml
[1.196s] -- Installing: /root/host_ws/src/trx6_mobile_robot/install/trx6_mobile_robot/share/trx6_mobile_robot/config/ekf.trx6.yaml
[1.196s] -- Installing: /root/host_ws/src/trx6_mobile_robot/install/trx6_mobile_robot/share/trx6_mobile_robot/launch
[1.196s] -- Installing: /root/host_ws/src/trx6_mobile_robot/install/trx6_mobile_robot/share/trx6_mobile_robot/launch/basic_mobile_bot_v2.launch.py
[1.196s] -- Installing: /root/host_ws/src/trx6_mobile_robot/install/trx6_mobile_robot/share/trx6_mobile_robot/launch/basic_mobile_bot_v1.launch.py
[1.196s] -- Installing: /root/host_ws/src/trx6_mobile_robot/install/trx6_mobile_robot/share/trx6_mobile_robot/maps
[1.197s] -- Installing: /root/host_ws/src/trx6_mobile_robot/install/trx6_mobile_robot/share/trx6_mobile_robot/meshes
[1.197s] -- Installing: /root/host_ws/src/trx6_mobile_robot/install/trx6_mobile_robot/share/trx6_mobile_robot/meshes/wheel.stl
[1.197s] -- Installing: /root/host_ws/src/trx6_mobile_robot/install/trx6_mobile_robot/share/trx6_mobile_robot/meshes/robot_base.stl
[1.197s] -- Installing: /root/host_ws/src/trx6_mobile_robot/install/trx6_mobile_robot/share/trx6_mobile_robot/meshes/elbow.stl
[1.197s] -- Installing: /root/host_ws/src/trx6_mobile_robot/install/trx6_mobile_robot/share/trx6_mobile_robot/meshes/wrist.stl
[1.197s] -- Installing: /root/host_ws/src/trx6_mobile_robot/install/trx6_mobile_robot/share/trx6_mobile_robot/meshes/meshes.zip
[1.198s] -- Installing: /root/host_ws/src/trx6_mobile_robot/install/trx6_mobile_robot/share/trx6_mobile_robot/meshes/bicep.stl
[1.198s] -- Installing: /root/host_ws/src/trx6_mobile_robot/install/trx6_mobile_robot/share/trx6_mobile_robot/meshes/arm_base.stl
[1.199s] -- Installing: /root/host_ws/src/trx6_mobile_robot/install/trx6_mobile_robot/share/trx6_mobile_robot/models
[1.199s] -- Installing: /root/host_ws/src/trx6_mobile_robot/install/trx6_mobile_robot/share/trx6_mobile_robot/models/basic_mobile_bot_v2.urdf
[1.199s] -- Installing: /root/host_ws/src/trx6_mobile_robot/install/trx6_mobile_robot/share/trx6_mobile_robot/models/basic_mobile_bot_v1.urdf
[1.199s] -- Installing: /root/host_ws/src/trx6_mobile_robot/install/trx6_mobile_robot/share/trx6_mobile_robot/models/trx6_mobile_robot_description
[1.199s] -- Installing: /root/host_ws/src/trx6_mobile_robot/install/trx6_mobile_robot/share/trx6_mobile_robot/models/trx6_mobile_robot_description/Model.config
[1.199s] -- Installing: /root/host_ws/src/trx6_mobile_robot/install/trx6_mobile_robot/share/trx6_mobile_robot/params
[1.200s] -- Installing: /root/host_ws/src/trx6_mobile_robot/install/trx6_mobile_robot/share/trx6_mobile_robot/rviz
[1.200s] -- Installing: /root/host_ws/src/trx6_mobile_robot/install/trx6_mobile_robot/share/trx6_mobile_robot/rviz/urdf_config.rviz
[1.200s] -- Installing: /root/host_ws/src/trx6_mobile_robot/install/trx6_mobile_robot/share/trx6_mobile_robot/src
[1.200s] -- Installing: /root/host_ws/src/trx6_mobile_robot/install/trx6_mobile_robot/share/trx6_mobile_robot/worlds
[1.200s] -- Installing: /root/host_ws/src/trx6_mobile_robot/install/trx6_mobile_robot/share/ament_index/resource_index/package_run_dependencies/trx6_mobile_robot
[1.201s] -- Installing: /root/host_ws/src/trx6_mobile_robot/install/trx6_mobile_robot/share/ament_index/resource_index/parent_prefix_path/trx6_mobile_robot
[1.201s] -- Installing: /root/host_ws/src/trx6_mobile_robot/install/trx6_mobile_robot/share/trx6_mobile_robot/environment/ament_prefix_path.sh
[1.201s] -- Installing: /root/host_ws/src/trx6_mobile_robot/install/trx6_mobile_robot/share/trx6_mobile_robot/environment/ament_prefix_path.dsv
[1.201s] -- Installing: /root/host_ws/src/trx6_mobile_robot/install/trx6_mobile_robot/share/trx6_mobile_robot/environment/path.sh
[1.201s] -- Installing: /root/host_ws/src/trx6_mobile_robot/install/trx6_mobile_robot/share/trx6_mobile_robot/environment/path.dsv
[1.201s] -- Installing: /root/host_ws/src/trx6_mobile_robot/install/trx6_mobile_robot/share/trx6_mobile_robot/local_setup.bash
[1.201s] -- Installing: /root/host_ws/src/trx6_mobile_robot/install/trx6_mobile_robot/share/trx6_mobile_robot/local_setup.sh
[1.202s] -- Installing: /root/host_ws/src/trx6_mobile_robot/install/trx6_mobile_robot/share/trx6_mobile_robot/local_setup.zsh
[1.202s] -- Installing: /root/host_ws/src/trx6_mobile_robot/install/trx6_mobile_robot/share/trx6_mobile_robot/local_setup.dsv
[1.202s] -- Installing: /root/host_ws/src/trx6_mobile_robot/install/trx6_mobile_robot/share/trx6_mobile_robot/package.dsv
[1.202s] -- Installing: /root/host_ws/src/trx6_mobile_robot/install/trx6_mobile_robot/share/ament_index/resource_index/packages/trx6_mobile_robot
[1.202s] -- Installing: /root/host_ws/src/trx6_mobile_robot/install/trx6_mobile_robot/share/trx6_mobile_robot/cmake/trx6_mobile_robotConfig.cmake
[1.202s] -- Installing: /root/host_ws/src/trx6_mobile_robot/install/trx6_mobile_robot/share/trx6_mobile_robot/cmake/trx6_mobile_robotConfig-version.cmake
[1.203s] -- Installing: /root/host_ws/src/trx6_mobile_robot/install/trx6_mobile_robot/share/trx6_mobile_robot/package.xml
[1.205s] Invoked command in '/root/host_ws/src/trx6_mobile_robot/build/trx6_mobile_robot' returned '0': CMAKE_PREFIX_PATH=${CMAKE_PREFIX_PATH}:/opt/ros/foxy /usr/bin/cmake --install /root/host_ws/src/trx6_mobile_robot/build/trx6_mobile_robot
