[0.015s] Invoking command in '/root/sam_bot_description/src/joint_control/build/joint_control': CMAKE_PREFIX_PATH=/opt/ros/foxy /usr/bin/cmake --build /root/sam_bot_description/src/joint_control/build/joint_control -- -j16 -l16
[0.071s] [ 50%] [32mBuilding CXX object CMakeFiles/joint.dir/src/joint_controller.cpp.o[0m
[2.096s] [01m[K/root/sam_bot_description/src/joint_control/src/joint_controller.cpp:154:3:[m[K [01;31m[Kerror: [m[K‘[01m[KOdometry[m[K’ does not name a type
[2.097s]   154 |   [01;31m[KOdometry[m[K odometry_;
[2.097s]       |   [01;31m[K^~~~~~~~[m[K
[2.104s] [01m[K/root/sam_bot_description/src/joint_control/src/joint_controller.cpp:[m[K In constructor ‘[01m[KTwistToAackermann::TwistToAackermann()[m[K’:
[2.104s] [01m[K/root/sam_bot_description/src/joint_control/src/joint_controller.cpp:29:107:[m[K [01;31m[Kerror: [m[Kno matching function for call to ‘[01m[KTwistToAackermann::create_subscription<geometry_msgs::msg::Twist>(const char [9], int, void (TwistToAackermann::*)(const Twist&), TwistToAackermann*)[m[K’
[2.105s]    29 |     sub_ (create_subscription<geometry_msgs::msg::Twist>("/cmd_vel", 1, &TwistToAackermann::callback, this[01;31m[K)[m[K)
[2.105s]       |                                                                                                           [01;31m[K^[m[K
[2.105s] In file included from [01m[K/opt/ros/foxy/include/rclcpp/executors/single_threaded_executor.hpp:28[m[K,
[2.105s]                  from [01m[K/opt/ros/foxy/include/rclcpp/executors.hpp:22[m[K,
[2.105s]                  from [01m[K/opt/ros/foxy/include/rclcpp/rclcpp.hpp:146[m[K,
[2.105s]                  from [01m[K/root/sam_bot_description/src/joint_control/src/joint_controller.cpp:10[m[K:
[2.105s] [01m[K/opt/ros/foxy/include/rclcpp/node.hpp:213:3:[m[K [01;36m[Knote: [m[Kcandidate: ‘[01m[Ktemplate<class MessageT, class CallbackT, class AllocatorT, class CallbackMessageT, class SubscriptionT, class MessageMemoryStrategyT> std::shared_ptr<SubscriptionT> rclcpp::Node::create_subscription(const string&, const rclcpp::QoS&, CallbackT&&, const rclcpp::SubscriptionOptionsWithAllocator<AllocatorT>&, typename MessageMemoryStrategyT::SharedPtr)[m[K’
[2.105s]   213 |   [01;36m[Kcreate_subscription[m[K(
[2.105s]       |   [01;36m[K^~~~~~~~~~~~~~~~~~~[m[K
[2.105s] [01m[K/opt/ros/foxy/include/rclcpp/node.hpp:213:3:[m[K [01;36m[Knote: [m[K  template argument deduction/substitution failed:
[2.106s] [01m[K/root/sam_bot_description/src/joint_control/src/joint_controller.cpp:29:107:[m[K [01;36m[Knote: [m[K  mismatched types ‘[01m[Kconst rclcpp::SubscriptionOptionsWithAllocator<AllocatorT>[m[K’ and ‘[01m[KTwistToAackermann*[m[K’
[2.106s]    29 |     sub_ (create_subscription<geometry_msgs::msg::Twist>("/cmd_vel", 1, &TwistToAackermann::callback, this[01;36m[K)[m[K)
[2.106s]       |                                                                                                           [01;36m[K^[m[K
[2.107s] [01m[K/root/sam_bot_description/src/joint_control/src/joint_controller.cpp:29:108:[m[K [01;31m[Kerror: [m[Kno matching function for call to ‘[01m[Krclcpp::Publisher<sensor_msgs::msg::JointState_<std::allocator<void> > >::Publisher(std::shared_ptr<rclcpp::Publisher<sensor_msgs::msg::JointState_<std::allocator<void> > > >)[m[K’
[2.107s]    29 |     sub_ (create_subscription<geometry_msgs::msg::Twist>("/cmd_vel", 1, &TwistToAackermann::callback, this)[01;31m[K)[m[K
[2.107s]       |                                                                                                            [01;31m[K^[m[K
[2.107s] In file included from [01m[K/opt/ros/foxy/include/rclcpp/topic_statistics/subscription_topic_statistics.hpp:31[m[K,
[2.107s]                  from [01m[K/opt/ros/foxy/include/rclcpp/subscription.hpp:50[m[K,
[2.107s]                  from [01m[K/opt/ros/foxy/include/rclcpp/any_executable.hpp:25[m[K,
[2.108s]                  from [01m[K/opt/ros/foxy/include/rclcpp/memory_strategy.hpp:24[m[K,
[2.108s]                  from [01m[K/opt/ros/foxy/include/rclcpp/memory_strategies.hpp:18[m[K,
[2.108s]                  from [01m[K/opt/ros/foxy/include/rclcpp/executor_options.hpp:20[m[K,
[2.108s]                  from [01m[K/opt/ros/foxy/include/rclcpp/executor.hpp:33[m[K,
[2.108s]                  from [01m[K/opt/ros/foxy/include/rclcpp/executors/multi_threaded_executor.hpp:26[m[K,
[2.109s]                  from [01m[K/opt/ros/foxy/include/rclcpp/executors.hpp:21[m[K,
[2.109s]                  from [01m[K/opt/ros/foxy/include/rclcpp/rclcpp.hpp:146[m[K,
[2.109s]                  from [01m[K/root/sam_bot_description/src/joint_control/src/joint_controller.cpp:10[m[K:
[2.109s] [01m[K/opt/ros/foxy/include/rclcpp/publisher.hpp:73:3:[m[K [01;36m[Knote: [m[Kcandidate: ‘[01m[Krclcpp::Publisher<MessageT, AllocatorT>::Publisher(rclcpp::node_interfaces::NodeBaseInterface*, const string&, const rclcpp::QoS&, const rclcpp::PublisherOptionsWithAllocator<AllocatorT>&) [with MessageT = sensor_msgs::msg::JointState_<std::allocator<void> >; AllocatorT = std::allocator<void>; std::string = std::__cxx11::basic_string<char>][m[K’
[2.109s]    73 |   [01;36m[KPublisher[m[K(
[2.110s]       |   [01;36m[K^~~~~~~~~[m[K
[2.110s] [01m[K/opt/ros/foxy/include/rclcpp/publisher.hpp:73:3:[m[K [01;36m[Knote: [m[K  candidate expects 4 arguments, 1 provided
[2.110s] [01m[K/opt/ros/foxy/include/rclcpp/publisher.hpp:51:7:[m[K [01;36m[Knote: [m[Kcandidate: ‘[01m[Krclcpp::Publisher<sensor_msgs::msg::JointState_<std::allocator<void> > >::Publisher(const rclcpp::Publisher<sensor_msgs::msg::JointState_<std::allocator<void> > >&)[m[K’
[2.110s]    51 | class [01;36m[KPublisher[m[K : public PublisherBase
[2.110s]       |       [01;36m[K^~~~~~~~~[m[K
[2.111s] [01m[K/opt/ros/foxy/include/rclcpp/publisher.hpp:51:7:[m[K [01;36m[Knote: [m[K  no known conversion for argument 1 from ‘[01m[Kstd::shared_ptr<rclcpp::Publisher<sensor_msgs::msg::JointState_<std::allocator<void> > > >[m[K’ to ‘[01m[Kconst rclcpp::Publisher<sensor_msgs::msg::JointState_<std::allocator<void> > >&[m[K’
[2.111s] [01m[K/root/sam_bot_description/src/joint_control/src/joint_controller.cpp:29:108:[m[K [01;31m[Kerror: [m[Kno matching function for call to ‘[01m[Krclcpp::Publisher<nav_msgs::msg::Odometry_<std::allocator<void> > >::Publisher(std::shared_ptr<rclcpp::Publisher<nav_msgs::msg::Odometry_<std::allocator<void> > > >)[m[K’
[2.111s]    29 |     sub_ (create_subscription<geometry_msgs::msg::Twist>("/cmd_vel", 1, &TwistToAackermann::callback, this)[01;31m[K)[m[K
[2.111s]       |                                                                                                            [01;31m[K^[m[K
[2.111s] In file included from [01m[K/opt/ros/foxy/include/rclcpp/topic_statistics/subscription_topic_statistics.hpp:31[m[K,
[2.111s]                  from [01m[K/opt/ros/foxy/include/rclcpp/subscription.hpp:50[m[K,
[2.111s]                  from [01m[K/opt/ros/foxy/include/rclcpp/any_executable.hpp:25[m[K,
[2.111s]                  from [01m[K/opt/ros/foxy/include/rclcpp/memory_strategy.hpp:24[m[K,
[2.112s]                  from [01m[K/opt/ros/foxy/include/rclcpp/memory_strategies.hpp:18[m[K,
[2.112s]                  from [01m[K/opt/ros/foxy/include/rclcpp/executor_options.hpp:20[m[K,
[2.112s]                  from [01m[K/opt/ros/foxy/include/rclcpp/executor.hpp:33[m[K,
[2.112s]                  from [01m[K/opt/ros/foxy/include/rclcpp/executors/multi_threaded_executor.hpp:26[m[K,
[2.113s]                  from [01m[K/opt/ros/foxy/include/rclcpp/executors.hpp:21[m[K,
[2.113s]                  from [01m[K/opt/ros/foxy/include/rclcpp/rclcpp.hpp:146[m[K,
[2.113s]                  from [01m[K/root/sam_bot_description/src/joint_control/src/joint_controller.cpp:10[m[K:
[2.113s] [01m[K/opt/ros/foxy/include/rclcpp/publisher.hpp:73:3:[m[K [01;36m[Knote: [m[Kcandidate: ‘[01m[Krclcpp::Publisher<MessageT, AllocatorT>::Publisher(rclcpp::node_interfaces::NodeBaseInterface*, const string&, const rclcpp::QoS&, const rclcpp::PublisherOptionsWithAllocator<AllocatorT>&) [with MessageT = nav_msgs::msg::Odometry_<std::allocator<void> >; AllocatorT = std::allocator<void>; std::string = std::__cxx11::basic_string<char>][m[K’
[2.113s]    73 |   [01;36m[KPublisher[m[K(
[2.113s]       |   [01;36m[K^~~~~~~~~[m[K
[2.113s] [01m[K/opt/ros/foxy/include/rclcpp/publisher.hpp:73:3:[m[K [01;36m[Knote: [m[K  candidate expects 4 arguments, 1 provided
[2.114s] [01m[K/opt/ros/foxy/include/rclcpp/publisher.hpp:51:7:[m[K [01;36m[Knote: [m[Kcandidate: ‘[01m[Krclcpp::Publisher<nav_msgs::msg::Odometry_<std::allocator<void> > >::Publisher(const rclcpp::Publisher<nav_msgs::msg::Odometry_<std::allocator<void> > >&)[m[K’
[2.114s]    51 | class [01;36m[KPublisher[m[K : public PublisherBase
[2.114s]       |       [01;36m[K^~~~~~~~~[m[K
[2.114s] [01m[K/opt/ros/foxy/include/rclcpp/publisher.hpp:51:7:[m[K [01;36m[Knote: [m[K  no known conversion for argument 1 from ‘[01m[Kstd::shared_ptr<rclcpp::Publisher<nav_msgs::msg::Odometry_<std::allocator<void> > > >[m[K’ to ‘[01m[Kconst rclcpp::Publisher<nav_msgs::msg::Odometry_<std::allocator<void> > >&[m[K’
[2.114s] [01m[K/root/sam_bot_description/src/joint_control/src/joint_controller.cpp:29:108:[m[K [01;31m[Kerror: [m[Kno matching function for call to ‘[01m[Krclcpp::Publisher<tf2_msgs::msg::TFMessage_<std::allocator<void> > >::Publisher(std::shared_ptr<rclcpp::Publisher<tf2_msgs::msg::TFMessage_<std::allocator<void> > > >)[m[K’
[2.114s]    29 |     sub_ (create_subscription<geometry_msgs::msg::Twist>("/cmd_vel", 1, &TwistToAackermann::callback, this)[01;31m[K)[m[K
[2.114s]       |                                                                                                            [01;31m[K^[m[K
[2.115s] In file included from [01m[K/opt/ros/foxy/include/rclcpp/topic_statistics/subscription_topic_statistics.hpp:31[m[K,
[2.115s]                  from [01m[K/opt/ros/foxy/include/rclcpp/subscription.hpp:50[m[K,
[2.115s]                  from [01m[K/opt/ros/foxy/include/rclcpp/any_executable.hpp:25[m[K,
[2.115s]                  from [01m[K/opt/ros/foxy/include/rclcpp/memory_strategy.hpp:24[m[K,
[2.115s]                  from [01m[K/opt/ros/foxy/include/rclcpp/memory_strategies.hpp:18[m[K,
[2.115s]                  from [01m[K/opt/ros/foxy/include/rclcpp/executor_options.hpp:20[m[K,
[2.115s]                  from [01m[K/opt/ros/foxy/include/rclcpp/executor.hpp:33[m[K,
[2.116s]                  from [01m[K/opt/ros/foxy/include/rclcpp/executors/multi_threaded_executor.hpp:26[m[K,
[2.116s]                  from [01m[K/opt/ros/foxy/include/rclcpp/executors.hpp:21[m[K,
[2.116s]                  from [01m[K/opt/ros/foxy/include/rclcpp/rclcpp.hpp:146[m[K,
[2.116s]                  from [01m[K/root/sam_bot_description/src/joint_control/src/joint_controller.cpp:10[m[K:
[2.116s] [01m[K/opt/ros/foxy/include/rclcpp/publisher.hpp:73:3:[m[K [01;36m[Knote: [m[Kcandidate: ‘[01m[Krclcpp::Publisher<MessageT, AllocatorT>::Publisher(rclcpp::node_interfaces::NodeBaseInterface*, const string&, const rclcpp::QoS&, const rclcpp::PublisherOptionsWithAllocator<AllocatorT>&) [with MessageT = tf2_msgs::msg::TFMessage_<std::allocator<void> >; AllocatorT = std::allocator<void>; std::string = std::__cxx11::basic_string<char>][m[K’
[2.116s]    73 |   [01;36m[KPublisher[m[K(
[2.117s]       |   [01;36m[K^~~~~~~~~[m[K
[2.117s] [01m[K/opt/ros/foxy/include/rclcpp/publisher.hpp:73:3:[m[K [01;36m[Knote: [m[K  candidate expects 4 arguments, 1 provided
[2.117s] [01m[K/opt/ros/foxy/include/rclcpp/publisher.hpp:51:7:[m[K [01;36m[Knote: [m[Kcandidate: ‘[01m[Krclcpp::Publisher<tf2_msgs::msg::TFMessage_<std::allocator<void> > >::Publisher(const rclcpp::Publisher<tf2_msgs::msg::TFMessage_<std::allocator<void> > >&)[m[K’
[2.117s]    51 | class [01;36m[KPublisher[m[K : public PublisherBase
[2.117s]       |       [01;36m[K^~~~~~~~~[m[K
[2.117s] [01m[K/opt/ros/foxy/include/rclcpp/publisher.hpp:51:7:[m[K [01;36m[Knote: [m[K  no known conversion for argument 1 from ‘[01m[Kstd::shared_ptr<rclcpp::Publisher<tf2_msgs::msg::TFMessage_<std::allocator<void> > > >[m[K’ to ‘[01m[Kconst rclcpp::Publisher<tf2_msgs::msg::TFMessage_<std::allocator<void> > >&[m[K’
[2.118s] [01m[K/root/sam_bot_description/src/joint_control/src/joint_controller.cpp:32:5:[m[K [01;31m[Kerror: [m[K‘[01m[Kjoint[m[K’ was not declared in this scope
[2.118s]    32 |     [01;31m[Kjoint[m[K.header.frame_id = std::string("");
[2.118s]       |     [01;31m[K^~~~~[m[K
[2.118s] [01m[K/root/sam_bot_description/src/joint_control/src/joint_controller.cpp:45:6:[m[K [01;31m[Kerror: [m[K‘[01m[Kodometry_[m[K’ was not declared in this scope
[2.118s]    45 |      [01;31m[Kodometry_[m[K.setVelocityRollingWindowSize(10);
[2.118s]       |      [01;31m[K^~~~~~~~~[m[K
[2.121s] [01m[K/root/sam_bot_description/src/joint_control/src/joint_controller.cpp:72:44:[m[K [01;31m[Kerror: [m[K‘[01m[Kbase_frame_id_[m[K’ was not declared in this scope
[2.121s]    72 |     tf_msg_.transforms[0].child_frame_id = [01;31m[Kbase_frame_id_[m[K;
[2.121s]       |                                            [01;31m[K^~~~~~~~~~~~~~[m[K
[2.128s] [01m[K/root/sam_bot_description/src/joint_control/src/joint_controller.cpp:73:45:[m[K [01;31m[Kerror: [m[K‘[01m[Kodom_frame_id_[m[K’ was not declared in this scope
[2.129s]    73 |     tf_msg_.transforms[0].header.frame_id = [01;31m[Kodom_frame_id_[m[K;
[2.129s]       |                                             [01;31m[K^~~~~~~~~~~~~~[m[K
[2.129s] [01m[K/root/sam_bot_description/src/joint_control/src/joint_controller.cpp:[m[K In member function ‘[01m[Kvoid TwistToAackermann::callback(const Twist&)[m[K’:
[2.130s] [01m[K/root/sam_bot_description/src/joint_control/src/joint_controller.cpp:81:18:[m[K [01;31m[Kerror: [m[K‘[01m[KJointState[m[K’ is not a member of ‘[01m[Ksensor_msgs[m[K’; did you mean ‘[01m[Ksensor_msgs::msg::JointState[m[K’?
[2.130s]    81 |     sensor_msgs::[01;31m[KJointState[m[K joint;
[2.130s]       |                  [01;31m[K^~~~~~~~~~[m[K
[2.131s] In file included from [01m[K/opt/ros/foxy/include/sensor_msgs/msg/joint_state.hpp:7[m[K,
[2.131s]                  from [01m[K/root/sam_bot_description/src/joint_control/src/joint_controller.cpp:4[m[K:
[2.131s] [01m[K/opt/ros/foxy/include/sensor_msgs/msg/detail/joint_state__struct.hpp:166:7:[m[K [01;36m[Knote: [m[K‘[01m[Ksensor_msgs::msg::JointState[m[K’ declared here
[2.131s]   166 | using [01;36m[KJointState[m[K =
[2.131s]       |       [01;36m[K^~~~~~~~~~[m[K
[2.132s] [01m[K/root/sam_bot_description/src/joint_control/src/joint_controller.cpp:91:5:[m[K [01;31m[Kerror: [m[K‘[01m[Kjoint[m[K’ was not declared in this scope
[2.132s]    91 |     [01;31m[Kjoint[m[K.header.stamp = rclcpp::Time::now();
[2.132s]       |     [01;31m[K^~~~~[m[K
[2.132s] [01m[K/root/sam_bot_description/src/joint_control/src/joint_controller.cpp:91:40:[m[K [01;31m[Kerror: [m[K‘[01m[Know[m[K’ is not a member of ‘[01m[Krclcpp::Time[m[K’
[2.132s]    91 |     joint.header.stamp = rclcpp::Time::[01;31m[Know[m[K();
[2.132s]       |                                        [01;31m[K^~~[m[K
[2.132s] [01m[K/root/sam_bot_description/src/joint_control/src/joint_controller.cpp:105:29:[m[K [01;31m[Kerror: [m[Kexpected primary-expression before ‘[01m[K/[m[K’ token
[2.133s]   105 |       lwh = atan(actualBase+[01;31m[K/[m[K(r-(track/2)));
[2.133s]       |                             [01;31m[K^[m[K
[2.135s] [01m[K/root/sam_bot_description/src/joint_control/src/joint_controller.cpp:117:5:[m[K [01;31m[Kerror: [m[K‘[01m[Kodometry_[m[K’ was not declared in this scope
[2.136s]   117 |     [01;31m[Kodometry_[m[K.updateOpenLoop(msg.linear.x, msg.angular.z, joint.header.stamp);
[2.136s]       |     [01;31m[K^~~~~~~~~[m[K
[2.136s] [01m[K/root/sam_bot_description/src/joint_control/src/joint_controller.cpp:120:26:[m[K [01;31m[Kerror: [m[K‘[01m[KQuaternion[m[K’ in namespace ‘[01m[Kgeometry_msgs[m[K’ does not name a type
[2.136s]   120 |     const geometry_msgs::[01;31m[KQuaternion[m[K orientation(
[2.136s]       |                          [01;31m[K^~~~~~~~~~[m[K
[2.139s] [01m[K/root/sam_bot_description/src/joint_control/src/joint_controller.cpp:125:37:[m[K [01;31m[Kerror: [m[K‘[01m[Korientation[m[K’ was not declared in this scope
[2.139s]   125 |        msg_.pose.pose.orientation = [01;31m[Korientation[m[K;
[2.140s]       |                                     [01;31m[K^~~~~~~~~~~[m[K
[2.150s] [01m[K/root/sam_bot_description/src/joint_control/src/joint_controller.cpp:[m[K In function ‘[01m[Kint main(int, char**)[m[K’:
[2.150s] [01m[K/root/sam_bot_description/src/joint_control/src/joint_controller.cpp:161:28:[m[K [01;31m[Kerror: [m[Kinvalid initialization of reference of type ‘[01m[Kconst rclcpp::InitOptions&[m[K’ from expression of type ‘[01m[Kconst char [19][m[K’
[2.150s]   161 |   rclcpp::init(argc, argv, [01;31m[K"twist_to_ackermann"[m[K);
[2.150s]       |                            [01;31m[K^~~~~~~~~~~~~~~~~~~~[m[K
[2.150s] In file included from [01m[K/opt/ros/foxy/include/rclcpp/client.hpp:36[m[K,
[2.150s]                  from [01m[K/opt/ros/foxy/include/rclcpp/callback_group.hpp:23[m[K,
[2.151s]                  from [01m[K/opt/ros/foxy/include/rclcpp/any_executable.hpp:20[m[K,
[2.151s]                  from [01m[K/opt/ros/foxy/include/rclcpp/memory_strategy.hpp:24[m[K,
[2.151s]                  from [01m[K/opt/ros/foxy/include/rclcpp/memory_strategies.hpp:18[m[K,
[2.151s]                  from [01m[K/opt/ros/foxy/include/rclcpp/executor_options.hpp:20[m[K,
[2.151s]                  from [01m[K/opt/ros/foxy/include/rclcpp/executor.hpp:33[m[K,
[2.151s]                  from [01m[K/opt/ros/foxy/include/rclcpp/executors/multi_threaded_executor.hpp:26[m[K,
[2.151s]                  from [01m[K/opt/ros/foxy/include/rclcpp/executors.hpp:21[m[K,
[2.151s]                  from [01m[K/opt/ros/foxy/include/rclcpp/rclcpp.hpp:146[m[K,
[2.152s]                  from [01m[K/root/sam_bot_description/src/joint_control/src/joint_controller.cpp:10[m[K:
[2.152s] [01m[K/opt/ros/foxy/include/rclcpp/utilities.hpp:56:63:[m[K [01;36m[Knote: [m[Kin passing argument 3 of ‘[01m[Kvoid rclcpp::init(int, const char* const*, const rclcpp::InitOptions&)[m[K’
[2.152s]    56 | init(int argc, char const * const argv[], [01;36m[Kconst InitOptions & init_options = InitOptions()[m[K);
[2.152s]       |                                           [01;36m[K~~~~~~~~~~~~~~~~~~~~^~~~~~~~~~~~~~~~~~~~~~~~~~~~[m[K
[2.152s] [01m[K/root/sam_bot_description/src/joint_control/src/joint_controller.cpp:164:16:[m[K [01;31m[Kerror: [m[Kno matching function for call to ‘[01m[Kspin()[m[K’
[2.153s]   164 |   rclcpp::spin([01;31m[K)[m[K;
[2.153s]       |                [01;31m[K^[m[K
[2.153s] In file included from [01m[K/opt/ros/foxy/include/rclcpp/rclcpp.hpp:146[m[K,
[2.153s]                  from [01m[K/root/sam_bot_description/src/joint_control/src/joint_controller.cpp:10[m[K:
[2.153s] [01m[K/opt/ros/foxy/include/rclcpp/executors.hpp:45:1:[m[K [01;36m[Knote: [m[Kcandidate: ‘[01m[Kvoid rclcpp::spin(rclcpp::node_interfaces::NodeBaseInterface::SharedPtr)[m[K’
[2.153s]    45 | [01;36m[Kspin[m[K(rclcpp::node_interfaces::NodeBaseInterface::SharedPtr node_ptr);
[2.153s]       | [01;36m[K^~~~[m[K
[2.153s] [01m[K/opt/ros/foxy/include/rclcpp/executors.hpp:45:1:[m[K [01;36m[Knote: [m[K  candidate expects 1 argument, 0 provided
[2.154s] [01m[K/opt/ros/foxy/include/rclcpp/executors.hpp:49:1:[m[K [01;36m[Knote: [m[Kcandidate: ‘[01m[Kvoid rclcpp::spin(rclcpp::Node::SharedPtr)[m[K’
[2.154s]    49 | [01;36m[Kspin[m[K(rclcpp::Node::SharedPtr node_ptr);
[2.154s]       | [01;36m[K^~~~[m[K
[2.154s] [01m[K/opt/ros/foxy/include/rclcpp/executors.hpp:49:1:[m[K [01;36m[Knote: [m[K  candidate expects 1 argument, 0 provided
[2.852s] make[2]: *** [CMakeFiles/joint.dir/build.make:63: CMakeFiles/joint.dir/src/joint_controller.cpp.o] Error 1
[2.853s] make[1]: *** [CMakeFiles/Makefile2:78: CMakeFiles/joint.dir/all] Error 2
[2.853s] make: *** [Makefile:141: all] Error 2
[2.856s] Invoked command in '/root/sam_bot_description/src/joint_control/build/joint_control' returned '2': CMAKE_PREFIX_PATH=/opt/ros/foxy /usr/bin/cmake --build /root/sam_bot_description/src/joint_control/build/joint_control -- -j16 -l16
