[0.047s] Invoking command in '/home/tan/Desktop/car_d/car_ws/build/tan': CMAKE_PREFIX_PATH=${CMAKE_PREFIX_PATH}:/opt/ros/foxy /usr/bin/cmake /home/tan/Desktop/car_d/car_ws/src/tan -DCMAKE_INSTALL_PREFIX=/home/tan/Desktop/car_d/car_ws/install/tan
[0.062s] -- Found ament_cmake: 0.9.9 (/opt/ros/foxy/share/ament_cmake/cmake)
[0.091s] -- Using PYTHON_EXECUTABLE: /usr/bin/python3
[0.372s] -- Found rclcpp: 2.4.1 (/opt/ros/foxy/share/rclcpp/cmake)
[0.427s] -- Using all available rosidl_typesupport_c: rosidl_typesupport_fastrtps_c;rosidl_typesupport_introspection_c
[0.431s] -- Found rosidl_adapter: 1.2.1 (/opt/ros/foxy/share/rosidl_adapter/cmake)
[0.601s] -- Using all available rosidl_typesupport_cpp: rosidl_typesupport_fastrtps_cpp;rosidl_typesupport_introspection_cpp
[0.651s] -- Found rmw_implementation_cmake: 1.0.3 (/opt/ros/foxy/share/rmw_implementation_cmake/cmake)
[0.652s] -- Using RMW implementation 'rmw_fastrtps_cpp' as default
[0.798s] -- Found rclpy: 1.0.8 (/opt/ros/foxy/share/rclpy/cmake)
[0.798s] -- Found geometry_msgs: 2.0.5 (/opt/ros/foxy/share/geometry_msgs/cmake)
[0.836s] -- Found nav_msgs: 2.0.5 (/opt/ros/foxy/share/nav_msgs/cmake)
[0.905s] -- Found mavros_msgs: 2.1.1 (/opt/ros/foxy/share/mavros_msgs/cmake)
[1.390s] -- Found tf2: 0.13.13 (/opt/ros/foxy/share/tf2/cmake)
[1.399s] -- Found carrl_interface: 0.0.0 (/home/tan/Desktop/car_d/car_ws/install/carrl_interface/share/carrl_interface/cmake)
[1.424s] -- Found ament_lint_auto: 0.9.6 (/opt/ros/foxy/share/ament_lint_auto/cmake)
[1.494s] -- Added test 'copyright' to check source files copyright and LICENSE
[1.508s] -- Added test 'cppcheck' to perform static code analysis on C / C++ code
[1.508s] -- Configured cppcheck include dirs: $<BUILD_INTERFACE:/home/tan/Desktop/car_d/car_ws/src/tan/include>
[1.508s] -- Configured cppcheck exclude dirs and/or files: 
[1.521s] -- Added test 'cpplint' to check C / C++ code against the Google style
[1.521s] -- Configured cpplint exclude dirs and/or files: 
[1.527s] -- Added test 'lint_cmake' to check CMake code style
[1.542s] -- Added test 'uncrustify' to check C / C++ code style
[1.542s] -- Configured uncrustify additional arguments: 
[1.544s] -- Added test 'xmllint' to check XML markup files
[1.546s] -- Configuring done
[1.605s] -- Generating done
[1.607s] -- Build files have been written to: /home/tan/Desktop/car_d/car_ws/build/tan
[1.616s] Invoked command in '/home/tan/Desktop/car_d/car_ws/build/tan' returned '0': CMAKE_PREFIX_PATH=${CMAKE_PREFIX_PATH}:/opt/ros/foxy /usr/bin/cmake /home/tan/Desktop/car_d/car_ws/src/tan -DCMAKE_INSTALL_PREFIX=/home/tan/Desktop/car_d/car_ws/install/tan
[1.619s] Invoking command in '/home/tan/Desktop/car_d/car_ws/build/tan': CMAKE_PREFIX_PATH=${CMAKE_PREFIX_PATH}:/opt/ros/foxy /usr/bin/cmake --build /home/tan/Desktop/car_d/car_ws/build/tan -- -j16 -l16
[1.662s] [35m[1mScanning dependencies of target mpc_commander_opt_curve[0m
[1.662s] [35m[1mScanning dependencies of target mpc_commander[0m
[1.663s] [35m[1mScanning dependencies of target go_to_pos[0m
[1.663s] [35m[1mScanning dependencies of target test_curve[0m
[1.663s] [35m[1mScanning dependencies of target mpc_commander_opt[0m
[1.663s] [35m[1mScanning dependencies of target test_path[0m
[1.665s] [35m[1mScanning dependencies of target vel_commander[0m
[1.718s] [  7%] [32mBuilding CXX object CMakeFiles/test_path.dir/src/test_path.cpp.o[0m
[1.719s] [ 14%] [32mBuilding CXX object CMakeFiles/test_curve.dir/src/test_curve.cpp.o[0m
[1.723s] [ 21%] [32mBuilding CXX object CMakeFiles/go_to_pos.dir/src/go_to_pos.cpp.o[0m
[1.746s] [ 28%] [32mBuilding CXX object CMakeFiles/vel_commander.dir/src/vel_commander.cpp.o[0m
[1.761s] [ 35%] [32mBuilding CXX object CMakeFiles/mpc_commander_opt_curve.dir/src/mpc_commander_opt_curve.cpp.o[0m
[1.774s] [ 42%] [32m[1mLinking CXX executable test_path[0m
[1.775s] [ 50%] [32mBuilding CXX object CMakeFiles/mpc_commander.dir/src/mpc_commander.cpp.o[0m
[1.776s] [ 57%] [32mBuilding CXX object CMakeFiles/mpc_commander_opt.dir/src/mpc_commander_opt.cpp.o[0m
[1.778s] [ 64%] [32m[1mLinking CXX executable go_to_pos[0m
[1.795s] [ 71%] [32m[1mLinking CXX executable vel_commander[0m
[1.833s] /home/tan/Desktop/car_d/car_ws/src/tan/src/mpc_commander_opt.cpp: In function ‘double fc_mpc(const std::vector<double, std::allocator<double> >&, std::vector<double, std::allocator<double> >&, void*)’:
[1.833s] /home/tan/Desktop/car_d/car_ws/src/tan/src/mpc_commander_opt.cpp:49:66: warning: unused parameter ‘grad’ [-Wunused-parameter]
[1.834s]    49 | double fc_mpc(const std::vector<double> &x, std::vector<double> &grad, void* f_data){
[1.834s]       |                                             ~~~~~~~~~~~~~~~~~~~~~^~~~
[1.834s] /home/tan/Desktop/car_d/car_ws/src/tan/src/mpc_commander_opt.cpp:49:78: warning: unused parameter ‘f_data’ [-Wunused-parameter]
[1.834s]    49 | double fc_mpc(const std::vector<double> &x, std::vector<double> &grad, void* f_data){
[1.834s]       |                                                                        ~~~~~~^~~~~~
[1.834s] /home/tan/Desktop/car_d/car_ws/src/tan/src/mpc_commander_opt.cpp: In function ‘double mpc(const std::vector<double, std::allocator<double> >&, std::vector<double, std::allocator<double> >&, void*)’:
[1.835s] /home/tan/Desktop/car_d/car_ws/src/tan/src/mpc_commander_opt.cpp:89:63: warning: unused parameter ‘grad’ [-Wunused-parameter]
[1.835s]    89 | double mpc(const std::vector<double> &x, std::vector<double> &grad, void* f_data){
[1.835s]       |                                          ~~~~~~~~~~~~~~~~~~~~~^~~~
[1.835s] /home/tan/Desktop/car_d/car_ws/src/tan/src/mpc_commander_opt.cpp: In function ‘int main(int, char**)’:
[1.835s] /home/tan/Desktop/car_d/car_ws/src/tan/src/mpc_commander_opt.cpp:247:41: warning: catching polymorphic type ‘class nlopt::roundoff_limited’ by value [-Wcatch-value=]
[1.835s]   247 |         }catch (nlopt::roundoff_limited e){
[1.836s]       |                                         ^
[1.844s] [ 78%] [32m[1mLinking CXX executable mpc_commander_opt[0m
[1.844s] [ 85%] [32m[1mLinking CXX executable mpc_commander[0m
[2.247s] /home/tan/Desktop/car_d/car_ws/src/tan/src/mpc_commander_opt_curve.cpp: In function ‘double fc_mpc(const std::vector<double, std::allocator<double> >&, std::vector<double, std::allocator<double> >&, void*)’:
[2.247s] /home/tan/Desktop/car_d/car_ws/src/tan/src/mpc_commander_opt_curve.cpp:43:66: warning: unused parameter ‘grad’ [-Wunused-parameter]
[2.248s]    43 | double fc_mpc(const std::vector<double> &x, std::vector<double> &grad, void* f_data){
[2.248s]       |                                             ~~~~~~~~~~~~~~~~~~~~~^~~~
[2.248s] /home/tan/Desktop/car_d/car_ws/src/tan/src/mpc_commander_opt_curve.cpp:43:78: warning: unused parameter ‘f_data’ [-Wunused-parameter]
[2.248s]    43 | double fc_mpc(const std::vector<double> &x, std::vector<double> &grad, void* f_data){
[2.248s]       |                                                                        ~~~~~~^~~~~~
[2.248s] /home/tan/Desktop/car_d/car_ws/src/tan/src/mpc_commander_opt_curve.cpp: In function ‘double mpc(const std::vector<double, std::allocator<double> >&, std::vector<double, std::allocator<double> >&, void*)’:
[2.248s] /home/tan/Desktop/car_d/car_ws/src/tan/src/mpc_commander_opt_curve.cpp:87:63: warning: unused parameter ‘grad’ [-Wunused-parameter]
[2.248s]    87 | double mpc(const std::vector<double> &x, std::vector<double> &grad, void* f_data){
[2.248s]       |                                          ~~~~~~~~~~~~~~~~~~~~~^~~~
[2.249s] /home/tan/Desktop/car_d/car_ws/src/tan/src/mpc_commander_opt_curve.cpp: In function ‘int main(int, char**)’:
[2.249s] /home/tan/Desktop/car_d/car_ws/src/tan/src/mpc_commander_opt_curve.cpp:236:41: warning: catching polymorphic type ‘class nlopt::roundoff_limited’ by value [-Wcatch-value=]
[2.249s]   236 |         }catch (nlopt::roundoff_limited e){
[2.249s]       |                                         ^
[2.264s] [ 92%] [32m[1mLinking CXX executable mpc_commander_opt_curve[0m
[2.387s] [ 92%] Built target test_path
[2.472s] [ 92%] Built target go_to_pos
[2.560s] [ 92%] Built target vel_commander
[2.685s] [ 92%] Built target mpc_commander_opt
[2.822s] [ 92%] Built target mpc_commander
[2.962s] [ 92%] Built target mpc_commander_opt_curve
[8.837s] [100%] [32m[1mLinking CXX executable test_curve[0m
[9.136s] [100%] Built target test_curve
[9.147s] Invoked command in '/home/tan/Desktop/car_d/car_ws/build/tan' returned '0': CMAKE_PREFIX_PATH=${CMAKE_PREFIX_PATH}:/opt/ros/foxy /usr/bin/cmake --build /home/tan/Desktop/car_d/car_ws/build/tan -- -j16 -l16
[9.179s] Invoking command in '/home/tan/Desktop/car_d/car_ws/build/tan': CMAKE_PREFIX_PATH=${CMAKE_PREFIX_PATH}:/opt/ros/foxy /usr/bin/cmake --install /home/tan/Desktop/car_d/car_ws/build/tan
[9.187s] -- Install configuration: ""
[9.187s] -- Installing: /home/tan/Desktop/car_d/car_ws/install/tan/lib/tan/go_to_pos
[9.194s] -- Set runtime path of "/home/tan/Desktop/car_d/car_ws/install/tan/lib/tan/go_to_pos" to ""
[9.194s] -- Installing: /home/tan/Desktop/car_d/car_ws/install/tan/lib/tan/vel_commander
[9.201s] -- Set runtime path of "/home/tan/Desktop/car_d/car_ws/install/tan/lib/tan/vel_commander" to ""
[9.201s] -- Installing: /home/tan/Desktop/car_d/car_ws/install/tan/lib/tan/mpc_commander
[9.210s] -- Set runtime path of "/home/tan/Desktop/car_d/car_ws/install/tan/lib/tan/mpc_commander" to ""
[9.210s] -- Installing: /home/tan/Desktop/car_d/car_ws/install/tan/lib/tan/mpc_commander_opt
[9.219s] -- Set runtime path of "/home/tan/Desktop/car_d/car_ws/install/tan/lib/tan/mpc_commander_opt" to ""
[9.219s] -- Installing: /home/tan/Desktop/car_d/car_ws/install/tan/lib/tan/mpc_commander_opt_curve
[9.228s] -- Set runtime path of "/home/tan/Desktop/car_d/car_ws/install/tan/lib/tan/mpc_commander_opt_curve" to ""
[9.228s] -- Installing: /home/tan/Desktop/car_d/car_ws/install/tan/lib/tan/test_path
[9.233s] -- Set runtime path of "/home/tan/Desktop/car_d/car_ws/install/tan/lib/tan/test_path" to ""
[9.233s] -- Installing: /home/tan/Desktop/car_d/car_ws/install/tan/lib/tan/test_curve
[9.238s] -- Set runtime path of "/home/tan/Desktop/car_d/car_ws/install/tan/lib/tan/test_curve" to ""
[9.238s] -- Installing: /home/tan/Desktop/car_d/car_ws/install/tan/share/ament_index/resource_index/package_run_dependencies/tan
[9.238s] -- Installing: /home/tan/Desktop/car_d/car_ws/install/tan/share/ament_index/resource_index/parent_prefix_path/tan
[9.239s] -- Installing: /home/tan/Desktop/car_d/car_ws/install/tan/share/tan/environment/ament_prefix_path.sh
[9.239s] -- Installing: /home/tan/Desktop/car_d/car_ws/install/tan/share/tan/environment/ament_prefix_path.dsv
[9.239s] -- Installing: /home/tan/Desktop/car_d/car_ws/install/tan/share/tan/environment/path.sh
[9.239s] -- Installing: /home/tan/Desktop/car_d/car_ws/install/tan/share/tan/environment/path.dsv
[9.239s] -- Installing: /home/tan/Desktop/car_d/car_ws/install/tan/share/tan/local_setup.bash
[9.239s] -- Installing: /home/tan/Desktop/car_d/car_ws/install/tan/share/tan/local_setup.sh
[9.239s] -- Installing: /home/tan/Desktop/car_d/car_ws/install/tan/share/tan/local_setup.zsh
[9.240s] -- Installing: /home/tan/Desktop/car_d/car_ws/install/tan/share/tan/local_setup.dsv
[9.240s] -- Installing: /home/tan/Desktop/car_d/car_ws/install/tan/share/tan/package.dsv
[9.240s] -- Installing: /home/tan/Desktop/car_d/car_ws/install/tan/share/ament_index/resource_index/packages/tan
[9.240s] -- Installing: /home/tan/Desktop/car_d/car_ws/install/tan/share/tan/cmake/tanConfig.cmake
[9.240s] -- Installing: /home/tan/Desktop/car_d/car_ws/install/tan/share/tan/cmake/tanConfig-version.cmake
[9.240s] -- Installing: /home/tan/Desktop/car_d/car_ws/install/tan/share/tan/package.xml
[9.246s] Invoked command in '/home/tan/Desktop/car_d/car_ws/build/tan' returned '0': CMAKE_PREFIX_PATH=${CMAKE_PREFIX_PATH}:/opt/ros/foxy /usr/bin/cmake --install /home/tan/Desktop/car_d/car_ws/build/tan
