[0.058s] Invoking command in '/home/tan/Desktop/car_d/car_ws/build/car_vision': CMAKE_PREFIX_PATH=/home/tan/Desktop/car_d/car_ws/install/carrl_interface:/home/tan/Desktop/car_d/car_ws/install/tan:/home/tan/Desktop/car_d/car_ws/install/px4_node:/home/tan/Desktop/car_d/car_ws/install/service_interface:/home/tan/Desktop/car_d/car_ws/install/msg_interface:/home/tan/Desktop/car_d/car_ws/install/car_vision:/home/tan/ros2_ws/install/realsense2_description:/home/tan/ros2_ws/install/realsense2_camera:/home/tan/ros2_ws/install/realsense2_camera_msgs:/opt/ros/foxy LD_LIBRARY_PATH=/home/tan/Desktop/car_d/car_ws/install/carrl_interface/lib:/home/tan/Desktop/car_d/car_ws/install/service_interface/lib:/home/tan/Desktop/car_d/car_ws/install/msg_interface/lib:/home/tan/ros2_ws/install/realsense2_camera/lib:/home/tan/ros2_ws/install/realsense2_camera_msgs/lib:/opt/ros/foxy/opt/yaml_cpp_vendor/lib:/opt/ros/foxy/opt/rviz_ogre_vendor/lib:/opt/ros/foxy/lib/x86_64-linux-gnu:/opt/ros/foxy/lib:/usr/lib/x86_64-linux-gnu/gazebo-11/plugins:/usr/lib/x86_64-linux-gnu/gazebo-11/plugins:/home/tan/ardupilot_gazebo/build:/usr/lib/x86_64-linux-gnu/gazebo-11/plugins PYTHONPATH=/home/tan/Desktop/car_d/car_ws/install/carrl_interface/lib/python3.8/site-packages:/home/tan/Desktop/car_d/car_ws/install/service_interface/lib/python3.8/site-packages:/home/tan/Desktop/car_d/car_ws/install/msg_interface/lib/python3.8/site-packages:/home/tan/Desktop/car_d/car_ws/install/car_vision/lib/python3.8/site-packages:/home/tan/ros2_ws/install/realsense2_camera_msgs/lib/python3.8/site-packages:/opt/ros/foxy/lib/python3.8/site-packages /usr/bin/cmake --build /home/tan/Desktop/car_d/car_ws/build/car_vision -- -j16 -l16
[0.097s] Invoked command in '/home/tan/Desktop/car_d/car_ws/build/car_vision' returned '0': CMAKE_PREFIX_PATH=/home/tan/Desktop/car_d/car_ws/install/carrl_interface:/home/tan/Desktop/car_d/car_ws/install/tan:/home/tan/Desktop/car_d/car_ws/install/px4_node:/home/tan/Desktop/car_d/car_ws/install/service_interface:/home/tan/Desktop/car_d/car_ws/install/msg_interface:/home/tan/Desktop/car_d/car_ws/install/car_vision:/home/tan/ros2_ws/install/realsense2_description:/home/tan/ros2_ws/install/realsense2_camera:/home/tan/ros2_ws/install/realsense2_camera_msgs:/opt/ros/foxy LD_LIBRARY_PATH=/home/tan/Desktop/car_d/car_ws/install/carrl_interface/lib:/home/tan/Desktop/car_d/car_ws/install/service_interface/lib:/home/tan/Desktop/car_d/car_ws/install/msg_interface/lib:/home/tan/ros2_ws/install/realsense2_camera/lib:/home/tan/ros2_ws/install/realsense2_camera_msgs/lib:/opt/ros/foxy/opt/yaml_cpp_vendor/lib:/opt/ros/foxy/opt/rviz_ogre_vendor/lib:/opt/ros/foxy/lib/x86_64-linux-gnu:/opt/ros/foxy/lib:/usr/lib/x86_64-linux-gnu/gazebo-11/plugins:/usr/lib/x86_64-linux-gnu/gazebo-11/plugins:/home/tan/ardupilot_gazebo/build:/usr/lib/x86_64-linux-gnu/gazebo-11/plugins PYTHONPATH=/home/tan/Desktop/car_d/car_ws/install/carrl_interface/lib/python3.8/site-packages:/home/tan/Desktop/car_d/car_ws/install/service_interface/lib/python3.8/site-packages:/home/tan/Desktop/car_d/car_ws/install/msg_interface/lib/python3.8/site-packages:/home/tan/Desktop/car_d/car_ws/install/car_vision/lib/python3.8/site-packages:/home/tan/ros2_ws/install/realsense2_camera_msgs/lib/python3.8/site-packages:/opt/ros/foxy/lib/python3.8/site-packages /usr/bin/cmake --build /home/tan/Desktop/car_d/car_ws/build/car_vision -- -j16 -l16
[0.116s] Invoking command in '/home/tan/Desktop/car_d/car_ws/build/car_vision': CMAKE_PREFIX_PATH=/home/tan/Desktop/car_d/car_ws/install/carrl_interface:/home/tan/Desktop/car_d/car_ws/install/tan:/home/tan/Desktop/car_d/car_ws/install/px4_node:/home/tan/Desktop/car_d/car_ws/install/service_interface:/home/tan/Desktop/car_d/car_ws/install/msg_interface:/home/tan/Desktop/car_d/car_ws/install/car_vision:/home/tan/ros2_ws/install/realsense2_description:/home/tan/ros2_ws/install/realsense2_camera:/home/tan/ros2_ws/install/realsense2_camera_msgs:/opt/ros/foxy LD_LIBRARY_PATH=/home/tan/Desktop/car_d/car_ws/install/carrl_interface/lib:/home/tan/Desktop/car_d/car_ws/install/service_interface/lib:/home/tan/Desktop/car_d/car_ws/install/msg_interface/lib:/home/tan/ros2_ws/install/realsense2_camera/lib:/home/tan/ros2_ws/install/realsense2_camera_msgs/lib:/opt/ros/foxy/opt/yaml_cpp_vendor/lib:/opt/ros/foxy/opt/rviz_ogre_vendor/lib:/opt/ros/foxy/lib/x86_64-linux-gnu:/opt/ros/foxy/lib:/usr/lib/x86_64-linux-gnu/gazebo-11/plugins:/usr/lib/x86_64-linux-gnu/gazebo-11/plugins:/home/tan/ardupilot_gazebo/build:/usr/lib/x86_64-linux-gnu/gazebo-11/plugins PYTHONPATH=/home/tan/Desktop/car_d/car_ws/install/carrl_interface/lib/python3.8/site-packages:/home/tan/Desktop/car_d/car_ws/install/service_interface/lib/python3.8/site-packages:/home/tan/Desktop/car_d/car_ws/install/msg_interface/lib/python3.8/site-packages:/home/tan/Desktop/car_d/car_ws/install/car_vision/lib/python3.8/site-packages:/home/tan/ros2_ws/install/realsense2_camera_msgs/lib/python3.8/site-packages:/opt/ros/foxy/lib/python3.8/site-packages /usr/bin/cmake --install /home/tan/Desktop/car_d/car_ws/build/car_vision
[0.123s] -- Install configuration: ""
[0.124s] -- Up-to-date: /home/tan/Desktop/car_d/car_ws/install/car_vision/share/car_vision/environment/pythonpath.sh
[0.124s] -- Up-to-date: /home/tan/Desktop/car_d/car_ws/install/car_vision/share/car_vision/environment/pythonpath.dsv
[0.124s] -- Up-to-date: /home/tan/Desktop/car_d/car_ws/install/car_vision/lib/python3.8/site-packages/car_vision
[0.124s] -- Installing: /home/tan/Desktop/car_d/car_ws/install/car_vision/lib/python3.8/site-packages/car_vision/road_seg.py
[0.124s] -- Up-to-date: /home/tan/Desktop/car_d/car_ws/install/car_vision/lib/python3.8/site-packages/car_vision/samp.webp
[0.124s] -- Up-to-date: /home/tan/Desktop/car_d/car_ws/install/car_vision/lib/python3.8/site-packages/car_vision/lane_finder_video.py
[0.124s] -- Up-to-date: /home/tan/Desktop/car_d/car_ws/install/car_vision/lib/python3.8/site-packages/car_vision/lane_finder.py
[0.124s] -- Up-to-date: /home/tan/Desktop/car_d/car_ws/install/car_vision/lib/python3.8/site-packages/car_vision/__init__.py
[0.124s] -- Installing: /home/tan/Desktop/car_d/car_ws/install/car_vision/lib/python3.8/site-packages/car_vision/models
[0.124s] -- Installing: /home/tan/Desktop/car_d/car_ws/install/car_vision/lib/python3.8/site-packages/car_vision/models/saved_model
[0.124s] -- Installing: /home/tan/Desktop/car_d/car_ws/install/car_vision/lib/python3.8/site-packages/car_vision/models/saved_model/model_weight_quant.tflite
[0.124s] -- Installing: /home/tan/Desktop/car_d/car_ws/install/car_vision/lib/python3.8/site-packages/car_vision/models/saved_model/variables
[0.124s] -- Installing: /home/tan/Desktop/car_d/car_ws/install/car_vision/lib/python3.8/site-packages/car_vision/models/saved_model/variables/variables.data-00000-of-00001
[0.131s] -- Installing: /home/tan/Desktop/car_d/car_ws/install/car_vision/lib/python3.8/site-packages/car_vision/models/saved_model/variables/variables.index
[0.131s] -- Installing: /home/tan/Desktop/car_d/car_ws/install/car_vision/lib/python3.8/site-packages/car_vision/models/saved_model/model_float32.pb
[0.131s] -- Installing: /home/tan/Desktop/car_d/car_ws/install/car_vision/lib/python3.8/site-packages/car_vision/models/saved_model/model_float16_quant.tflite
[0.131s] -- Installing: /home/tan/Desktop/car_d/car_ws/install/car_vision/lib/python3.8/site-packages/car_vision/models/saved_model/saved_model.pb
[0.132s] -- Installing: /home/tan/Desktop/car_d/car_ws/install/car_vision/lib/python3.8/site-packages/car_vision/models/saved_model/model_float32.tflite
[0.132s] -- Installing: /home/tan/Desktop/car_d/car_ws/install/car_vision/lib/python3.8/site-packages/car_vision/models/saved_model/assets
[0.132s] -- Up-to-date: /home/tan/Desktop/car_d/car_ws/install/car_vision/lib/python3.8/site-packages/car_vision/car_imgs
[0.132s] -- Up-to-date: /home/tan/Desktop/car_d/car_ws/install/car_vision/lib/python3.8/site-packages/car_vision/car_imgs/lane6.png
[0.132s] -- Up-to-date: /home/tan/Desktop/car_d/car_ws/install/car_vision/lib/python3.8/site-packages/car_vision/car_imgs/lane7.png
[0.132s] -- Up-to-date: /home/tan/Desktop/car_d/car_ws/install/car_vision/lib/python3.8/site-packages/car_vision/car_imgs/lane4.png
[0.132s] -- Up-to-date: /home/tan/Desktop/car_d/car_ws/install/car_vision/lib/python3.8/site-packages/car_vision/car_imgs/lane8.png
[0.132s] -- Up-to-date: /home/tan/Desktop/car_d/car_ws/install/car_vision/lib/python3.8/site-packages/car_vision/car_imgs/lane1.png
[0.132s] -- Up-to-date: /home/tan/Desktop/car_d/car_ws/install/car_vision/lib/python3.8/site-packages/car_vision/car_imgs/lane3.png
[0.132s] -- Up-to-date: /home/tan/Desktop/car_d/car_ws/install/car_vision/lib/python3.8/site-packages/car_vision/car_imgs/lane2.png
[0.133s] -- Up-to-date: /home/tan/Desktop/car_d/car_ws/install/car_vision/lib/python3.8/site-packages/car_vision/car_imgs/lane5.png
[0.166s] Listing '/home/tan/Desktop/car_d/car_ws/install/car_vision/lib/python3.8/site-packages/car_vision'...
[0.166s] Listing '/home/tan/Desktop/car_d/car_ws/install/car_vision/lib/python3.8/site-packages/car_vision/car_imgs'...
[0.166s] Listing '/home/tan/Desktop/car_d/car_ws/install/car_vision/lib/python3.8/site-packages/car_vision/models'...
[0.166s] Listing '/home/tan/Desktop/car_d/car_ws/install/car_vision/lib/python3.8/site-packages/car_vision/models/saved_model'...
[0.166s] Listing '/home/tan/Desktop/car_d/car_ws/install/car_vision/lib/python3.8/site-packages/car_vision/models/saved_model/assets'...
[0.166s] Listing '/home/tan/Desktop/car_d/car_ws/install/car_vision/lib/python3.8/site-packages/car_vision/models/saved_model/variables'...
[0.166s] Compiling '/home/tan/Desktop/car_d/car_ws/install/car_vision/lib/python3.8/site-packages/car_vision/road_seg.py'...
[0.170s] -- Up-to-date: /home/tan/Desktop/car_d/car_ws/install/car_vision/share/ament_index/resource_index/package_run_dependencies/car_vision
[0.170s] -- Up-to-date: /home/tan/Desktop/car_d/car_ws/install/car_vision/share/ament_index/resource_index/parent_prefix_path/car_vision
[0.170s] -- Up-to-date: /home/tan/Desktop/car_d/car_ws/install/car_vision/share/car_vision/environment/ament_prefix_path.sh
[0.170s] -- Up-to-date: /home/tan/Desktop/car_d/car_ws/install/car_vision/share/car_vision/environment/ament_prefix_path.dsv
[0.170s] -- Up-to-date: /home/tan/Desktop/car_d/car_ws/install/car_vision/share/car_vision/environment/path.sh
[0.170s] -- Up-to-date: /home/tan/Desktop/car_d/car_ws/install/car_vision/share/car_vision/environment/path.dsv
[0.170s] -- Up-to-date: /home/tan/Desktop/car_d/car_ws/install/car_vision/share/car_vision/local_setup.bash
[0.170s] -- Up-to-date: /home/tan/Desktop/car_d/car_ws/install/car_vision/share/car_vision/local_setup.sh
[0.170s] -- Up-to-date: /home/tan/Desktop/car_d/car_ws/install/car_vision/share/car_vision/local_setup.zsh
[0.171s] -- Up-to-date: /home/tan/Desktop/car_d/car_ws/install/car_vision/share/car_vision/local_setup.dsv
[0.171s] -- Up-to-date: /home/tan/Desktop/car_d/car_ws/install/car_vision/share/car_vision/package.dsv
[0.171s] -- Up-to-date: /home/tan/Desktop/car_d/car_ws/install/car_vision/share/ament_index/resource_index/packages/car_vision
[0.171s] -- Up-to-date: /home/tan/Desktop/car_d/car_ws/install/car_vision/share/car_vision/cmake/car_visionConfig.cmake
[0.171s] -- Up-to-date: /home/tan/Desktop/car_d/car_ws/install/car_vision/share/car_vision/cmake/car_visionConfig-version.cmake
[0.171s] -- Up-to-date: /home/tan/Desktop/car_d/car_ws/install/car_vision/share/car_vision/package.xml
[0.179s] Invoked command in '/home/tan/Desktop/car_d/car_ws/build/car_vision' returned '0': CMAKE_PREFIX_PATH=/home/tan/Desktop/car_d/car_ws/install/carrl_interface:/home/tan/Desktop/car_d/car_ws/install/tan:/home/tan/Desktop/car_d/car_ws/install/px4_node:/home/tan/Desktop/car_d/car_ws/install/service_interface:/home/tan/Desktop/car_d/car_ws/install/msg_interface:/home/tan/Desktop/car_d/car_ws/install/car_vision:/home/tan/ros2_ws/install/realsense2_description:/home/tan/ros2_ws/install/realsense2_camera:/home/tan/ros2_ws/install/realsense2_camera_msgs:/opt/ros/foxy LD_LIBRARY_PATH=/home/tan/Desktop/car_d/car_ws/install/carrl_interface/lib:/home/tan/Desktop/car_d/car_ws/install/service_interface/lib:/home/tan/Desktop/car_d/car_ws/install/msg_interface/lib:/home/tan/ros2_ws/install/realsense2_camera/lib:/home/tan/ros2_ws/install/realsense2_camera_msgs/lib:/opt/ros/foxy/opt/yaml_cpp_vendor/lib:/opt/ros/foxy/opt/rviz_ogre_vendor/lib:/opt/ros/foxy/lib/x86_64-linux-gnu:/opt/ros/foxy/lib:/usr/lib/x86_64-linux-gnu/gazebo-11/plugins:/usr/lib/x86_64-linux-gnu/gazebo-11/plugins:/home/tan/ardupilot_gazebo/build:/usr/lib/x86_64-linux-gnu/gazebo-11/plugins PYTHONPATH=/home/tan/Desktop/car_d/car_ws/install/carrl_interface/lib/python3.8/site-packages:/home/tan/Desktop/car_d/car_ws/install/service_interface/lib/python3.8/site-packages:/home/tan/Desktop/car_d/car_ws/install/msg_interface/lib/python3.8/site-packages:/home/tan/Desktop/car_d/car_ws/install/car_vision/lib/python3.8/site-packages:/home/tan/ros2_ws/install/realsense2_camera_msgs/lib/python3.8/site-packages:/opt/ros/foxy/lib/python3.8/site-packages /usr/bin/cmake --install /home/tan/Desktop/car_d/car_ws/build/car_vision
