[0.116s] DEBUG:colcon:Command line arguments: ['/usr/bin/colcon', 'build']
[0.116s] DEBUG:colcon:Parsed command line arguments: Namespace(allow_overriding=[], ament_cmake_args=None, base_paths=['.'], build_base='build', catkin_cmake_args=None, catkin_skip_building_tests=False, cmake_args=None, cmake_clean_cache=False, cmake_clean_first=False, cmake_force_configure=False, cmake_target=None, cmake_target_skip_unavailable=False, continue_on_error=False, event_handlers=None, executor='parallel', ignore_user_meta=False, install_base='install', log_base=None, log_level=None, main=<bound method BuildVerb.main of <colcon_core.verb.build.BuildVerb object at 0x7f75c8a58040>>, merge_install=False, metas=['./colcon.meta'], mixin=None, mixin_files=None, mixin_verb=('build',), packages_above=None, packages_above_and_dependencies=None, packages_above_depth=None, packages_end=None, packages_ignore=None, packages_ignore_regex=None, packages_select=None, packages_select_build_failed=False, packages_select_by_dep=None, packages_select_regex=None, packages_select_test_failures=False, packages_skip=None, packages_skip_build_finished=False, packages_skip_by_dep=None, packages_skip_regex=None, packages_skip_test_passed=False, packages_skip_up_to=None, packages_start=None, packages_up_to=None, packages_up_to_regex=None, parallel_workers=16, paths=None, symlink_install=False, test_result_base=None, verb_extension=<colcon_core.verb.build.BuildVerb object at 0x7f75c8a58040>, verb_name='build', verb_parser=<colcon_mixin.mixin.mixin_argument.MixinArgumentDecorator object at 0x7f75c8a58670>)
[0.120s] Level 1:colcon.colcon_core.package_discovery:discover_packages(colcon_meta) check parameters
[0.121s] INFO:colcon.colcon_metadata.package_discovery.colcon_meta:Using configuration from '/root/.colcon/metadata/default/Gazebo.meta'
[0.121s] INFO:colcon.colcon_metadata.package_discovery.colcon_meta:Using configuration from '/root/.colcon/metadata/default/fastrtps.meta'
[0.121s] Level 1:colcon.colcon_core.package_discovery:discover_packages(recursive) check parameters
[0.121s] Level 1:colcon.colcon_core.package_discovery:discover_packages(ignore) check parameters
[0.121s] Level 1:colcon.colcon_core.package_discovery:discover_packages(path) check parameters
[0.121s] Level 1:colcon.colcon_core.package_discovery:discover_packages(colcon_meta) discover
[0.121s] Level 1:colcon.colcon_core.package_discovery:discover_packages(recursive) discover
[0.121s] INFO:colcon.colcon_core.package_discovery:Crawling recursively for packages in '/root/sam_bot_description/src/joint_control'
[0.121s] Level 1:colcon.colcon_core.package_identification:_identify(.) by extensions ['ignore', 'ignore_ament_install']
[0.121s] Level 1:colcon.colcon_core.package_identification:_identify(.) by extension 'ignore'
[0.121s] Level 1:colcon.colcon_core.package_identification:_identify(.) by extension 'ignore_ament_install'
[0.121s] Level 1:colcon.colcon_core.package_identification:_identify(.) by extensions ['colcon_pkg']
[0.121s] Level 1:colcon.colcon_core.package_identification:_identify(.) by extension 'colcon_pkg'
[0.122s] Level 1:colcon.colcon_core.package_identification:_identify(.) by extensions ['colcon_meta']
[0.122s] Level 1:colcon.colcon_core.package_identification:_identify(.) by extension 'colcon_meta'
[0.122s] Level 1:colcon.colcon_core.package_identification:_identify(.) by extensions ['ros']
[0.122s] Level 1:colcon.colcon_core.package_identification:_identify(.) by extension 'ros'
[0.131s] DEBUG:colcon.colcon_core.package_identification:Package '.' with type 'ros.ament_cmake' and name 'joint_control'
[0.131s] Level 1:colcon.colcon_core.package_discovery:discover_packages(recursive) using defaults
[0.131s] Level 1:colcon.colcon_core.package_discovery:discover_packages(ignore) discover
[0.131s] Level 1:colcon.colcon_core.package_discovery:discover_packages(ignore) using defaults
[0.131s] Level 1:colcon.colcon_core.package_discovery:discover_packages(path) discover
[0.131s] Level 1:colcon.colcon_core.package_discovery:discover_packages(path) using defaults
[0.145s] Level 5:colcon.colcon_core.verb:set package 'joint_control' build argument 'cmake_args' from command line to 'None'
[0.145s] Level 5:colcon.colcon_core.verb:set package 'joint_control' build argument 'cmake_target' from command line to 'None'
[0.145s] Level 5:colcon.colcon_core.verb:set package 'joint_control' build argument 'cmake_target_skip_unavailable' from command line to 'False'
[0.145s] Level 5:colcon.colcon_core.verb:set package 'joint_control' build argument 'cmake_clean_cache' from command line to 'False'
[0.145s] Level 5:colcon.colcon_core.verb:set package 'joint_control' build argument 'cmake_clean_first' from command line to 'False'
[0.145s] Level 5:colcon.colcon_core.verb:set package 'joint_control' build argument 'cmake_force_configure' from command line to 'False'
[0.145s] Level 5:colcon.colcon_core.verb:set package 'joint_control' build argument 'ament_cmake_args' from command line to 'None'
[0.145s] Level 5:colcon.colcon_core.verb:set package 'joint_control' build argument 'catkin_cmake_args' from command line to 'None'
[0.145s] Level 5:colcon.colcon_core.verb:set package 'joint_control' build argument 'catkin_skip_building_tests' from command line to 'False'
[0.145s] DEBUG:colcon.colcon_core.verb:Building package 'joint_control' with the following arguments: {'ament_cmake_args': None, 'build_base': '/root/sam_bot_description/src/joint_control/build/joint_control', 'catkin_cmake_args': None, 'catkin_skip_building_tests': False, 'cmake_args': None, 'cmake_clean_cache': False, 'cmake_clean_first': False, 'cmake_force_configure': False, 'cmake_target': None, 'cmake_target_skip_unavailable': False, 'install_base': '/root/sam_bot_description/src/joint_control/install/joint_control', 'merge_install': False, 'path': '/root/sam_bot_description/src/joint_control', 'symlink_install': False, 'test_result_base': None}
[0.147s] INFO:colcon.colcon_core.executor:Executing jobs using 'parallel' executor
[0.149s] DEBUG:colcon.colcon_parallel_executor.executor.parallel:run_until_complete
[0.149s] INFO:colcon.colcon_ros.task.ament_cmake.build:Building ROS package in '/root/sam_bot_description/src/joint_control' with build type 'ament_cmake'
[0.149s] INFO:colcon.colcon_cmake.task.cmake.build:Building CMake package in '/root/sam_bot_description/src/joint_control'
[0.152s] INFO:colcon.colcon_core.plugin_system:Skipping extension 'colcon_core.shell.bat': Not used on non-Windows systems
[0.152s] INFO:colcon.colcon_core.shell:Skip shell extension 'powershell' for command environment: Not usable outside of PowerShell
[0.152s] DEBUG:colcon.colcon_core.shell:Skip shell extension 'dsv' for command environment
[0.164s] DEBUG:colcon.colcon_core.event_handler.log_command:Invoking command in '/root/sam_bot_description/src/joint_control/build/joint_control': CMAKE_PREFIX_PATH=/opt/ros/foxy /usr/bin/cmake --build /root/sam_bot_description/src/joint_control/build/joint_control -- -j16 -l16
[0.307s] DEBUG:colcon.colcon_core.event_handler.log_command:Invoked command in '/root/sam_bot_description/src/joint_control/build/joint_control' returned '2': CMAKE_PREFIX_PATH=/opt/ros/foxy /usr/bin/cmake --build /root/sam_bot_description/src/joint_control/build/joint_control -- -j16 -l16
[0.348s] Level 1:colcon.colcon_core.environment:create_environment_scripts_only(joint_control)
[0.355s] Level 1:colcon.colcon_core.environment:checking '/root/sam_bot_description/src/joint_control/install/joint_control' for CMake module files
[0.356s] Level 1:colcon.colcon_core.environment:checking '/root/sam_bot_description/src/joint_control/install/joint_control' for CMake config files
[0.356s] Level 1:colcon.colcon_core.shell:create_environment_hook('joint_control', 'cmake_prefix_path')
[0.357s] INFO:colcon.colcon_core.shell:Creating environment hook '/root/sam_bot_description/src/joint_control/install/joint_control/share/joint_control/hook/cmake_prefix_path.ps1'
[0.358s] INFO:colcon.colcon_core.shell:Creating environment descriptor '/root/sam_bot_description/src/joint_control/install/joint_control/share/joint_control/hook/cmake_prefix_path.dsv'
[0.359s] INFO:colcon.colcon_core.shell:Creating environment hook '/root/sam_bot_description/src/joint_control/install/joint_control/share/joint_control/hook/cmake_prefix_path.sh'
[0.361s] Level 1:colcon.colcon_core.environment:checking '/root/sam_bot_description/src/joint_control/install/joint_control/bin'
[0.362s] Level 1:colcon.colcon_core.environment:checking '/root/sam_bot_description/src/joint_control/install/joint_control/lib/pkgconfig/joint_control.pc'
[0.362s] Level 1:colcon.colcon_core.environment:checking '/root/sam_bot_description/src/joint_control/install/joint_control/lib/python3.8/site-packages'
[0.363s] INFO:colcon.colcon_core.shell:Creating package script '/root/sam_bot_description/src/joint_control/install/joint_control/share/joint_control/package.ps1'
[0.365s] INFO:colcon.colcon_core.shell:Creating package descriptor '/root/sam_bot_description/src/joint_control/install/joint_control/share/joint_control/package.dsv'
[0.366s] INFO:colcon.colcon_core.shell:Creating package script '/root/sam_bot_description/src/joint_control/install/joint_control/share/joint_control/package.sh'
[0.368s] INFO:colcon.colcon_core.shell:Creating package script '/root/sam_bot_description/src/joint_control/install/joint_control/share/joint_control/package.bash'
[0.370s] INFO:colcon.colcon_core.shell:Creating package script '/root/sam_bot_description/src/joint_control/install/joint_control/share/joint_control/package.zsh'
[0.371s] Level 1:colcon.colcon_core.environment:create_file_with_runtime_dependencies(/root/sam_bot_description/src/joint_control/install/joint_control/share/colcon-core/packages/joint_control)
[0.372s] DEBUG:colcon.colcon_parallel_executor.executor.parallel:closing loop
[0.373s] DEBUG:colcon.colcon_parallel_executor.executor.parallel:loop closed
[0.374s] DEBUG:colcon.colcon_parallel_executor.executor.parallel:run_until_complete finished with '2'
[0.374s] DEBUG:colcon.colcon_core.event_reactor:joining thread
[0.384s] INFO:colcon.colcon_core.plugin_system:Skipping extension 'colcon_notification.desktop_notification.notify_send': Could not find 'notify-send'
[0.384s] INFO:colcon.colcon_core.plugin_system:Skipping extension 'colcon_notification.desktop_notification.terminal_notifier': Not used on non-Darwin systems
[0.384s] INFO:colcon.colcon_core.plugin_system:Skipping extension 'colcon_notification.desktop_notification.win32': Not used on non-Windows systems
[0.384s] INFO:colcon.colcon_notification.desktop_notification:Sending desktop notification using 'notify2'
[0.391s] DEBUG:colcon.colcon_notification.desktop_notification.notify2:Failed to initialize notify2: org.freedesktop.DBus.Error.ServiceUnknown: The name org.freedesktop.Notifications was not provided by any .service files
[0.391s] DEBUG:colcon.colcon_core.event_reactor:joined thread
[0.392s] INFO:colcon.colcon_core.shell:Creating prefix script '/root/sam_bot_description/src/joint_control/install/local_setup.ps1'
[0.395s] INFO:colcon.colcon_core.shell:Creating prefix util module '/root/sam_bot_description/src/joint_control/install/_local_setup_util_ps1.py'
[0.398s] INFO:colcon.colcon_core.shell:Creating prefix chain script '/root/sam_bot_description/src/joint_control/install/setup.ps1'
[0.400s] INFO:colcon.colcon_core.shell:Creating prefix script '/root/sam_bot_description/src/joint_control/install/local_setup.sh'
[0.402s] INFO:colcon.colcon_core.shell:Creating prefix util module '/root/sam_bot_description/src/joint_control/install/_local_setup_util_sh.py'
[0.403s] INFO:colcon.colcon_core.shell:Creating prefix chain script '/root/sam_bot_description/src/joint_control/install/setup.sh'
[0.406s] INFO:colcon.colcon_core.shell:Creating prefix script '/root/sam_bot_description/src/joint_control/install/local_setup.bash'
[0.407s] INFO:colcon.colcon_core.shell:Creating prefix chain script '/root/sam_bot_description/src/joint_control/install/setup.bash'
[0.409s] INFO:colcon.colcon_core.shell:Creating prefix script '/root/sam_bot_description/src/joint_control/install/local_setup.zsh'
[0.410s] INFO:colcon.colcon_core.shell:Creating prefix chain script '/root/sam_bot_description/src/joint_control/install/setup.zsh'
