[0.013s] Invoking command in '/root/sam_bot_description/src/joint_control/build/joint_control': CMAKE_PREFIX_PATH=/opt/ros/foxy /usr/bin/cmake --build /root/sam_bot_description/src/joint_control/build/joint_control -- -j16 -l16
[0.057s] [35m[1mScanning dependencies of target joint[0m
[0.086s] [ 33%] [32mBuilding CXX object CMakeFiles/joint.dir/src/joint_controller.cpp.o[0m
[6.063s] [ 66%] [32m[1mLinking CXX executable ../../install/joint_control/lib/joint_control/joint[0m
[6.470s] [100%] Built target joint
[6.482s] Invoked command in '/root/sam_bot_description/src/joint_control/build/joint_control' returned '0': CMAKE_PREFIX_PATH=/opt/ros/foxy /usr/bin/cmake --build /root/sam_bot_description/src/joint_control/build/joint_control -- -j16 -l16
[6.542s] Invoking command in '/root/sam_bot_description/src/joint_control/build/joint_control': CMAKE_PREFIX_PATH=/opt/ros/foxy /usr/bin/cmake --install /root/sam_bot_description/src/joint_control/build/joint_control
[6.556s] -- Install configuration: ""
[6.556s] -- Up-to-date: /root/sam_bot_description/src/joint_control/install/joint_control/share/ament_index/resource_index/package_run_dependencies/joint_control
[6.556s] -- Up-to-date: /root/sam_bot_description/src/joint_control/install/joint_control/share/ament_index/resource_index/parent_prefix_path/joint_control
[6.556s] -- Up-to-date: /root/sam_bot_description/src/joint_control/install/joint_control/share/joint_control/environment/ament_prefix_path.sh
[6.557s] -- Up-to-date: /root/sam_bot_description/src/joint_control/install/joint_control/share/joint_control/environment/ament_prefix_path.dsv
[6.557s] -- Up-to-date: /root/sam_bot_description/src/joint_control/install/joint_control/share/joint_control/environment/path.sh
[6.557s] -- Up-to-date: /root/sam_bot_description/src/joint_control/install/joint_control/share/joint_control/environment/path.dsv
[6.557s] -- Up-to-date: /root/sam_bot_description/src/joint_control/install/joint_control/share/joint_control/local_setup.bash
[6.557s] -- Up-to-date: /root/sam_bot_description/src/joint_control/install/joint_control/share/joint_control/local_setup.sh
[6.558s] -- Up-to-date: /root/sam_bot_description/src/joint_control/install/joint_control/share/joint_control/local_setup.zsh
[6.558s] -- Up-to-date: /root/sam_bot_description/src/joint_control/install/joint_control/share/joint_control/local_setup.dsv
[6.558s] -- Installing: /root/sam_bot_description/src/joint_control/install/joint_control/share/joint_control/package.dsv
[6.558s] -- Up-to-date: /root/sam_bot_description/src/joint_control/install/joint_control/share/ament_index/resource_index/packages/joint_control
[6.558s] -- Up-to-date: /root/sam_bot_description/src/joint_control/install/joint_control/share/joint_control/cmake/joint_controlConfig.cmake
[6.558s] -- Up-to-date: /root/sam_bot_description/src/joint_control/install/joint_control/share/joint_control/cmake/joint_controlConfig-version.cmake
[6.559s] -- Up-to-date: /root/sam_bot_description/src/joint_control/install/joint_control/share/joint_control/package.xml
[6.560s] Invoked command in '/root/sam_bot_description/src/joint_control/build/joint_control' returned '0': CMAKE_PREFIX_PATH=/opt/ros/foxy /usr/bin/cmake --install /root/sam_bot_description/src/joint_control/build/joint_control
