[0.015s] Invoking command in '/root/sam_bot_description/build/sam_bot_description': CMAKE_PREFIX_PATH=${CMAKE_PREFIX_PATH}:/opt/ros/foxy /usr/bin/cmake --build /root/sam_bot_description/build/sam_bot_description -- -j16 -l16
[0.054s] Invoked command in '/root/sam_bot_description/build/sam_bot_description' returned '0': CMAKE_PREFIX_PATH=${CMAKE_PREFIX_PATH}:/opt/ros/foxy /usr/bin/cmake --build /root/sam_bot_description/build/sam_bot_description -- -j16 -l16
[0.108s] Invoking command in '/root/sam_bot_description/build/sam_bot_description': CMAKE_PREFIX_PATH=${CMAKE_PREFIX_PATH}:/opt/ros/foxy /usr/bin/cmake --install /root/sam_bot_description/build/sam_bot_description
[0.114s] -- Install configuration: ""
[0.116s] -- Up-to-date: /root/sam_bot_description/install/sam_bot_description/share/sam_bot_description/src
[0.117s] -- Up-to-date: /root/sam_bot_description/install/sam_bot_description/share/sam_bot_description/src/descriptions
[0.117s] -- Installing: /root/sam_bot_description/install/sam_bot_description/share/sam_bot_description/src/descriptions/sam_bot_description.urdf
[0.117s] -- Up-to-date: /root/sam_bot_description/install/sam_bot_description/share/sam_bot_description/src/description
[0.117s] -- Installing: /root/sam_bot_description/install/sam_bot_description/share/sam_bot_description/src/description/sam_bot_description.urdf
[0.117s] -- Up-to-date: /root/sam_bot_description/install/sam_bot_description/share/sam_bot_description/launch
[0.117s] -- Installing: /root/sam_bot_description/install/sam_bot_description/share/sam_bot_description/launch/display.launch.py
[0.117s] -- Up-to-date: /root/sam_bot_description/install/sam_bot_description/share/sam_bot_description/rviz
[0.118s] -- Up-to-date: /root/sam_bot_description/install/sam_bot_description/share/sam_bot_description/rviz/urdf_config.rviz
[0.118s] -- Up-to-date: /root/sam_bot_description/install/sam_bot_description/share/ament_index/resource_index/package_run_dependencies/sam_bot_description
[0.119s] -- Up-to-date: /root/sam_bot_description/install/sam_bot_description/share/ament_index/resource_index/parent_prefix_path/sam_bot_description
[0.121s] -- Up-to-date: /root/sam_bot_description/install/sam_bot_description/share/sam_bot_description/environment/ament_prefix_path.sh
[0.123s] -- Up-to-date: /root/sam_bot_description/install/sam_bot_description/share/sam_bot_description/environment/ament_prefix_path.dsv
[0.124s] -- Up-to-date: /root/sam_bot_description/install/sam_bot_description/share/sam_bot_description/environment/path.sh
[0.126s] -- Up-to-date: /root/sam_bot_description/install/sam_bot_description/share/sam_bot_description/environment/path.dsv
[0.127s] -- Up-to-date: /root/sam_bot_description/install/sam_bot_description/share/sam_bot_description/local_setup.bash
[0.128s] -- Up-to-date: /root/sam_bot_description/install/sam_bot_description/share/sam_bot_description/local_setup.sh
[0.130s] -- Up-to-date: /root/sam_bot_description/install/sam_bot_description/share/sam_bot_description/local_setup.zsh
[0.131s] -- Up-to-date: /root/sam_bot_description/install/sam_bot_description/share/sam_bot_description/local_setup.dsv
[0.132s] -- Up-to-date: /root/sam_bot_description/install/sam_bot_description/share/sam_bot_description/package.dsv
[0.134s] -- Up-to-date: /root/sam_bot_description/install/sam_bot_description/share/ament_index/resource_index/packages/sam_bot_description
[0.134s] -- Up-to-date: /root/sam_bot_description/install/sam_bot_description/share/sam_bot_description/cmake/sam_bot_descriptionConfig.cmake
[0.135s] -- Up-to-date: /root/sam_bot_description/install/sam_bot_description/share/sam_bot_description/cmake/sam_bot_descriptionConfig-version.cmake
[0.136s] -- Up-to-date: /root/sam_bot_description/install/sam_bot_description/share/sam_bot_description/package.xml
[0.140s] Invoked command in '/root/sam_bot_description/build/sam_bot_description' returned '0': CMAKE_PREFIX_PATH=${CMAKE_PREFIX_PATH}:/opt/ros/foxy /usr/bin/cmake --install /root/sam_bot_description/build/sam_bot_description
