[0.081s] Invoking command in '/home/tan/Desktop/car_d/car_ws/build/msg_interface': CMAKE_PREFIX_PATH=${CMAKE_PREFIX_PATH}:/opt/ros/foxy /usr/bin/cmake --build /home/tan/Desktop/car_d/car_ws/build/msg_interface -- -j16 -l16
[0.149s] [ 10%] Built target msg_interface__rosidl_generator_c
[0.150s] [ 12%] Built target msg_interface__cpp
[0.191s] [ 23%] Built target msg_interface__rosidl_typesupport_c
[0.192s] [ 34%] Built target msg_interface__rosidl_typesupport_introspection_cpp
[0.193s] [ 44%] Built target msg_interface__rosidl_typesupport_cpp
[0.200s] [ 55%] Built target msg_interface__rosidl_typesupport_introspection_c
[0.201s] [ 65%] Built target msg_interface__rosidl_typesupport_fastrtps_cpp
[0.233s] [ 76%] Built target msg_interface__rosidl_typesupport_fastrtps_c
[0.255s] [ 76%] Built target msg_interface
[0.278s] [ 78%] Built target msg_interface__py
[0.310s] [ 87%] Built target msg_interface__python
[0.343s] [ 91%] Built target msg_interface__rosidl_typesupport_fastrtps_c__pyext
[0.347s] [ 95%] Built target msg_interface__rosidl_typesupport_c__pyext
[0.348s] [100%] Built target msg_interface__rosidl_typesupport_introspection_c__pyext
[0.366s] Invoked command in '/home/tan/Desktop/car_d/car_ws/build/msg_interface' returned '0': CMAKE_PREFIX_PATH=${CMAKE_PREFIX_PATH}:/opt/ros/foxy /usr/bin/cmake --build /home/tan/Desktop/car_d/car_ws/build/msg_interface -- -j16 -l16
[0.448s] Invoking command in '/home/tan/Desktop/car_d/car_ws/build/msg_interface': CMAKE_PREFIX_PATH=${CMAKE_PREFIX_PATH}:/opt/ros/foxy /usr/bin/cmake --install /home/tan/Desktop/car_d/car_ws/build/msg_interface
[0.457s] -- Install configuration: ""
[0.458s] -- Installing: /home/tan/Desktop/car_d/car_ws/install/msg_interface/share/ament_index/resource_index/rosidl_interfaces/msg_interface
[0.458s] -- Installing: /home/tan/Desktop/car_d/car_ws/install/msg_interface/include/msg_interface
[0.458s] -- Installing: /home/tan/Desktop/car_d/car_ws/install/msg_interface/include/msg_interface/msg
[0.458s] -- Installing: /home/tan/Desktop/car_d/car_ws/install/msg_interface/include/msg_interface/msg/velocity.h
[0.458s] -- Installing: /home/tan/Desktop/car_d/car_ws/install/msg_interface/include/msg_interface/msg/force.h
[0.458s] -- Installing: /home/tan/Desktop/car_d/car_ws/install/msg_interface/include/msg_interface/msg/detail
[0.458s] -- Installing: /home/tan/Desktop/car_d/car_ws/install/msg_interface/include/msg_interface/msg/detail/force__functions.h
[0.458s] -- Installing: /home/tan/Desktop/car_d/car_ws/install/msg_interface/include/msg_interface/msg/detail/force__struct.h
[0.459s] -- Installing: /home/tan/Desktop/car_d/car_ws/install/msg_interface/include/msg_interface/msg/detail/control__functions.h
[0.459s] -- Installing: /home/tan/Desktop/car_d/car_ws/install/msg_interface/include/msg_interface/msg/detail/control__struct.h
[0.459s] -- Installing: /home/tan/Desktop/car_d/car_ws/install/msg_interface/include/msg_interface/msg/detail/velocity__functions.h
[0.459s] -- Installing: /home/tan/Desktop/car_d/car_ws/install/msg_interface/include/msg_interface/msg/detail/velocity__struct.h
[0.459s] -- Installing: /home/tan/Desktop/car_d/car_ws/install/msg_interface/include/msg_interface/msg/detail/control__type_support.h
[0.459s] -- Installing: /home/tan/Desktop/car_d/car_ws/install/msg_interface/include/msg_interface/msg/detail/velocity__type_support.h
[0.459s] -- Installing: /home/tan/Desktop/car_d/car_ws/install/msg_interface/include/msg_interface/msg/detail/velocity__functions.c
[0.460s] -- Installing: /home/tan/Desktop/car_d/car_ws/install/msg_interface/include/msg_interface/msg/detail/force__type_support.h
[0.460s] -- Installing: /home/tan/Desktop/car_d/car_ws/install/msg_interface/include/msg_interface/msg/detail/control__functions.c
[0.460s] -- Installing: /home/tan/Desktop/car_d/car_ws/install/msg_interface/include/msg_interface/msg/detail/force__functions.c
[0.460s] -- Installing: /home/tan/Desktop/car_d/car_ws/install/msg_interface/include/msg_interface/msg/control.h
[0.460s] -- Installing: /home/tan/Desktop/car_d/car_ws/install/msg_interface/include/msg_interface/msg/rosidl_generator_c__visibility_control.h
[0.460s] -- Installing: /home/tan/Desktop/car_d/car_ws/install/msg_interface/share/msg_interface/environment/library_path.sh
[0.460s] -- Installing: /home/tan/Desktop/car_d/car_ws/install/msg_interface/share/msg_interface/environment/library_path.dsv
[0.460s] -- Installing: /home/tan/Desktop/car_d/car_ws/install/msg_interface/lib/libmsg_interface__rosidl_generator_c.so
[0.461s] -- Set runtime path of "/home/tan/Desktop/car_d/car_ws/install/msg_interface/lib/libmsg_interface__rosidl_generator_c.so" to ""
[0.461s] -- Up-to-date: /home/tan/Desktop/car_d/car_ws/install/msg_interface/include/msg_interface
[0.461s] -- Up-to-date: /home/tan/Desktop/car_d/car_ws/install/msg_interface/include/msg_interface/msg
[0.461s] -- Installing: /home/tan/Desktop/car_d/car_ws/install/msg_interface/include/msg_interface/msg/rosidl_typesupport_fastrtps_c__visibility_control.h
[0.461s] -- Up-to-date: /home/tan/Desktop/car_d/car_ws/install/msg_interface/include/msg_interface/msg/detail
[0.461s] -- Installing: /home/tan/Desktop/car_d/car_ws/install/msg_interface/include/msg_interface/msg/detail/velocity__rosidl_typesupport_fastrtps_c.h
[0.461s] -- Installing: /home/tan/Desktop/car_d/car_ws/install/msg_interface/include/msg_interface/msg/detail/control__rosidl_typesupport_fastrtps_c.h
[0.462s] -- Installing: /home/tan/Desktop/car_d/car_ws/install/msg_interface/include/msg_interface/msg/detail/force__rosidl_typesupport_fastrtps_c.h
[0.462s] -- Installing: /home/tan/Desktop/car_d/car_ws/install/msg_interface/lib/libmsg_interface__rosidl_typesupport_fastrtps_c.so
[0.462s] -- Set runtime path of "/home/tan/Desktop/car_d/car_ws/install/msg_interface/lib/libmsg_interface__rosidl_typesupport_fastrtps_c.so" to ""
[0.462s] -- Up-to-date: /home/tan/Desktop/car_d/car_ws/install/msg_interface/include/msg_interface
[0.462s] -- Up-to-date: /home/tan/Desktop/car_d/car_ws/install/msg_interface/include/msg_interface/msg
[0.462s] -- Installing: /home/tan/Desktop/car_d/car_ws/install/msg_interface/include/msg_interface/msg/rosidl_typesupport_fastrtps_cpp__visibility_control.h
[0.463s] -- Up-to-date: /home/tan/Desktop/car_d/car_ws/install/msg_interface/include/msg_interface/msg/detail
[0.463s] -- Installing: /home/tan/Desktop/car_d/car_ws/install/msg_interface/include/msg_interface/msg/detail/velocity__rosidl_typesupport_fastrtps_cpp.hpp
[0.463s] -- Installing: /home/tan/Desktop/car_d/car_ws/install/msg_interface/include/msg_interface/msg/detail/dds_fastrtps
[0.463s] -- Installing: /home/tan/Desktop/car_d/car_ws/install/msg_interface/include/msg_interface/msg/detail/control__rosidl_typesupport_fastrtps_cpp.hpp
[0.463s] -- Installing: /home/tan/Desktop/car_d/car_ws/install/msg_interface/include/msg_interface/msg/detail/force__rosidl_typesupport_fastrtps_cpp.hpp
[0.463s] -- Installing: /home/tan/Desktop/car_d/car_ws/install/msg_interface/lib/libmsg_interface__rosidl_typesupport_fastrtps_cpp.so
[0.464s] -- Set runtime path of "/home/tan/Desktop/car_d/car_ws/install/msg_interface/lib/libmsg_interface__rosidl_typesupport_fastrtps_cpp.so" to ""
[0.464s] -- Up-to-date: /home/tan/Desktop/car_d/car_ws/install/msg_interface/include/msg_interface
[0.464s] -- Up-to-date: /home/tan/Desktop/car_d/car_ws/install/msg_interface/include/msg_interface/msg
[0.464s] -- Installing: /home/tan/Desktop/car_d/car_ws/install/msg_interface/include/msg_interface/msg/rosidl_typesupport_introspection_c__visibility_control.h
[0.464s] -- Up-to-date: /home/tan/Desktop/car_d/car_ws/install/msg_interface/include/msg_interface/msg/detail
[0.464s] -- Installing: /home/tan/Desktop/car_d/car_ws/install/msg_interface/include/msg_interface/msg/detail/velocity__rosidl_typesupport_introspection_c.h
[0.465s] -- Installing: /home/tan/Desktop/car_d/car_ws/install/msg_interface/include/msg_interface/msg/detail/force__rosidl_typesupport_introspection_c.h
[0.465s] -- Installing: /home/tan/Desktop/car_d/car_ws/install/msg_interface/include/msg_interface/msg/detail/control__rosidl_typesupport_introspection_c.h
[0.465s] -- Installing: /home/tan/Desktop/car_d/car_ws/install/msg_interface/include/msg_interface/msg/detail/velocity__type_support.c
[0.465s] -- Installing: /home/tan/Desktop/car_d/car_ws/install/msg_interface/include/msg_interface/msg/detail/force__type_support.c
[0.465s] -- Installing: /home/tan/Desktop/car_d/car_ws/install/msg_interface/include/msg_interface/msg/detail/control__type_support.c
[0.465s] -- Installing: /home/tan/Desktop/car_d/car_ws/install/msg_interface/lib/libmsg_interface__rosidl_typesupport_introspection_c.so
[0.466s] -- Set runtime path of "/home/tan/Desktop/car_d/car_ws/install/msg_interface/lib/libmsg_interface__rosidl_typesupport_introspection_c.so" to ""
[0.466s] -- Installing: /home/tan/Desktop/car_d/car_ws/install/msg_interface/lib/libmsg_interface__rosidl_typesupport_c.so
[0.466s] -- Set runtime path of "/home/tan/Desktop/car_d/car_ws/install/msg_interface/lib/libmsg_interface__rosidl_typesupport_c.so" to ""
[0.466s] -- Up-to-date: /home/tan/Desktop/car_d/car_ws/install/msg_interface/include/msg_interface
[0.466s] -- Up-to-date: /home/tan/Desktop/car_d/car_ws/install/msg_interface/include/msg_interface/msg
[0.468s] -- Installing: /home/tan/Desktop/car_d/car_ws/install/msg_interface/include/msg_interface/msg/force.hpp
[0.468s] -- Installing: /home/tan/Desktop/car_d/car_ws/install/msg_interface/include/msg_interface/msg/velocity.hpp
[0.468s] -- Up-to-date: /home/tan/Desktop/car_d/car_ws/install/msg_interface/include/msg_interface/msg/detail
[0.468s] -- Installing: /home/tan/Desktop/car_d/car_ws/install/msg_interface/include/msg_interface/msg/detail/velocity__traits.hpp
[0.468s] -- Installing: /home/tan/Desktop/car_d/car_ws/install/msg_interface/include/msg_interface/msg/detail/force__builder.hpp
[0.468s] -- Installing: /home/tan/Desktop/car_d/car_ws/install/msg_interface/include/msg_interface/msg/detail/control__traits.hpp
[0.469s] -- Installing: /home/tan/Desktop/car_d/car_ws/install/msg_interface/include/msg_interface/msg/detail/force__traits.hpp
[0.469s] -- Installing: /home/tan/Desktop/car_d/car_ws/install/msg_interface/include/msg_interface/msg/detail/velocity__builder.hpp
[0.469s] -- Installing: /home/tan/Desktop/car_d/car_ws/install/msg_interface/include/msg_interface/msg/detail/force__struct.hpp
[0.469s] -- Installing: /home/tan/Desktop/car_d/car_ws/install/msg_interface/include/msg_interface/msg/detail/control__builder.hpp
[0.469s] -- Installing: /home/tan/Desktop/car_d/car_ws/install/msg_interface/include/msg_interface/msg/detail/control__struct.hpp
[0.469s] -- Installing: /home/tan/Desktop/car_d/car_ws/install/msg_interface/include/msg_interface/msg/detail/velocity__struct.hpp
[0.469s] -- Installing: /home/tan/Desktop/car_d/car_ws/install/msg_interface/include/msg_interface/msg/control.hpp
[0.470s] -- Up-to-date: /home/tan/Desktop/car_d/car_ws/install/msg_interface/include/msg_interface
[0.470s] -- Up-to-date: /home/tan/Desktop/car_d/car_ws/install/msg_interface/include/msg_interface/msg
[0.470s] -- Up-to-date: /home/tan/Desktop/car_d/car_ws/install/msg_interface/include/msg_interface/msg/detail
[0.470s] -- Installing: /home/tan/Desktop/car_d/car_ws/install/msg_interface/include/msg_interface/msg/detail/velocity__rosidl_typesupport_introspection_cpp.hpp
[0.470s] -- Installing: /home/tan/Desktop/car_d/car_ws/install/msg_interface/include/msg_interface/msg/detail/control__rosidl_typesupport_introspection_cpp.hpp
[0.470s] -- Installing: /home/tan/Desktop/car_d/car_ws/install/msg_interface/include/msg_interface/msg/detail/force__type_support.cpp
[0.470s] -- Installing: /home/tan/Desktop/car_d/car_ws/install/msg_interface/include/msg_interface/msg/detail/control__type_support.cpp
[0.470s] -- Installing: /home/tan/Desktop/car_d/car_ws/install/msg_interface/include/msg_interface/msg/detail/force__rosidl_typesupport_introspection_cpp.hpp
[0.471s] -- Installing: /home/tan/Desktop/car_d/car_ws/install/msg_interface/include/msg_interface/msg/detail/velocity__type_support.cpp
[0.471s] -- Installing: /home/tan/Desktop/car_d/car_ws/install/msg_interface/lib/libmsg_interface__rosidl_typesupport_introspection_cpp.so
[0.471s] -- Set runtime path of "/home/tan/Desktop/car_d/car_ws/install/msg_interface/lib/libmsg_interface__rosidl_typesupport_introspection_cpp.so" to ""
[0.471s] -- Installing: /home/tan/Desktop/car_d/car_ws/install/msg_interface/lib/libmsg_interface__rosidl_typesupport_cpp.so
[0.471s] -- Set runtime path of "/home/tan/Desktop/car_d/car_ws/install/msg_interface/lib/libmsg_interface__rosidl_typesupport_cpp.so" to ""
[0.471s] -- Installing: /home/tan/Desktop/car_d/car_ws/install/msg_interface/share/msg_interface/environment/pythonpath.sh
[0.471s] -- Installing: /home/tan/Desktop/car_d/car_ws/install/msg_interface/share/msg_interface/environment/pythonpath.dsv
[0.472s] -- Installing: /home/tan/Desktop/car_d/car_ws/install/msg_interface/lib/python3.8/site-packages/msg_interface/__init__.py
[0.509s] Compiling '/home/tan/Desktop/car_d/car_ws/install/msg_interface/lib/python3.8/site-packages/msg_interface/__init__.py'...
[0.510s] -- Installing: /home/tan/Desktop/car_d/car_ws/install/msg_interface/lib/python3.8/site-packages/msg_interface/msg
[0.510s] -- Installing: /home/tan/Desktop/car_d/car_ws/install/msg_interface/lib/python3.8/site-packages/msg_interface/msg/_force_s.c
[0.511s] -- Installing: /home/tan/Desktop/car_d/car_ws/install/msg_interface/lib/python3.8/site-packages/msg_interface/msg/_velocity.py
[0.511s] -- Installing: /home/tan/Desktop/car_d/car_ws/install/msg_interface/lib/python3.8/site-packages/msg_interface/msg/_control.py
[0.512s] -- Installing: /home/tan/Desktop/car_d/car_ws/install/msg_interface/lib/python3.8/site-packages/msg_interface/msg/_velocity_s.c
[0.513s] -- Installing: /home/tan/Desktop/car_d/car_ws/install/msg_interface/lib/python3.8/site-packages/msg_interface/msg/_control_s.c
[0.513s] -- Installing: /home/tan/Desktop/car_d/car_ws/install/msg_interface/lib/python3.8/site-packages/msg_interface/msg/_force.py
[0.516s] -- Installing: /home/tan/Desktop/car_d/car_ws/install/msg_interface/lib/python3.8/site-packages/msg_interface/msg/__init__.py
[0.516s] -- Installing: /home/tan/Desktop/car_d/car_ws/install/msg_interface/lib/python3.8/site-packages/msg_interface/msg_interface_s__rosidl_typesupport_fastrtps_c.cpython-38-x86_64-linux-gnu.so
[0.516s] -- Set runtime path of "/home/tan/Desktop/car_d/car_ws/install/msg_interface/lib/python3.8/site-packages/msg_interface/msg_interface_s__rosidl_typesupport_fastrtps_c.cpython-38-x86_64-linux-gnu.so" to ""
[0.516s] -- Installing: /home/tan/Desktop/car_d/car_ws/install/msg_interface/lib/python3.8/site-packages/msg_interface/msg_interface_s__rosidl_typesupport_introspection_c.cpython-38-x86_64-linux-gnu.so
[0.517s] -- Set runtime path of "/home/tan/Desktop/car_d/car_ws/install/msg_interface/lib/python3.8/site-packages/msg_interface/msg_interface_s__rosidl_typesupport_introspection_c.cpython-38-x86_64-linux-gnu.so" to ""
[0.517s] -- Installing: /home/tan/Desktop/car_d/car_ws/install/msg_interface/lib/python3.8/site-packages/msg_interface/msg_interface_s__rosidl_typesupport_c.cpython-38-x86_64-linux-gnu.so
[0.517s] -- Set runtime path of "/home/tan/Desktop/car_d/car_ws/install/msg_interface/lib/python3.8/site-packages/msg_interface/msg_interface_s__rosidl_typesupport_c.cpython-38-x86_64-linux-gnu.so" to ""
[0.517s] -- Installing: /home/tan/Desktop/car_d/car_ws/install/msg_interface/lib/libmsg_interface__python.so
[0.518s] -- Set runtime path of "/home/tan/Desktop/car_d/car_ws/install/msg_interface/lib/libmsg_interface__python.so" to ""
[0.518s] -- Installing: /home/tan/Desktop/car_d/car_ws/install/msg_interface/share/msg_interface/msg/Force.idl
[0.518s] -- Installing: /home/tan/Desktop/car_d/car_ws/install/msg_interface/share/msg_interface/msg/Velocity.idl
[0.521s] -- Installing: /home/tan/Desktop/car_d/car_ws/install/msg_interface/share/msg_interface/msg/Control.idl
[0.522s] -- Installing: /home/tan/Desktop/car_d/car_ws/install/msg_interface/share/msg_interface/msg/Force.msg
[0.522s] -- Installing: /home/tan/Desktop/car_d/car_ws/install/msg_interface/share/msg_interface/msg/Velocity.msg
[0.522s] -- Installing: /home/tan/Desktop/car_d/car_ws/install/msg_interface/share/msg_interface/msg/Control.msg
[0.522s] -- Installing: /home/tan/Desktop/car_d/car_ws/install/msg_interface/share/ament_index/resource_index/package_run_dependencies/msg_interface
[0.523s] -- Installing: /home/tan/Desktop/car_d/car_ws/install/msg_interface/share/ament_index/resource_index/parent_prefix_path/msg_interface
[0.523s] -- Installing: /home/tan/Desktop/car_d/car_ws/install/msg_interface/share/msg_interface/environment/ament_prefix_path.sh
[0.523s] -- Installing: /home/tan/Desktop/car_d/car_ws/install/msg_interface/share/msg_interface/environment/ament_prefix_path.dsv
[0.523s] -- Installing: /home/tan/Desktop/car_d/car_ws/install/msg_interface/share/msg_interface/environment/path.sh
[0.528s] -- Installing: /home/tan/Desktop/car_d/car_ws/install/msg_interface/share/msg_interface/environment/path.dsv
[0.529s] -- Installing: /home/tan/Desktop/car_d/car_ws/install/msg_interface/share/msg_interface/local_setup.bash
[0.529s] -- Installing: /home/tan/Desktop/car_d/car_ws/install/msg_interface/share/msg_interface/local_setup.sh
[0.529s] -- Installing: /home/tan/Desktop/car_d/car_ws/install/msg_interface/share/msg_interface/local_setup.zsh
[0.530s] -- Installing: /home/tan/Desktop/car_d/car_ws/install/msg_interface/share/msg_interface/local_setup.dsv
[0.530s] -- Installing: /home/tan/Desktop/car_d/car_ws/install/msg_interface/share/msg_interface/package.dsv
[0.530s] -- Installing: /home/tan/Desktop/car_d/car_ws/install/msg_interface/share/ament_index/resource_index/packages/msg_interface
[0.530s] -- Installing: /home/tan/Desktop/car_d/car_ws/install/msg_interface/share/msg_interface/cmake/msg_interface__rosidl_generator_cExport.cmake
[0.531s] -- Installing: /home/tan/Desktop/car_d/car_ws/install/msg_interface/share/msg_interface/cmake/msg_interface__rosidl_generator_cExport-noconfig.cmake
[0.531s] -- Installing: /home/tan/Desktop/car_d/car_ws/install/msg_interface/share/msg_interface/cmake/msg_interface__rosidl_typesupport_introspection_cExport.cmake
[0.531s] -- Installing: /home/tan/Desktop/car_d/car_ws/install/msg_interface/share/msg_interface/cmake/msg_interface__rosidl_typesupport_introspection_cExport-noconfig.cmake
[0.532s] -- Installing: /home/tan/Desktop/car_d/car_ws/install/msg_interface/share/msg_interface/cmake/msg_interface__rosidl_typesupport_cExport.cmake
[0.532s] -- Installing: /home/tan/Desktop/car_d/car_ws/install/msg_interface/share/msg_interface/cmake/msg_interface__rosidl_typesupport_cExport-noconfig.cmake
[0.533s] -- Installing: /home/tan/Desktop/car_d/car_ws/install/msg_interface/share/msg_interface/cmake/msg_interface__rosidl_generator_cppExport.cmake
[0.533s] -- Installing: /home/tan/Desktop/car_d/car_ws/install/msg_interface/share/msg_interface/cmake/msg_interface__rosidl_typesupport_introspection_cppExport.cmake
[0.533s] -- Installing: /home/tan/Desktop/car_d/car_ws/install/msg_interface/share/msg_interface/cmake/msg_interface__rosidl_typesupport_introspection_cppExport-noconfig.cmake
[0.534s] -- Installing: /home/tan/Desktop/car_d/car_ws/install/msg_interface/share/msg_interface/cmake/msg_interface__rosidl_typesupport_cppExport.cmake
[0.534s] -- Installing: /home/tan/Desktop/car_d/car_ws/install/msg_interface/share/msg_interface/cmake/msg_interface__rosidl_typesupport_cppExport-noconfig.cmake
[0.534s] -- Installing: /home/tan/Desktop/car_d/car_ws/install/msg_interface/share/msg_interface/cmake/rosidl_cmake-extras.cmake
[0.534s] -- Installing: /home/tan/Desktop/car_d/car_ws/install/msg_interface/share/msg_interface/cmake/ament_cmake_export_dependencies-extras.cmake
[0.535s] -- Installing: /home/tan/Desktop/car_d/car_ws/install/msg_interface/share/msg_interface/cmake/ament_cmake_export_libraries-extras.cmake
[0.536s] -- Installing: /home/tan/Desktop/car_d/car_ws/install/msg_interface/share/msg_interface/cmake/ament_cmake_export_targets-extras.cmake
[0.536s] -- Installing: /home/tan/Desktop/car_d/car_ws/install/msg_interface/share/msg_interface/cmake/ament_cmake_export_include_directories-extras.cmake
[0.536s] -- Installing: /home/tan/Desktop/car_d/car_ws/install/msg_interface/share/msg_interface/cmake/rosidl_cmake_export_typesupport_libraries-extras.cmake
[0.536s] -- Installing: /home/tan/Desktop/car_d/car_ws/install/msg_interface/share/msg_interface/cmake/rosidl_cmake_export_typesupport_targets-extras.cmake
[0.536s] -- Installing: /home/tan/Desktop/car_d/car_ws/install/msg_interface/share/msg_interface/cmake/msg_interfaceConfig.cmake
[0.537s] -- Installing: /home/tan/Desktop/car_d/car_ws/install/msg_interface/share/msg_interface/cmake/msg_interfaceConfig-version.cmake
[0.537s] -- Installing: /home/tan/Desktop/car_d/car_ws/install/msg_interface/share/msg_interface/package.xml
[0.544s] Invoked command in '/home/tan/Desktop/car_d/car_ws/build/msg_interface' returned '0': CMAKE_PREFIX_PATH=${CMAKE_PREFIX_PATH}:/opt/ros/foxy /usr/bin/cmake --install /home/tan/Desktop/car_d/car_ws/build/msg_interface
