[0.015s] Invoking command in '/root/sam_bot_description/src/joint_control/build/joint_control': CMAKE_PREFIX_PATH=${CMAKE_PREFIX_PATH}:/opt/ros/foxy:/root/sam_bot_description/src/joint_init/install/joint_init /usr/bin/cmake --build /root/sam_bot_description/src/joint_control/build/joint_control -- -j8 -l8
[0.078s] [100%] Built target joint
[0.088s] Invoked command in '/root/sam_bot_description/src/joint_control/build/joint_control' returned '0': CMAKE_PREFIX_PATH=${CMAKE_PREFIX_PATH}:/opt/ros/foxy:/root/sam_bot_description/src/joint_init/install/joint_init /usr/bin/cmake --build /root/sam_bot_description/src/joint_control/build/joint_control -- -j8 -l8
[0.120s] Invoking command in '/root/sam_bot_description/src/joint_control/build/joint_control': CMAKE_PREFIX_PATH=${CMAKE_PREFIX_PATH}:/opt/ros/foxy:/root/sam_bot_description/src/joint_init/install/joint_init /usr/bin/cmake --install /root/sam_bot_description/src/joint_control/build/joint_control
[0.128s] -- Install configuration: ""
[0.128s] -- Up-to-date: /root/sam_bot_description/src/joint_control/install/joint_control/share/ament_index/resource_index/package_run_dependencies/joint_control
[0.128s] -- Up-to-date: /root/sam_bot_description/src/joint_control/install/joint_control/share/ament_index/resource_index/parent_prefix_path/joint_control
[0.129s] -- Up-to-date: /root/sam_bot_description/src/joint_control/install/joint_control/share/joint_control/environment/ament_prefix_path.sh
[0.129s] -- Up-to-date: /root/sam_bot_description/src/joint_control/install/joint_control/share/joint_control/environment/ament_prefix_path.dsv
[0.129s] -- Up-to-date: /root/sam_bot_description/src/joint_control/install/joint_control/share/joint_control/environment/path.sh
[0.129s] -- Up-to-date: /root/sam_bot_description/src/joint_control/install/joint_control/share/joint_control/environment/path.dsv
[0.129s] -- Up-to-date: /root/sam_bot_description/src/joint_control/install/joint_control/share/joint_control/local_setup.bash
[0.129s] -- Up-to-date: /root/sam_bot_description/src/joint_control/install/joint_control/share/joint_control/local_setup.sh
[0.129s] -- Up-to-date: /root/sam_bot_description/src/joint_control/install/joint_control/share/joint_control/local_setup.zsh
[0.129s] -- Up-to-date: /root/sam_bot_description/src/joint_control/install/joint_control/share/joint_control/local_setup.dsv
[0.130s] -- Installing: /root/sam_bot_description/src/joint_control/install/joint_control/share/joint_control/package.dsv
[0.130s] -- Up-to-date: /root/sam_bot_description/src/joint_control/install/joint_control/share/ament_index/resource_index/packages/joint_control
[0.131s] -- Up-to-date: /root/sam_bot_description/src/joint_control/install/joint_control/share/joint_control/cmake/joint_controlConfig.cmake
[0.131s] -- Up-to-date: /root/sam_bot_description/src/joint_control/install/joint_control/share/joint_control/cmake/joint_controlConfig-version.cmake
[0.132s] -- Up-to-date: /root/sam_bot_description/src/joint_control/install/joint_control/share/joint_control/package.xml
[0.132s] Invoked command in '/root/sam_bot_description/src/joint_control/build/joint_control' returned '0': CMAKE_PREFIX_PATH=${CMAKE_PREFIX_PATH}:/opt/ros/foxy:/root/sam_bot_description/src/joint_init/install/joint_init /usr/bin/cmake --install /root/sam_bot_description/src/joint_control/build/joint_control
