[0.049s] Invoking command in '/home/tan/Desktop/car_d/car_ws/build/tan': CMAKE_PREFIX_PATH=${CMAKE_PREFIX_PATH}:/opt/ros/foxy /usr/bin/cmake --build /home/tan/Desktop/car_d/car_ws/build/tan -- -j16 -l16
[0.117s] [35m[1mScanning dependencies of target test_curve[0m
[0.183s] [ 12%] Built target mpc_commander_opt_curve
[0.184s] [ 25%] Built target vel_commander
[0.184s] [ 37%] Built target mpc_commander
[0.186s] [ 50%] Built target mpc_commander_opt
[0.190s] [ 56%] [32mBuilding CXX object CMakeFiles/test_curve.dir/src/test_curve.cpp.o[0m
[0.191s] [ 68%] Built target go_to_pos
[0.196s] [ 81%] Built target tan_commander_curve
[0.198s] [ 93%] Built target test_path
[6.539s] /home/tan/Desktop/car_d/car_ws/src/tan/src/test_curve.cpp: In function ‘rcl_interfaces::msg::SetParametersResult param_callback(const std::vector<rclcpp::Parameter>&)’:
[6.539s] /home/tan/Desktop/car_d/car_ws/src/tan/src/test_curve.cpp:30:22: warning: format ‘%d’ expects argument of type ‘int’, but argument 3 has type ‘std::vector<double, std::allocator<double> >::size_type’ {aka ‘long unsigned int’} [-Wformat=]
[6.539s]    30 |         sprintf(a,"c%d",curve.coeffs.size());
[6.539s]       |                     ~^  ~~~~~~~~~~~~~~~~~~~
[6.539s]       |                      |                   |
[6.539s]       |                      int                 std::vector<double, std::allocator<double> >::size_type {aka long unsigned int}
[6.540s]       |                     %ld
[6.540s] /home/tan/Desktop/car_d/car_ws/src/tan/src/test_curve.cpp:35:16: warning: comparison of integer expressions of different signedness: ‘int’ and ‘std::vector<double, std::allocator<double> >::size_type’ {aka ‘long unsigned int’} [-Wsign-compare]
[6.540s]    35 |       if(index < curve.coeffs.size()){
[6.540s]       |          ~~~~~~^~~~~~~~~~~~~~~~~~~~~
[6.540s] /home/tan/Desktop/car_d/car_ws/src/tan/src/test_curve.cpp: In function ‘int main(int, char**)’:
[6.540s] /home/tan/Desktop/car_d/car_ws/src/tan/src/test_curve.cpp:79:55: warning: ignoring return value of ‘rclcpp::node_interfaces::OnSetParametersCallbackHandle::SharedPtr rclcpp::Node::add_on_set_parameters_callback(rclcpp::Node::OnParametersSetCallbackType)’, declared with attribute warn_unused_result [-Wunused-result]
[6.540s]    79 |   node->add_on_set_parameters_callback(param_callback);
[6.540s]       |                                                       ^
[6.540s] In file included from /opt/ros/foxy/include/rclcpp/executors/single_threaded_executor.hpp:28,
[6.540s]                  from /opt/ros/foxy/include/rclcpp/executors.hpp:22,
[6.540s]                  from /opt/ros/foxy/include/rclcpp/rclcpp.hpp:146,
[6.540s]                  from /home/tan/Desktop/car_d/car_ws/src/tan/src/test_curve.cpp:1:
[6.540s] /opt/ros/foxy/include/rclcpp/node.hpp:819:3: note: declared here
[6.540s]   819 |   add_on_set_parameters_callback(OnParametersSetCallbackType callback);
[6.540s]       |   ^~~~~~~~~~~~~~~~~~~~~~~~~~~~~~
[6.540s] /home/tan/Desktop/car_d/car_ws/src/tan/src/test_curve.cpp: In function ‘rcl_interfaces::msg::SetParametersResult param_callback(const std::vector<rclcpp::Parameter>&)’:
[6.540s] /home/tan/Desktop/car_d/car_ws/src/tan/src/test_curve.cpp:40:26: warning: ‘Param ’ directive writing 6 bytes into a region of size 5 [-Wformat-overflow=]
[6.540s]    40 |         sprintf(a, "Param %s requires param /curve_sender/degree to be >= %d", p.get_name().c_str(),index + 1);
[6.541s]       |                     ~~~~~^
[6.541s] /home/tan/Desktop/car_d/car_ws/src/tan/src/test_curve.cpp:40:16: note: ‘sprintf’ output 54 or more bytes into a destination of size 5
[6.541s]    40 |         sprintf(a, "Param %s requires param /curve_sender/degree to be >= %d", p.get_name().c_str(),index + 1);
[6.541s]       |         ~~~~~~~^~~~~~~~~~~~~~~~~~~~~~~~~~~~~~~~~~~~~~~~~~~~~~~~~~~~~~~~~~~~~~~~~~~~~~~~~~~~~~~~~~~~~~~~~~~~~~~
[6.548s] [100%] [32m[1mLinking CXX executable test_curve[0m
[6.832s] [100%] Built target test_curve
[6.840s] Invoked command in '/home/tan/Desktop/car_d/car_ws/build/tan' returned '0': CMAKE_PREFIX_PATH=${CMAKE_PREFIX_PATH}:/opt/ros/foxy /usr/bin/cmake --build /home/tan/Desktop/car_d/car_ws/build/tan -- -j16 -l16
[6.870s] Invoking command in '/home/tan/Desktop/car_d/car_ws/build/tan': CMAKE_PREFIX_PATH=${CMAKE_PREFIX_PATH}:/opt/ros/foxy /usr/bin/cmake --install /home/tan/Desktop/car_d/car_ws/build/tan
[6.876s] -- Install configuration: ""
[6.876s] -- Up-to-date: /home/tan/Desktop/car_d/car_ws/install/tan/lib/tan/go_to_pos
[6.876s] -- Up-to-date: /home/tan/Desktop/car_d/car_ws/install/tan/lib/tan/vel_commander
[6.877s] -- Up-to-date: /home/tan/Desktop/car_d/car_ws/install/tan/lib/tan/mpc_commander
[6.877s] -- Up-to-date: /home/tan/Desktop/car_d/car_ws/install/tan/lib/tan/mpc_commander_opt
[6.877s] -- Up-to-date: /home/tan/Desktop/car_d/car_ws/install/tan/lib/tan/mpc_commander_opt_curve
[6.877s] -- Up-to-date: /home/tan/Desktop/car_d/car_ws/install/tan/lib/tan/tan_commander_curve
[6.877s] -- Up-to-date: /home/tan/Desktop/car_d/car_ws/install/tan/lib/tan/test_path
[6.878s] -- Installing: /home/tan/Desktop/car_d/car_ws/install/tan/lib/tan/test_curve
[6.886s] -- Set runtime path of "/home/tan/Desktop/car_d/car_ws/install/tan/lib/tan/test_curve" to ""
[6.886s] -- Up-to-date: /home/tan/Desktop/car_d/car_ws/install/tan/share/ament_index/resource_index/package_run_dependencies/tan
[6.887s] -- Up-to-date: /home/tan/Desktop/car_d/car_ws/install/tan/share/ament_index/resource_index/parent_prefix_path/tan
[6.887s] -- Up-to-date: /home/tan/Desktop/car_d/car_ws/install/tan/share/tan/environment/ament_prefix_path.sh
[6.887s] -- Up-to-date: /home/tan/Desktop/car_d/car_ws/install/tan/share/tan/environment/ament_prefix_path.dsv
[6.887s] -- Up-to-date: /home/tan/Desktop/car_d/car_ws/install/tan/share/tan/environment/path.sh
[6.887s] -- Up-to-date: /home/tan/Desktop/car_d/car_ws/install/tan/share/tan/environment/path.dsv
[6.887s] -- Up-to-date: /home/tan/Desktop/car_d/car_ws/install/tan/share/tan/local_setup.bash
[6.887s] -- Up-to-date: /home/tan/Desktop/car_d/car_ws/install/tan/share/tan/local_setup.sh
[6.887s] -- Up-to-date: /home/tan/Desktop/car_d/car_ws/install/tan/share/tan/local_setup.zsh
[6.887s] -- Up-to-date: /home/tan/Desktop/car_d/car_ws/install/tan/share/tan/local_setup.dsv
[6.887s] -- Installing: /home/tan/Desktop/car_d/car_ws/install/tan/share/tan/package.dsv
[6.887s] -- Up-to-date: /home/tan/Desktop/car_d/car_ws/install/tan/share/ament_index/resource_index/packages/tan
[6.887s] -- Up-to-date: /home/tan/Desktop/car_d/car_ws/install/tan/share/tan/cmake/tanConfig.cmake
[6.888s] -- Up-to-date: /home/tan/Desktop/car_d/car_ws/install/tan/share/tan/cmake/tanConfig-version.cmake
[6.888s] -- Up-to-date: /home/tan/Desktop/car_d/car_ws/install/tan/share/tan/package.xml
[6.893s] Invoked command in '/home/tan/Desktop/car_d/car_ws/build/tan' returned '0': CMAKE_PREFIX_PATH=${CMAKE_PREFIX_PATH}:/opt/ros/foxy /usr/bin/cmake --install /home/tan/Desktop/car_d/car_ws/build/tan
