[0.122s] DEBUG:colcon:Command line arguments: ['/usr/bin/colcon', 'build']
[0.122s] DEBUG:colcon:Parsed command line arguments: Namespace(allow_overriding=[], ament_cmake_args=None, base_paths=['.'], build_base='build', catkin_cmake_args=None, catkin_skip_building_tests=False, cmake_args=None, cmake_clean_cache=False, cmake_clean_first=False, cmake_force_configure=False, cmake_target=None, cmake_target_skip_unavailable=False, continue_on_error=False, event_handlers=None, executor='parallel', ignore_user_meta=False, install_base='install', log_base=None, log_level=None, main=<bound method BuildVerb.main of <colcon_core.verb.build.BuildVerb object at 0x7fc7c03d7e80>>, merge_install=False, metas=['./colcon.meta'], packages_above=None, packages_above_and_dependencies=None, packages_above_depth=None, packages_end=None, packages_ignore=None, packages_ignore_regex=None, packages_select=None, packages_select_build_failed=False, packages_select_by_dep=None, packages_select_regex=None, packages_select_test_failures=False, packages_skip=None, packages_skip_build_finished=False, packages_skip_by_dep=None, packages_skip_regex=None, packages_skip_test_passed=False, packages_skip_up_to=None, packages_start=None, packages_up_to=None, packages_up_to_regex=None, parallel_workers=16, paths=None, symlink_install=False, test_result_base=None, verb_extension=<colcon_core.verb.build.BuildVerb object at 0x7fc7c03d7e80>, verb_name='build', verb_parser=<colcon_defaults.argument_parser.defaults.DefaultArgumentsDecorator object at 0x7fc7c03e1430>)
[0.142s] Level 1:colcon.colcon_core.package_discovery:discover_packages(colcon_meta) check parameters
[0.142s] Level 1:colcon.colcon_core.package_discovery:discover_packages(recursive) check parameters
[0.142s] Level 1:colcon.colcon_core.package_discovery:discover_packages(ignore) check parameters
[0.142s] Level 1:colcon.colcon_core.package_discovery:discover_packages(path) check parameters
[0.142s] Level 1:colcon.colcon_core.package_discovery:discover_packages(colcon_meta) discover
[0.142s] Level 1:colcon.colcon_core.package_discovery:discover_packages(recursive) discover
[0.142s] INFO:colcon.colcon_core.package_discovery:Crawling recursively for packages in '/home/tan/Desktop/car_d/car_ws'
[0.142s] Level 1:colcon.colcon_core.package_identification:_identify(.) by extensions ['ignore', 'ignore_ament_install']
[0.142s] Level 1:colcon.colcon_core.package_identification:_identify(.) by extension 'ignore'
[0.142s] Level 1:colcon.colcon_core.package_identification:_identify(.) by extension 'ignore_ament_install'
[0.142s] Level 1:colcon.colcon_core.package_identification:_identify(.) by extensions ['colcon_pkg']
[0.142s] Level 1:colcon.colcon_core.package_identification:_identify(.) by extension 'colcon_pkg'
[0.142s] Level 1:colcon.colcon_core.package_identification:_identify(.) by extensions ['colcon_meta']
[0.142s] Level 1:colcon.colcon_core.package_identification:_identify(.) by extension 'colcon_meta'
[0.143s] Level 1:colcon.colcon_core.package_identification:_identify(.) by extensions ['ros']
[0.143s] Level 1:colcon.colcon_core.package_identification:_identify(.) by extension 'ros'
[0.155s] Level 1:colcon.colcon_core.package_identification:_identify(.) by extensions ['cmake', 'python']
[0.155s] Level 1:colcon.colcon_core.package_identification:_identify(.) by extension 'cmake'
[0.155s] Level 1:colcon.colcon_core.package_identification:_identify(.) by extension 'python'
[0.155s] Level 1:colcon.colcon_core.package_identification:_identify(.) by extensions ['python_setup_py']
[0.155s] Level 1:colcon.colcon_core.package_identification:_identify(.) by extension 'python_setup_py'
[0.156s] Level 1:colcon.colcon_core.package_identification:_identify(build) by extensions ['ignore', 'ignore_ament_install']
[0.156s] Level 1:colcon.colcon_core.package_identification:_identify(build) by extension 'ignore'
[0.156s] Level 1:colcon.colcon_core.package_identification:_identify(build) ignored
[0.156s] Level 1:colcon.colcon_core.package_identification:_identify(install) by extensions ['ignore', 'ignore_ament_install']
[0.156s] Level 1:colcon.colcon_core.package_identification:_identify(install) by extension 'ignore'
[0.156s] Level 1:colcon.colcon_core.package_identification:_identify(install) ignored
[0.156s] Level 1:colcon.colcon_core.package_identification:_identify(log) by extensions ['ignore', 'ignore_ament_install']
[0.156s] Level 1:colcon.colcon_core.package_identification:_identify(log) by extension 'ignore'
[0.156s] Level 1:colcon.colcon_core.package_identification:_identify(log) ignored
[0.156s] Level 1:colcon.colcon_core.package_identification:_identify(src) by extensions ['ignore', 'ignore_ament_install']
[0.156s] Level 1:colcon.colcon_core.package_identification:_identify(src) by extension 'ignore'
[0.156s] Level 1:colcon.colcon_core.package_identification:_identify(src) by extension 'ignore_ament_install'
[0.156s] Level 1:colcon.colcon_core.package_identification:_identify(src) by extensions ['colcon_pkg']
[0.156s] Level 1:colcon.colcon_core.package_identification:_identify(src) by extension 'colcon_pkg'
[0.157s] Level 1:colcon.colcon_core.package_identification:_identify(src) by extensions ['colcon_meta']
[0.157s] Level 1:colcon.colcon_core.package_identification:_identify(src) by extension 'colcon_meta'
[0.157s] Level 1:colcon.colcon_core.package_identification:_identify(src) by extensions ['ros']
[0.157s] Level 1:colcon.colcon_core.package_identification:_identify(src) by extension 'ros'
[0.157s] Level 1:colcon.colcon_core.package_identification:_identify(src) by extensions ['cmake', 'python']
[0.157s] Level 1:colcon.colcon_core.package_identification:_identify(src) by extension 'cmake'
[0.157s] Level 1:colcon.colcon_core.package_identification:_identify(src) by extension 'python'
[0.157s] Level 1:colcon.colcon_core.package_identification:_identify(src) by extensions ['python_setup_py']
[0.157s] Level 1:colcon.colcon_core.package_identification:_identify(src) by extension 'python_setup_py'
[0.157s] Level 1:colcon.colcon_core.package_identification:_identify(src/carrl_interface) by extensions ['ignore', 'ignore_ament_install']
[0.157s] Level 1:colcon.colcon_core.package_identification:_identify(src/carrl_interface) by extension 'ignore'
[0.157s] Level 1:colcon.colcon_core.package_identification:_identify(src/carrl_interface) by extension 'ignore_ament_install'
[0.157s] Level 1:colcon.colcon_core.package_identification:_identify(src/carrl_interface) by extensions ['colcon_pkg']
[0.157s] Level 1:colcon.colcon_core.package_identification:_identify(src/carrl_interface) by extension 'colcon_pkg'
[0.157s] Level 1:colcon.colcon_core.package_identification:_identify(src/carrl_interface) by extensions ['colcon_meta']
[0.157s] Level 1:colcon.colcon_core.package_identification:_identify(src/carrl_interface) by extension 'colcon_meta'
[0.157s] Level 1:colcon.colcon_core.package_identification:_identify(src/carrl_interface) by extensions ['ros']
[0.157s] Level 1:colcon.colcon_core.package_identification:_identify(src/carrl_interface) by extension 'ros'
[0.159s] DEBUG:colcon.colcon_core.package_identification:Package 'src/carrl_interface' with type 'ros.ament_cmake' and name 'carrl_interface'
[0.159s] Level 1:colcon.colcon_core.package_identification:_identify(src/msg_interface) by extensions ['ignore', 'ignore_ament_install']
[0.159s] Level 1:colcon.colcon_core.package_identification:_identify(src/msg_interface) by extension 'ignore'
[0.159s] Level 1:colcon.colcon_core.package_identification:_identify(src/msg_interface) by extension 'ignore_ament_install'
[0.159s] Level 1:colcon.colcon_core.package_identification:_identify(src/msg_interface) by extensions ['colcon_pkg']
[0.159s] Level 1:colcon.colcon_core.package_identification:_identify(src/msg_interface) by extension 'colcon_pkg'
[0.159s] Level 1:colcon.colcon_core.package_identification:_identify(src/msg_interface) by extensions ['colcon_meta']
[0.159s] Level 1:colcon.colcon_core.package_identification:_identify(src/msg_interface) by extension 'colcon_meta'
[0.159s] Level 1:colcon.colcon_core.package_identification:_identify(src/msg_interface) by extensions ['ros']
[0.159s] Level 1:colcon.colcon_core.package_identification:_identify(src/msg_interface) by extension 'ros'
[0.160s] DEBUG:colcon.colcon_core.package_identification:Package 'src/msg_interface' with type 'ros.ament_cmake' and name 'msg_interface'
[0.160s] Level 1:colcon.colcon_core.package_identification:_identify(src/px4_node) by extensions ['ignore', 'ignore_ament_install']
[0.160s] Level 1:colcon.colcon_core.package_identification:_identify(src/px4_node) by extension 'ignore'
[0.160s] Level 1:colcon.colcon_core.package_identification:_identify(src/px4_node) by extension 'ignore_ament_install'
[0.160s] Level 1:colcon.colcon_core.package_identification:_identify(src/px4_node) by extensions ['colcon_pkg']
[0.160s] Level 1:colcon.colcon_core.package_identification:_identify(src/px4_node) by extension 'colcon_pkg'
[0.160s] Level 1:colcon.colcon_core.package_identification:_identify(src/px4_node) by extensions ['colcon_meta']
[0.160s] Level 1:colcon.colcon_core.package_identification:_identify(src/px4_node) by extension 'colcon_meta'
[0.160s] Level 1:colcon.colcon_core.package_identification:_identify(src/px4_node) by extensions ['ros']
[0.160s] Level 1:colcon.colcon_core.package_identification:_identify(src/px4_node) by extension 'ros'
[0.161s] DEBUG:colcon.colcon_core.package_identification:Package 'src/px4_node' with type 'ros.ament_cmake' and name 'px4_node'
[0.161s] Level 1:colcon.colcon_core.package_identification:_identify(src/service_interface) by extensions ['ignore', 'ignore_ament_install']
[0.161s] Level 1:colcon.colcon_core.package_identification:_identify(src/service_interface) by extension 'ignore'
[0.161s] Level 1:colcon.colcon_core.package_identification:_identify(src/service_interface) by extension 'ignore_ament_install'
[0.161s] Level 1:colcon.colcon_core.package_identification:_identify(src/service_interface) by extensions ['colcon_pkg']
[0.161s] Level 1:colcon.colcon_core.package_identification:_identify(src/service_interface) by extension 'colcon_pkg'
[0.161s] Level 1:colcon.colcon_core.package_identification:_identify(src/service_interface) by extensions ['colcon_meta']
[0.161s] Level 1:colcon.colcon_core.package_identification:_identify(src/service_interface) by extension 'colcon_meta'
[0.161s] Level 1:colcon.colcon_core.package_identification:_identify(src/service_interface) by extensions ['ros']
[0.161s] Level 1:colcon.colcon_core.package_identification:_identify(src/service_interface) by extension 'ros'
[0.162s] DEBUG:colcon.colcon_core.package_identification:Package 'src/service_interface' with type 'ros.ament_cmake' and name 'service_interface'
[0.162s] Level 1:colcon.colcon_core.package_identification:_identify(src/tan) by extensions ['ignore', 'ignore_ament_install']
[0.162s] Level 1:colcon.colcon_core.package_identification:_identify(src/tan) by extension 'ignore'
[0.162s] Level 1:colcon.colcon_core.package_identification:_identify(src/tan) by extension 'ignore_ament_install'
[0.162s] Level 1:colcon.colcon_core.package_identification:_identify(src/tan) by extensions ['colcon_pkg']
[0.162s] Level 1:colcon.colcon_core.package_identification:_identify(src/tan) by extension 'colcon_pkg'
[0.162s] Level 1:colcon.colcon_core.package_identification:_identify(src/tan) by extensions ['colcon_meta']
[0.162s] Level 1:colcon.colcon_core.package_identification:_identify(src/tan) by extension 'colcon_meta'
[0.162s] Level 1:colcon.colcon_core.package_identification:_identify(src/tan) by extensions ['ros']
[0.162s] Level 1:colcon.colcon_core.package_identification:_identify(src/tan) by extension 'ros'
[0.163s] DEBUG:colcon.colcon_core.package_identification:Package 'src/tan' with type 'ros.ament_cmake' and name 'tan'
[0.163s] Level 1:colcon.colcon_core.package_discovery:discover_packages(recursive) using defaults
[0.163s] Level 1:colcon.colcon_core.package_discovery:discover_packages(ignore) discover
[0.163s] Level 1:colcon.colcon_core.package_discovery:discover_packages(ignore) using defaults
[0.163s] Level 1:colcon.colcon_core.package_discovery:discover_packages(path) discover
[0.163s] Level 1:colcon.colcon_core.package_discovery:discover_packages(path) using defaults
[0.184s] Level 1:colcon.colcon_core.package_discovery:discover_packages(prefix_path) check parameters
[0.184s] Level 1:colcon.colcon_core.package_discovery:discover_packages(prefix_path) discover
[0.187s] DEBUG:colcon.colcon_installed_package_information.package_discovery:Found 5 installed packages in /home/tan/Desktop/car_d/car_ws/install
[0.188s] DEBUG:colcon.colcon_installed_package_information.package_discovery:Found 3 installed packages in /home/tan/ros2_ws/install
[0.190s] DEBUG:colcon.colcon_installed_package_information.package_discovery:Found 311 installed packages in /opt/ros/foxy
[0.191s] Level 1:colcon.colcon_core.package_discovery:discover_packages(prefix_path) using defaults
[0.243s] Level 5:colcon.colcon_core.verb:set package 'carrl_interface' build argument 'cmake_args' from command line to 'None'
[0.243s] Level 5:colcon.colcon_core.verb:set package 'carrl_interface' build argument 'cmake_target' from command line to 'None'
[0.243s] Level 5:colcon.colcon_core.verb:set package 'carrl_interface' build argument 'cmake_target_skip_unavailable' from command line to 'False'
[0.243s] Level 5:colcon.colcon_core.verb:set package 'carrl_interface' build argument 'cmake_clean_cache' from command line to 'False'
[0.243s] Level 5:colcon.colcon_core.verb:set package 'carrl_interface' build argument 'cmake_clean_first' from command line to 'False'
[0.243s] Level 5:colcon.colcon_core.verb:set package 'carrl_interface' build argument 'cmake_force_configure' from command line to 'False'
[0.244s] Level 5:colcon.colcon_core.verb:set package 'carrl_interface' build argument 'ament_cmake_args' from command line to 'None'
[0.244s] Level 5:colcon.colcon_core.verb:set package 'carrl_interface' build argument 'catkin_cmake_args' from command line to 'None'
[0.244s] Level 5:colcon.colcon_core.verb:set package 'carrl_interface' build argument 'catkin_skip_building_tests' from command line to 'False'
[0.244s] DEBUG:colcon.colcon_core.verb:Building package 'carrl_interface' with the following arguments: {'ament_cmake_args': None, 'build_base': '/home/tan/Desktop/car_d/car_ws/build/carrl_interface', 'catkin_cmake_args': None, 'catkin_skip_building_tests': False, 'cmake_args': None, 'cmake_clean_cache': False, 'cmake_clean_first': False, 'cmake_force_configure': False, 'cmake_target': None, 'cmake_target_skip_unavailable': False, 'install_base': '/home/tan/Desktop/car_d/car_ws/install/carrl_interface', 'merge_install': False, 'path': '/home/tan/Desktop/car_d/car_ws/src/carrl_interface', 'symlink_install': False, 'test_result_base': None}
[0.245s] Level 5:colcon.colcon_core.verb:set package 'msg_interface' build argument 'cmake_args' from command line to 'None'
[0.245s] Level 5:colcon.colcon_core.verb:set package 'msg_interface' build argument 'cmake_target' from command line to 'None'
[0.245s] Level 5:colcon.colcon_core.verb:set package 'msg_interface' build argument 'cmake_target_skip_unavailable' from command line to 'False'
[0.245s] Level 5:colcon.colcon_core.verb:set package 'msg_interface' build argument 'cmake_clean_cache' from command line to 'False'
[0.245s] Level 5:colcon.colcon_core.verb:set package 'msg_interface' build argument 'cmake_clean_first' from command line to 'False'
[0.245s] Level 5:colcon.colcon_core.verb:set package 'msg_interface' build argument 'cmake_force_configure' from command line to 'False'
[0.245s] Level 5:colcon.colcon_core.verb:set package 'msg_interface' build argument 'ament_cmake_args' from command line to 'None'
[0.245s] Level 5:colcon.colcon_core.verb:set package 'msg_interface' build argument 'catkin_cmake_args' from command line to 'None'
[0.245s] Level 5:colcon.colcon_core.verb:set package 'msg_interface' build argument 'catkin_skip_building_tests' from command line to 'False'
[0.245s] DEBUG:colcon.colcon_core.verb:Building package 'msg_interface' with the following arguments: {'ament_cmake_args': None, 'build_base': '/home/tan/Desktop/car_d/car_ws/build/msg_interface', 'catkin_cmake_args': None, 'catkin_skip_building_tests': False, 'cmake_args': None, 'cmake_clean_cache': False, 'cmake_clean_first': False, 'cmake_force_configure': False, 'cmake_target': None, 'cmake_target_skip_unavailable': False, 'install_base': '/home/tan/Desktop/car_d/car_ws/install/msg_interface', 'merge_install': False, 'path': '/home/tan/Desktop/car_d/car_ws/src/msg_interface', 'symlink_install': False, 'test_result_base': None}
[0.246s] Level 5:colcon.colcon_core.verb:set package 'service_interface' build argument 'cmake_args' from command line to 'None'
[0.246s] Level 5:colcon.colcon_core.verb:set package 'service_interface' build argument 'cmake_target' from command line to 'None'
[0.247s] Level 5:colcon.colcon_core.verb:set package 'service_interface' build argument 'cmake_target_skip_unavailable' from command line to 'False'
[0.247s] Level 5:colcon.colcon_core.verb:set package 'service_interface' build argument 'cmake_clean_cache' from command line to 'False'
[0.247s] Level 5:colcon.colcon_core.verb:set package 'service_interface' build argument 'cmake_clean_first' from command line to 'False'
[0.247s] Level 5:colcon.colcon_core.verb:set package 'service_interface' build argument 'cmake_force_configure' from command line to 'False'
[0.247s] Level 5:colcon.colcon_core.verb:set package 'service_interface' build argument 'ament_cmake_args' from command line to 'None'
[0.247s] Level 5:colcon.colcon_core.verb:set package 'service_interface' build argument 'catkin_cmake_args' from command line to 'None'
[0.247s] Level 5:colcon.colcon_core.verb:set package 'service_interface' build argument 'catkin_skip_building_tests' from command line to 'False'
[0.247s] DEBUG:colcon.colcon_core.verb:Building package 'service_interface' with the following arguments: {'ament_cmake_args': None, 'build_base': '/home/tan/Desktop/car_d/car_ws/build/service_interface', 'catkin_cmake_args': None, 'catkin_skip_building_tests': False, 'cmake_args': None, 'cmake_clean_cache': False, 'cmake_clean_first': False, 'cmake_force_configure': False, 'cmake_target': None, 'cmake_target_skip_unavailable': False, 'install_base': '/home/tan/Desktop/car_d/car_ws/install/service_interface', 'merge_install': False, 'path': '/home/tan/Desktop/car_d/car_ws/src/service_interface', 'symlink_install': False, 'test_result_base': None}
[0.248s] Level 5:colcon.colcon_core.verb:set package 'tan' build argument 'cmake_args' from command line to 'None'
[0.248s] Level 5:colcon.colcon_core.verb:set package 'tan' build argument 'cmake_target' from command line to 'None'
[0.248s] Level 5:colcon.colcon_core.verb:set package 'tan' build argument 'cmake_target_skip_unavailable' from command line to 'False'
[0.248s] Level 5:colcon.colcon_core.verb:set package 'tan' build argument 'cmake_clean_cache' from command line to 'False'
[0.248s] Level 5:colcon.colcon_core.verb:set package 'tan' build argument 'cmake_clean_first' from command line to 'False'
[0.248s] Level 5:colcon.colcon_core.verb:set package 'tan' build argument 'cmake_force_configure' from command line to 'False'
[0.248s] Level 5:colcon.colcon_core.verb:set package 'tan' build argument 'ament_cmake_args' from command line to 'None'
[0.248s] Level 5:colcon.colcon_core.verb:set package 'tan' build argument 'catkin_cmake_args' from command line to 'None'
[0.248s] Level 5:colcon.colcon_core.verb:set package 'tan' build argument 'catkin_skip_building_tests' from command line to 'False'
[0.248s] DEBUG:colcon.colcon_core.verb:Building package 'tan' with the following arguments: {'ament_cmake_args': None, 'build_base': '/home/tan/Desktop/car_d/car_ws/build/tan', 'catkin_cmake_args': None, 'catkin_skip_building_tests': False, 'cmake_args': None, 'cmake_clean_cache': False, 'cmake_clean_first': False, 'cmake_force_configure': False, 'cmake_target': None, 'cmake_target_skip_unavailable': False, 'install_base': '/home/tan/Desktop/car_d/car_ws/install/tan', 'merge_install': False, 'path': '/home/tan/Desktop/car_d/car_ws/src/tan', 'symlink_install': False, 'test_result_base': None}
[0.249s] Level 5:colcon.colcon_core.verb:set package 'px4_node' build argument 'cmake_args' from command line to 'None'
[0.249s] Level 5:colcon.colcon_core.verb:set package 'px4_node' build argument 'cmake_target' from command line to 'None'
[0.249s] Level 5:colcon.colcon_core.verb:set package 'px4_node' build argument 'cmake_target_skip_unavailable' from command line to 'False'
[0.249s] Level 5:colcon.colcon_core.verb:set package 'px4_node' build argument 'cmake_clean_cache' from command line to 'False'
[0.249s] Level 5:colcon.colcon_core.verb:set package 'px4_node' build argument 'cmake_clean_first' from command line to 'False'
[0.249s] Level 5:colcon.colcon_core.verb:set package 'px4_node' build argument 'cmake_force_configure' from command line to 'False'
[0.249s] Level 5:colcon.colcon_core.verb:set package 'px4_node' build argument 'ament_cmake_args' from command line to 'None'
[0.249s] Level 5:colcon.colcon_core.verb:set package 'px4_node' build argument 'catkin_cmake_args' from command line to 'None'
[0.249s] Level 5:colcon.colcon_core.verb:set package 'px4_node' build argument 'catkin_skip_building_tests' from command line to 'False'
[0.249s] DEBUG:colcon.colcon_core.verb:Building package 'px4_node' with the following arguments: {'ament_cmake_args': None, 'build_base': '/home/tan/Desktop/car_d/car_ws/build/px4_node', 'catkin_cmake_args': None, 'catkin_skip_building_tests': False, 'cmake_args': None, 'cmake_clean_cache': False, 'cmake_clean_first': False, 'cmake_force_configure': False, 'cmake_target': None, 'cmake_target_skip_unavailable': False, 'install_base': '/home/tan/Desktop/car_d/car_ws/install/px4_node', 'merge_install': False, 'path': '/home/tan/Desktop/car_d/car_ws/src/px4_node', 'symlink_install': False, 'test_result_base': None}
[0.250s] INFO:colcon.colcon_core.executor:Executing jobs using 'parallel' executor
[0.256s] DEBUG:colcon.colcon_parallel_executor.executor.parallel:run_until_complete
[0.256s] INFO:colcon.colcon_ros.task.ament_cmake.build:Building ROS package in '/home/tan/Desktop/car_d/car_ws/src/msg_interface' with build type 'ament_cmake'
[0.256s] INFO:colcon.colcon_cmake.task.cmake.build:Building CMake package in '/home/tan/Desktop/car_d/car_ws/src/msg_interface'
[0.261s] INFO:colcon.colcon_core.plugin_system:Skipping extension 'colcon_core.shell.bat': Not used on non-Windows systems
[0.261s] INFO:colcon.colcon_core.shell:Skip shell extension 'powershell' for command environment: Not usable outside of PowerShell
[0.261s] DEBUG:colcon.colcon_core.shell:Skip shell extension 'dsv' for command environment
[0.271s] INFO:colcon.colcon_ros.task.ament_cmake.build:Building ROS package in '/home/tan/Desktop/car_d/car_ws/src/service_interface' with build type 'ament_cmake'
[0.272s] INFO:colcon.colcon_cmake.task.cmake.build:Building CMake package in '/home/tan/Desktop/car_d/car_ws/src/service_interface'
[0.275s] INFO:colcon.colcon_core.shell:Skip shell extension 'powershell' for command environment: Not usable outside of PowerShell
[0.276s] DEBUG:colcon.colcon_core.shell:Skip shell extension 'dsv' for command environment
[0.286s] INFO:colcon.colcon_ros.task.ament_cmake.build:Building ROS package in '/home/tan/Desktop/car_d/car_ws/src/carrl_interface' with build type 'ament_cmake'
[0.287s] INFO:colcon.colcon_cmake.task.cmake.build:Building CMake package in '/home/tan/Desktop/car_d/car_ws/src/carrl_interface'
[0.291s] INFO:colcon.colcon_core.shell:Skip shell extension 'powershell' for command environment: Not usable outside of PowerShell
[0.292s] DEBUG:colcon.colcon_core.shell:Skip shell extension 'dsv' for command environment
[0.302s] INFO:colcon.colcon_ros.task.ament_cmake.build:Building ROS package in '/home/tan/Desktop/car_d/car_ws/src/tan' with build type 'ament_cmake'
[0.303s] INFO:colcon.colcon_cmake.task.cmake.build:Building CMake package in '/home/tan/Desktop/car_d/car_ws/src/tan'
[0.305s] INFO:colcon.colcon_core.shell:Skip shell extension 'powershell' for command environment: Not usable outside of PowerShell
[0.305s] DEBUG:colcon.colcon_core.shell:Skip shell extension 'dsv' for command environment
[0.320s] DEBUG:colcon.colcon_core.event_handler.log_command:Invoking command in '/home/tan/Desktop/car_d/car_ws/build/msg_interface': CMAKE_PREFIX_PATH=${CMAKE_PREFIX_PATH}:/opt/ros/foxy /usr/bin/cmake --build /home/tan/Desktop/car_d/car_ws/build/msg_interface -- -j16 -l16
[0.328s] DEBUG:colcon.colcon_core.event_handler.log_command:Invoking command in '/home/tan/Desktop/car_d/car_ws/build/service_interface': CMAKE_PREFIX_PATH=${CMAKE_PREFIX_PATH}:/opt/ros/foxy /usr/bin/cmake --build /home/tan/Desktop/car_d/car_ws/build/service_interface -- -j16 -l16
[0.335s] DEBUG:colcon.colcon_core.event_handler.log_command:Invoking command in '/home/tan/Desktop/car_d/car_ws/build/carrl_interface': CMAKE_PREFIX_PATH=${CMAKE_PREFIX_PATH}:/opt/ros/foxy /usr/bin/cmake --build /home/tan/Desktop/car_d/car_ws/build/carrl_interface -- -j16 -l16
[0.341s] DEBUG:colcon.colcon_core.event_handler.log_command:Invoking command in '/home/tan/Desktop/car_d/car_ws/build/tan': CMAKE_PREFIX_PATH=${CMAKE_PREFIX_PATH}:/opt/ros/foxy /usr/bin/cmake --build /home/tan/Desktop/car_d/car_ws/build/tan -- -j16 -l16
[0.581s] DEBUG:colcon.colcon_core.event_handler.log_command:Invoked command in '/home/tan/Desktop/car_d/car_ws/build/carrl_interface' returned '0': CMAKE_PREFIX_PATH=${CMAKE_PREFIX_PATH}:/opt/ros/foxy /usr/bin/cmake --build /home/tan/Desktop/car_d/car_ws/build/carrl_interface -- -j16 -l16
[0.607s] DEBUG:colcon.colcon_core.event_handler.log_command:Invoked command in '/home/tan/Desktop/car_d/car_ws/build/service_interface' returned '0': CMAKE_PREFIX_PATH=${CMAKE_PREFIX_PATH}:/opt/ros/foxy /usr/bin/cmake --build /home/tan/Desktop/car_d/car_ws/build/service_interface -- -j16 -l16
[0.620s] DEBUG:colcon.colcon_core.event_handler.log_command:Invoked command in '/home/tan/Desktop/car_d/car_ws/build/msg_interface' returned '0': CMAKE_PREFIX_PATH=${CMAKE_PREFIX_PATH}:/opt/ros/foxy /usr/bin/cmake --build /home/tan/Desktop/car_d/car_ws/build/msg_interface -- -j16 -l16
[0.645s] DEBUG:colcon.colcon_core.event_handler.log_command:Invoking command in '/home/tan/Desktop/car_d/car_ws/build/carrl_interface': CMAKE_PREFIX_PATH=${CMAKE_PREFIX_PATH}:/opt/ros/foxy /usr/bin/cmake --install /home/tan/Desktop/car_d/car_ws/build/carrl_interface
[0.700s] DEBUG:colcon.colcon_core.event_handler.log_command:Invoking command in '/home/tan/Desktop/car_d/car_ws/build/msg_interface': CMAKE_PREFIX_PATH=${CMAKE_PREFIX_PATH}:/opt/ros/foxy /usr/bin/cmake --install /home/tan/Desktop/car_d/car_ws/build/msg_interface
[0.701s] Level 1:colcon.colcon_core.environment:create_environment_scripts_only(carrl_interface)
[0.711s] Level 1:colcon.colcon_core.environment:checking '/home/tan/Desktop/car_d/car_ws/install/carrl_interface' for CMake module files
[0.712s] DEBUG:colcon.colcon_core.event_handler.log_command:Invoked command in '/home/tan/Desktop/car_d/car_ws/build/carrl_interface' returned '0': CMAKE_PREFIX_PATH=${CMAKE_PREFIX_PATH}:/opt/ros/foxy /usr/bin/cmake --install /home/tan/Desktop/car_d/car_ws/build/carrl_interface
[0.713s] Level 1:colcon.colcon_core.environment:checking '/home/tan/Desktop/car_d/car_ws/install/carrl_interface' for CMake config files
[0.715s] Level 1:colcon.colcon_core.shell:create_environment_hook('carrl_interface', 'cmake_prefix_path')
[0.718s] INFO:colcon.colcon_core.shell:Creating environment hook '/home/tan/Desktop/car_d/car_ws/install/carrl_interface/share/carrl_interface/hook/cmake_prefix_path.ps1'
[0.719s] INFO:colcon.colcon_core.shell:Creating environment descriptor '/home/tan/Desktop/car_d/car_ws/install/carrl_interface/share/carrl_interface/hook/cmake_prefix_path.dsv'
[0.719s] INFO:colcon.colcon_core.shell:Creating environment hook '/home/tan/Desktop/car_d/car_ws/install/carrl_interface/share/carrl_interface/hook/cmake_prefix_path.sh'
[0.720s] Level 1:colcon.colcon_core.environment:checking '/home/tan/Desktop/car_d/car_ws/install/carrl_interface/lib'
[0.721s] Level 1:colcon.colcon_core.shell:create_environment_hook('carrl_interface', 'ld_library_path_lib')
[0.723s] INFO:colcon.colcon_core.shell:Creating environment hook '/home/tan/Desktop/car_d/car_ws/install/carrl_interface/share/carrl_interface/hook/ld_library_path_lib.ps1'
[0.724s] INFO:colcon.colcon_core.shell:Creating environment descriptor '/home/tan/Desktop/car_d/car_ws/install/carrl_interface/share/carrl_interface/hook/ld_library_path_lib.dsv'
[0.725s] INFO:colcon.colcon_core.shell:Creating environment hook '/home/tan/Desktop/car_d/car_ws/install/carrl_interface/share/carrl_interface/hook/ld_library_path_lib.sh'
[0.725s] Level 1:colcon.colcon_core.environment:checking '/home/tan/Desktop/car_d/car_ws/install/carrl_interface/bin'
[0.726s] Level 1:colcon.colcon_core.environment:checking '/home/tan/Desktop/car_d/car_ws/install/carrl_interface/lib/pkgconfig/carrl_interface.pc'
[0.726s] Level 1:colcon.colcon_core.environment:checking '/home/tan/Desktop/car_d/car_ws/install/carrl_interface/lib/python3.8/site-packages'
[0.726s] Level 1:colcon.colcon_core.shell:create_environment_hook('carrl_interface', 'pythonpath')
[0.728s] INFO:colcon.colcon_core.shell:Creating environment hook '/home/tan/Desktop/car_d/car_ws/install/carrl_interface/share/carrl_interface/hook/pythonpath.ps1'
[0.729s] INFO:colcon.colcon_core.shell:Creating environment descriptor '/home/tan/Desktop/car_d/car_ws/install/carrl_interface/share/carrl_interface/hook/pythonpath.dsv'
[0.729s] INFO:colcon.colcon_core.shell:Creating environment hook '/home/tan/Desktop/car_d/car_ws/install/carrl_interface/share/carrl_interface/hook/pythonpath.sh'
[0.730s] Level 1:colcon.colcon_core.environment:checking '/home/tan/Desktop/car_d/car_ws/install/carrl_interface/bin'
[0.733s] INFO:colcon.colcon_core.shell:Creating package script '/home/tan/Desktop/car_d/car_ws/install/carrl_interface/share/carrl_interface/package.ps1'
[0.734s] INFO:colcon.colcon_core.shell:Creating package descriptor '/home/tan/Desktop/car_d/car_ws/install/carrl_interface/share/carrl_interface/package.dsv'
[0.735s] INFO:colcon.colcon_core.shell:Creating package script '/home/tan/Desktop/car_d/car_ws/install/carrl_interface/share/carrl_interface/package.sh'
[0.736s] INFO:colcon.colcon_core.shell:Creating package script '/home/tan/Desktop/car_d/car_ws/install/carrl_interface/share/carrl_interface/package.bash'
[0.736s] INFO:colcon.colcon_core.shell:Creating package script '/home/tan/Desktop/car_d/car_ws/install/carrl_interface/share/carrl_interface/package.zsh'
[0.737s] Level 1:colcon.colcon_core.environment:create_file_with_runtime_dependencies(/home/tan/Desktop/car_d/car_ws/install/carrl_interface/share/colcon-core/packages/carrl_interface)
[0.743s] DEBUG:colcon.colcon_core.event_handler.log_command:Invoking command in '/home/tan/Desktop/car_d/car_ws/build/service_interface': CMAKE_PREFIX_PATH=${CMAKE_PREFIX_PATH}:/opt/ros/foxy /usr/bin/cmake --install /home/tan/Desktop/car_d/car_ws/build/service_interface
[0.754s] Level 1:colcon.colcon_core.environment:create_environment_scripts_only(msg_interface)
[0.758s] Level 1:colcon.colcon_core.environment:checking '/home/tan/Desktop/car_d/car_ws/install/msg_interface' for CMake module files
[0.761s] Level 1:colcon.colcon_core.environment:checking '/home/tan/Desktop/car_d/car_ws/install/msg_interface' for CMake config files
[0.762s] DEBUG:colcon.colcon_core.event_handler.log_command:Invoked command in '/home/tan/Desktop/car_d/car_ws/build/msg_interface' returned '0': CMAKE_PREFIX_PATH=${CMAKE_PREFIX_PATH}:/opt/ros/foxy /usr/bin/cmake --install /home/tan/Desktop/car_d/car_ws/build/msg_interface
[0.765s] Level 1:colcon.colcon_core.shell:create_environment_hook('msg_interface', 'cmake_prefix_path')
[0.767s] INFO:colcon.colcon_core.shell:Creating environment hook '/home/tan/Desktop/car_d/car_ws/install/msg_interface/share/msg_interface/hook/cmake_prefix_path.ps1'
[0.769s] INFO:colcon.colcon_core.shell:Creating environment descriptor '/home/tan/Desktop/car_d/car_ws/install/msg_interface/share/msg_interface/hook/cmake_prefix_path.dsv'
[0.769s] INFO:colcon.colcon_core.shell:Creating environment hook '/home/tan/Desktop/car_d/car_ws/install/msg_interface/share/msg_interface/hook/cmake_prefix_path.sh'
[0.770s] Level 1:colcon.colcon_core.environment:checking '/home/tan/Desktop/car_d/car_ws/install/msg_interface/lib'
[0.771s] Level 1:colcon.colcon_core.shell:create_environment_hook('msg_interface', 'ld_library_path_lib')
[0.774s] INFO:colcon.colcon_core.shell:Creating environment hook '/home/tan/Desktop/car_d/car_ws/install/msg_interface/share/msg_interface/hook/ld_library_path_lib.ps1'
[0.774s] INFO:colcon.colcon_core.shell:Creating environment descriptor '/home/tan/Desktop/car_d/car_ws/install/msg_interface/share/msg_interface/hook/ld_library_path_lib.dsv'
[0.776s] INFO:colcon.colcon_core.shell:Creating environment hook '/home/tan/Desktop/car_d/car_ws/install/msg_interface/share/msg_interface/hook/ld_library_path_lib.sh'
[0.778s] Level 1:colcon.colcon_core.environment:checking '/home/tan/Desktop/car_d/car_ws/install/msg_interface/bin'
[0.780s] Level 1:colcon.colcon_core.environment:checking '/home/tan/Desktop/car_d/car_ws/install/msg_interface/lib/pkgconfig/msg_interface.pc'
[0.781s] Level 1:colcon.colcon_core.environment:checking '/home/tan/Desktop/car_d/car_ws/install/msg_interface/lib/python3.8/site-packages'
[0.781s] Level 1:colcon.colcon_core.shell:create_environment_hook('msg_interface', 'pythonpath')
[0.784s] INFO:colcon.colcon_core.shell:Creating environment hook '/home/tan/Desktop/car_d/car_ws/install/msg_interface/share/msg_interface/hook/pythonpath.ps1'
[0.785s] INFO:colcon.colcon_core.shell:Creating environment descriptor '/home/tan/Desktop/car_d/car_ws/install/msg_interface/share/msg_interface/hook/pythonpath.dsv'
[0.786s] INFO:colcon.colcon_core.shell:Creating environment hook '/home/tan/Desktop/car_d/car_ws/install/msg_interface/share/msg_interface/hook/pythonpath.sh'
[0.787s] Level 1:colcon.colcon_core.environment:checking '/home/tan/Desktop/car_d/car_ws/install/msg_interface/bin'
[0.790s] INFO:colcon.colcon_core.shell:Creating package script '/home/tan/Desktop/car_d/car_ws/install/msg_interface/share/msg_interface/package.ps1'
[0.792s] INFO:colcon.colcon_core.shell:Creating package descriptor '/home/tan/Desktop/car_d/car_ws/install/msg_interface/share/msg_interface/package.dsv'
[0.792s] INFO:colcon.colcon_core.shell:Creating package script '/home/tan/Desktop/car_d/car_ws/install/msg_interface/share/msg_interface/package.sh'
[0.793s] INFO:colcon.colcon_core.shell:Creating package script '/home/tan/Desktop/car_d/car_ws/install/msg_interface/share/msg_interface/package.bash'
[0.794s] INFO:colcon.colcon_core.shell:Creating package script '/home/tan/Desktop/car_d/car_ws/install/msg_interface/share/msg_interface/package.zsh'
[0.795s] Level 1:colcon.colcon_core.environment:create_file_with_runtime_dependencies(/home/tan/Desktop/car_d/car_ws/install/msg_interface/share/colcon-core/packages/msg_interface)
[0.802s] Level 1:colcon.colcon_core.environment:create_environment_scripts_only(carrl_interface)
[0.807s] Level 1:colcon.colcon_core.environment:checking '/home/tan/Desktop/car_d/car_ws/install/carrl_interface' for CMake module files
[0.809s] Level 1:colcon.colcon_core.environment:checking '/home/tan/Desktop/car_d/car_ws/install/carrl_interface' for CMake config files
[0.812s] Level 1:colcon.colcon_core.shell:create_environment_hook('carrl_interface', 'cmake_prefix_path')
[0.815s] INFO:colcon.colcon_core.shell:Creating environment hook '/home/tan/Desktop/car_d/car_ws/install/carrl_interface/share/carrl_interface/hook/cmake_prefix_path.ps1'
[0.815s] INFO:colcon.colcon_core.shell:Creating environment descriptor '/home/tan/Desktop/car_d/car_ws/install/carrl_interface/share/carrl_interface/hook/cmake_prefix_path.dsv'
[0.816s] INFO:colcon.colcon_core.shell:Creating environment hook '/home/tan/Desktop/car_d/car_ws/install/carrl_interface/share/carrl_interface/hook/cmake_prefix_path.sh'
[0.817s] Level 1:colcon.colcon_core.environment:checking '/home/tan/Desktop/car_d/car_ws/install/carrl_interface/lib'
[0.818s] Level 1:colcon.colcon_core.shell:create_environment_hook('carrl_interface', 'ld_library_path_lib')
[0.820s] INFO:colcon.colcon_core.shell:Creating environment hook '/home/tan/Desktop/car_d/car_ws/install/carrl_interface/share/carrl_interface/hook/ld_library_path_lib.ps1'
[0.821s] INFO:colcon.colcon_core.shell:Creating environment descriptor '/home/tan/Desktop/car_d/car_ws/install/carrl_interface/share/carrl_interface/hook/ld_library_path_lib.dsv'
[0.822s] INFO:colcon.colcon_core.shell:Creating environment hook '/home/tan/Desktop/car_d/car_ws/install/carrl_interface/share/carrl_interface/hook/ld_library_path_lib.sh'
[0.822s] Level 1:colcon.colcon_core.environment:checking '/home/tan/Desktop/car_d/car_ws/install/carrl_interface/bin'
[0.823s] Level 1:colcon.colcon_core.environment:checking '/home/tan/Desktop/car_d/car_ws/install/carrl_interface/lib/pkgconfig/carrl_interface.pc'
[0.823s] Level 1:colcon.colcon_core.environment:checking '/home/tan/Desktop/car_d/car_ws/install/carrl_interface/lib/python3.8/site-packages'
[0.823s] Level 1:colcon.colcon_core.shell:create_environment_hook('carrl_interface', 'pythonpath')
[0.826s] INFO:colcon.colcon_core.shell:Creating environment hook '/home/tan/Desktop/car_d/car_ws/install/carrl_interface/share/carrl_interface/hook/pythonpath.ps1'
[0.827s] INFO:colcon.colcon_core.shell:Creating environment descriptor '/home/tan/Desktop/car_d/car_ws/install/carrl_interface/share/carrl_interface/hook/pythonpath.dsv'
[0.828s] INFO:colcon.colcon_core.shell:Creating environment hook '/home/tan/Desktop/car_d/car_ws/install/carrl_interface/share/carrl_interface/hook/pythonpath.sh'
[0.828s] Level 1:colcon.colcon_core.environment:checking '/home/tan/Desktop/car_d/car_ws/install/carrl_interface/bin'
[0.832s] INFO:colcon.colcon_core.shell:Creating package script '/home/tan/Desktop/car_d/car_ws/install/carrl_interface/share/carrl_interface/package.ps1'
[0.833s] INFO:colcon.colcon_core.shell:Creating package descriptor '/home/tan/Desktop/car_d/car_ws/install/carrl_interface/share/carrl_interface/package.dsv'
[0.834s] INFO:colcon.colcon_core.shell:Creating package script '/home/tan/Desktop/car_d/car_ws/install/carrl_interface/share/carrl_interface/package.sh'
[0.834s] INFO:colcon.colcon_core.shell:Creating package script '/home/tan/Desktop/car_d/car_ws/install/carrl_interface/share/carrl_interface/package.bash'
[0.835s] INFO:colcon.colcon_core.shell:Creating package script '/home/tan/Desktop/car_d/car_ws/install/carrl_interface/share/carrl_interface/package.zsh'
[0.836s] Level 1:colcon.colcon_core.environment:create_file_with_runtime_dependencies(/home/tan/Desktop/car_d/car_ws/install/carrl_interface/share/colcon-core/packages/carrl_interface)
[0.837s] Level 1:colcon.colcon_core.environment:create_environment_scripts_only(service_interface)
[0.841s] Level 1:colcon.colcon_core.environment:checking '/home/tan/Desktop/car_d/car_ws/install/service_interface' for CMake module files
[0.843s] Level 1:colcon.colcon_core.environment:checking '/home/tan/Desktop/car_d/car_ws/install/service_interface' for CMake config files
[0.846s] DEBUG:colcon.colcon_core.event_handler.log_command:Invoked command in '/home/tan/Desktop/car_d/car_ws/build/service_interface' returned '0': CMAKE_PREFIX_PATH=${CMAKE_PREFIX_PATH}:/opt/ros/foxy /usr/bin/cmake --install /home/tan/Desktop/car_d/car_ws/build/service_interface
[0.847s] Level 1:colcon.colcon_core.shell:create_environment_hook('service_interface', 'cmake_prefix_path')
[0.850s] INFO:colcon.colcon_core.shell:Creating environment hook '/home/tan/Desktop/car_d/car_ws/install/service_interface/share/service_interface/hook/cmake_prefix_path.ps1'
[0.850s] INFO:colcon.colcon_core.shell:Creating environment descriptor '/home/tan/Desktop/car_d/car_ws/install/service_interface/share/service_interface/hook/cmake_prefix_path.dsv'
[0.850s] INFO:colcon.colcon_core.shell:Creating environment hook '/home/tan/Desktop/car_d/car_ws/install/service_interface/share/service_interface/hook/cmake_prefix_path.sh'
[0.851s] Level 1:colcon.colcon_core.environment:checking '/home/tan/Desktop/car_d/car_ws/install/service_interface/lib'
[0.851s] Level 1:colcon.colcon_core.shell:create_environment_hook('service_interface', 'ld_library_path_lib')
[0.856s] INFO:colcon.colcon_core.shell:Creating environment hook '/home/tan/Desktop/car_d/car_ws/install/service_interface/share/service_interface/hook/ld_library_path_lib.ps1'
[0.857s] INFO:colcon.colcon_core.shell:Creating environment descriptor '/home/tan/Desktop/car_d/car_ws/install/service_interface/share/service_interface/hook/ld_library_path_lib.dsv'
[0.857s] INFO:colcon.colcon_core.shell:Creating environment hook '/home/tan/Desktop/car_d/car_ws/install/service_interface/share/service_interface/hook/ld_library_path_lib.sh'
[0.857s] Level 1:colcon.colcon_core.environment:checking '/home/tan/Desktop/car_d/car_ws/install/service_interface/bin'
[0.857s] Level 1:colcon.colcon_core.environment:checking '/home/tan/Desktop/car_d/car_ws/install/service_interface/lib/pkgconfig/service_interface.pc'
[0.858s] Level 1:colcon.colcon_core.environment:checking '/home/tan/Desktop/car_d/car_ws/install/service_interface/lib/python3.8/site-packages'
[0.858s] Level 1:colcon.colcon_core.shell:create_environment_hook('service_interface', 'pythonpath')
[0.862s] INFO:colcon.colcon_core.shell:Creating environment hook '/home/tan/Desktop/car_d/car_ws/install/service_interface/share/service_interface/hook/pythonpath.ps1'
[0.863s] INFO:colcon.colcon_core.shell:Creating environment descriptor '/home/tan/Desktop/car_d/car_ws/install/service_interface/share/service_interface/hook/pythonpath.dsv'
[0.863s] INFO:colcon.colcon_core.shell:Creating environment hook '/home/tan/Desktop/car_d/car_ws/install/service_interface/share/service_interface/hook/pythonpath.sh'
[0.864s] Level 1:colcon.colcon_core.environment:checking '/home/tan/Desktop/car_d/car_ws/install/service_interface/bin'
[0.869s] INFO:colcon.colcon_core.shell:Creating package script '/home/tan/Desktop/car_d/car_ws/install/service_interface/share/service_interface/package.ps1'
[0.870s] INFO:colcon.colcon_core.shell:Creating package descriptor '/home/tan/Desktop/car_d/car_ws/install/service_interface/share/service_interface/package.dsv'
[0.871s] INFO:colcon.colcon_core.shell:Creating package script '/home/tan/Desktop/car_d/car_ws/install/service_interface/share/service_interface/package.sh'
[0.871s] INFO:colcon.colcon_core.shell:Creating package script '/home/tan/Desktop/car_d/car_ws/install/service_interface/share/service_interface/package.bash'
[0.872s] INFO:colcon.colcon_core.shell:Creating package script '/home/tan/Desktop/car_d/car_ws/install/service_interface/share/service_interface/package.zsh'
[0.872s] Level 1:colcon.colcon_core.environment:create_file_with_runtime_dependencies(/home/tan/Desktop/car_d/car_ws/install/service_interface/share/colcon-core/packages/service_interface)
[0.879s] Level 1:colcon.colcon_core.environment:create_environment_scripts_only(msg_interface)
[0.883s] Level 1:colcon.colcon_core.environment:checking '/home/tan/Desktop/car_d/car_ws/install/msg_interface' for CMake module files
[0.884s] Level 1:colcon.colcon_core.environment:checking '/home/tan/Desktop/car_d/car_ws/install/msg_interface' for CMake config files
[0.884s] Level 1:colcon.colcon_core.shell:create_environment_hook('msg_interface', 'cmake_prefix_path')
[0.887s] INFO:colcon.colcon_core.shell:Creating environment hook '/home/tan/Desktop/car_d/car_ws/install/msg_interface/share/msg_interface/hook/cmake_prefix_path.ps1'
[0.887s] INFO:colcon.colcon_core.shell:Creating environment descriptor '/home/tan/Desktop/car_d/car_ws/install/msg_interface/share/msg_interface/hook/cmake_prefix_path.dsv'
[0.887s] INFO:colcon.colcon_core.shell:Creating environment hook '/home/tan/Desktop/car_d/car_ws/install/msg_interface/share/msg_interface/hook/cmake_prefix_path.sh'
[0.888s] Level 1:colcon.colcon_core.environment:checking '/home/tan/Desktop/car_d/car_ws/install/msg_interface/lib'
[0.888s] Level 1:colcon.colcon_core.shell:create_environment_hook('msg_interface', 'ld_library_path_lib')
[0.890s] INFO:colcon.colcon_core.shell:Creating environment hook '/home/tan/Desktop/car_d/car_ws/install/msg_interface/share/msg_interface/hook/ld_library_path_lib.ps1'
[0.891s] INFO:colcon.colcon_core.shell:Creating environment descriptor '/home/tan/Desktop/car_d/car_ws/install/msg_interface/share/msg_interface/hook/ld_library_path_lib.dsv'
[0.891s] INFO:colcon.colcon_core.shell:Creating environment hook '/home/tan/Desktop/car_d/car_ws/install/msg_interface/share/msg_interface/hook/ld_library_path_lib.sh'
[0.891s] Level 1:colcon.colcon_core.environment:checking '/home/tan/Desktop/car_d/car_ws/install/msg_interface/bin'
[0.891s] Level 1:colcon.colcon_core.environment:checking '/home/tan/Desktop/car_d/car_ws/install/msg_interface/lib/pkgconfig/msg_interface.pc'
[0.892s] Level 1:colcon.colcon_core.environment:checking '/home/tan/Desktop/car_d/car_ws/install/msg_interface/lib/python3.8/site-packages'
[0.892s] Level 1:colcon.colcon_core.shell:create_environment_hook('msg_interface', 'pythonpath')
[0.894s] INFO:colcon.colcon_core.shell:Creating environment hook '/home/tan/Desktop/car_d/car_ws/install/msg_interface/share/msg_interface/hook/pythonpath.ps1'
[0.894s] INFO:colcon.colcon_core.shell:Creating environment descriptor '/home/tan/Desktop/car_d/car_ws/install/msg_interface/share/msg_interface/hook/pythonpath.dsv'
[0.895s] INFO:colcon.colcon_core.shell:Creating environment hook '/home/tan/Desktop/car_d/car_ws/install/msg_interface/share/msg_interface/hook/pythonpath.sh'
[0.895s] Level 1:colcon.colcon_core.environment:checking '/home/tan/Desktop/car_d/car_ws/install/msg_interface/bin'
[0.898s] INFO:colcon.colcon_core.shell:Creating package script '/home/tan/Desktop/car_d/car_ws/install/msg_interface/share/msg_interface/package.ps1'
[0.898s] INFO:colcon.colcon_core.shell:Creating package descriptor '/home/tan/Desktop/car_d/car_ws/install/msg_interface/share/msg_interface/package.dsv'
[0.898s] INFO:colcon.colcon_core.shell:Creating package script '/home/tan/Desktop/car_d/car_ws/install/msg_interface/share/msg_interface/package.sh'
[0.899s] INFO:colcon.colcon_core.shell:Creating package script '/home/tan/Desktop/car_d/car_ws/install/msg_interface/share/msg_interface/package.bash'
[0.899s] INFO:colcon.colcon_core.shell:Creating package script '/home/tan/Desktop/car_d/car_ws/install/msg_interface/share/msg_interface/package.zsh'
[0.900s] Level 1:colcon.colcon_core.environment:create_file_with_runtime_dependencies(/home/tan/Desktop/car_d/car_ws/install/msg_interface/share/colcon-core/packages/msg_interface)
[0.986s] Level 1:colcon.colcon_core.environment:create_environment_scripts_only(service_interface)
[0.990s] Level 1:colcon.colcon_core.environment:checking '/home/tan/Desktop/car_d/car_ws/install/service_interface' for CMake module files
[0.990s] Level 1:colcon.colcon_core.environment:checking '/home/tan/Desktop/car_d/car_ws/install/service_interface' for CMake config files
[0.991s] Level 1:colcon.colcon_core.shell:create_environment_hook('service_interface', 'cmake_prefix_path')
[0.993s] INFO:colcon.colcon_core.shell:Creating environment hook '/home/tan/Desktop/car_d/car_ws/install/service_interface/share/service_interface/hook/cmake_prefix_path.ps1'
[0.993s] INFO:colcon.colcon_core.shell:Creating environment descriptor '/home/tan/Desktop/car_d/car_ws/install/service_interface/share/service_interface/hook/cmake_prefix_path.dsv'
[0.994s] INFO:colcon.colcon_core.shell:Creating environment hook '/home/tan/Desktop/car_d/car_ws/install/service_interface/share/service_interface/hook/cmake_prefix_path.sh'
[0.994s] Level 1:colcon.colcon_core.environment:checking '/home/tan/Desktop/car_d/car_ws/install/service_interface/lib'
[0.994s] Level 1:colcon.colcon_core.shell:create_environment_hook('service_interface', 'ld_library_path_lib')
[0.997s] INFO:colcon.colcon_core.shell:Creating environment hook '/home/tan/Desktop/car_d/car_ws/install/service_interface/share/service_interface/hook/ld_library_path_lib.ps1'
[0.997s] INFO:colcon.colcon_core.shell:Creating environment descriptor '/home/tan/Desktop/car_d/car_ws/install/service_interface/share/service_interface/hook/ld_library_path_lib.dsv'
[0.997s] INFO:colcon.colcon_core.shell:Creating environment hook '/home/tan/Desktop/car_d/car_ws/install/service_interface/share/service_interface/hook/ld_library_path_lib.sh'
[0.997s] Level 1:colcon.colcon_core.environment:checking '/home/tan/Desktop/car_d/car_ws/install/service_interface/bin'
[0.997s] Level 1:colcon.colcon_core.environment:checking '/home/tan/Desktop/car_d/car_ws/install/service_interface/lib/pkgconfig/service_interface.pc'
[0.998s] Level 1:colcon.colcon_core.environment:checking '/home/tan/Desktop/car_d/car_ws/install/service_interface/lib/python3.8/site-packages'
[0.998s] Level 1:colcon.colcon_core.shell:create_environment_hook('service_interface', 'pythonpath')
[1.000s] INFO:colcon.colcon_core.shell:Creating environment hook '/home/tan/Desktop/car_d/car_ws/install/service_interface/share/service_interface/hook/pythonpath.ps1'
[1.000s] INFO:colcon.colcon_core.shell:Creating environment descriptor '/home/tan/Desktop/car_d/car_ws/install/service_interface/share/service_interface/hook/pythonpath.dsv'
[1.000s] INFO:colcon.colcon_core.shell:Creating environment hook '/home/tan/Desktop/car_d/car_ws/install/service_interface/share/service_interface/hook/pythonpath.sh'
[1.001s] Level 1:colcon.colcon_core.environment:checking '/home/tan/Desktop/car_d/car_ws/install/service_interface/bin'
[1.003s] INFO:colcon.colcon_core.shell:Creating package script '/home/tan/Desktop/car_d/car_ws/install/service_interface/share/service_interface/package.ps1'
[1.004s] INFO:colcon.colcon_core.shell:Creating package descriptor '/home/tan/Desktop/car_d/car_ws/install/service_interface/share/service_interface/package.dsv'
[1.005s] INFO:colcon.colcon_core.shell:Creating package script '/home/tan/Desktop/car_d/car_ws/install/service_interface/share/service_interface/package.sh'
[1.005s] INFO:colcon.colcon_core.shell:Creating package script '/home/tan/Desktop/car_d/car_ws/install/service_interface/share/service_interface/package.bash'
[1.006s] INFO:colcon.colcon_core.shell:Creating package script '/home/tan/Desktop/car_d/car_ws/install/service_interface/share/service_interface/package.zsh'
[1.006s] Level 1:colcon.colcon_core.environment:create_file_with_runtime_dependencies(/home/tan/Desktop/car_d/car_ws/install/service_interface/share/colcon-core/packages/service_interface)
[1.006s] INFO:colcon.colcon_ros.task.ament_cmake.build:Building ROS package in '/home/tan/Desktop/car_d/car_ws/src/px4_node' with build type 'ament_cmake'
[1.006s] INFO:colcon.colcon_cmake.task.cmake.build:Building CMake package in '/home/tan/Desktop/car_d/car_ws/src/px4_node'
[1.008s] INFO:colcon.colcon_core.shell:Skip shell extension 'powershell' for command environment: Not usable outside of PowerShell
[1.008s] DEBUG:colcon.colcon_core.shell:Skip shell extension 'dsv' for command environment
[1.027s] DEBUG:colcon.colcon_core.event_handler.log_command:Invoking command in '/home/tan/Desktop/car_d/car_ws/build/px4_node': CMAKE_PREFIX_PATH=/home/tan/Desktop/car_d/car_ws/install/service_interface:/home/tan/Desktop/car_d/car_ws/install/msg_interface:/home/tan/Desktop/car_d/car_ws/install/carrl_interface:/home/tan/Desktop/car_d/car_ws/install/tan:/home/tan/Desktop/car_d/car_ws/install/px4_node:/home/tan/ros2_ws/install/realsense2_description:/home/tan/ros2_ws/install/realsense2_camera:/home/tan/ros2_ws/install/realsense2_camera_msgs:/opt/ros/foxy LD_LIBRARY_PATH=/home/tan/Desktop/car_d/car_ws/install/service_interface/lib:/home/tan/Desktop/car_d/car_ws/install/msg_interface/lib:/home/tan/Desktop/car_d/car_ws/install/carrl_interface/lib:/home/tan/Desktop/car_d/car_ws/install/tan/lib:/home/tan/ros2_ws/install/realsense2_camera/lib:/home/tan/ros2_ws/install/realsense2_camera_msgs/lib:/opt/ros/foxy/opt/yaml_cpp_vendor/lib:/opt/ros/foxy/opt/rviz_ogre_vendor/lib:/opt/ros/foxy/lib/x86_64-linux-gnu:/opt/ros/foxy/lib:/usr/lib/x86_64-linux-gnu/gazebo-11/plugins:/usr/lib/x86_64-linux-gnu/gazebo-11/plugins:/home/tan/ardupilot_gazebo/build:/usr/lib/x86_64-linux-gnu/gazebo-11/plugins PYTHONPATH=/home/tan/Desktop/car_d/car_ws/install/service_interface/lib/python3.8/site-packages:/home/tan/Desktop/car_d/car_ws/install/msg_interface/lib/python3.8/site-packages:/home/tan/Desktop/car_d/car_ws/install/carrl_interface/lib/python3.8/site-packages:/home/tan/Desktop/car_d/car_ws/install/tan/lib/python3.8/site-packages:/home/tan/ros2_ws/install/realsense2_camera_msgs/lib/python3.8/site-packages:/opt/ros/foxy/lib/python3.8/site-packages /usr/bin/cmake --build /home/tan/Desktop/car_d/car_ws/build/px4_node -- -j16 -l16
[1.093s] DEBUG:colcon.colcon_core.event_handler.log_command:Invoked command in '/home/tan/Desktop/car_d/car_ws/build/px4_node' returned '0': CMAKE_PREFIX_PATH=/home/tan/Desktop/car_d/car_ws/install/service_interface:/home/tan/Desktop/car_d/car_ws/install/msg_interface:/home/tan/Desktop/car_d/car_ws/install/carrl_interface:/home/tan/Desktop/car_d/car_ws/install/tan:/home/tan/Desktop/car_d/car_ws/install/px4_node:/home/tan/ros2_ws/install/realsense2_description:/home/tan/ros2_ws/install/realsense2_camera:/home/tan/ros2_ws/install/realsense2_camera_msgs:/opt/ros/foxy LD_LIBRARY_PATH=/home/tan/Desktop/car_d/car_ws/install/service_interface/lib:/home/tan/Desktop/car_d/car_ws/install/msg_interface/lib:/home/tan/Desktop/car_d/car_ws/install/carrl_interface/lib:/home/tan/Desktop/car_d/car_ws/install/tan/lib:/home/tan/ros2_ws/install/realsense2_camera/lib:/home/tan/ros2_ws/install/realsense2_camera_msgs/lib:/opt/ros/foxy/opt/yaml_cpp_vendor/lib:/opt/ros/foxy/opt/rviz_ogre_vendor/lib:/opt/ros/foxy/lib/x86_64-linux-gnu:/opt/ros/foxy/lib:/usr/lib/x86_64-linux-gnu/gazebo-11/plugins:/usr/lib/x86_64-linux-gnu/gazebo-11/plugins:/home/tan/ardupilot_gazebo/build:/usr/lib/x86_64-linux-gnu/gazebo-11/plugins PYTHONPATH=/home/tan/Desktop/car_d/car_ws/install/service_interface/lib/python3.8/site-packages:/home/tan/Desktop/car_d/car_ws/install/msg_interface/lib/python3.8/site-packages:/home/tan/Desktop/car_d/car_ws/install/carrl_interface/lib/python3.8/site-packages:/home/tan/Desktop/car_d/car_ws/install/tan/lib/python3.8/site-packages:/home/tan/ros2_ws/install/realsense2_camera_msgs/lib/python3.8/site-packages:/opt/ros/foxy/lib/python3.8/site-packages /usr/bin/cmake --build /home/tan/Desktop/car_d/car_ws/build/px4_node -- -j16 -l16
[1.120s] DEBUG:colcon.colcon_core.event_handler.log_command:Invoking command in '/home/tan/Desktop/car_d/car_ws/build/px4_node': CMAKE_PREFIX_PATH=/home/tan/Desktop/car_d/car_ws/install/service_interface:/home/tan/Desktop/car_d/car_ws/install/msg_interface:/home/tan/Desktop/car_d/car_ws/install/carrl_interface:/home/tan/Desktop/car_d/car_ws/install/tan:/home/tan/Desktop/car_d/car_ws/install/px4_node:/home/tan/ros2_ws/install/realsense2_description:/home/tan/ros2_ws/install/realsense2_camera:/home/tan/ros2_ws/install/realsense2_camera_msgs:/opt/ros/foxy LD_LIBRARY_PATH=/home/tan/Desktop/car_d/car_ws/install/service_interface/lib:/home/tan/Desktop/car_d/car_ws/install/msg_interface/lib:/home/tan/Desktop/car_d/car_ws/install/carrl_interface/lib:/home/tan/Desktop/car_d/car_ws/install/tan/lib:/home/tan/ros2_ws/install/realsense2_camera/lib:/home/tan/ros2_ws/install/realsense2_camera_msgs/lib:/opt/ros/foxy/opt/yaml_cpp_vendor/lib:/opt/ros/foxy/opt/rviz_ogre_vendor/lib:/opt/ros/foxy/lib/x86_64-linux-gnu:/opt/ros/foxy/lib:/usr/lib/x86_64-linux-gnu/gazebo-11/plugins:/usr/lib/x86_64-linux-gnu/gazebo-11/plugins:/home/tan/ardupilot_gazebo/build:/usr/lib/x86_64-linux-gnu/gazebo-11/plugins PYTHONPATH=/home/tan/Desktop/car_d/car_ws/install/service_interface/lib/python3.8/site-packages:/home/tan/Desktop/car_d/car_ws/install/msg_interface/lib/python3.8/site-packages:/home/tan/Desktop/car_d/car_ws/install/carrl_interface/lib/python3.8/site-packages:/home/tan/Desktop/car_d/car_ws/install/tan/lib/python3.8/site-packages:/home/tan/ros2_ws/install/realsense2_camera_msgs/lib/python3.8/site-packages:/opt/ros/foxy/lib/python3.8/site-packages /usr/bin/cmake --install /home/tan/Desktop/car_d/car_ws/build/px4_node
[1.129s] Level 1:colcon.colcon_core.environment:create_environment_scripts_only(px4_node)
[1.132s] Level 1:colcon.colcon_core.environment:checking '/home/tan/Desktop/car_d/car_ws/install/px4_node' for CMake module files
[1.133s] DEBUG:colcon.colcon_core.event_handler.log_command:Invoked command in '/home/tan/Desktop/car_d/car_ws/build/px4_node' returned '0': CMAKE_PREFIX_PATH=/home/tan/Desktop/car_d/car_ws/install/service_interface:/home/tan/Desktop/car_d/car_ws/install/msg_interface:/home/tan/Desktop/car_d/car_ws/install/carrl_interface:/home/tan/Desktop/car_d/car_ws/install/tan:/home/tan/Desktop/car_d/car_ws/install/px4_node:/home/tan/ros2_ws/install/realsense2_description:/home/tan/ros2_ws/install/realsense2_camera:/home/tan/ros2_ws/install/realsense2_camera_msgs:/opt/ros/foxy LD_LIBRARY_PATH=/home/tan/Desktop/car_d/car_ws/install/service_interface/lib:/home/tan/Desktop/car_d/car_ws/install/msg_interface/lib:/home/tan/Desktop/car_d/car_ws/install/carrl_interface/lib:/home/tan/Desktop/car_d/car_ws/install/tan/lib:/home/tan/ros2_ws/install/realsense2_camera/lib:/home/tan/ros2_ws/install/realsense2_camera_msgs/lib:/opt/ros/foxy/opt/yaml_cpp_vendor/lib:/opt/ros/foxy/opt/rviz_ogre_vendor/lib:/opt/ros/foxy/lib/x86_64-linux-gnu:/opt/ros/foxy/lib:/usr/lib/x86_64-linux-gnu/gazebo-11/plugins:/usr/lib/x86_64-linux-gnu/gazebo-11/plugins:/home/tan/ardupilot_gazebo/build:/usr/lib/x86_64-linux-gnu/gazebo-11/plugins PYTHONPATH=/home/tan/Desktop/car_d/car_ws/install/service_interface/lib/python3.8/site-packages:/home/tan/Desktop/car_d/car_ws/install/msg_interface/lib/python3.8/site-packages:/home/tan/Desktop/car_d/car_ws/install/carrl_interface/lib/python3.8/site-packages:/home/tan/Desktop/car_d/car_ws/install/tan/lib/python3.8/site-packages:/home/tan/ros2_ws/install/realsense2_camera_msgs/lib/python3.8/site-packages:/opt/ros/foxy/lib/python3.8/site-packages /usr/bin/cmake --install /home/tan/Desktop/car_d/car_ws/build/px4_node
[1.133s] Level 1:colcon.colcon_core.environment:checking '/home/tan/Desktop/car_d/car_ws/install/px4_node' for CMake config files
[1.134s] Level 1:colcon.colcon_core.shell:create_environment_hook('px4_node', 'cmake_prefix_path')
[1.136s] INFO:colcon.colcon_core.shell:Creating environment hook '/home/tan/Desktop/car_d/car_ws/install/px4_node/share/px4_node/hook/cmake_prefix_path.ps1'
[1.136s] INFO:colcon.colcon_core.shell:Creating environment descriptor '/home/tan/Desktop/car_d/car_ws/install/px4_node/share/px4_node/hook/cmake_prefix_path.dsv'
[1.137s] INFO:colcon.colcon_core.shell:Creating environment hook '/home/tan/Desktop/car_d/car_ws/install/px4_node/share/px4_node/hook/cmake_prefix_path.sh'
[1.137s] Level 1:colcon.colcon_core.environment:checking '/home/tan/Desktop/car_d/car_ws/install/px4_node/lib'
[1.137s] Level 1:colcon.colcon_core.environment:checking '/home/tan/Desktop/car_d/car_ws/install/px4_node/bin'
[1.137s] Level 1:colcon.colcon_core.environment:checking '/home/tan/Desktop/car_d/car_ws/install/px4_node/lib/pkgconfig/px4_node.pc'
[1.137s] Level 1:colcon.colcon_core.environment:checking '/home/tan/Desktop/car_d/car_ws/install/px4_node/lib/python3.8/site-packages'
[1.138s] Level 1:colcon.colcon_core.environment:checking '/home/tan/Desktop/car_d/car_ws/install/px4_node/bin'
[1.140s] INFO:colcon.colcon_core.shell:Creating package script '/home/tan/Desktop/car_d/car_ws/install/px4_node/share/px4_node/package.ps1'
[1.140s] INFO:colcon.colcon_core.shell:Creating package descriptor '/home/tan/Desktop/car_d/car_ws/install/px4_node/share/px4_node/package.dsv'
[1.141s] INFO:colcon.colcon_core.shell:Creating package script '/home/tan/Desktop/car_d/car_ws/install/px4_node/share/px4_node/package.sh'
[1.141s] INFO:colcon.colcon_core.shell:Creating package script '/home/tan/Desktop/car_d/car_ws/install/px4_node/share/px4_node/package.bash'
[1.141s] INFO:colcon.colcon_core.shell:Creating package script '/home/tan/Desktop/car_d/car_ws/install/px4_node/share/px4_node/package.zsh'
[1.142s] Level 1:colcon.colcon_core.environment:create_file_with_runtime_dependencies(/home/tan/Desktop/car_d/car_ws/install/px4_node/share/colcon-core/packages/px4_node)
[1.170s] Level 1:colcon.colcon_core.environment:create_environment_scripts_only(px4_node)
[1.174s] Level 1:colcon.colcon_core.environment:checking '/home/tan/Desktop/car_d/car_ws/install/px4_node' for CMake module files
[1.174s] Level 1:colcon.colcon_core.environment:checking '/home/tan/Desktop/car_d/car_ws/install/px4_node' for CMake config files
[1.175s] Level 1:colcon.colcon_core.shell:create_environment_hook('px4_node', 'cmake_prefix_path')
[1.178s] INFO:colcon.colcon_core.shell:Creating environment hook '/home/tan/Desktop/car_d/car_ws/install/px4_node/share/px4_node/hook/cmake_prefix_path.ps1'
[1.179s] INFO:colcon.colcon_core.shell:Creating environment descriptor '/home/tan/Desktop/car_d/car_ws/install/px4_node/share/px4_node/hook/cmake_prefix_path.dsv'
[1.179s] INFO:colcon.colcon_core.shell:Creating environment hook '/home/tan/Desktop/car_d/car_ws/install/px4_node/share/px4_node/hook/cmake_prefix_path.sh'
[1.180s] Level 1:colcon.colcon_core.environment:checking '/home/tan/Desktop/car_d/car_ws/install/px4_node/lib'
[1.180s] Level 1:colcon.colcon_core.environment:checking '/home/tan/Desktop/car_d/car_ws/install/px4_node/bin'
[1.180s] Level 1:colcon.colcon_core.environment:checking '/home/tan/Desktop/car_d/car_ws/install/px4_node/lib/pkgconfig/px4_node.pc'
[1.180s] Level 1:colcon.colcon_core.environment:checking '/home/tan/Desktop/car_d/car_ws/install/px4_node/lib/python3.8/site-packages'
[1.180s] Level 1:colcon.colcon_core.environment:checking '/home/tan/Desktop/car_d/car_ws/install/px4_node/bin'
[1.183s] INFO:colcon.colcon_core.shell:Creating package script '/home/tan/Desktop/car_d/car_ws/install/px4_node/share/px4_node/package.ps1'
[1.183s] INFO:colcon.colcon_core.shell:Creating package descriptor '/home/tan/Desktop/car_d/car_ws/install/px4_node/share/px4_node/package.dsv'
[1.184s] INFO:colcon.colcon_core.shell:Creating package script '/home/tan/Desktop/car_d/car_ws/install/px4_node/share/px4_node/package.sh'
[1.184s] INFO:colcon.colcon_core.shell:Creating package script '/home/tan/Desktop/car_d/car_ws/install/px4_node/share/px4_node/package.bash'
[1.185s] INFO:colcon.colcon_core.shell:Creating package script '/home/tan/Desktop/car_d/car_ws/install/px4_node/share/px4_node/package.zsh'
[1.185s] Level 1:colcon.colcon_core.environment:create_file_with_runtime_dependencies(/home/tan/Desktop/car_d/car_ws/install/px4_node/share/colcon-core/packages/px4_node)
[11.151s] DEBUG:colcon.colcon_core.event_handler.log_command:Invoked command in '/home/tan/Desktop/car_d/car_ws/build/tan' returned '0': CMAKE_PREFIX_PATH=${CMAKE_PREFIX_PATH}:/opt/ros/foxy /usr/bin/cmake --build /home/tan/Desktop/car_d/car_ws/build/tan -- -j16 -l16
[11.182s] DEBUG:colcon.colcon_core.event_handler.log_command:Invoking command in '/home/tan/Desktop/car_d/car_ws/build/tan': CMAKE_PREFIX_PATH=${CMAKE_PREFIX_PATH}:/opt/ros/foxy /usr/bin/cmake --install /home/tan/Desktop/car_d/car_ws/build/tan
[11.207s] Level 1:colcon.colcon_core.environment:create_environment_scripts_only(tan)
[11.214s] Level 1:colcon.colcon_core.environment:checking '/home/tan/Desktop/car_d/car_ws/install/tan' for CMake module files
[11.214s] DEBUG:colcon.colcon_core.event_handler.log_command:Invoked command in '/home/tan/Desktop/car_d/car_ws/build/tan' returned '0': CMAKE_PREFIX_PATH=${CMAKE_PREFIX_PATH}:/opt/ros/foxy /usr/bin/cmake --install /home/tan/Desktop/car_d/car_ws/build/tan
[11.215s] Level 1:colcon.colcon_core.environment:checking '/home/tan/Desktop/car_d/car_ws/install/tan' for CMake config files
[11.215s] Level 1:colcon.colcon_core.shell:create_environment_hook('tan', 'cmake_prefix_path')
[11.217s] INFO:colcon.colcon_core.shell:Creating environment hook '/home/tan/Desktop/car_d/car_ws/install/tan/share/tan/hook/cmake_prefix_path.ps1'
[11.218s] INFO:colcon.colcon_core.shell:Creating environment descriptor '/home/tan/Desktop/car_d/car_ws/install/tan/share/tan/hook/cmake_prefix_path.dsv'
[11.218s] INFO:colcon.colcon_core.shell:Creating environment hook '/home/tan/Desktop/car_d/car_ws/install/tan/share/tan/hook/cmake_prefix_path.sh'
[11.218s] Level 1:colcon.colcon_core.environment:checking '/home/tan/Desktop/car_d/car_ws/install/tan/lib'
[11.219s] Level 1:colcon.colcon_core.environment:checking '/home/tan/Desktop/car_d/car_ws/install/tan/bin'
[11.219s] Level 1:colcon.colcon_core.environment:checking '/home/tan/Desktop/car_d/car_ws/install/tan/lib/pkgconfig/tan.pc'
[11.219s] Level 1:colcon.colcon_core.environment:checking '/home/tan/Desktop/car_d/car_ws/install/tan/lib/python3.8/site-packages'
[11.219s] Level 1:colcon.colcon_core.environment:checking '/home/tan/Desktop/car_d/car_ws/install/tan/bin'
[11.221s] INFO:colcon.colcon_core.shell:Creating package script '/home/tan/Desktop/car_d/car_ws/install/tan/share/tan/package.ps1'
[11.221s] INFO:colcon.colcon_core.shell:Creating package descriptor '/home/tan/Desktop/car_d/car_ws/install/tan/share/tan/package.dsv'
[11.222s] INFO:colcon.colcon_core.shell:Creating package script '/home/tan/Desktop/car_d/car_ws/install/tan/share/tan/package.sh'
[11.222s] INFO:colcon.colcon_core.shell:Creating package script '/home/tan/Desktop/car_d/car_ws/install/tan/share/tan/package.bash'
[11.222s] INFO:colcon.colcon_core.shell:Creating package script '/home/tan/Desktop/car_d/car_ws/install/tan/share/tan/package.zsh'
[11.222s] Level 1:colcon.colcon_core.environment:create_file_with_runtime_dependencies(/home/tan/Desktop/car_d/car_ws/install/tan/share/colcon-core/packages/tan)
[11.256s] Level 1:colcon.colcon_core.environment:create_environment_scripts_only(tan)
[11.259s] Level 1:colcon.colcon_core.environment:checking '/home/tan/Desktop/car_d/car_ws/install/tan' for CMake module files
[11.260s] Level 1:colcon.colcon_core.environment:checking '/home/tan/Desktop/car_d/car_ws/install/tan' for CMake config files
[11.260s] Level 1:colcon.colcon_core.shell:create_environment_hook('tan', 'cmake_prefix_path')
[11.262s] INFO:colcon.colcon_core.shell:Creating environment hook '/home/tan/Desktop/car_d/car_ws/install/tan/share/tan/hook/cmake_prefix_path.ps1'
[11.262s] INFO:colcon.colcon_core.shell:Creating environment descriptor '/home/tan/Desktop/car_d/car_ws/install/tan/share/tan/hook/cmake_prefix_path.dsv'
[11.263s] INFO:colcon.colcon_core.shell:Creating environment hook '/home/tan/Desktop/car_d/car_ws/install/tan/share/tan/hook/cmake_prefix_path.sh'
[11.263s] Level 1:colcon.colcon_core.environment:checking '/home/tan/Desktop/car_d/car_ws/install/tan/lib'
[11.263s] Level 1:colcon.colcon_core.environment:checking '/home/tan/Desktop/car_d/car_ws/install/tan/bin'
[11.263s] Level 1:colcon.colcon_core.environment:checking '/home/tan/Desktop/car_d/car_ws/install/tan/lib/pkgconfig/tan.pc'
[11.263s] Level 1:colcon.colcon_core.environment:checking '/home/tan/Desktop/car_d/car_ws/install/tan/lib/python3.8/site-packages'
[11.263s] Level 1:colcon.colcon_core.environment:checking '/home/tan/Desktop/car_d/car_ws/install/tan/bin'
[11.266s] INFO:colcon.colcon_core.shell:Creating package script '/home/tan/Desktop/car_d/car_ws/install/tan/share/tan/package.ps1'
[11.266s] INFO:colcon.colcon_core.shell:Creating package descriptor '/home/tan/Desktop/car_d/car_ws/install/tan/share/tan/package.dsv'
[11.267s] INFO:colcon.colcon_core.shell:Creating package script '/home/tan/Desktop/car_d/car_ws/install/tan/share/tan/package.sh'
[11.267s] INFO:colcon.colcon_core.shell:Creating package script '/home/tan/Desktop/car_d/car_ws/install/tan/share/tan/package.bash'
[11.267s] INFO:colcon.colcon_core.shell:Creating package script '/home/tan/Desktop/car_d/car_ws/install/tan/share/tan/package.zsh'
[11.267s] Level 1:colcon.colcon_core.environment:create_file_with_runtime_dependencies(/home/tan/Desktop/car_d/car_ws/install/tan/share/colcon-core/packages/tan)
[11.268s] DEBUG:colcon.colcon_parallel_executor.executor.parallel:closing loop
[11.268s] DEBUG:colcon.colcon_parallel_executor.executor.parallel:loop closed
[11.268s] DEBUG:colcon.colcon_parallel_executor.executor.parallel:run_until_complete finished with '0'
[11.268s] DEBUG:colcon.colcon_core.event_reactor:joining thread
[11.275s] INFO:colcon.colcon_core.plugin_system:Skipping extension 'colcon_notification.desktop_notification.terminal_notifier': Not used on non-Darwin systems
[11.276s] INFO:colcon.colcon_core.plugin_system:Skipping extension 'colcon_notification.desktop_notification.win32': Not used on non-Windows systems
[11.276s] INFO:colcon.colcon_notification.desktop_notification:Sending desktop notification using 'notify2'
[11.288s] DEBUG:colcon.colcon_core.event_reactor:joined thread
[11.291s] INFO:colcon.colcon_core.shell:Creating prefix script '/home/tan/Desktop/car_d/car_ws/install/local_setup.ps1'
[11.292s] INFO:colcon.colcon_core.shell:Creating prefix util module '/home/tan/Desktop/car_d/car_ws/install/_local_setup_util_ps1.py'
[11.293s] INFO:colcon.colcon_core.shell:Creating prefix chain script '/home/tan/Desktop/car_d/car_ws/install/setup.ps1'
[11.294s] INFO:colcon.colcon_core.shell:Creating prefix script '/home/tan/Desktop/car_d/car_ws/install/local_setup.sh'
[11.295s] INFO:colcon.colcon_core.shell:Creating prefix util module '/home/tan/Desktop/car_d/car_ws/install/_local_setup_util_sh.py'
[11.295s] INFO:colcon.colcon_core.shell:Creating prefix chain script '/home/tan/Desktop/car_d/car_ws/install/setup.sh'
[11.297s] INFO:colcon.colcon_core.shell:Creating prefix script '/home/tan/Desktop/car_d/car_ws/install/local_setup.bash'
[11.297s] INFO:colcon.colcon_core.shell:Creating prefix chain script '/home/tan/Desktop/car_d/car_ws/install/setup.bash'
[11.298s] INFO:colcon.colcon_core.shell:Creating prefix script '/home/tan/Desktop/car_d/car_ws/install/local_setup.zsh'
[11.299s] INFO:colcon.colcon_core.shell:Creating prefix chain script '/home/tan/Desktop/car_d/car_ws/install/setup.zsh'
