-- The C compiler identification is GNU 9.4.0
-- The CXX compiler identification is GNU 9.4.0
-- Check for working C compiler: /usr/lib/ccache/cc
-- Check for working C compiler: /usr/lib/ccache/cc -- works
-- Detecting C compiler ABI info
-- Detecting C compiler ABI info - done
-- Detecting C compile features
-- Detecting C compile features - done
-- Check for working CXX compiler: /usr/lib/ccache/c++
-- Check for working CXX compiler: /usr/lib/ccache/c++ -- works
-- Detecting CXX compiler ABI info
-- Detecting CXX compiler ABI info - done
-- Detecting CXX compile features
-- Detecting CXX compile features - done
-- Found ament_cmake: 0.9.9 (/opt/ros/foxy/share/ament_cmake/cmake)
-- Found PythonInterp: /usr/bin/python3 (found suitable version "3.8.10", minimum required is "3") 
-- Using PYTHON_EXECUTABLE: /usr/bin/python3
-- Found rosidl_default_generators: 1.0.1 (/opt/ros/foxy/share/rosidl_default_generators/cmake)
-- Using all available rosidl_typesupport_c: rosidl_typesupport_fastrtps_c;rosidl_typesupport_introspection_c
-- Found rosidl_adapter: 1.2.1 (/opt/ros/foxy/share/rosidl_adapter/cmake)
-- Found OpenSSL: /usr/lib/x86_64-linux-gnu/libcrypto.so (found version "1.1.1f")  
-- Found FastRTPS: /opt/ros/foxy/include  
-- Using all available rosidl_typesupport_cpp: rosidl_typesupport_fastrtps_cpp;rosidl_typesupport_introspection_cpp
-- Found PythonInterp: /usr/bin/python3 (found version "3.8.10") 
-- Found ament_cmake_ros: 0.9.2 (/opt/ros/foxy/share/ament_cmake_ros/cmake)
-- Using all available rosidl_typesupport_c: rosidl_typesupport_fastrtps_c;rosidl_typesupport_introspection_c
-- Using all available rosidl_typesupport_cpp: rosidl_typesupport_fastrtps_cpp;rosidl_typesupport_introspection_cpp
-- Found PythonInterp: /usr/bin/python3 (found suitable version "3.8.10", minimum required is "3.5") 
-- Found python_cmake_module: 0.8.1 (/opt/ros/foxy/share/python_cmake_module/cmake)
-- Found PythonLibs: /usr/lib/x86_64-linux-gnu/libpython3.8.so (found suitable version "3.8.10", minimum required is "3.5") 
-- Using PYTHON_EXECUTABLE: /usr/bin/python3
-- Using PYTHON_INCLUDE_DIRS: /usr/include/python3.8
-- Using PYTHON_LIBRARIES: /usr/lib/x86_64-linux-gnu/libpython3.8.so
-- Found PythonExtra: .so  
-- Found ament_lint_auto: 0.9.6 (/opt/ros/foxy/share/ament_lint_auto/cmake)
-- Added test 'copyright' to check source files copyright and LICENSE
-- Added test 'lint_cmake' to check CMake code style
-- Added test 'xmllint' to check XML markup files
-- Configuring done
-- Generating done
-- Build files have been written to: /home/tan/Desktop/car_d/car_ws/build/service_interface
[  1%] [34m[1mGenerating C code for ROS interfaces[0m
[35m[1mScanning dependencies of target service_interface__cpp[0m
[  2%] [34m[1mGenerating C++ code for ROS interfaces[0m
[35m[1mScanning dependencies of target service_interface__rosidl_generator_c[0m
[  4%] [32mBuilding C object CMakeFiles/service_interface__rosidl_generator_c.dir/rosidl_generator_c/service_interface/srv/detail/force__functions.c.o[0m
[  7%] [32mBuilding C object CMakeFiles/service_interface__rosidl_generator_c.dir/rosidl_generator_c/service_interface/srv/detail/poly_line_intersection_check__functions.c.o[0m
[  7%] [32mBuilding C object CMakeFiles/service_interface__rosidl_generator_c.dir/rosidl_generator_c/service_interface/srv/detail/velocity_boundary_check__functions.c.o[0m
[  8%] [32mBuilding C object CMakeFiles/service_interface__rosidl_generator_c.dir/rosidl_generator_c/service_interface/srv/detail/location__functions.c.o[0m
[ 11%] [32mBuilding C object CMakeFiles/service_interface__rosidl_generator_c.dir/rosidl_generator_c/service_interface/srv/detail/force_boundary_check__functions.c.o[0m
[ 11%] [32mBuilding C object CMakeFiles/service_interface__rosidl_generator_c.dir/rosidl_generator_c/service_interface/srv/detail/ready__functions.c.o[0m
[ 12%] [32m[1mLinking C shared library libservice_interface__rosidl_generator_c.so[0m
[ 12%] Built target service_interface__cpp
[ 14%] [34m[1mGenerating C++ type support dispatch for ROS interfaces[0m
[ 15%] [34m[1mGenerating C++ introspection for ROS interfaces[0m
[ 16%] [34m[1mGenerating C++ type support for eProsima Fast-RTPS[0m
[ 16%] Built target service_interface__rosidl_generator_c
[ 19%] [34m[1mGenerating C type support dispatch for ROS interfaces[0m
[ 19%] [34m[1mGenerating C introspection for ROS interfaces[0m
[35m[1mScanning dependencies of target service_interface__rosidl_typesupport_cpp[0m
[ 21%] [32mBuilding CXX object CMakeFiles/service_interface__rosidl_typesupport_cpp.dir/rosidl_typesupport_cpp/service_interface/srv/force__type_support.cpp.o[0m
[ 22%] [32mBuilding CXX object CMakeFiles/service_interface__rosidl_typesupport_cpp.dir/rosidl_typesupport_cpp/service_interface/srv/force_boundary_check__type_support.cpp.o[0m
[ 23%] [32mBuilding CXX object CMakeFiles/service_interface__rosidl_typesupport_cpp.dir/rosidl_typesupport_cpp/service_interface/srv/velocity_boundary_check__type_support.cpp.o[0m
[ 26%] [32mBuilding CXX object CMakeFiles/service_interface__rosidl_typesupport_cpp.dir/rosidl_typesupport_cpp/service_interface/srv/location__type_support.cpp.o[0m
[ 26%] [32mBuilding CXX object CMakeFiles/service_interface__rosidl_typesupport_cpp.dir/rosidl_typesupport_cpp/service_interface/srv/ready__type_support.cpp.o[0m
[ 28%] [32mBuilding CXX object CMakeFiles/service_interface__rosidl_typesupport_cpp.dir/rosidl_typesupport_cpp/service_interface/srv/poly_line_intersection_check__type_support.cpp.o[0m
[35m[1mScanning dependencies of target service_interface__rosidl_typesupport_c[0m
[ 29%] [32m[1mLinking CXX shared library libservice_interface__rosidl_typesupport_cpp.so[0m
[ 30%] [32mBuilding CXX object CMakeFiles/service_interface__rosidl_typesupport_c.dir/rosidl_typesupport_c/service_interface/srv/poly_line_intersection_check__type_support.cpp.o[0m
[ 32%] [32mBuilding CXX object CMakeFiles/service_interface__rosidl_typesupport_c.dir/rosidl_typesupport_c/service_interface/srv/velocity_boundary_check__type_support.cpp.o[0m
[ 35%] [32mBuilding CXX object CMakeFiles/service_interface__rosidl_typesupport_c.dir/rosidl_typesupport_c/service_interface/srv/location__type_support.cpp.o[0m
[ 35%] [32mBuilding CXX object CMakeFiles/service_interface__rosidl_typesupport_c.dir/rosidl_typesupport_c/service_interface/srv/force__type_support.cpp.o[0m
[ 36%] [32mBuilding CXX object CMakeFiles/service_interface__rosidl_typesupport_c.dir/rosidl_typesupport_c/service_interface/srv/force_boundary_check__type_support.cpp.o[0m
[ 38%] [32mBuilding CXX object CMakeFiles/service_interface__rosidl_typesupport_c.dir/rosidl_typesupport_c/service_interface/srv/ready__type_support.cpp.o[0m
[ 39%] [32m[1mLinking CXX shared library libservice_interface__rosidl_typesupport_c.so[0m
[ 39%] Built target service_interface__rosidl_typesupport_cpp
[ 39%] Built target service_interface__rosidl_typesupport_c
[35m[1mScanning dependencies of target service_interface__rosidl_typesupport_introspection_c[0m
[ 40%] [32mBuilding C object CMakeFiles/service_interface__rosidl_typesupport_introspection_c.dir/rosidl_typesupport_introspection_c/service_interface/srv/detail/location__type_support.c.o[0m
[ 42%] [32mBuilding C object CMakeFiles/service_interface__rosidl_typesupport_introspection_c.dir/rosidl_typesupport_introspection_c/service_interface/srv/detail/ready__type_support.c.o[0m
[ 43%] [32mBuilding C object CMakeFiles/service_interface__rosidl_typesupport_introspection_c.dir/rosidl_typesupport_introspection_c/service_interface/srv/detail/poly_line_intersection_check__type_support.c.o[0m
[ 45%] [32mBuilding C object CMakeFiles/service_interface__rosidl_typesupport_introspection_c.dir/rosidl_typesupport_introspection_c/service_interface/srv/detail/force__type_support.c.o[0m
[ 46%] [32mBuilding C object CMakeFiles/service_interface__rosidl_typesupport_introspection_c.dir/rosidl_typesupport_introspection_c/service_interface/srv/detail/force_boundary_check__type_support.c.o[0m
[ 47%] [32mBuilding C object CMakeFiles/service_interface__rosidl_typesupport_introspection_c.dir/rosidl_typesupport_introspection_c/service_interface/srv/detail/velocity_boundary_check__type_support.c.o[0m
[ 49%] [32m[1mLinking C shared library libservice_interface__rosidl_typesupport_introspection_c.so[0m
[35m[1mScanning dependencies of target service_interface__rosidl_typesupport_introspection_cpp[0m
[35m[1mScanning dependencies of target service_interface__rosidl_typesupport_fastrtps_cpp[0m
[ 50%] [32mBuilding CXX object CMakeFiles/service_interface__rosidl_typesupport_introspection_cpp.dir/rosidl_typesupport_introspection_cpp/service_interface/srv/detail/force__type_support.cpp.o[0m
[ 52%] [32mBuilding CXX object CMakeFiles/service_interface__rosidl_typesupport_introspection_cpp.dir/rosidl_typesupport_introspection_cpp/service_interface/srv/detail/location__type_support.cpp.o[0m
[ 53%] [32mBuilding CXX object CMakeFiles/service_interface__rosidl_typesupport_introspection_cpp.dir/rosidl_typesupport_introspection_cpp/service_interface/srv/detail/velocity_boundary_check__type_support.cpp.o[0m
[ 54%] [32mBuilding CXX object CMakeFiles/service_interface__rosidl_typesupport_introspection_cpp.dir/rosidl_typesupport_introspection_cpp/service_interface/srv/detail/poly_line_intersection_check__type_support.cpp.o[0m
[ 56%] [32mBuilding CXX object CMakeFiles/service_interface__rosidl_typesupport_introspection_cpp.dir/rosidl_typesupport_introspection_cpp/service_interface/srv/detail/force_boundary_check__type_support.cpp.o[0m
[ 57%] [32mBuilding CXX object CMakeFiles/service_interface__rosidl_typesupport_introspection_cpp.dir/rosidl_typesupport_introspection_cpp/service_interface/srv/detail/ready__type_support.cpp.o[0m
[ 57%] Built target service_interface__rosidl_typesupport_introspection_c
[ 59%] [32m[1mLinking CXX shared library libservice_interface__rosidl_typesupport_introspection_cpp.so[0m
[ 60%] [32mBuilding CXX object CMakeFiles/service_interface__rosidl_typesupport_fastrtps_cpp.dir/rosidl_typesupport_fastrtps_cpp/service_interface/srv/detail/dds_fastrtps/velocity_boundary_check__type_support.cpp.o[0m
[ 61%] [32mBuilding CXX object CMakeFiles/service_interface__rosidl_typesupport_fastrtps_cpp.dir/rosidl_typesupport_fastrtps_cpp/service_interface/srv/detail/dds_fastrtps/location__type_support.cpp.o[0m
[ 63%] [32mBuilding CXX object CMakeFiles/service_interface__rosidl_typesupport_fastrtps_cpp.dir/rosidl_typesupport_fastrtps_cpp/service_interface/srv/detail/dds_fastrtps/force__type_support.cpp.o[0m
[ 64%] [32mBuilding CXX object CMakeFiles/service_interface__rosidl_typesupport_fastrtps_cpp.dir/rosidl_typesupport_fastrtps_cpp/service_interface/srv/detail/dds_fastrtps/force_boundary_check__type_support.cpp.o[0m
[ 66%] [32mBuilding CXX object CMakeFiles/service_interface__rosidl_typesupport_fastrtps_cpp.dir/rosidl_typesupport_fastrtps_cpp/service_interface/srv/detail/dds_fastrtps/ready__type_support.cpp.o[0m
[ 67%] [32mBuilding CXX object CMakeFiles/service_interface__rosidl_typesupport_fastrtps_cpp.dir/rosidl_typesupport_fastrtps_cpp/service_interface/srv/detail/dds_fastrtps/poly_line_intersection_check__type_support.cpp.o[0m
[ 67%] Built target service_interface__rosidl_typesupport_introspection_cpp
[ 69%] [32m[1mLinking CXX shared library libservice_interface__rosidl_typesupport_fastrtps_cpp.so[0m
[ 69%] Built target service_interface__rosidl_typesupport_fastrtps_cpp
[ 70%] [34m[1mGenerating C type support for eProsima Fast-RTPS[0m
[35m[1mScanning dependencies of target service_interface__rosidl_typesupport_fastrtps_c[0m
[ 74%] [32mBuilding CXX object CMakeFiles/service_interface__rosidl_typesupport_fastrtps_c.dir/rosidl_typesupport_fastrtps_c/service_interface/srv/detail/velocity_boundary_check__type_support_c.cpp.o[0m
[ 74%] [32mBuilding CXX object CMakeFiles/service_interface__rosidl_typesupport_fastrtps_c.dir/rosidl_typesupport_fastrtps_c/service_interface/srv/detail/location__type_support_c.cpp.o[0m
[ 74%] [32mBuilding CXX object CMakeFiles/service_interface__rosidl_typesupport_fastrtps_c.dir/rosidl_typesupport_fastrtps_c/service_interface/srv/detail/poly_line_intersection_check__type_support_c.cpp.o[0m
[ 77%] [32mBuilding CXX object CMakeFiles/service_interface__rosidl_typesupport_fastrtps_c.dir/rosidl_typesupport_fastrtps_c/service_interface/srv/detail/force__type_support_c.cpp.o[0m
[ 77%] [32mBuilding CXX object CMakeFiles/service_interface__rosidl_typesupport_fastrtps_c.dir/rosidl_typesupport_fastrtps_c/service_interface/srv/detail/force_boundary_check__type_support_c.cpp.o[0m
[ 78%] [32mBuilding CXX object CMakeFiles/service_interface__rosidl_typesupport_fastrtps_c.dir/rosidl_typesupport_fastrtps_c/service_interface/srv/detail/ready__type_support_c.cpp.o[0m
[ 80%] [32m[1mLinking CXX shared library libservice_interface__rosidl_typesupport_fastrtps_c.so[0m
[ 80%] Built target service_interface__rosidl_typesupport_fastrtps_c
[35m[1mScanning dependencies of target service_interface[0m
[ 80%] Built target service_interface
[35m[1mScanning dependencies of target service_interface__py[0m
[ 81%] [34m[1mGenerating Python code for ROS interfaces[0m
[ 81%] Built target service_interface__py
[35m[1mScanning dependencies of target service_interface__python[0m
[ 84%] [32mBuilding C object CMakeFiles/service_interface__python.dir/rosidl_generator_py/service_interface/srv/_velocity_boundary_check_s.c.o[0m
[ 84%] [32mBuilding C object CMakeFiles/service_interface__python.dir/rosidl_generator_py/service_interface/srv/_location_s.c.o[0m
[ 85%] [32mBuilding C object CMakeFiles/service_interface__python.dir/rosidl_generator_py/service_interface/srv/_poly_line_intersection_check_s.c.o[0m
[ 87%] [32mBuilding C object CMakeFiles/service_interface__python.dir/rosidl_generator_py/service_interface/srv/_force_boundary_check_s.c.o[0m
[ 88%] [32mBuilding C object CMakeFiles/service_interface__python.dir/rosidl_generator_py/service_interface/srv/_force_s.c.o[0m
[ 90%] [32mBuilding C object CMakeFiles/service_interface__python.dir/rosidl_generator_py/service_interface/srv/_ready_s.c.o[0m
[ 91%] [32m[1mLinking C shared library rosidl_generator_py/service_interface/libservice_interface__python.so[0m
[ 91%] Built target service_interface__python
[35m[1mScanning dependencies of target service_interface__rosidl_typesupport_c__pyext[0m
[35m[1mScanning dependencies of target service_interface__rosidl_typesupport_introspection_c__pyext[0m
[35m[1mScanning dependencies of target service_interface__rosidl_typesupport_fastrtps_c__pyext[0m
[ 95%] [32mBuilding C object CMakeFiles/service_interface__rosidl_typesupport_c__pyext.dir/rosidl_generator_py/service_interface/_service_interface_s.ep.rosidl_typesupport_c.c.o[0m
[ 95%] [32mBuilding C object CMakeFiles/service_interface__rosidl_typesupport_fastrtps_c__pyext.dir/rosidl_generator_py/service_interface/_service_interface_s.ep.rosidl_typesupport_fastrtps_c.c.o[0m
[ 95%] [32mBuilding C object CMakeFiles/service_interface__rosidl_typesupport_introspection_c__pyext.dir/rosidl_generator_py/service_interface/_service_interface_s.ep.rosidl_typesupport_introspection_c.c.o[0m
[ 98%] [32m[1mLinking C shared library rosidl_generator_py/service_interface/service_interface_s__rosidl_typesupport_introspection_c.cpython-38-x86_64-linux-gnu.so[0m
[100%] [32m[1mLinking CXX shared library rosidl_generator_py/service_interface/service_interface_s__rosidl_typesupport_fastrtps_c.cpython-38-x86_64-linux-gnu.so[0m
[ 98%] [32m[1mLinking C shared library rosidl_generator_py/service_interface/service_interface_s__rosidl_typesupport_c.cpython-38-x86_64-linux-gnu.so[0m
[100%] Built target service_interface__rosidl_typesupport_introspection_c__pyext
[100%] Built target service_interface__rosidl_typesupport_c__pyext
[100%] Built target service_interface__rosidl_typesupport_fastrtps_c__pyext
