[0.062s] Invoking command in '/home/tan/Desktop/car_d/car_ws/build/service_interface': CMAKE_PREFIX_PATH=${CMAKE_PREFIX_PATH}:/opt/ros/foxy /usr/bin/cmake --build /home/tan/Desktop/car_d/car_ws/build/service_interface -- -j16 -l16
[0.132s] [  1%] Built target service_interface__cpp
[0.136s] [ 12%] Built target service_interface__rosidl_generator_c
[0.185s] [ 23%] Built target service_interface__rosidl_typesupport_cpp
[0.189s] [ 35%] Built target service_interface__rosidl_typesupport_introspection_cpp
[0.200s] [ 46%] Built target service_interface__rosidl_typesupport_c
[0.201s] [ 57%] Built target service_interface__rosidl_typesupport_introspection_c
[0.217s] [ 69%] Built target service_interface__rosidl_typesupport_fastrtps_cpp
[0.252s] [ 80%] Built target service_interface__rosidl_typesupport_fastrtps_c
[0.274s] [ 80%] Built target service_interface
[0.298s] [ 81%] Built target service_interface__py
[0.341s] [ 91%] Built target service_interface__python
[0.375s] [ 94%] Built target service_interface__rosidl_typesupport_c__pyext
[0.379s] [ 97%] Built target service_interface__rosidl_typesupport_fastrtps_c__pyext
[0.381s] [100%] Built target service_interface__rosidl_typesupport_introspection_c__pyext
[0.393s] Invoked command in '/home/tan/Desktop/car_d/car_ws/build/service_interface' returned '0': CMAKE_PREFIX_PATH=${CMAKE_PREFIX_PATH}:/opt/ros/foxy /usr/bin/cmake --build /home/tan/Desktop/car_d/car_ws/build/service_interface -- -j16 -l16
[0.561s] Invoking command in '/home/tan/Desktop/car_d/car_ws/build/service_interface': CMAKE_PREFIX_PATH=${CMAKE_PREFIX_PATH}:/opt/ros/foxy /usr/bin/cmake --install /home/tan/Desktop/car_d/car_ws/build/service_interface
[0.576s] -- Install configuration: ""
[0.576s] -- Up-to-date: /home/tan/Desktop/car_d/car_ws/install/service_interface/share/ament_index/resource_index/rosidl_interfaces/service_interface
[0.576s] -- Up-to-date: /home/tan/Desktop/car_d/car_ws/install/service_interface/include/service_interface
[0.576s] -- Up-to-date: /home/tan/Desktop/car_d/car_ws/install/service_interface/include/service_interface/srv
[0.577s] -- Up-to-date: /home/tan/Desktop/car_d/car_ws/install/service_interface/include/service_interface/srv/force_boundary_check.h
[0.577s] -- Up-to-date: /home/tan/Desktop/car_d/car_ws/install/service_interface/include/service_interface/srv/force.h
[0.577s] -- Up-to-date: /home/tan/Desktop/car_d/car_ws/install/service_interface/include/service_interface/srv/detail
[0.577s] -- Up-to-date: /home/tan/Desktop/car_d/car_ws/install/service_interface/include/service_interface/srv/detail/force__functions.h
[0.578s] -- Up-to-date: /home/tan/Desktop/car_d/car_ws/install/service_interface/include/service_interface/srv/detail/velocity_boundary_check__type_support.h
[0.579s] -- Up-to-date: /home/tan/Desktop/car_d/car_ws/install/service_interface/include/service_interface/srv/detail/location__type_support.h
[0.579s] -- Up-to-date: /home/tan/Desktop/car_d/car_ws/install/service_interface/include/service_interface/srv/detail/ready__functions.h
[0.580s] -- Up-to-date: /home/tan/Desktop/car_d/car_ws/install/service_interface/include/service_interface/srv/detail/location__struct.h
[0.580s] -- Up-to-date: /home/tan/Desktop/car_d/car_ws/install/service_interface/include/service_interface/srv/detail/force__struct.h
[0.581s] -- Up-to-date: /home/tan/Desktop/car_d/car_ws/install/service_interface/include/service_interface/srv/detail/ready__struct.h
[0.581s] -- Up-to-date: /home/tan/Desktop/car_d/car_ws/install/service_interface/include/service_interface/srv/detail/ready__type_support.h
[0.581s] -- Up-to-date: /home/tan/Desktop/car_d/car_ws/install/service_interface/include/service_interface/srv/detail/ready__functions.c
[0.582s] -- Up-to-date: /home/tan/Desktop/car_d/car_ws/install/service_interface/include/service_interface/srv/detail/velocity_boundary_check__functions.c
[0.582s] -- Up-to-date: /home/tan/Desktop/car_d/car_ws/install/service_interface/include/service_interface/srv/detail/force_boundary_check__functions.h
[0.588s] -- Up-to-date: /home/tan/Desktop/car_d/car_ws/install/service_interface/include/service_interface/srv/detail/poly_line_intersection_check__functions.h
[0.588s] -- Up-to-date: /home/tan/Desktop/car_d/car_ws/install/service_interface/include/service_interface/srv/detail/velocity_boundary_check__struct.h
[0.588s] -- Up-to-date: /home/tan/Desktop/car_d/car_ws/install/service_interface/include/service_interface/srv/detail/poly_line_intersection_check__functions.c
[0.588s] -- Up-to-date: /home/tan/Desktop/car_d/car_ws/install/service_interface/include/service_interface/srv/detail/force_boundary_check__functions.c
[0.589s] -- Up-to-date: /home/tan/Desktop/car_d/car_ws/install/service_interface/include/service_interface/srv/detail/force_boundary_check__type_support.h
[0.589s] -- Up-to-date: /home/tan/Desktop/car_d/car_ws/install/service_interface/include/service_interface/srv/detail/force__type_support.h
[0.589s] -- Up-to-date: /home/tan/Desktop/car_d/car_ws/install/service_interface/include/service_interface/srv/detail/poly_line_intersection_check__type_support.h
[0.590s] -- Up-to-date: /home/tan/Desktop/car_d/car_ws/install/service_interface/include/service_interface/srv/detail/poly_line_intersection_check__struct.h
[0.590s] -- Up-to-date: /home/tan/Desktop/car_d/car_ws/install/service_interface/include/service_interface/srv/detail/force__functions.c
[0.590s] -- Up-to-date: /home/tan/Desktop/car_d/car_ws/install/service_interface/include/service_interface/srv/detail/location__functions.c
[0.590s] -- Up-to-date: /home/tan/Desktop/car_d/car_ws/install/service_interface/include/service_interface/srv/detail/force_boundary_check__struct.h
[0.591s] -- Up-to-date: /home/tan/Desktop/car_d/car_ws/install/service_interface/include/service_interface/srv/detail/location__functions.h
[0.595s] -- Up-to-date: /home/tan/Desktop/car_d/car_ws/install/service_interface/include/service_interface/srv/detail/velocity_boundary_check__functions.h
[0.595s] -- Up-to-date: /home/tan/Desktop/car_d/car_ws/install/service_interface/include/service_interface/srv/velocity_boundary_check.h
[0.596s] -- Up-to-date: /home/tan/Desktop/car_d/car_ws/install/service_interface/include/service_interface/srv/ready.h
[0.596s] -- Up-to-date: /home/tan/Desktop/car_d/car_ws/install/service_interface/include/service_interface/srv/location.h
[0.596s] -- Up-to-date: /home/tan/Desktop/car_d/car_ws/install/service_interface/include/service_interface/srv/poly_line_intersection_check.h
[0.597s] -- Up-to-date: /home/tan/Desktop/car_d/car_ws/install/service_interface/include/service_interface/msg
[0.597s] -- Up-to-date: /home/tan/Desktop/car_d/car_ws/install/service_interface/include/service_interface/msg/rosidl_generator_c__visibility_control.h
[0.597s] -- Up-to-date: /home/tan/Desktop/car_d/car_ws/install/service_interface/share/service_interface/environment/library_path.sh
[0.598s] -- Up-to-date: /home/tan/Desktop/car_d/car_ws/install/service_interface/share/service_interface/environment/library_path.dsv
[0.598s] -- Up-to-date: /home/tan/Desktop/car_d/car_ws/install/service_interface/lib/libservice_interface__rosidl_generator_c.so
[0.602s] -- Up-to-date: /home/tan/Desktop/car_d/car_ws/install/service_interface/include/service_interface
[0.602s] -- Up-to-date: /home/tan/Desktop/car_d/car_ws/install/service_interface/include/service_interface/srv
[0.603s] -- Up-to-date: /home/tan/Desktop/car_d/car_ws/install/service_interface/include/service_interface/srv/detail
[0.603s] -- Up-to-date: /home/tan/Desktop/car_d/car_ws/install/service_interface/include/service_interface/srv/detail/force_boundary_check__rosidl_typesupport_fastrtps_c.h
[0.603s] -- Up-to-date: /home/tan/Desktop/car_d/car_ws/install/service_interface/include/service_interface/srv/detail/location__rosidl_typesupport_fastrtps_c.h
[0.604s] -- Up-to-date: /home/tan/Desktop/car_d/car_ws/install/service_interface/include/service_interface/srv/detail/velocity_boundary_check__rosidl_typesupport_fastrtps_c.h
[0.604s] -- Up-to-date: /home/tan/Desktop/car_d/car_ws/install/service_interface/include/service_interface/srv/detail/ready__rosidl_typesupport_fastrtps_c.h
[0.604s] -- Up-to-date: /home/tan/Desktop/car_d/car_ws/install/service_interface/include/service_interface/srv/detail/force__rosidl_typesupport_fastrtps_c.h
[0.605s] -- Up-to-date: /home/tan/Desktop/car_d/car_ws/install/service_interface/include/service_interface/srv/detail/poly_line_intersection_check__rosidl_typesupport_fastrtps_c.h
[0.605s] -- Up-to-date: /home/tan/Desktop/car_d/car_ws/install/service_interface/include/service_interface/msg
[0.606s] -- Up-to-date: /home/tan/Desktop/car_d/car_ws/install/service_interface/include/service_interface/msg/rosidl_typesupport_fastrtps_c__visibility_control.h
[0.606s] -- Up-to-date: /home/tan/Desktop/car_d/car_ws/install/service_interface/lib/libservice_interface__rosidl_typesupport_fastrtps_c.so
[0.606s] -- Up-to-date: /home/tan/Desktop/car_d/car_ws/install/service_interface/include/service_interface
[0.607s] -- Up-to-date: /home/tan/Desktop/car_d/car_ws/install/service_interface/include/service_interface/srv
[0.607s] -- Up-to-date: /home/tan/Desktop/car_d/car_ws/install/service_interface/include/service_interface/srv/detail
[0.608s] -- Up-to-date: /home/tan/Desktop/car_d/car_ws/install/service_interface/include/service_interface/srv/detail/velocity_boundary_check__rosidl_typesupport_fastrtps_cpp.hpp
[0.609s] -- Up-to-date: /home/tan/Desktop/car_d/car_ws/install/service_interface/include/service_interface/srv/detail/ready__rosidl_typesupport_fastrtps_cpp.hpp
[0.610s] -- Up-to-date: /home/tan/Desktop/car_d/car_ws/install/service_interface/include/service_interface/srv/detail/location__rosidl_typesupport_fastrtps_cpp.hpp
[0.611s] -- Up-to-date: /home/tan/Desktop/car_d/car_ws/install/service_interface/include/service_interface/srv/detail/dds_fastrtps
[0.620s] -- Up-to-date: /home/tan/Desktop/car_d/car_ws/install/service_interface/include/service_interface/srv/detail/force_boundary_check__rosidl_typesupport_fastrtps_cpp.hpp
[0.620s] -- Up-to-date: /home/tan/Desktop/car_d/car_ws/install/service_interface/include/service_interface/srv/detail/poly_line_intersection_check__rosidl_typesupport_fastrtps_cpp.hpp
[0.620s] -- Up-to-date: /home/tan/Desktop/car_d/car_ws/install/service_interface/include/service_interface/srv/detail/force__rosidl_typesupport_fastrtps_cpp.hpp
[0.621s] -- Up-to-date: /home/tan/Desktop/car_d/car_ws/install/service_interface/include/service_interface/msg
[0.621s] -- Up-to-date: /home/tan/Desktop/car_d/car_ws/install/service_interface/include/service_interface/msg/rosidl_typesupport_fastrtps_cpp__visibility_control.h
[0.621s] -- Up-to-date: /home/tan/Desktop/car_d/car_ws/install/service_interface/lib/libservice_interface__rosidl_typesupport_fastrtps_cpp.so
[0.621s] -- Up-to-date: /home/tan/Desktop/car_d/car_ws/install/service_interface/include/service_interface
[0.622s] -- Up-to-date: /home/tan/Desktop/car_d/car_ws/install/service_interface/include/service_interface/srv
[0.622s] -- Up-to-date: /home/tan/Desktop/car_d/car_ws/install/service_interface/include/service_interface/srv/detail
[0.622s] -- Up-to-date: /home/tan/Desktop/car_d/car_ws/install/service_interface/include/service_interface/srv/detail/poly_line_intersection_check__rosidl_typesupport_introspection_c.h
[0.622s] -- Up-to-date: /home/tan/Desktop/car_d/car_ws/install/service_interface/include/service_interface/srv/detail/velocity_boundary_check__rosidl_typesupport_introspection_c.h
[0.623s] -- Up-to-date: /home/tan/Desktop/car_d/car_ws/install/service_interface/include/service_interface/srv/detail/force_boundary_check__type_support.c
[0.623s] -- Up-to-date: /home/tan/Desktop/car_d/car_ws/install/service_interface/include/service_interface/srv/detail/ready__type_support.c
[0.623s] -- Up-to-date: /home/tan/Desktop/car_d/car_ws/install/service_interface/include/service_interface/srv/detail/force__rosidl_typesupport_introspection_c.h
[0.623s] -- Up-to-date: /home/tan/Desktop/car_d/car_ws/install/service_interface/include/service_interface/srv/detail/location__rosidl_typesupport_introspection_c.h
[0.623s] -- Up-to-date: /home/tan/Desktop/car_d/car_ws/install/service_interface/include/service_interface/srv/detail/poly_line_intersection_check__type_support.c
[0.624s] -- Up-to-date: /home/tan/Desktop/car_d/car_ws/install/service_interface/include/service_interface/srv/detail/velocity_boundary_check__type_support.c
[0.624s] -- Up-to-date: /home/tan/Desktop/car_d/car_ws/install/service_interface/include/service_interface/srv/detail/force_boundary_check__rosidl_typesupport_introspection_c.h
[0.624s] -- Up-to-date: /home/tan/Desktop/car_d/car_ws/install/service_interface/include/service_interface/srv/detail/force__type_support.c
[0.624s] -- Up-to-date: /home/tan/Desktop/car_d/car_ws/install/service_interface/include/service_interface/srv/detail/location__type_support.c
[0.624s] -- Up-to-date: /home/tan/Desktop/car_d/car_ws/install/service_interface/include/service_interface/srv/detail/ready__rosidl_typesupport_introspection_c.h
[0.625s] -- Up-to-date: /home/tan/Desktop/car_d/car_ws/install/service_interface/include/service_interface/msg
[0.629s] -- Up-to-date: /home/tan/Desktop/car_d/car_ws/install/service_interface/include/service_interface/msg/rosidl_typesupport_introspection_c__visibility_control.h
[0.630s] -- Up-to-date: /home/tan/Desktop/car_d/car_ws/install/service_interface/lib/libservice_interface__rosidl_typesupport_introspection_c.so
[0.631s] -- Up-to-date: /home/tan/Desktop/car_d/car_ws/install/service_interface/lib/libservice_interface__rosidl_typesupport_c.so
[0.631s] -- Up-to-date: /home/tan/Desktop/car_d/car_ws/install/service_interface/include/service_interface
[0.631s] -- Up-to-date: /home/tan/Desktop/car_d/car_ws/install/service_interface/include/service_interface/srv
[0.632s] -- Up-to-date: /home/tan/Desktop/car_d/car_ws/install/service_interface/include/service_interface/srv/poly_line_intersection_check.hpp
[0.632s] -- Up-to-date: /home/tan/Desktop/car_d/car_ws/install/service_interface/include/service_interface/srv/force.hpp
[0.632s] -- Up-to-date: /home/tan/Desktop/car_d/car_ws/install/service_interface/include/service_interface/srv/ready.hpp
[0.633s] -- Up-to-date: /home/tan/Desktop/car_d/car_ws/install/service_interface/include/service_interface/srv/location.hpp
[0.633s] -- Up-to-date: /home/tan/Desktop/car_d/car_ws/install/service_interface/include/service_interface/srv/force_boundary_check.hpp
[0.633s] -- Up-to-date: /home/tan/Desktop/car_d/car_ws/install/service_interface/include/service_interface/srv/detail
[0.634s] -- Up-to-date: /home/tan/Desktop/car_d/car_ws/install/service_interface/include/service_interface/srv/detail/force_boundary_check__builder.hpp
[0.634s] -- Up-to-date: /home/tan/Desktop/car_d/car_ws/install/service_interface/include/service_interface/srv/detail/velocity_boundary_check__struct.hpp
[0.638s] -- Up-to-date: /home/tan/Desktop/car_d/car_ws/install/service_interface/include/service_interface/srv/detail/velocity_boundary_check__builder.hpp
[0.638s] -- Up-to-date: /home/tan/Desktop/car_d/car_ws/install/service_interface/include/service_interface/srv/detail/velocity_boundary_check__traits.hpp
[0.638s] -- Up-to-date: /home/tan/Desktop/car_d/car_ws/install/service_interface/include/service_interface/srv/detail/force__builder.hpp
[0.639s] -- Up-to-date: /home/tan/Desktop/car_d/car_ws/install/service_interface/include/service_interface/srv/detail/force_boundary_check__struct.hpp
[0.639s] -- Up-to-date: /home/tan/Desktop/car_d/car_ws/install/service_interface/include/service_interface/srv/detail/ready__builder.hpp
[0.639s] -- Up-to-date: /home/tan/Desktop/car_d/car_ws/install/service_interface/include/service_interface/srv/detail/ready__struct.hpp
[0.639s] -- Up-to-date: /home/tan/Desktop/car_d/car_ws/install/service_interface/include/service_interface/srv/detail/ready__traits.hpp
[0.639s] -- Up-to-date: /home/tan/Desktop/car_d/car_ws/install/service_interface/include/service_interface/srv/detail/poly_line_intersection_check__traits.hpp
[0.640s] -- Up-to-date: /home/tan/Desktop/car_d/car_ws/install/service_interface/include/service_interface/srv/detail/force__traits.hpp
[0.640s] -- Up-to-date: /home/tan/Desktop/car_d/car_ws/install/service_interface/include/service_interface/srv/detail/location__struct.hpp
[0.640s] -- Up-to-date: /home/tan/Desktop/car_d/car_ws/install/service_interface/include/service_interface/srv/detail/location__traits.hpp
[0.640s] -- Up-to-date: /home/tan/Desktop/car_d/car_ws/install/service_interface/include/service_interface/srv/detail/poly_line_intersection_check__struct.hpp
[0.641s] -- Up-to-date: /home/tan/Desktop/car_d/car_ws/install/service_interface/include/service_interface/srv/detail/force__struct.hpp
[0.644s] -- Up-to-date: /home/tan/Desktop/car_d/car_ws/install/service_interface/include/service_interface/srv/detail/force_boundary_check__traits.hpp
[0.644s] -- Up-to-date: /home/tan/Desktop/car_d/car_ws/install/service_interface/include/service_interface/srv/detail/location__builder.hpp
[0.644s] -- Up-to-date: /home/tan/Desktop/car_d/car_ws/install/service_interface/include/service_interface/srv/detail/poly_line_intersection_check__builder.hpp
[0.644s] -- Up-to-date: /home/tan/Desktop/car_d/car_ws/install/service_interface/include/service_interface/srv/velocity_boundary_check.hpp
[0.645s] -- Up-to-date: /home/tan/Desktop/car_d/car_ws/install/service_interface/include/service_interface
[0.645s] -- Up-to-date: /home/tan/Desktop/car_d/car_ws/install/service_interface/include/service_interface/srv
[0.645s] -- Up-to-date: /home/tan/Desktop/car_d/car_ws/install/service_interface/include/service_interface/srv/detail
[0.645s] -- Up-to-date: /home/tan/Desktop/car_d/car_ws/install/service_interface/include/service_interface/srv/detail/velocity_boundary_check__type_support.cpp
[0.645s] -- Up-to-date: /home/tan/Desktop/car_d/car_ws/install/service_interface/include/service_interface/srv/detail/poly_line_intersection_check__type_support.cpp
[0.646s] -- Up-to-date: /home/tan/Desktop/car_d/car_ws/install/service_interface/include/service_interface/srv/detail/force__type_support.cpp
[0.646s] -- Up-to-date: /home/tan/Desktop/car_d/car_ws/install/service_interface/include/service_interface/srv/detail/ready__type_support.cpp
[0.649s] -- Up-to-date: /home/tan/Desktop/car_d/car_ws/install/service_interface/include/service_interface/srv/detail/force_boundary_check__rosidl_typesupport_introspection_cpp.hpp
[0.649s] -- Up-to-date: /home/tan/Desktop/car_d/car_ws/install/service_interface/include/service_interface/srv/detail/ready__rosidl_typesupport_introspection_cpp.hpp
[0.650s] -- Up-to-date: /home/tan/Desktop/car_d/car_ws/install/service_interface/include/service_interface/srv/detail/force__rosidl_typesupport_introspection_cpp.hpp
[0.650s] -- Up-to-date: /home/tan/Desktop/car_d/car_ws/install/service_interface/include/service_interface/srv/detail/force_boundary_check__type_support.cpp
[0.650s] -- Up-to-date: /home/tan/Desktop/car_d/car_ws/install/service_interface/include/service_interface/srv/detail/velocity_boundary_check__rosidl_typesupport_introspection_cpp.hpp
[0.650s] -- Up-to-date: /home/tan/Desktop/car_d/car_ws/install/service_interface/include/service_interface/srv/detail/location__rosidl_typesupport_introspection_cpp.hpp
[0.650s] -- Up-to-date: /home/tan/Desktop/car_d/car_ws/install/service_interface/include/service_interface/srv/detail/poly_line_intersection_check__rosidl_typesupport_introspection_cpp.hpp
[0.651s] -- Up-to-date: /home/tan/Desktop/car_d/car_ws/install/service_interface/include/service_interface/srv/detail/location__type_support.cpp
[0.651s] -- Up-to-date: /home/tan/Desktop/car_d/car_ws/install/service_interface/lib/libservice_interface__rosidl_typesupport_introspection_cpp.so
[0.651s] -- Up-to-date: /home/tan/Desktop/car_d/car_ws/install/service_interface/lib/libservice_interface__rosidl_typesupport_cpp.so
[0.651s] -- Up-to-date: /home/tan/Desktop/car_d/car_ws/install/service_interface/share/service_interface/environment/pythonpath.sh
[0.652s] -- Up-to-date: /home/tan/Desktop/car_d/car_ws/install/service_interface/share/service_interface/environment/pythonpath.dsv
[0.652s] -- Up-to-date: /home/tan/Desktop/car_d/car_ws/install/service_interface/lib/python3.8/site-packages/service_interface/__init__.py
[0.652s] -- Up-to-date: /home/tan/Desktop/car_d/car_ws/install/service_interface/lib/python3.8/site-packages/service_interface/srv
[0.652s] -- Up-to-date: /home/tan/Desktop/car_d/car_ws/install/service_interface/lib/python3.8/site-packages/service_interface/srv/_force_boundary_check_s.c
[0.653s] -- Up-to-date: /home/tan/Desktop/car_d/car_ws/install/service_interface/lib/python3.8/site-packages/service_interface/srv/_ready.py
[0.653s] -- Up-to-date: /home/tan/Desktop/car_d/car_ws/install/service_interface/lib/python3.8/site-packages/service_interface/srv/_force_s.c
[0.653s] -- Up-to-date: /home/tan/Desktop/car_d/car_ws/install/service_interface/lib/python3.8/site-packages/service_interface/srv/_force_boundary_check.py
[0.653s] -- Up-to-date: /home/tan/Desktop/car_d/car_ws/install/service_interface/lib/python3.8/site-packages/service_interface/srv/_poly_line_intersection_check.py
[0.653s] -- Up-to-date: /home/tan/Desktop/car_d/car_ws/install/service_interface/lib/python3.8/site-packages/service_interface/srv/_velocity_boundary_check_s.c
[0.654s] -- Up-to-date: /home/tan/Desktop/car_d/car_ws/install/service_interface/lib/python3.8/site-packages/service_interface/srv/_ready_s.c
[0.654s] -- Up-to-date: /home/tan/Desktop/car_d/car_ws/install/service_interface/lib/python3.8/site-packages/service_interface/srv/_force.py
[0.658s] -- Up-to-date: /home/tan/Desktop/car_d/car_ws/install/service_interface/lib/python3.8/site-packages/service_interface/srv/_location.py
[0.659s] -- Up-to-date: /home/tan/Desktop/car_d/car_ws/install/service_interface/lib/python3.8/site-packages/service_interface/srv/__init__.py
[0.659s] -- Up-to-date: /home/tan/Desktop/car_d/car_ws/install/service_interface/lib/python3.8/site-packages/service_interface/srv/_velocity_boundary_check.py
[0.659s] -- Up-to-date: /home/tan/Desktop/car_d/car_ws/install/service_interface/lib/python3.8/site-packages/service_interface/srv/_location_s.c
[0.659s] -- Up-to-date: /home/tan/Desktop/car_d/car_ws/install/service_interface/lib/python3.8/site-packages/service_interface/srv/_poly_line_intersection_check_s.c
[0.659s] -- Up-to-date: /home/tan/Desktop/car_d/car_ws/install/service_interface/lib/python3.8/site-packages/service_interface/service_interface_s__rosidl_typesupport_fastrtps_c.cpython-38-x86_64-linux-gnu.so
[0.659s] -- Up-to-date: /home/tan/Desktop/car_d/car_ws/install/service_interface/lib/python3.8/site-packages/service_interface/service_interface_s__rosidl_typesupport_introspection_c.cpython-38-x86_64-linux-gnu.so
[0.659s] -- Up-to-date: /home/tan/Desktop/car_d/car_ws/install/service_interface/lib/python3.8/site-packages/service_interface/service_interface_s__rosidl_typesupport_c.cpython-38-x86_64-linux-gnu.so
[0.659s] -- Up-to-date: /home/tan/Desktop/car_d/car_ws/install/service_interface/lib/libservice_interface__python.so
[0.660s] -- Up-to-date: /home/tan/Desktop/car_d/car_ws/install/service_interface/share/service_interface/srv/Force.idl
[0.660s] -- Up-to-date: /home/tan/Desktop/car_d/car_ws/install/service_interface/share/service_interface/srv/Location.idl
[0.660s] -- Up-to-date: /home/tan/Desktop/car_d/car_ws/install/service_interface/share/service_interface/srv/ForceBoundaryCheck.idl
[0.660s] -- Up-to-date: /home/tan/Desktop/car_d/car_ws/install/service_interface/share/service_interface/srv/VelocityBoundaryCheck.idl
[0.660s] -- Up-to-date: /home/tan/Desktop/car_d/car_ws/install/service_interface/share/service_interface/srv/PolyLineIntersectionCheck.idl
[0.660s] -- Up-to-date: /home/tan/Desktop/car_d/car_ws/install/service_interface/share/service_interface/srv/Ready.idl
[0.660s] -- Up-to-date: /home/tan/Desktop/car_d/car_ws/install/service_interface/share/service_interface/srv/Force.srv
[0.660s] -- Up-to-date: /home/tan/Desktop/car_d/car_ws/install/service_interface/share/service_interface/srv/Force_Request.msg
[0.661s] -- Up-to-date: /home/tan/Desktop/car_d/car_ws/install/service_interface/share/service_interface/srv/Force_Response.msg
[0.661s] -- Up-to-date: /home/tan/Desktop/car_d/car_ws/install/service_interface/share/service_interface/srv/Location.srv
[0.661s] -- Up-to-date: /home/tan/Desktop/car_d/car_ws/install/service_interface/share/service_interface/srv/Location_Request.msg
[0.661s] -- Up-to-date: /home/tan/Desktop/car_d/car_ws/install/service_interface/share/service_interface/srv/Location_Response.msg
[0.661s] -- Up-to-date: /home/tan/Desktop/car_d/car_ws/install/service_interface/share/service_interface/srv/ForceBoundaryCheck.srv
[0.661s] -- Up-to-date: /home/tan/Desktop/car_d/car_ws/install/service_interface/share/service_interface/srv/ForceBoundaryCheck_Request.msg
[0.661s] -- Up-to-date: /home/tan/Desktop/car_d/car_ws/install/service_interface/share/service_interface/srv/ForceBoundaryCheck_Response.msg
[0.661s] -- Up-to-date: /home/tan/Desktop/car_d/car_ws/install/service_interface/share/service_interface/srv/VelocityBoundaryCheck.srv
[0.662s] -- Up-to-date: /home/tan/Desktop/car_d/car_ws/install/service_interface/share/service_interface/srv/VelocityBoundaryCheck_Request.msg
[0.662s] -- Up-to-date: /home/tan/Desktop/car_d/car_ws/install/service_interface/share/service_interface/srv/VelocityBoundaryCheck_Response.msg
[0.662s] -- Up-to-date: /home/tan/Desktop/car_d/car_ws/install/service_interface/share/service_interface/srv/PolyLineIntersectionCheck.srv
[0.662s] -- Up-to-date: /home/tan/Desktop/car_d/car_ws/install/service_interface/share/service_interface/srv/PolyLineIntersectionCheck_Request.msg
[0.662s] -- Up-to-date: /home/tan/Desktop/car_d/car_ws/install/service_interface/share/service_interface/srv/PolyLineIntersectionCheck_Response.msg
[0.662s] -- Up-to-date: /home/tan/Desktop/car_d/car_ws/install/service_interface/share/service_interface/srv/Ready.srv
[0.662s] -- Up-to-date: /home/tan/Desktop/car_d/car_ws/install/service_interface/share/service_interface/srv/Ready_Request.msg
[0.665s] -- Up-to-date: /home/tan/Desktop/car_d/car_ws/install/service_interface/share/service_interface/srv/Ready_Response.msg
[0.665s] -- Up-to-date: /home/tan/Desktop/car_d/car_ws/install/service_interface/share/ament_index/resource_index/package_run_dependencies/service_interface
[0.666s] -- Up-to-date: /home/tan/Desktop/car_d/car_ws/install/service_interface/share/ament_index/resource_index/parent_prefix_path/service_interface
[0.666s] -- Up-to-date: /home/tan/Desktop/car_d/car_ws/install/service_interface/share/service_interface/environment/ament_prefix_path.sh
[0.666s] -- Up-to-date: /home/tan/Desktop/car_d/car_ws/install/service_interface/share/service_interface/environment/ament_prefix_path.dsv
[0.666s] -- Up-to-date: /home/tan/Desktop/car_d/car_ws/install/service_interface/share/service_interface/environment/path.sh
[0.666s] -- Up-to-date: /home/tan/Desktop/car_d/car_ws/install/service_interface/share/service_interface/environment/path.dsv
[0.667s] -- Up-to-date: /home/tan/Desktop/car_d/car_ws/install/service_interface/share/service_interface/local_setup.bash
[0.667s] -- Up-to-date: /home/tan/Desktop/car_d/car_ws/install/service_interface/share/service_interface/local_setup.sh
[0.667s] -- Up-to-date: /home/tan/Desktop/car_d/car_ws/install/service_interface/share/service_interface/local_setup.zsh
[0.667s] -- Up-to-date: /home/tan/Desktop/car_d/car_ws/install/service_interface/share/service_interface/local_setup.dsv
[0.667s] -- Installing: /home/tan/Desktop/car_d/car_ws/install/service_interface/share/service_interface/package.dsv
[0.668s] -- Up-to-date: /home/tan/Desktop/car_d/car_ws/install/service_interface/share/ament_index/resource_index/packages/service_interface
[0.670s] -- Up-to-date: /home/tan/Desktop/car_d/car_ws/install/service_interface/share/service_interface/cmake/service_interface__rosidl_generator_cExport.cmake
[0.671s] -- Up-to-date: /home/tan/Desktop/car_d/car_ws/install/service_interface/share/service_interface/cmake/service_interface__rosidl_generator_cExport-noconfig.cmake
[0.671s] -- Up-to-date: /home/tan/Desktop/car_d/car_ws/install/service_interface/share/service_interface/cmake/service_interface__rosidl_typesupport_introspection_cExport.cmake
[0.671s] -- Up-to-date: /home/tan/Desktop/car_d/car_ws/install/service_interface/share/service_interface/cmake/service_interface__rosidl_typesupport_introspection_cExport-noconfig.cmake
[0.671s] -- Up-to-date: /home/tan/Desktop/car_d/car_ws/install/service_interface/share/service_interface/cmake/service_interface__rosidl_typesupport_cExport.cmake
[0.671s] -- Up-to-date: /home/tan/Desktop/car_d/car_ws/install/service_interface/share/service_interface/cmake/service_interface__rosidl_typesupport_cExport-noconfig.cmake
[0.672s] -- Up-to-date: /home/tan/Desktop/car_d/car_ws/install/service_interface/share/service_interface/cmake/service_interface__rosidl_generator_cppExport.cmake
[0.672s] -- Up-to-date: /home/tan/Desktop/car_d/car_ws/install/service_interface/share/service_interface/cmake/service_interface__rosidl_typesupport_introspection_cppExport.cmake
[0.672s] -- Up-to-date: /home/tan/Desktop/car_d/car_ws/install/service_interface/share/service_interface/cmake/service_interface__rosidl_typesupport_introspection_cppExport-noconfig.cmake
[0.673s] -- Up-to-date: /home/tan/Desktop/car_d/car_ws/install/service_interface/share/service_interface/cmake/service_interface__rosidl_typesupport_cppExport.cmake
[0.675s] -- Up-to-date: /home/tan/Desktop/car_d/car_ws/install/service_interface/share/service_interface/cmake/service_interface__rosidl_typesupport_cppExport-noconfig.cmake
[0.676s] -- Up-to-date: /home/tan/Desktop/car_d/car_ws/install/service_interface/share/service_interface/cmake/rosidl_cmake-extras.cmake
[0.676s] -- Up-to-date: /home/tan/Desktop/car_d/car_ws/install/service_interface/share/service_interface/cmake/ament_cmake_export_dependencies-extras.cmake
[0.676s] -- Up-to-date: /home/tan/Desktop/car_d/car_ws/install/service_interface/share/service_interface/cmake/ament_cmake_export_libraries-extras.cmake
[0.676s] -- Up-to-date: /home/tan/Desktop/car_d/car_ws/install/service_interface/share/service_interface/cmake/ament_cmake_export_targets-extras.cmake
[0.676s] -- Up-to-date: /home/tan/Desktop/car_d/car_ws/install/service_interface/share/service_interface/cmake/ament_cmake_export_include_directories-extras.cmake
[0.677s] -- Up-to-date: /home/tan/Desktop/car_d/car_ws/install/service_interface/share/service_interface/cmake/rosidl_cmake_export_typesupport_libraries-extras.cmake
[0.677s] -- Up-to-date: /home/tan/Desktop/car_d/car_ws/install/service_interface/share/service_interface/cmake/rosidl_cmake_export_typesupport_targets-extras.cmake
[0.677s] -- Up-to-date: /home/tan/Desktop/car_d/car_ws/install/service_interface/share/service_interface/cmake/service_interfaceConfig.cmake
[0.681s] -- Up-to-date: /home/tan/Desktop/car_d/car_ws/install/service_interface/share/service_interface/cmake/service_interfaceConfig-version.cmake
[0.681s] -- Up-to-date: /home/tan/Desktop/car_d/car_ws/install/service_interface/share/service_interface/package.xml
[0.687s] Invoked command in '/home/tan/Desktop/car_d/car_ws/build/service_interface' returned '0': CMAKE_PREFIX_PATH=${CMAKE_PREFIX_PATH}:/opt/ros/foxy /usr/bin/cmake --install /home/tan/Desktop/car_d/car_ws/build/service_interface
