[0.129s] DEBUG:colcon:Command line arguments: ['/usr/bin/colcon', 'build']
[0.129s] DEBUG:colcon:Parsed command line arguments: Namespace(allow_overriding=[], ament_cmake_args=None, base_paths=['.'], build_base='build', catkin_cmake_args=None, catkin_skip_building_tests=False, cmake_args=None, cmake_clean_cache=False, cmake_clean_first=False, cmake_force_configure=False, cmake_target=None, cmake_target_skip_unavailable=False, continue_on_error=False, event_handlers=None, executor='parallel', ignore_user_meta=False, install_base='install', log_base=None, log_level=None, main=<bound method BuildVerb.main of <colcon_core.verb.build.BuildVerb object at 0x7f43faa3b070>>, merge_install=False, metas=['./colcon.meta'], packages_above=None, packages_above_and_dependencies=None, packages_above_depth=None, packages_end=None, packages_ignore=None, packages_ignore_regex=None, packages_select=None, packages_select_build_failed=False, packages_select_by_dep=None, packages_select_regex=None, packages_select_test_failures=False, packages_skip=None, packages_skip_build_finished=False, packages_skip_by_dep=None, packages_skip_regex=None, packages_skip_test_passed=False, packages_skip_up_to=None, packages_start=None, packages_up_to=None, packages_up_to_regex=None, parallel_workers=16, paths=None, symlink_install=False, test_result_base=None, verb_extension=<colcon_core.verb.build.BuildVerb object at 0x7f43faa3b070>, verb_name='build', verb_parser=<colcon_defaults.argument_parser.defaults.DefaultArgumentsDecorator object at 0x7f43faa3b5b0>)
[0.149s] Level 1:colcon.colcon_core.package_discovery:discover_packages(colcon_meta) check parameters
[0.149s] Level 1:colcon.colcon_core.package_discovery:discover_packages(recursive) check parameters
[0.149s] Level 1:colcon.colcon_core.package_discovery:discover_packages(ignore) check parameters
[0.149s] Level 1:colcon.colcon_core.package_discovery:discover_packages(path) check parameters
[0.149s] Level 1:colcon.colcon_core.package_discovery:discover_packages(colcon_meta) discover
[0.149s] Level 1:colcon.colcon_core.package_discovery:discover_packages(recursive) discover
[0.149s] INFO:colcon.colcon_core.package_discovery:Crawling recursively for packages in '/home/tan/Desktop/car_d/car_ws'
[0.149s] Level 1:colcon.colcon_core.package_identification:_identify(.) by extensions ['ignore', 'ignore_ament_install']
[0.149s] Level 1:colcon.colcon_core.package_identification:_identify(.) by extension 'ignore'
[0.149s] Level 1:colcon.colcon_core.package_identification:_identify(.) by extension 'ignore_ament_install'
[0.149s] Level 1:colcon.colcon_core.package_identification:_identify(.) by extensions ['colcon_pkg']
[0.149s] Level 1:colcon.colcon_core.package_identification:_identify(.) by extension 'colcon_pkg'
[0.149s] Level 1:colcon.colcon_core.package_identification:_identify(.) by extensions ['colcon_meta']
[0.149s] Level 1:colcon.colcon_core.package_identification:_identify(.) by extension 'colcon_meta'
[0.149s] Level 1:colcon.colcon_core.package_identification:_identify(.) by extensions ['ros']
[0.149s] Level 1:colcon.colcon_core.package_identification:_identify(.) by extension 'ros'
[0.162s] Level 1:colcon.colcon_core.package_identification:_identify(.) by extensions ['cmake', 'python']
[0.162s] Level 1:colcon.colcon_core.package_identification:_identify(.) by extension 'cmake'
[0.162s] Level 1:colcon.colcon_core.package_identification:_identify(.) by extension 'python'
[0.162s] Level 1:colcon.colcon_core.package_identification:_identify(.) by extensions ['python_setup_py']
[0.162s] Level 1:colcon.colcon_core.package_identification:_identify(.) by extension 'python_setup_py'
[0.162s] Level 1:colcon.colcon_core.package_identification:_identify(build) by extensions ['ignore', 'ignore_ament_install']
[0.162s] Level 1:colcon.colcon_core.package_identification:_identify(build) by extension 'ignore'
[0.162s] Level 1:colcon.colcon_core.package_identification:_identify(build) ignored
[0.162s] Level 1:colcon.colcon_core.package_identification:_identify(install) by extensions ['ignore', 'ignore_ament_install']
[0.162s] Level 1:colcon.colcon_core.package_identification:_identify(install) by extension 'ignore'
[0.163s] Level 1:colcon.colcon_core.package_identification:_identify(install) ignored
[0.163s] Level 1:colcon.colcon_core.package_identification:_identify(log) by extensions ['ignore', 'ignore_ament_install']
[0.163s] Level 1:colcon.colcon_core.package_identification:_identify(log) by extension 'ignore'
[0.163s] Level 1:colcon.colcon_core.package_identification:_identify(log) ignored
[0.163s] Level 1:colcon.colcon_core.package_identification:_identify(src) by extensions ['ignore', 'ignore_ament_install']
[0.163s] Level 1:colcon.colcon_core.package_identification:_identify(src) by extension 'ignore'
[0.163s] Level 1:colcon.colcon_core.package_identification:_identify(src) by extension 'ignore_ament_install'
[0.163s] Level 1:colcon.colcon_core.package_identification:_identify(src) by extensions ['colcon_pkg']
[0.163s] Level 1:colcon.colcon_core.package_identification:_identify(src) by extension 'colcon_pkg'
[0.163s] Level 1:colcon.colcon_core.package_identification:_identify(src) by extensions ['colcon_meta']
[0.163s] Level 1:colcon.colcon_core.package_identification:_identify(src) by extension 'colcon_meta'
[0.163s] Level 1:colcon.colcon_core.package_identification:_identify(src) by extensions ['ros']
[0.163s] Level 1:colcon.colcon_core.package_identification:_identify(src) by extension 'ros'
[0.163s] Level 1:colcon.colcon_core.package_identification:_identify(src) by extensions ['cmake', 'python']
[0.163s] Level 1:colcon.colcon_core.package_identification:_identify(src) by extension 'cmake'
[0.163s] Level 1:colcon.colcon_core.package_identification:_identify(src) by extension 'python'
[0.163s] Level 1:colcon.colcon_core.package_identification:_identify(src) by extensions ['python_setup_py']
[0.163s] Level 1:colcon.colcon_core.package_identification:_identify(src) by extension 'python_setup_py'
[0.163s] Level 1:colcon.colcon_core.package_identification:_identify(src/carrl_interface) by extensions ['ignore', 'ignore_ament_install']
[0.163s] Level 1:colcon.colcon_core.package_identification:_identify(src/carrl_interface) by extension 'ignore'
[0.164s] Level 1:colcon.colcon_core.package_identification:_identify(src/carrl_interface) by extension 'ignore_ament_install'
[0.164s] Level 1:colcon.colcon_core.package_identification:_identify(src/carrl_interface) by extensions ['colcon_pkg']
[0.164s] Level 1:colcon.colcon_core.package_identification:_identify(src/carrl_interface) by extension 'colcon_pkg'
[0.164s] Level 1:colcon.colcon_core.package_identification:_identify(src/carrl_interface) by extensions ['colcon_meta']
[0.164s] Level 1:colcon.colcon_core.package_identification:_identify(src/carrl_interface) by extension 'colcon_meta'
[0.164s] Level 1:colcon.colcon_core.package_identification:_identify(src/carrl_interface) by extensions ['ros']
[0.164s] Level 1:colcon.colcon_core.package_identification:_identify(src/carrl_interface) by extension 'ros'
[0.166s] DEBUG:colcon.colcon_core.package_identification:Package 'src/carrl_interface' with type 'ros.ament_cmake' and name 'carrl_interface'
[0.166s] Level 1:colcon.colcon_core.package_identification:_identify(src/msg_interface) by extensions ['ignore', 'ignore_ament_install']
[0.166s] Level 1:colcon.colcon_core.package_identification:_identify(src/msg_interface) by extension 'ignore'
[0.166s] Level 1:colcon.colcon_core.package_identification:_identify(src/msg_interface) by extension 'ignore_ament_install'
[0.166s] Level 1:colcon.colcon_core.package_identification:_identify(src/msg_interface) by extensions ['colcon_pkg']
[0.166s] Level 1:colcon.colcon_core.package_identification:_identify(src/msg_interface) by extension 'colcon_pkg'
[0.166s] Level 1:colcon.colcon_core.package_identification:_identify(src/msg_interface) by extensions ['colcon_meta']
[0.166s] Level 1:colcon.colcon_core.package_identification:_identify(src/msg_interface) by extension 'colcon_meta'
[0.166s] Level 1:colcon.colcon_core.package_identification:_identify(src/msg_interface) by extensions ['ros']
[0.166s] Level 1:colcon.colcon_core.package_identification:_identify(src/msg_interface) by extension 'ros'
[0.166s] DEBUG:colcon.colcon_core.package_identification:Package 'src/msg_interface' with type 'ros.ament_cmake' and name 'msg_interface'
[0.166s] Level 1:colcon.colcon_core.package_identification:_identify(src/px4_node) by extensions ['ignore', 'ignore_ament_install']
[0.166s] Level 1:colcon.colcon_core.package_identification:_identify(src/px4_node) by extension 'ignore'
[0.167s] Level 1:colcon.colcon_core.package_identification:_identify(src/px4_node) by extension 'ignore_ament_install'
[0.167s] Level 1:colcon.colcon_core.package_identification:_identify(src/px4_node) by extensions ['colcon_pkg']
[0.167s] Level 1:colcon.colcon_core.package_identification:_identify(src/px4_node) by extension 'colcon_pkg'
[0.167s] Level 1:colcon.colcon_core.package_identification:_identify(src/px4_node) by extensions ['colcon_meta']
[0.167s] Level 1:colcon.colcon_core.package_identification:_identify(src/px4_node) by extension 'colcon_meta'
[0.167s] Level 1:colcon.colcon_core.package_identification:_identify(src/px4_node) by extensions ['ros']
[0.167s] Level 1:colcon.colcon_core.package_identification:_identify(src/px4_node) by extension 'ros'
[0.167s] DEBUG:colcon.colcon_core.package_identification:Package 'src/px4_node' with type 'ros.ament_cmake' and name 'px4_node'
[0.167s] Level 1:colcon.colcon_core.package_identification:_identify(src/service_interface) by extensions ['ignore', 'ignore_ament_install']
[0.167s] Level 1:colcon.colcon_core.package_identification:_identify(src/service_interface) by extension 'ignore'
[0.167s] Level 1:colcon.colcon_core.package_identification:_identify(src/service_interface) by extension 'ignore_ament_install'
[0.168s] Level 1:colcon.colcon_core.package_identification:_identify(src/service_interface) by extensions ['colcon_pkg']
[0.168s] Level 1:colcon.colcon_core.package_identification:_identify(src/service_interface) by extension 'colcon_pkg'
[0.168s] Level 1:colcon.colcon_core.package_identification:_identify(src/service_interface) by extensions ['colcon_meta']
[0.168s] Level 1:colcon.colcon_core.package_identification:_identify(src/service_interface) by extension 'colcon_meta'
[0.168s] Level 1:colcon.colcon_core.package_identification:_identify(src/service_interface) by extensions ['ros']
[0.168s] Level 1:colcon.colcon_core.package_identification:_identify(src/service_interface) by extension 'ros'
[0.168s] DEBUG:colcon.colcon_core.package_identification:Package 'src/service_interface' with type 'ros.ament_cmake' and name 'service_interface'
[0.168s] Level 1:colcon.colcon_core.package_identification:_identify(src/tan) by extensions ['ignore', 'ignore_ament_install']
[0.168s] Level 1:colcon.colcon_core.package_identification:_identify(src/tan) by extension 'ignore'
[0.168s] Level 1:colcon.colcon_core.package_identification:_identify(src/tan) by extension 'ignore_ament_install'
[0.168s] Level 1:colcon.colcon_core.package_identification:_identify(src/tan) by extensions ['colcon_pkg']
[0.168s] Level 1:colcon.colcon_core.package_identification:_identify(src/tan) by extension 'colcon_pkg'
[0.168s] Level 1:colcon.colcon_core.package_identification:_identify(src/tan) by extensions ['colcon_meta']
[0.168s] Level 1:colcon.colcon_core.package_identification:_identify(src/tan) by extension 'colcon_meta'
[0.168s] Level 1:colcon.colcon_core.package_identification:_identify(src/tan) by extensions ['ros']
[0.168s] Level 1:colcon.colcon_core.package_identification:_identify(src/tan) by extension 'ros'
[0.169s] DEBUG:colcon.colcon_core.package_identification:Package 'src/tan' with type 'ros.ament_cmake' and name 'tan'
[0.169s] Level 1:colcon.colcon_core.package_discovery:discover_packages(recursive) using defaults
[0.169s] Level 1:colcon.colcon_core.package_discovery:discover_packages(ignore) discover
[0.169s] Level 1:colcon.colcon_core.package_discovery:discover_packages(ignore) using defaults
[0.169s] Level 1:colcon.colcon_core.package_discovery:discover_packages(path) discover
[0.169s] Level 1:colcon.colcon_core.package_discovery:discover_packages(path) using defaults
[0.188s] Level 1:colcon.colcon_core.package_discovery:discover_packages(prefix_path) check parameters
[0.188s] Level 1:colcon.colcon_core.package_discovery:discover_packages(prefix_path) discover
[0.191s] DEBUG:colcon.colcon_installed_package_information.package_discovery:Found 5 installed packages in /home/tan/Desktop/car_d/car_ws/install
[0.192s] DEBUG:colcon.colcon_installed_package_information.package_discovery:Found 3 installed packages in /home/tan/ros2_ws/install
[0.194s] DEBUG:colcon.colcon_installed_package_information.package_discovery:Found 311 installed packages in /opt/ros/foxy
[0.195s] Level 1:colcon.colcon_core.package_discovery:discover_packages(prefix_path) using defaults
[0.255s] Level 5:colcon.colcon_core.verb:set package 'carrl_interface' build argument 'cmake_args' from command line to 'None'
[0.256s] Level 5:colcon.colcon_core.verb:set package 'carrl_interface' build argument 'cmake_target' from command line to 'None'
[0.256s] Level 5:colcon.colcon_core.verb:set package 'carrl_interface' build argument 'cmake_target_skip_unavailable' from command line to 'False'
[0.256s] Level 5:colcon.colcon_core.verb:set package 'carrl_interface' build argument 'cmake_clean_cache' from command line to 'False'
[0.256s] Level 5:colcon.colcon_core.verb:set package 'carrl_interface' build argument 'cmake_clean_first' from command line to 'False'
[0.256s] Level 5:colcon.colcon_core.verb:set package 'carrl_interface' build argument 'cmake_force_configure' from command line to 'False'
[0.256s] Level 5:colcon.colcon_core.verb:set package 'carrl_interface' build argument 'ament_cmake_args' from command line to 'None'
[0.256s] Level 5:colcon.colcon_core.verb:set package 'carrl_interface' build argument 'catkin_cmake_args' from command line to 'None'
[0.256s] Level 5:colcon.colcon_core.verb:set package 'carrl_interface' build argument 'catkin_skip_building_tests' from command line to 'False'
[0.256s] DEBUG:colcon.colcon_core.verb:Building package 'carrl_interface' with the following arguments: {'ament_cmake_args': None, 'build_base': '/home/tan/Desktop/car_d/car_ws/build/carrl_interface', 'catkin_cmake_args': None, 'catkin_skip_building_tests': False, 'cmake_args': None, 'cmake_clean_cache': False, 'cmake_clean_first': False, 'cmake_force_configure': False, 'cmake_target': None, 'cmake_target_skip_unavailable': False, 'install_base': '/home/tan/Desktop/car_d/car_ws/install/carrl_interface', 'merge_install': False, 'path': '/home/tan/Desktop/car_d/car_ws/src/carrl_interface', 'symlink_install': False, 'test_result_base': None}
[0.257s] Level 5:colcon.colcon_core.verb:set package 'msg_interface' build argument 'cmake_args' from command line to 'None'
[0.257s] Level 5:colcon.colcon_core.verb:set package 'msg_interface' build argument 'cmake_target' from command line to 'None'
[0.257s] Level 5:colcon.colcon_core.verb:set package 'msg_interface' build argument 'cmake_target_skip_unavailable' from command line to 'False'
[0.257s] Level 5:colcon.colcon_core.verb:set package 'msg_interface' build argument 'cmake_clean_cache' from command line to 'False'
[0.257s] Level 5:colcon.colcon_core.verb:set package 'msg_interface' build argument 'cmake_clean_first' from command line to 'False'
[0.257s] Level 5:colcon.colcon_core.verb:set package 'msg_interface' build argument 'cmake_force_configure' from command line to 'False'
[0.257s] Level 5:colcon.colcon_core.verb:set package 'msg_interface' build argument 'ament_cmake_args' from command line to 'None'
[0.257s] Level 5:colcon.colcon_core.verb:set package 'msg_interface' build argument 'catkin_cmake_args' from command line to 'None'
[0.257s] Level 5:colcon.colcon_core.verb:set package 'msg_interface' build argument 'catkin_skip_building_tests' from command line to 'False'
[0.258s] DEBUG:colcon.colcon_core.verb:Building package 'msg_interface' with the following arguments: {'ament_cmake_args': None, 'build_base': '/home/tan/Desktop/car_d/car_ws/build/msg_interface', 'catkin_cmake_args': None, 'catkin_skip_building_tests': False, 'cmake_args': None, 'cmake_clean_cache': False, 'cmake_clean_first': False, 'cmake_force_configure': False, 'cmake_target': None, 'cmake_target_skip_unavailable': False, 'install_base': '/home/tan/Desktop/car_d/car_ws/install/msg_interface', 'merge_install': False, 'path': '/home/tan/Desktop/car_d/car_ws/src/msg_interface', 'symlink_install': False, 'test_result_base': None}
[0.259s] Level 5:colcon.colcon_core.verb:set package 'service_interface' build argument 'cmake_args' from command line to 'None'
[0.259s] Level 5:colcon.colcon_core.verb:set package 'service_interface' build argument 'cmake_target' from command line to 'None'
[0.259s] Level 5:colcon.colcon_core.verb:set package 'service_interface' build argument 'cmake_target_skip_unavailable' from command line to 'False'
[0.259s] Level 5:colcon.colcon_core.verb:set package 'service_interface' build argument 'cmake_clean_cache' from command line to 'False'
[0.259s] Level 5:colcon.colcon_core.verb:set package 'service_interface' build argument 'cmake_clean_first' from command line to 'False'
[0.259s] Level 5:colcon.colcon_core.verb:set package 'service_interface' build argument 'cmake_force_configure' from command line to 'False'
[0.259s] Level 5:colcon.colcon_core.verb:set package 'service_interface' build argument 'ament_cmake_args' from command line to 'None'
[0.259s] Level 5:colcon.colcon_core.verb:set package 'service_interface' build argument 'catkin_cmake_args' from command line to 'None'
[0.259s] Level 5:colcon.colcon_core.verb:set package 'service_interface' build argument 'catkin_skip_building_tests' from command line to 'False'
[0.259s] DEBUG:colcon.colcon_core.verb:Building package 'service_interface' with the following arguments: {'ament_cmake_args': None, 'build_base': '/home/tan/Desktop/car_d/car_ws/build/service_interface', 'catkin_cmake_args': None, 'catkin_skip_building_tests': False, 'cmake_args': None, 'cmake_clean_cache': False, 'cmake_clean_first': False, 'cmake_force_configure': False, 'cmake_target': None, 'cmake_target_skip_unavailable': False, 'install_base': '/home/tan/Desktop/car_d/car_ws/install/service_interface', 'merge_install': False, 'path': '/home/tan/Desktop/car_d/car_ws/src/service_interface', 'symlink_install': False, 'test_result_base': None}
[0.260s] Level 5:colcon.colcon_core.verb:set package 'tan' build argument 'cmake_args' from command line to 'None'
[0.260s] Level 5:colcon.colcon_core.verb:set package 'tan' build argument 'cmake_target' from command line to 'None'
[0.260s] Level 5:colcon.colcon_core.verb:set package 'tan' build argument 'cmake_target_skip_unavailable' from command line to 'False'
[0.260s] Level 5:colcon.colcon_core.verb:set package 'tan' build argument 'cmake_clean_cache' from command line to 'False'
[0.260s] Level 5:colcon.colcon_core.verb:set package 'tan' build argument 'cmake_clean_first' from command line to 'False'
[0.260s] Level 5:colcon.colcon_core.verb:set package 'tan' build argument 'cmake_force_configure' from command line to 'False'
[0.260s] Level 5:colcon.colcon_core.verb:set package 'tan' build argument 'ament_cmake_args' from command line to 'None'
[0.260s] Level 5:colcon.colcon_core.verb:set package 'tan' build argument 'catkin_cmake_args' from command line to 'None'
[0.260s] Level 5:colcon.colcon_core.verb:set package 'tan' build argument 'catkin_skip_building_tests' from command line to 'False'
[0.260s] DEBUG:colcon.colcon_core.verb:Building package 'tan' with the following arguments: {'ament_cmake_args': None, 'build_base': '/home/tan/Desktop/car_d/car_ws/build/tan', 'catkin_cmake_args': None, 'catkin_skip_building_tests': False, 'cmake_args': None, 'cmake_clean_cache': False, 'cmake_clean_first': False, 'cmake_force_configure': False, 'cmake_target': None, 'cmake_target_skip_unavailable': False, 'install_base': '/home/tan/Desktop/car_d/car_ws/install/tan', 'merge_install': False, 'path': '/home/tan/Desktop/car_d/car_ws/src/tan', 'symlink_install': False, 'test_result_base': None}
[0.262s] Level 5:colcon.colcon_core.verb:set package 'px4_node' build argument 'cmake_args' from command line to 'None'
[0.262s] Level 5:colcon.colcon_core.verb:set package 'px4_node' build argument 'cmake_target' from command line to 'None'
[0.262s] Level 5:colcon.colcon_core.verb:set package 'px4_node' build argument 'cmake_target_skip_unavailable' from command line to 'False'
[0.262s] Level 5:colcon.colcon_core.verb:set package 'px4_node' build argument 'cmake_clean_cache' from command line to 'False'
[0.262s] Level 5:colcon.colcon_core.verb:set package 'px4_node' build argument 'cmake_clean_first' from command line to 'False'
[0.262s] Level 5:colcon.colcon_core.verb:set package 'px4_node' build argument 'cmake_force_configure' from command line to 'False'
[0.262s] Level 5:colcon.colcon_core.verb:set package 'px4_node' build argument 'ament_cmake_args' from command line to 'None'
[0.262s] Level 5:colcon.colcon_core.verb:set package 'px4_node' build argument 'catkin_cmake_args' from command line to 'None'
[0.262s] Level 5:colcon.colcon_core.verb:set package 'px4_node' build argument 'catkin_skip_building_tests' from command line to 'False'
[0.262s] DEBUG:colcon.colcon_core.verb:Building package 'px4_node' with the following arguments: {'ament_cmake_args': None, 'build_base': '/home/tan/Desktop/car_d/car_ws/build/px4_node', 'catkin_cmake_args': None, 'catkin_skip_building_tests': False, 'cmake_args': None, 'cmake_clean_cache': False, 'cmake_clean_first': False, 'cmake_force_configure': False, 'cmake_target': None, 'cmake_target_skip_unavailable': False, 'install_base': '/home/tan/Desktop/car_d/car_ws/install/px4_node', 'merge_install': False, 'path': '/home/tan/Desktop/car_d/car_ws/src/px4_node', 'symlink_install': False, 'test_result_base': None}
[0.263s] INFO:colcon.colcon_core.executor:Executing jobs using 'parallel' executor
[0.269s] DEBUG:colcon.colcon_parallel_executor.executor.parallel:run_until_complete
[0.269s] INFO:colcon.colcon_ros.task.ament_cmake.build:Building ROS package in '/home/tan/Desktop/car_d/car_ws/src/msg_interface' with build type 'ament_cmake'
[0.269s] INFO:colcon.colcon_cmake.task.cmake.build:Building CMake package in '/home/tan/Desktop/car_d/car_ws/src/msg_interface'
[0.274s] INFO:colcon.colcon_core.plugin_system:Skipping extension 'colcon_core.shell.bat': Not used on non-Windows systems
[0.274s] INFO:colcon.colcon_core.shell:Skip shell extension 'powershell' for command environment: Not usable outside of PowerShell
[0.275s] DEBUG:colcon.colcon_core.shell:Skip shell extension 'dsv' for command environment
[0.284s] INFO:colcon.colcon_ros.task.ament_cmake.build:Building ROS package in '/home/tan/Desktop/car_d/car_ws/src/service_interface' with build type 'ament_cmake'
[0.284s] INFO:colcon.colcon_cmake.task.cmake.build:Building CMake package in '/home/tan/Desktop/car_d/car_ws/src/service_interface'
[0.287s] INFO:colcon.colcon_core.shell:Skip shell extension 'powershell' for command environment: Not usable outside of PowerShell
[0.287s] DEBUG:colcon.colcon_core.shell:Skip shell extension 'dsv' for command environment
[0.295s] INFO:colcon.colcon_ros.task.ament_cmake.build:Building ROS package in '/home/tan/Desktop/car_d/car_ws/src/carrl_interface' with build type 'ament_cmake'
[0.296s] INFO:colcon.colcon_cmake.task.cmake.build:Building CMake package in '/home/tan/Desktop/car_d/car_ws/src/carrl_interface'
[0.299s] INFO:colcon.colcon_core.shell:Skip shell extension 'powershell' for command environment: Not usable outside of PowerShell
[0.299s] DEBUG:colcon.colcon_core.shell:Skip shell extension 'dsv' for command environment
[0.308s] INFO:colcon.colcon_ros.task.ament_cmake.build:Building ROS package in '/home/tan/Desktop/car_d/car_ws/src/tan' with build type 'ament_cmake'
[0.309s] INFO:colcon.colcon_cmake.task.cmake.build:Building CMake package in '/home/tan/Desktop/car_d/car_ws/src/tan'
[0.313s] INFO:colcon.colcon_core.shell:Skip shell extension 'powershell' for command environment: Not usable outside of PowerShell
[0.313s] DEBUG:colcon.colcon_core.shell:Skip shell extension 'dsv' for command environment
[0.328s] DEBUG:colcon.colcon_core.event_handler.log_command:Invoking command in '/home/tan/Desktop/car_d/car_ws/build/msg_interface': CMAKE_PREFIX_PATH=${CMAKE_PREFIX_PATH}:/opt/ros/foxy /usr/bin/cmake --build /home/tan/Desktop/car_d/car_ws/build/msg_interface -- -j16 -l16
[0.334s] DEBUG:colcon.colcon_core.event_handler.log_command:Invoking command in '/home/tan/Desktop/car_d/car_ws/build/service_interface': CMAKE_PREFIX_PATH=${CMAKE_PREFIX_PATH}:/opt/ros/foxy /usr/bin/cmake --build /home/tan/Desktop/car_d/car_ws/build/service_interface -- -j16 -l16
[0.338s] DEBUG:colcon.colcon_core.event_handler.log_command:Invoking command in '/home/tan/Desktop/car_d/car_ws/build/carrl_interface': CMAKE_PREFIX_PATH=${CMAKE_PREFIX_PATH}:/opt/ros/foxy /usr/bin/cmake --build /home/tan/Desktop/car_d/car_ws/build/carrl_interface -- -j16 -l16
[0.343s] DEBUG:colcon.colcon_core.event_handler.log_command:Invoking command in '/home/tan/Desktop/car_d/car_ws/build/tan': CMAKE_PREFIX_PATH=${CMAKE_PREFIX_PATH}:/opt/ros/foxy /usr/bin/cmake --build /home/tan/Desktop/car_d/car_ws/build/tan -- -j16 -l16
[0.617s] DEBUG:colcon.colcon_core.event_handler.log_command:Invoked command in '/home/tan/Desktop/car_d/car_ws/build/msg_interface' returned '0': CMAKE_PREFIX_PATH=${CMAKE_PREFIX_PATH}:/opt/ros/foxy /usr/bin/cmake --build /home/tan/Desktop/car_d/car_ws/build/msg_interface -- -j16 -l16
[0.629s] DEBUG:colcon.colcon_core.event_handler.log_command:Invoked command in '/home/tan/Desktop/car_d/car_ws/build/carrl_interface' returned '0': CMAKE_PREFIX_PATH=${CMAKE_PREFIX_PATH}:/opt/ros/foxy /usr/bin/cmake --build /home/tan/Desktop/car_d/car_ws/build/carrl_interface -- -j16 -l16
[0.632s] DEBUG:colcon.colcon_core.event_handler.log_command:Invoked command in '/home/tan/Desktop/car_d/car_ws/build/service_interface' returned '0': CMAKE_PREFIX_PATH=${CMAKE_PREFIX_PATH}:/opt/ros/foxy /usr/bin/cmake --build /home/tan/Desktop/car_d/car_ws/build/service_interface -- -j16 -l16
[0.691s] DEBUG:colcon.colcon_core.event_handler.log_command:Invoking command in '/home/tan/Desktop/car_d/car_ws/build/carrl_interface': CMAKE_PREFIX_PATH=${CMAKE_PREFIX_PATH}:/opt/ros/foxy /usr/bin/cmake --install /home/tan/Desktop/car_d/car_ws/build/carrl_interface
[0.699s] DEBUG:colcon.colcon_core.event_handler.log_command:Invoking command in '/home/tan/Desktop/car_d/car_ws/build/msg_interface': CMAKE_PREFIX_PATH=${CMAKE_PREFIX_PATH}:/opt/ros/foxy /usr/bin/cmake --install /home/tan/Desktop/car_d/car_ws/build/msg_interface
[0.750s] Level 1:colcon.colcon_core.environment:create_environment_scripts_only(carrl_interface)
[0.761s] Level 1:colcon.colcon_core.environment:checking '/home/tan/Desktop/car_d/car_ws/install/carrl_interface' for CMake module files
[0.762s] DEBUG:colcon.colcon_core.event_handler.log_command:Invoked command in '/home/tan/Desktop/car_d/car_ws/build/carrl_interface' returned '0': CMAKE_PREFIX_PATH=${CMAKE_PREFIX_PATH}:/opt/ros/foxy /usr/bin/cmake --install /home/tan/Desktop/car_d/car_ws/build/carrl_interface
[0.763s] Level 1:colcon.colcon_core.environment:checking '/home/tan/Desktop/car_d/car_ws/install/carrl_interface' for CMake config files
[0.765s] Level 1:colcon.colcon_core.shell:create_environment_hook('carrl_interface', 'cmake_prefix_path')
[0.768s] INFO:colcon.colcon_core.shell:Creating environment hook '/home/tan/Desktop/car_d/car_ws/install/carrl_interface/share/carrl_interface/hook/cmake_prefix_path.ps1'
[0.769s] INFO:colcon.colcon_core.shell:Creating environment descriptor '/home/tan/Desktop/car_d/car_ws/install/carrl_interface/share/carrl_interface/hook/cmake_prefix_path.dsv'
[0.769s] INFO:colcon.colcon_core.shell:Creating environment hook '/home/tan/Desktop/car_d/car_ws/install/carrl_interface/share/carrl_interface/hook/cmake_prefix_path.sh'
[0.771s] Level 1:colcon.colcon_core.environment:checking '/home/tan/Desktop/car_d/car_ws/install/carrl_interface/lib'
[0.771s] Level 1:colcon.colcon_core.shell:create_environment_hook('carrl_interface', 'ld_library_path_lib')
[0.774s] INFO:colcon.colcon_core.shell:Creating environment hook '/home/tan/Desktop/car_d/car_ws/install/carrl_interface/share/carrl_interface/hook/ld_library_path_lib.ps1'
[0.775s] INFO:colcon.colcon_core.shell:Creating environment descriptor '/home/tan/Desktop/car_d/car_ws/install/carrl_interface/share/carrl_interface/hook/ld_library_path_lib.dsv'
[0.775s] INFO:colcon.colcon_core.shell:Creating environment hook '/home/tan/Desktop/car_d/car_ws/install/carrl_interface/share/carrl_interface/hook/ld_library_path_lib.sh'
[0.776s] Level 1:colcon.colcon_core.environment:checking '/home/tan/Desktop/car_d/car_ws/install/carrl_interface/bin'
[0.776s] Level 1:colcon.colcon_core.environment:checking '/home/tan/Desktop/car_d/car_ws/install/carrl_interface/lib/pkgconfig/carrl_interface.pc'
[0.776s] Level 1:colcon.colcon_core.environment:checking '/home/tan/Desktop/car_d/car_ws/install/carrl_interface/lib/python3.8/site-packages'
[0.776s] Level 1:colcon.colcon_core.shell:create_environment_hook('carrl_interface', 'pythonpath')
[0.779s] INFO:colcon.colcon_core.shell:Creating environment hook '/home/tan/Desktop/car_d/car_ws/install/carrl_interface/share/carrl_interface/hook/pythonpath.ps1'
[0.780s] INFO:colcon.colcon_core.shell:Creating environment descriptor '/home/tan/Desktop/car_d/car_ws/install/carrl_interface/share/carrl_interface/hook/pythonpath.dsv'
[0.781s] INFO:colcon.colcon_core.shell:Creating environment hook '/home/tan/Desktop/car_d/car_ws/install/carrl_interface/share/carrl_interface/hook/pythonpath.sh'
[0.781s] Level 1:colcon.colcon_core.environment:checking '/home/tan/Desktop/car_d/car_ws/install/carrl_interface/bin'
[0.784s] INFO:colcon.colcon_core.shell:Creating package script '/home/tan/Desktop/car_d/car_ws/install/carrl_interface/share/carrl_interface/package.ps1'
[0.785s] INFO:colcon.colcon_core.shell:Creating package descriptor '/home/tan/Desktop/car_d/car_ws/install/carrl_interface/share/carrl_interface/package.dsv'
[0.786s] INFO:colcon.colcon_core.shell:Creating package script '/home/tan/Desktop/car_d/car_ws/install/carrl_interface/share/carrl_interface/package.sh'
[0.786s] INFO:colcon.colcon_core.shell:Creating package script '/home/tan/Desktop/car_d/car_ws/install/carrl_interface/share/carrl_interface/package.bash'
[0.787s] INFO:colcon.colcon_core.shell:Creating package script '/home/tan/Desktop/car_d/car_ws/install/carrl_interface/share/carrl_interface/package.zsh'
[0.788s] Level 1:colcon.colcon_core.environment:create_file_with_runtime_dependencies(/home/tan/Desktop/car_d/car_ws/install/carrl_interface/share/colcon-core/packages/carrl_interface)
[0.794s] DEBUG:colcon.colcon_core.event_handler.log_command:Invoking command in '/home/tan/Desktop/car_d/car_ws/build/service_interface': CMAKE_PREFIX_PATH=${CMAKE_PREFIX_PATH}:/opt/ros/foxy /usr/bin/cmake --install /home/tan/Desktop/car_d/car_ws/build/service_interface
[0.796s] Level 1:colcon.colcon_core.environment:create_environment_scripts_only(msg_interface)
[0.800s] Level 1:colcon.colcon_core.environment:checking '/home/tan/Desktop/car_d/car_ws/install/msg_interface' for CMake module files
[0.801s] DEBUG:colcon.colcon_core.event_handler.log_command:Invoked command in '/home/tan/Desktop/car_d/car_ws/build/msg_interface' returned '0': CMAKE_PREFIX_PATH=${CMAKE_PREFIX_PATH}:/opt/ros/foxy /usr/bin/cmake --install /home/tan/Desktop/car_d/car_ws/build/msg_interface
[0.802s] Level 1:colcon.colcon_core.environment:checking '/home/tan/Desktop/car_d/car_ws/install/msg_interface' for CMake config files
[0.802s] Level 1:colcon.colcon_core.shell:create_environment_hook('msg_interface', 'cmake_prefix_path')
[0.807s] INFO:colcon.colcon_core.shell:Creating environment hook '/home/tan/Desktop/car_d/car_ws/install/msg_interface/share/msg_interface/hook/cmake_prefix_path.ps1'
[0.809s] INFO:colcon.colcon_core.shell:Creating environment descriptor '/home/tan/Desktop/car_d/car_ws/install/msg_interface/share/msg_interface/hook/cmake_prefix_path.dsv'
[0.810s] INFO:colcon.colcon_core.shell:Creating environment hook '/home/tan/Desktop/car_d/car_ws/install/msg_interface/share/msg_interface/hook/cmake_prefix_path.sh'
[0.812s] Level 1:colcon.colcon_core.environment:checking '/home/tan/Desktop/car_d/car_ws/install/msg_interface/lib'
[0.812s] Level 1:colcon.colcon_core.shell:create_environment_hook('msg_interface', 'ld_library_path_lib')
[0.816s] INFO:colcon.colcon_core.shell:Creating environment hook '/home/tan/Desktop/car_d/car_ws/install/msg_interface/share/msg_interface/hook/ld_library_path_lib.ps1'
[0.817s] INFO:colcon.colcon_core.shell:Creating environment descriptor '/home/tan/Desktop/car_d/car_ws/install/msg_interface/share/msg_interface/hook/ld_library_path_lib.dsv'
[0.818s] INFO:colcon.colcon_core.shell:Creating environment hook '/home/tan/Desktop/car_d/car_ws/install/msg_interface/share/msg_interface/hook/ld_library_path_lib.sh'
[0.819s] Level 1:colcon.colcon_core.environment:checking '/home/tan/Desktop/car_d/car_ws/install/msg_interface/bin'
[0.819s] Level 1:colcon.colcon_core.environment:checking '/home/tan/Desktop/car_d/car_ws/install/msg_interface/lib/pkgconfig/msg_interface.pc'
[0.819s] Level 1:colcon.colcon_core.environment:checking '/home/tan/Desktop/car_d/car_ws/install/msg_interface/lib/python3.8/site-packages'
[0.819s] Level 1:colcon.colcon_core.shell:create_environment_hook('msg_interface', 'pythonpath')
[0.824s] INFO:colcon.colcon_core.shell:Creating environment hook '/home/tan/Desktop/car_d/car_ws/install/msg_interface/share/msg_interface/hook/pythonpath.ps1'
[0.825s] INFO:colcon.colcon_core.shell:Creating environment descriptor '/home/tan/Desktop/car_d/car_ws/install/msg_interface/share/msg_interface/hook/pythonpath.dsv'
[0.826s] INFO:colcon.colcon_core.shell:Creating environment hook '/home/tan/Desktop/car_d/car_ws/install/msg_interface/share/msg_interface/hook/pythonpath.sh'
[0.832s] Level 1:colcon.colcon_core.environment:checking '/home/tan/Desktop/car_d/car_ws/install/msg_interface/bin'
[0.838s] INFO:colcon.colcon_core.shell:Creating package script '/home/tan/Desktop/car_d/car_ws/install/msg_interface/share/msg_interface/package.ps1'
[0.839s] INFO:colcon.colcon_core.shell:Creating package descriptor '/home/tan/Desktop/car_d/car_ws/install/msg_interface/share/msg_interface/package.dsv'
[0.840s] INFO:colcon.colcon_core.shell:Creating package script '/home/tan/Desktop/car_d/car_ws/install/msg_interface/share/msg_interface/package.sh'
[0.841s] INFO:colcon.colcon_core.shell:Creating package script '/home/tan/Desktop/car_d/car_ws/install/msg_interface/share/msg_interface/package.bash'
[0.842s] INFO:colcon.colcon_core.shell:Creating package script '/home/tan/Desktop/car_d/car_ws/install/msg_interface/share/msg_interface/package.zsh'
[0.843s] Level 1:colcon.colcon_core.environment:create_file_with_runtime_dependencies(/home/tan/Desktop/car_d/car_ws/install/msg_interface/share/colcon-core/packages/msg_interface)
[0.853s] Level 1:colcon.colcon_core.environment:create_environment_scripts_only(carrl_interface)
[0.860s] Level 1:colcon.colcon_core.environment:checking '/home/tan/Desktop/car_d/car_ws/install/carrl_interface' for CMake module files
[0.863s] Level 1:colcon.colcon_core.environment:checking '/home/tan/Desktop/car_d/car_ws/install/carrl_interface' for CMake config files
[0.866s] Level 1:colcon.colcon_core.shell:create_environment_hook('carrl_interface', 'cmake_prefix_path')
[0.869s] INFO:colcon.colcon_core.shell:Creating environment hook '/home/tan/Desktop/car_d/car_ws/install/carrl_interface/share/carrl_interface/hook/cmake_prefix_path.ps1'
[0.870s] INFO:colcon.colcon_core.shell:Creating environment descriptor '/home/tan/Desktop/car_d/car_ws/install/carrl_interface/share/carrl_interface/hook/cmake_prefix_path.dsv'
[0.870s] INFO:colcon.colcon_core.shell:Creating environment hook '/home/tan/Desktop/car_d/car_ws/install/carrl_interface/share/carrl_interface/hook/cmake_prefix_path.sh'
[0.872s] Level 1:colcon.colcon_core.environment:checking '/home/tan/Desktop/car_d/car_ws/install/carrl_interface/lib'
[0.872s] Level 1:colcon.colcon_core.shell:create_environment_hook('carrl_interface', 'ld_library_path_lib')
[0.876s] INFO:colcon.colcon_core.shell:Creating environment hook '/home/tan/Desktop/car_d/car_ws/install/carrl_interface/share/carrl_interface/hook/ld_library_path_lib.ps1'
[0.877s] INFO:colcon.colcon_core.shell:Creating environment descriptor '/home/tan/Desktop/car_d/car_ws/install/carrl_interface/share/carrl_interface/hook/ld_library_path_lib.dsv'
[0.878s] INFO:colcon.colcon_core.shell:Creating environment hook '/home/tan/Desktop/car_d/car_ws/install/carrl_interface/share/carrl_interface/hook/ld_library_path_lib.sh'
[0.879s] Level 1:colcon.colcon_core.environment:checking '/home/tan/Desktop/car_d/car_ws/install/carrl_interface/bin'
[0.879s] Level 1:colcon.colcon_core.environment:checking '/home/tan/Desktop/car_d/car_ws/install/carrl_interface/lib/pkgconfig/carrl_interface.pc'
[0.879s] Level 1:colcon.colcon_core.environment:checking '/home/tan/Desktop/car_d/car_ws/install/carrl_interface/lib/python3.8/site-packages'
[0.879s] Level 1:colcon.colcon_core.shell:create_environment_hook('carrl_interface', 'pythonpath')
[0.883s] INFO:colcon.colcon_core.shell:Creating environment hook '/home/tan/Desktop/car_d/car_ws/install/carrl_interface/share/carrl_interface/hook/pythonpath.ps1'
[0.884s] INFO:colcon.colcon_core.shell:Creating environment descriptor '/home/tan/Desktop/car_d/car_ws/install/carrl_interface/share/carrl_interface/hook/pythonpath.dsv'
[0.884s] INFO:colcon.colcon_core.shell:Creating environment hook '/home/tan/Desktop/car_d/car_ws/install/carrl_interface/share/carrl_interface/hook/pythonpath.sh'
[0.885s] Level 1:colcon.colcon_core.environment:checking '/home/tan/Desktop/car_d/car_ws/install/carrl_interface/bin'
[0.888s] INFO:colcon.colcon_core.shell:Creating package script '/home/tan/Desktop/car_d/car_ws/install/carrl_interface/share/carrl_interface/package.ps1'
[0.890s] INFO:colcon.colcon_core.shell:Creating package descriptor '/home/tan/Desktop/car_d/car_ws/install/carrl_interface/share/carrl_interface/package.dsv'
[0.891s] INFO:colcon.colcon_core.shell:Creating package script '/home/tan/Desktop/car_d/car_ws/install/carrl_interface/share/carrl_interface/package.sh'
[0.891s] INFO:colcon.colcon_core.shell:Creating package script '/home/tan/Desktop/car_d/car_ws/install/carrl_interface/share/carrl_interface/package.bash'
[0.892s] INFO:colcon.colcon_core.shell:Creating package script '/home/tan/Desktop/car_d/car_ws/install/carrl_interface/share/carrl_interface/package.zsh'
[0.893s] Level 1:colcon.colcon_core.environment:create_file_with_runtime_dependencies(/home/tan/Desktop/car_d/car_ws/install/carrl_interface/share/colcon-core/packages/carrl_interface)
[0.894s] Level 1:colcon.colcon_core.environment:create_environment_scripts_only(service_interface)
[0.898s] Level 1:colcon.colcon_core.environment:checking '/home/tan/Desktop/car_d/car_ws/install/service_interface' for CMake module files
[0.900s] Level 1:colcon.colcon_core.environment:checking '/home/tan/Desktop/car_d/car_ws/install/service_interface' for CMake config files
[0.903s] Level 1:colcon.colcon_core.shell:create_environment_hook('service_interface', 'cmake_prefix_path')
[0.906s] INFO:colcon.colcon_core.shell:Creating environment hook '/home/tan/Desktop/car_d/car_ws/install/service_interface/share/service_interface/hook/cmake_prefix_path.ps1'
[0.907s] INFO:colcon.colcon_core.shell:Creating environment descriptor '/home/tan/Desktop/car_d/car_ws/install/service_interface/share/service_interface/hook/cmake_prefix_path.dsv'
[0.908s] INFO:colcon.colcon_core.shell:Creating environment hook '/home/tan/Desktop/car_d/car_ws/install/service_interface/share/service_interface/hook/cmake_prefix_path.sh'
[0.909s] Level 1:colcon.colcon_core.environment:checking '/home/tan/Desktop/car_d/car_ws/install/service_interface/lib'
[0.909s] Level 1:colcon.colcon_core.shell:create_environment_hook('service_interface', 'ld_library_path_lib')
[0.912s] INFO:colcon.colcon_core.shell:Creating environment hook '/home/tan/Desktop/car_d/car_ws/install/service_interface/share/service_interface/hook/ld_library_path_lib.ps1'
[0.913s] INFO:colcon.colcon_core.shell:Creating environment descriptor '/home/tan/Desktop/car_d/car_ws/install/service_interface/share/service_interface/hook/ld_library_path_lib.dsv'
[0.914s] INFO:colcon.colcon_core.shell:Creating environment hook '/home/tan/Desktop/car_d/car_ws/install/service_interface/share/service_interface/hook/ld_library_path_lib.sh'
[0.915s] Level 1:colcon.colcon_core.environment:checking '/home/tan/Desktop/car_d/car_ws/install/service_interface/bin'
[0.915s] Level 1:colcon.colcon_core.environment:checking '/home/tan/Desktop/car_d/car_ws/install/service_interface/lib/pkgconfig/service_interface.pc'
[0.915s] Level 1:colcon.colcon_core.environment:checking '/home/tan/Desktop/car_d/car_ws/install/service_interface/lib/python3.8/site-packages'
[0.915s] Level 1:colcon.colcon_core.shell:create_environment_hook('service_interface', 'pythonpath')
[0.918s] INFO:colcon.colcon_core.shell:Creating environment hook '/home/tan/Desktop/car_d/car_ws/install/service_interface/share/service_interface/hook/pythonpath.ps1'
[0.919s] INFO:colcon.colcon_core.shell:Creating environment descriptor '/home/tan/Desktop/car_d/car_ws/install/service_interface/share/service_interface/hook/pythonpath.dsv'
[0.920s] DEBUG:colcon.colcon_core.event_handler.log_command:Invoked command in '/home/tan/Desktop/car_d/car_ws/build/service_interface' returned '0': CMAKE_PREFIX_PATH=${CMAKE_PREFIX_PATH}:/opt/ros/foxy /usr/bin/cmake --install /home/tan/Desktop/car_d/car_ws/build/service_interface
[0.920s] INFO:colcon.colcon_core.shell:Creating environment hook '/home/tan/Desktop/car_d/car_ws/install/service_interface/share/service_interface/hook/pythonpath.sh'
[0.920s] Level 1:colcon.colcon_core.environment:checking '/home/tan/Desktop/car_d/car_ws/install/service_interface/bin'
[0.923s] INFO:colcon.colcon_core.shell:Creating package script '/home/tan/Desktop/car_d/car_ws/install/service_interface/share/service_interface/package.ps1'
[0.923s] INFO:colcon.colcon_core.shell:Creating package descriptor '/home/tan/Desktop/car_d/car_ws/install/service_interface/share/service_interface/package.dsv'
[0.924s] INFO:colcon.colcon_core.shell:Creating package script '/home/tan/Desktop/car_d/car_ws/install/service_interface/share/service_interface/package.sh'
[0.924s] INFO:colcon.colcon_core.shell:Creating package script '/home/tan/Desktop/car_d/car_ws/install/service_interface/share/service_interface/package.bash'
[0.925s] INFO:colcon.colcon_core.shell:Creating package script '/home/tan/Desktop/car_d/car_ws/install/service_interface/share/service_interface/package.zsh'
[0.925s] Level 1:colcon.colcon_core.environment:create_file_with_runtime_dependencies(/home/tan/Desktop/car_d/car_ws/install/service_interface/share/colcon-core/packages/service_interface)
[0.934s] Level 1:colcon.colcon_core.environment:create_environment_scripts_only(msg_interface)
[0.940s] Level 1:colcon.colcon_core.environment:checking '/home/tan/Desktop/car_d/car_ws/install/msg_interface' for CMake module files
[0.941s] Level 1:colcon.colcon_core.environment:checking '/home/tan/Desktop/car_d/car_ws/install/msg_interface' for CMake config files
[0.941s] Level 1:colcon.colcon_core.shell:create_environment_hook('msg_interface', 'cmake_prefix_path')
[0.944s] INFO:colcon.colcon_core.shell:Creating environment hook '/home/tan/Desktop/car_d/car_ws/install/msg_interface/share/msg_interface/hook/cmake_prefix_path.ps1'
[0.944s] INFO:colcon.colcon_core.shell:Creating environment descriptor '/home/tan/Desktop/car_d/car_ws/install/msg_interface/share/msg_interface/hook/cmake_prefix_path.dsv'
[0.944s] INFO:colcon.colcon_core.shell:Creating environment hook '/home/tan/Desktop/car_d/car_ws/install/msg_interface/share/msg_interface/hook/cmake_prefix_path.sh'
[0.945s] Level 1:colcon.colcon_core.environment:checking '/home/tan/Desktop/car_d/car_ws/install/msg_interface/lib'
[0.945s] Level 1:colcon.colcon_core.shell:create_environment_hook('msg_interface', 'ld_library_path_lib')
[0.948s] INFO:colcon.colcon_core.shell:Creating environment hook '/home/tan/Desktop/car_d/car_ws/install/msg_interface/share/msg_interface/hook/ld_library_path_lib.ps1'
[0.948s] INFO:colcon.colcon_core.shell:Creating environment descriptor '/home/tan/Desktop/car_d/car_ws/install/msg_interface/share/msg_interface/hook/ld_library_path_lib.dsv'
[0.948s] INFO:colcon.colcon_core.shell:Creating environment hook '/home/tan/Desktop/car_d/car_ws/install/msg_interface/share/msg_interface/hook/ld_library_path_lib.sh'
[0.949s] Level 1:colcon.colcon_core.environment:checking '/home/tan/Desktop/car_d/car_ws/install/msg_interface/bin'
[0.949s] Level 1:colcon.colcon_core.environment:checking '/home/tan/Desktop/car_d/car_ws/install/msg_interface/lib/pkgconfig/msg_interface.pc'
[0.949s] Level 1:colcon.colcon_core.environment:checking '/home/tan/Desktop/car_d/car_ws/install/msg_interface/lib/python3.8/site-packages'
[0.949s] Level 1:colcon.colcon_core.shell:create_environment_hook('msg_interface', 'pythonpath')
[0.951s] INFO:colcon.colcon_core.shell:Creating environment hook '/home/tan/Desktop/car_d/car_ws/install/msg_interface/share/msg_interface/hook/pythonpath.ps1'
[0.952s] INFO:colcon.colcon_core.shell:Creating environment descriptor '/home/tan/Desktop/car_d/car_ws/install/msg_interface/share/msg_interface/hook/pythonpath.dsv'
[0.952s] INFO:colcon.colcon_core.shell:Creating environment hook '/home/tan/Desktop/car_d/car_ws/install/msg_interface/share/msg_interface/hook/pythonpath.sh'
[0.952s] Level 1:colcon.colcon_core.environment:checking '/home/tan/Desktop/car_d/car_ws/install/msg_interface/bin'
[0.955s] INFO:colcon.colcon_core.shell:Creating package script '/home/tan/Desktop/car_d/car_ws/install/msg_interface/share/msg_interface/package.ps1'
[0.956s] INFO:colcon.colcon_core.shell:Creating package descriptor '/home/tan/Desktop/car_d/car_ws/install/msg_interface/share/msg_interface/package.dsv'
[0.956s] INFO:colcon.colcon_core.shell:Creating package script '/home/tan/Desktop/car_d/car_ws/install/msg_interface/share/msg_interface/package.sh'
[0.957s] INFO:colcon.colcon_core.shell:Creating package script '/home/tan/Desktop/car_d/car_ws/install/msg_interface/share/msg_interface/package.bash'
[0.957s] INFO:colcon.colcon_core.shell:Creating package script '/home/tan/Desktop/car_d/car_ws/install/msg_interface/share/msg_interface/package.zsh'
[0.957s] Level 1:colcon.colcon_core.environment:create_file_with_runtime_dependencies(/home/tan/Desktop/car_d/car_ws/install/msg_interface/share/colcon-core/packages/msg_interface)
[1.039s] Level 1:colcon.colcon_core.environment:create_environment_scripts_only(service_interface)
[1.043s] Level 1:colcon.colcon_core.environment:checking '/home/tan/Desktop/car_d/car_ws/install/service_interface' for CMake module files
[1.043s] Level 1:colcon.colcon_core.environment:checking '/home/tan/Desktop/car_d/car_ws/install/service_interface' for CMake config files
[1.043s] Level 1:colcon.colcon_core.shell:create_environment_hook('service_interface', 'cmake_prefix_path')
[1.046s] INFO:colcon.colcon_core.shell:Creating environment hook '/home/tan/Desktop/car_d/car_ws/install/service_interface/share/service_interface/hook/cmake_prefix_path.ps1'
[1.046s] INFO:colcon.colcon_core.shell:Creating environment descriptor '/home/tan/Desktop/car_d/car_ws/install/service_interface/share/service_interface/hook/cmake_prefix_path.dsv'
[1.047s] INFO:colcon.colcon_core.shell:Creating environment hook '/home/tan/Desktop/car_d/car_ws/install/service_interface/share/service_interface/hook/cmake_prefix_path.sh'
[1.047s] Level 1:colcon.colcon_core.environment:checking '/home/tan/Desktop/car_d/car_ws/install/service_interface/lib'
[1.047s] Level 1:colcon.colcon_core.shell:create_environment_hook('service_interface', 'ld_library_path_lib')
[1.050s] INFO:colcon.colcon_core.shell:Creating environment hook '/home/tan/Desktop/car_d/car_ws/install/service_interface/share/service_interface/hook/ld_library_path_lib.ps1'
[1.050s] INFO:colcon.colcon_core.shell:Creating environment descriptor '/home/tan/Desktop/car_d/car_ws/install/service_interface/share/service_interface/hook/ld_library_path_lib.dsv'
[1.050s] INFO:colcon.colcon_core.shell:Creating environment hook '/home/tan/Desktop/car_d/car_ws/install/service_interface/share/service_interface/hook/ld_library_path_lib.sh'
[1.051s] Level 1:colcon.colcon_core.environment:checking '/home/tan/Desktop/car_d/car_ws/install/service_interface/bin'
[1.051s] Level 1:colcon.colcon_core.environment:checking '/home/tan/Desktop/car_d/car_ws/install/service_interface/lib/pkgconfig/service_interface.pc'
[1.051s] Level 1:colcon.colcon_core.environment:checking '/home/tan/Desktop/car_d/car_ws/install/service_interface/lib/python3.8/site-packages'
[1.051s] Level 1:colcon.colcon_core.shell:create_environment_hook('service_interface', 'pythonpath')
[1.054s] INFO:colcon.colcon_core.shell:Creating environment hook '/home/tan/Desktop/car_d/car_ws/install/service_interface/share/service_interface/hook/pythonpath.ps1'
[1.054s] INFO:colcon.colcon_core.shell:Creating environment descriptor '/home/tan/Desktop/car_d/car_ws/install/service_interface/share/service_interface/hook/pythonpath.dsv'
[1.054s] INFO:colcon.colcon_core.shell:Creating environment hook '/home/tan/Desktop/car_d/car_ws/install/service_interface/share/service_interface/hook/pythonpath.sh'
[1.055s] Level 1:colcon.colcon_core.environment:checking '/home/tan/Desktop/car_d/car_ws/install/service_interface/bin'
[1.057s] INFO:colcon.colcon_core.shell:Creating package script '/home/tan/Desktop/car_d/car_ws/install/service_interface/share/service_interface/package.ps1'
[1.058s] INFO:colcon.colcon_core.shell:Creating package descriptor '/home/tan/Desktop/car_d/car_ws/install/service_interface/share/service_interface/package.dsv'
[1.058s] INFO:colcon.colcon_core.shell:Creating package script '/home/tan/Desktop/car_d/car_ws/install/service_interface/share/service_interface/package.sh'
[1.059s] INFO:colcon.colcon_core.shell:Creating package script '/home/tan/Desktop/car_d/car_ws/install/service_interface/share/service_interface/package.bash'
[1.059s] INFO:colcon.colcon_core.shell:Creating package script '/home/tan/Desktop/car_d/car_ws/install/service_interface/share/service_interface/package.zsh'
[1.060s] Level 1:colcon.colcon_core.environment:create_file_with_runtime_dependencies(/home/tan/Desktop/car_d/car_ws/install/service_interface/share/colcon-core/packages/service_interface)
[1.060s] INFO:colcon.colcon_ros.task.ament_cmake.build:Building ROS package in '/home/tan/Desktop/car_d/car_ws/src/px4_node' with build type 'ament_cmake'
[1.060s] INFO:colcon.colcon_cmake.task.cmake.build:Building CMake package in '/home/tan/Desktop/car_d/car_ws/src/px4_node'
[1.063s] INFO:colcon.colcon_core.shell:Skip shell extension 'powershell' for command environment: Not usable outside of PowerShell
[1.063s] DEBUG:colcon.colcon_core.shell:Skip shell extension 'dsv' for command environment
[1.084s] DEBUG:colcon.colcon_core.event_handler.log_command:Invoking command in '/home/tan/Desktop/car_d/car_ws/build/px4_node': CMAKE_PREFIX_PATH=/home/tan/Desktop/car_d/car_ws/install/service_interface:/home/tan/Desktop/car_d/car_ws/install/msg_interface:/home/tan/Desktop/car_d/car_ws/install/tan:/home/tan/Desktop/car_d/car_ws/install/px4_node:/home/tan/Desktop/car_d/car_ws/install/carrl_interface:/home/tan/ros2_ws/install/realsense2_description:/home/tan/ros2_ws/install/realsense2_camera:/home/tan/ros2_ws/install/realsense2_camera_msgs:/opt/ros/foxy LD_LIBRARY_PATH=/home/tan/Desktop/car_d/car_ws/install/service_interface/lib:/home/tan/Desktop/car_d/car_ws/install/msg_interface/lib:/home/tan/Desktop/car_d/car_ws/install/carrl_interface/lib:/home/tan/ros2_ws/install/realsense2_camera/lib:/home/tan/ros2_ws/install/realsense2_camera_msgs/lib:/opt/ros/foxy/opt/yaml_cpp_vendor/lib:/opt/ros/foxy/opt/rviz_ogre_vendor/lib:/opt/ros/foxy/lib/x86_64-linux-gnu:/opt/ros/foxy/lib:/usr/lib/x86_64-linux-gnu/gazebo-11/plugins:/usr/lib/x86_64-linux-gnu/gazebo-11/plugins:/home/tan/ardupilot_gazebo/build:/usr/lib/x86_64-linux-gnu/gazebo-11/plugins /usr/bin/cmake --build /home/tan/Desktop/car_d/car_ws/build/px4_node -- -j16 -l16
[1.151s] DEBUG:colcon.colcon_core.event_handler.log_command:Invoked command in '/home/tan/Desktop/car_d/car_ws/build/px4_node' returned '0': CMAKE_PREFIX_PATH=/home/tan/Desktop/car_d/car_ws/install/service_interface:/home/tan/Desktop/car_d/car_ws/install/msg_interface:/home/tan/Desktop/car_d/car_ws/install/tan:/home/tan/Desktop/car_d/car_ws/install/px4_node:/home/tan/Desktop/car_d/car_ws/install/carrl_interface:/home/tan/ros2_ws/install/realsense2_description:/home/tan/ros2_ws/install/realsense2_camera:/home/tan/ros2_ws/install/realsense2_camera_msgs:/opt/ros/foxy LD_LIBRARY_PATH=/home/tan/Desktop/car_d/car_ws/install/service_interface/lib:/home/tan/Desktop/car_d/car_ws/install/msg_interface/lib:/home/tan/Desktop/car_d/car_ws/install/carrl_interface/lib:/home/tan/ros2_ws/install/realsense2_camera/lib:/home/tan/ros2_ws/install/realsense2_camera_msgs/lib:/opt/ros/foxy/opt/yaml_cpp_vendor/lib:/opt/ros/foxy/opt/rviz_ogre_vendor/lib:/opt/ros/foxy/lib/x86_64-linux-gnu:/opt/ros/foxy/lib:/usr/lib/x86_64-linux-gnu/gazebo-11/plugins:/usr/lib/x86_64-linux-gnu/gazebo-11/plugins:/home/tan/ardupilot_gazebo/build:/usr/lib/x86_64-linux-gnu/gazebo-11/plugins /usr/bin/cmake --build /home/tan/Desktop/car_d/car_ws/build/px4_node -- -j16 -l16
[1.175s] DEBUG:colcon.colcon_core.event_handler.log_command:Invoking command in '/home/tan/Desktop/car_d/car_ws/build/px4_node': CMAKE_PREFIX_PATH=/home/tan/Desktop/car_d/car_ws/install/service_interface:/home/tan/Desktop/car_d/car_ws/install/msg_interface:/home/tan/Desktop/car_d/car_ws/install/tan:/home/tan/Desktop/car_d/car_ws/install/px4_node:/home/tan/Desktop/car_d/car_ws/install/carrl_interface:/home/tan/ros2_ws/install/realsense2_description:/home/tan/ros2_ws/install/realsense2_camera:/home/tan/ros2_ws/install/realsense2_camera_msgs:/opt/ros/foxy LD_LIBRARY_PATH=/home/tan/Desktop/car_d/car_ws/install/service_interface/lib:/home/tan/Desktop/car_d/car_ws/install/msg_interface/lib:/home/tan/Desktop/car_d/car_ws/install/carrl_interface/lib:/home/tan/ros2_ws/install/realsense2_camera/lib:/home/tan/ros2_ws/install/realsense2_camera_msgs/lib:/opt/ros/foxy/opt/yaml_cpp_vendor/lib:/opt/ros/foxy/opt/rviz_ogre_vendor/lib:/opt/ros/foxy/lib/x86_64-linux-gnu:/opt/ros/foxy/lib:/usr/lib/x86_64-linux-gnu/gazebo-11/plugins:/usr/lib/x86_64-linux-gnu/gazebo-11/plugins:/home/tan/ardupilot_gazebo/build:/usr/lib/x86_64-linux-gnu/gazebo-11/plugins /usr/bin/cmake --install /home/tan/Desktop/car_d/car_ws/build/px4_node
[1.184s] Level 1:colcon.colcon_core.environment:create_environment_scripts_only(px4_node)
[1.188s] Level 1:colcon.colcon_core.environment:checking '/home/tan/Desktop/car_d/car_ws/install/px4_node' for CMake module files
[1.189s] DEBUG:colcon.colcon_core.event_handler.log_command:Invoked command in '/home/tan/Desktop/car_d/car_ws/build/px4_node' returned '0': CMAKE_PREFIX_PATH=/home/tan/Desktop/car_d/car_ws/install/service_interface:/home/tan/Desktop/car_d/car_ws/install/msg_interface:/home/tan/Desktop/car_d/car_ws/install/tan:/home/tan/Desktop/car_d/car_ws/install/px4_node:/home/tan/Desktop/car_d/car_ws/install/carrl_interface:/home/tan/ros2_ws/install/realsense2_description:/home/tan/ros2_ws/install/realsense2_camera:/home/tan/ros2_ws/install/realsense2_camera_msgs:/opt/ros/foxy LD_LIBRARY_PATH=/home/tan/Desktop/car_d/car_ws/install/service_interface/lib:/home/tan/Desktop/car_d/car_ws/install/msg_interface/lib:/home/tan/Desktop/car_d/car_ws/install/carrl_interface/lib:/home/tan/ros2_ws/install/realsense2_camera/lib:/home/tan/ros2_ws/install/realsense2_camera_msgs/lib:/opt/ros/foxy/opt/yaml_cpp_vendor/lib:/opt/ros/foxy/opt/rviz_ogre_vendor/lib:/opt/ros/foxy/lib/x86_64-linux-gnu:/opt/ros/foxy/lib:/usr/lib/x86_64-linux-gnu/gazebo-11/plugins:/usr/lib/x86_64-linux-gnu/gazebo-11/plugins:/home/tan/ardupilot_gazebo/build:/usr/lib/x86_64-linux-gnu/gazebo-11/plugins /usr/bin/cmake --install /home/tan/Desktop/car_d/car_ws/build/px4_node
[1.189s] Level 1:colcon.colcon_core.environment:checking '/home/tan/Desktop/car_d/car_ws/install/px4_node' for CMake config files
[1.189s] Level 1:colcon.colcon_core.shell:create_environment_hook('px4_node', 'cmake_prefix_path')
[1.191s] INFO:colcon.colcon_core.shell:Creating environment hook '/home/tan/Desktop/car_d/car_ws/install/px4_node/share/px4_node/hook/cmake_prefix_path.ps1'
[1.192s] INFO:colcon.colcon_core.shell:Creating environment descriptor '/home/tan/Desktop/car_d/car_ws/install/px4_node/share/px4_node/hook/cmake_prefix_path.dsv'
[1.192s] INFO:colcon.colcon_core.shell:Creating environment hook '/home/tan/Desktop/car_d/car_ws/install/px4_node/share/px4_node/hook/cmake_prefix_path.sh'
[1.193s] Level 1:colcon.colcon_core.environment:checking '/home/tan/Desktop/car_d/car_ws/install/px4_node/lib'
[1.193s] Level 1:colcon.colcon_core.environment:checking '/home/tan/Desktop/car_d/car_ws/install/px4_node/bin'
[1.193s] Level 1:colcon.colcon_core.environment:checking '/home/tan/Desktop/car_d/car_ws/install/px4_node/lib/pkgconfig/px4_node.pc'
[1.193s] Level 1:colcon.colcon_core.environment:checking '/home/tan/Desktop/car_d/car_ws/install/px4_node/lib/python3.8/site-packages'
[1.193s] Level 1:colcon.colcon_core.environment:checking '/home/tan/Desktop/car_d/car_ws/install/px4_node/bin'
[1.196s] INFO:colcon.colcon_core.shell:Creating package script '/home/tan/Desktop/car_d/car_ws/install/px4_node/share/px4_node/package.ps1'
[1.196s] INFO:colcon.colcon_core.shell:Creating package descriptor '/home/tan/Desktop/car_d/car_ws/install/px4_node/share/px4_node/package.dsv'
[1.197s] INFO:colcon.colcon_core.shell:Creating package script '/home/tan/Desktop/car_d/car_ws/install/px4_node/share/px4_node/package.sh'
[1.197s] INFO:colcon.colcon_core.shell:Creating package script '/home/tan/Desktop/car_d/car_ws/install/px4_node/share/px4_node/package.bash'
[1.197s] INFO:colcon.colcon_core.shell:Creating package script '/home/tan/Desktop/car_d/car_ws/install/px4_node/share/px4_node/package.zsh'
[1.197s] Level 1:colcon.colcon_core.environment:create_file_with_runtime_dependencies(/home/tan/Desktop/car_d/car_ws/install/px4_node/share/colcon-core/packages/px4_node)
[1.223s] Level 1:colcon.colcon_core.environment:create_environment_scripts_only(px4_node)
[1.227s] Level 1:colcon.colcon_core.environment:checking '/home/tan/Desktop/car_d/car_ws/install/px4_node' for CMake module files
[1.227s] Level 1:colcon.colcon_core.environment:checking '/home/tan/Desktop/car_d/car_ws/install/px4_node' for CMake config files
[1.228s] Level 1:colcon.colcon_core.shell:create_environment_hook('px4_node', 'cmake_prefix_path')
[1.231s] INFO:colcon.colcon_core.shell:Creating environment hook '/home/tan/Desktop/car_d/car_ws/install/px4_node/share/px4_node/hook/cmake_prefix_path.ps1'
[1.232s] INFO:colcon.colcon_core.shell:Creating environment descriptor '/home/tan/Desktop/car_d/car_ws/install/px4_node/share/px4_node/hook/cmake_prefix_path.dsv'
[1.232s] INFO:colcon.colcon_core.shell:Creating environment hook '/home/tan/Desktop/car_d/car_ws/install/px4_node/share/px4_node/hook/cmake_prefix_path.sh'
[1.233s] Level 1:colcon.colcon_core.environment:checking '/home/tan/Desktop/car_d/car_ws/install/px4_node/lib'
[1.233s] Level 1:colcon.colcon_core.environment:checking '/home/tan/Desktop/car_d/car_ws/install/px4_node/bin'
[1.233s] Level 1:colcon.colcon_core.environment:checking '/home/tan/Desktop/car_d/car_ws/install/px4_node/lib/pkgconfig/px4_node.pc'
[1.233s] Level 1:colcon.colcon_core.environment:checking '/home/tan/Desktop/car_d/car_ws/install/px4_node/lib/python3.8/site-packages'
[1.233s] Level 1:colcon.colcon_core.environment:checking '/home/tan/Desktop/car_d/car_ws/install/px4_node/bin'
[1.237s] INFO:colcon.colcon_core.shell:Creating package script '/home/tan/Desktop/car_d/car_ws/install/px4_node/share/px4_node/package.ps1'
[1.238s] INFO:colcon.colcon_core.shell:Creating package descriptor '/home/tan/Desktop/car_d/car_ws/install/px4_node/share/px4_node/package.dsv'
[1.238s] INFO:colcon.colcon_core.shell:Creating package script '/home/tan/Desktop/car_d/car_ws/install/px4_node/share/px4_node/package.sh'
[1.239s] INFO:colcon.colcon_core.shell:Creating package script '/home/tan/Desktop/car_d/car_ws/install/px4_node/share/px4_node/package.bash'
[1.239s] INFO:colcon.colcon_core.shell:Creating package script '/home/tan/Desktop/car_d/car_ws/install/px4_node/share/px4_node/package.zsh'
[1.240s] Level 1:colcon.colcon_core.environment:create_file_with_runtime_dependencies(/home/tan/Desktop/car_d/car_ws/install/px4_node/share/colcon-core/packages/px4_node)
[10.533s] DEBUG:colcon.colcon_core.event_handler.log_command:Invoked command in '/home/tan/Desktop/car_d/car_ws/build/tan' returned '0': CMAKE_PREFIX_PATH=${CMAKE_PREFIX_PATH}:/opt/ros/foxy /usr/bin/cmake --build /home/tan/Desktop/car_d/car_ws/build/tan -- -j16 -l16
[10.563s] DEBUG:colcon.colcon_core.event_handler.log_command:Invoking command in '/home/tan/Desktop/car_d/car_ws/build/tan': CMAKE_PREFIX_PATH=${CMAKE_PREFIX_PATH}:/opt/ros/foxy /usr/bin/cmake --install /home/tan/Desktop/car_d/car_ws/build/tan
[10.583s] Level 1:colcon.colcon_core.environment:create_environment_scripts_only(tan)
[10.587s] Level 1:colcon.colcon_core.environment:checking '/home/tan/Desktop/car_d/car_ws/install/tan' for CMake module files
[10.587s] DEBUG:colcon.colcon_core.event_handler.log_command:Invoked command in '/home/tan/Desktop/car_d/car_ws/build/tan' returned '0': CMAKE_PREFIX_PATH=${CMAKE_PREFIX_PATH}:/opt/ros/foxy /usr/bin/cmake --install /home/tan/Desktop/car_d/car_ws/build/tan
[10.587s] Level 1:colcon.colcon_core.environment:checking '/home/tan/Desktop/car_d/car_ws/install/tan' for CMake config files
[10.587s] Level 1:colcon.colcon_core.shell:create_environment_hook('tan', 'cmake_prefix_path')
[10.589s] INFO:colcon.colcon_core.shell:Creating environment hook '/home/tan/Desktop/car_d/car_ws/install/tan/share/tan/hook/cmake_prefix_path.ps1'
[10.590s] INFO:colcon.colcon_core.shell:Creating environment descriptor '/home/tan/Desktop/car_d/car_ws/install/tan/share/tan/hook/cmake_prefix_path.dsv'
[10.590s] INFO:colcon.colcon_core.shell:Creating environment hook '/home/tan/Desktop/car_d/car_ws/install/tan/share/tan/hook/cmake_prefix_path.sh'
[10.590s] Level 1:colcon.colcon_core.environment:checking '/home/tan/Desktop/car_d/car_ws/install/tan/lib'
[10.590s] Level 1:colcon.colcon_core.environment:checking '/home/tan/Desktop/car_d/car_ws/install/tan/bin'
[10.590s] Level 1:colcon.colcon_core.environment:checking '/home/tan/Desktop/car_d/car_ws/install/tan/lib/pkgconfig/tan.pc'
[10.591s] Level 1:colcon.colcon_core.environment:checking '/home/tan/Desktop/car_d/car_ws/install/tan/lib/python3.8/site-packages'
[10.591s] Level 1:colcon.colcon_core.environment:checking '/home/tan/Desktop/car_d/car_ws/install/tan/bin'
[10.593s] INFO:colcon.colcon_core.shell:Creating package script '/home/tan/Desktop/car_d/car_ws/install/tan/share/tan/package.ps1'
[10.593s] INFO:colcon.colcon_core.shell:Creating package descriptor '/home/tan/Desktop/car_d/car_ws/install/tan/share/tan/package.dsv'
[10.593s] INFO:colcon.colcon_core.shell:Creating package script '/home/tan/Desktop/car_d/car_ws/install/tan/share/tan/package.sh'
[10.594s] INFO:colcon.colcon_core.shell:Creating package script '/home/tan/Desktop/car_d/car_ws/install/tan/share/tan/package.bash'
[10.594s] INFO:colcon.colcon_core.shell:Creating package script '/home/tan/Desktop/car_d/car_ws/install/tan/share/tan/package.zsh'
[10.594s] Level 1:colcon.colcon_core.environment:create_file_with_runtime_dependencies(/home/tan/Desktop/car_d/car_ws/install/tan/share/colcon-core/packages/tan)
[10.630s] Level 1:colcon.colcon_core.environment:create_environment_scripts_only(tan)
[10.633s] Level 1:colcon.colcon_core.environment:checking '/home/tan/Desktop/car_d/car_ws/install/tan' for CMake module files
[10.634s] Level 1:colcon.colcon_core.environment:checking '/home/tan/Desktop/car_d/car_ws/install/tan' for CMake config files
[10.634s] Level 1:colcon.colcon_core.shell:create_environment_hook('tan', 'cmake_prefix_path')
[10.636s] INFO:colcon.colcon_core.shell:Creating environment hook '/home/tan/Desktop/car_d/car_ws/install/tan/share/tan/hook/cmake_prefix_path.ps1'
[10.637s] INFO:colcon.colcon_core.shell:Creating environment descriptor '/home/tan/Desktop/car_d/car_ws/install/tan/share/tan/hook/cmake_prefix_path.dsv'
[10.637s] INFO:colcon.colcon_core.shell:Creating environment hook '/home/tan/Desktop/car_d/car_ws/install/tan/share/tan/hook/cmake_prefix_path.sh'
[10.637s] Level 1:colcon.colcon_core.environment:checking '/home/tan/Desktop/car_d/car_ws/install/tan/lib'
[10.637s] Level 1:colcon.colcon_core.environment:checking '/home/tan/Desktop/car_d/car_ws/install/tan/bin'
[10.638s] Level 1:colcon.colcon_core.environment:checking '/home/tan/Desktop/car_d/car_ws/install/tan/lib/pkgconfig/tan.pc'
[10.638s] Level 1:colcon.colcon_core.environment:checking '/home/tan/Desktop/car_d/car_ws/install/tan/lib/python3.8/site-packages'
[10.638s] Level 1:colcon.colcon_core.environment:checking '/home/tan/Desktop/car_d/car_ws/install/tan/bin'
[10.640s] INFO:colcon.colcon_core.shell:Creating package script '/home/tan/Desktop/car_d/car_ws/install/tan/share/tan/package.ps1'
[10.640s] INFO:colcon.colcon_core.shell:Creating package descriptor '/home/tan/Desktop/car_d/car_ws/install/tan/share/tan/package.dsv'
[10.641s] INFO:colcon.colcon_core.shell:Creating package script '/home/tan/Desktop/car_d/car_ws/install/tan/share/tan/package.sh'
[10.641s] INFO:colcon.colcon_core.shell:Creating package script '/home/tan/Desktop/car_d/car_ws/install/tan/share/tan/package.bash'
[10.642s] INFO:colcon.colcon_core.shell:Creating package script '/home/tan/Desktop/car_d/car_ws/install/tan/share/tan/package.zsh'
[10.642s] Level 1:colcon.colcon_core.environment:create_file_with_runtime_dependencies(/home/tan/Desktop/car_d/car_ws/install/tan/share/colcon-core/packages/tan)
[10.642s] DEBUG:colcon.colcon_parallel_executor.executor.parallel:closing loop
[10.643s] DEBUG:colcon.colcon_parallel_executor.executor.parallel:loop closed
[10.643s] DEBUG:colcon.colcon_parallel_executor.executor.parallel:run_until_complete finished with '0'
[10.643s] DEBUG:colcon.colcon_core.event_reactor:joining thread
[10.652s] INFO:colcon.colcon_core.plugin_system:Skipping extension 'colcon_notification.desktop_notification.terminal_notifier': Not used on non-Darwin systems
[10.652s] INFO:colcon.colcon_core.plugin_system:Skipping extension 'colcon_notification.desktop_notification.win32': Not used on non-Windows systems
[10.652s] INFO:colcon.colcon_notification.desktop_notification:Sending desktop notification using 'notify2'
[10.665s] DEBUG:colcon.colcon_core.event_reactor:joined thread
[10.669s] INFO:colcon.colcon_core.shell:Creating prefix script '/home/tan/Desktop/car_d/car_ws/install/local_setup.ps1'
[10.670s] INFO:colcon.colcon_core.shell:Creating prefix util module '/home/tan/Desktop/car_d/car_ws/install/_local_setup_util_ps1.py'
[10.672s] INFO:colcon.colcon_core.shell:Creating prefix chain script '/home/tan/Desktop/car_d/car_ws/install/setup.ps1'
[10.675s] INFO:colcon.colcon_core.shell:Creating prefix script '/home/tan/Desktop/car_d/car_ws/install/local_setup.sh'
[10.676s] INFO:colcon.colcon_core.shell:Creating prefix util module '/home/tan/Desktop/car_d/car_ws/install/_local_setup_util_sh.py'
[10.676s] INFO:colcon.colcon_core.shell:Creating prefix chain script '/home/tan/Desktop/car_d/car_ws/install/setup.sh'
[10.679s] INFO:colcon.colcon_core.shell:Creating prefix script '/home/tan/Desktop/car_d/car_ws/install/local_setup.bash'
[10.679s] INFO:colcon.colcon_core.shell:Creating prefix chain script '/home/tan/Desktop/car_d/car_ws/install/setup.bash'
[10.682s] INFO:colcon.colcon_core.shell:Creating prefix script '/home/tan/Desktop/car_d/car_ws/install/local_setup.zsh'
[10.682s] INFO:colcon.colcon_core.shell:Creating prefix chain script '/home/tan/Desktop/car_d/car_ws/install/setup.zsh'
