[0.014s] Invoking command in '/root/sam_bot_description/src/joint_control/build/joint_control': CMAKE_PREFIX_PATH=${CMAKE_PREFIX_PATH}:/opt/ros/foxy /usr/bin/cmake --build /root/sam_bot_description/src/joint_control/build/joint_control -- -j16 -l16
[0.093s] [100%] Built target joint
[0.103s] Invoked command in '/root/sam_bot_description/src/joint_control/build/joint_control' returned '0': CMAKE_PREFIX_PATH=${CMAKE_PREFIX_PATH}:/opt/ros/foxy /usr/bin/cmake --build /root/sam_bot_description/src/joint_control/build/joint_control -- -j16 -l16
[0.158s] Invoking command in '/root/sam_bot_description/src/joint_control/build/joint_control': CMAKE_PREFIX_PATH=${CMAKE_PREFIX_PATH}:/opt/ros/foxy /usr/bin/cmake --install /root/sam_bot_description/src/joint_control/build/joint_control
[0.172s] -- Install configuration: ""
[0.173s] -- Up-to-date: /root/sam_bot_description/src/joint_control/install/joint_control/share/ament_index/resource_index/package_run_dependencies/joint_control
[0.173s] -- Up-to-date: /root/sam_bot_description/src/joint_control/install/joint_control/share/ament_index/resource_index/parent_prefix_path/joint_control
[0.173s] -- Up-to-date: /root/sam_bot_description/src/joint_control/install/joint_control/share/joint_control/environment/ament_prefix_path.sh
[0.173s] -- Up-to-date: /root/sam_bot_description/src/joint_control/install/joint_control/share/joint_control/environment/ament_prefix_path.dsv
[0.173s] -- Up-to-date: /root/sam_bot_description/src/joint_control/install/joint_control/share/joint_control/environment/path.sh
[0.173s] -- Up-to-date: /root/sam_bot_description/src/joint_control/install/joint_control/share/joint_control/environment/path.dsv
[0.173s] -- Up-to-date: /root/sam_bot_description/src/joint_control/install/joint_control/share/joint_control/local_setup.bash
[0.173s] -- Up-to-date: /root/sam_bot_description/src/joint_control/install/joint_control/share/joint_control/local_setup.sh
[0.174s] -- Up-to-date: /root/sam_bot_description/src/joint_control/install/joint_control/share/joint_control/local_setup.zsh
[0.174s] -- Up-to-date: /root/sam_bot_description/src/joint_control/install/joint_control/share/joint_control/local_setup.dsv
[0.174s] -- Installing: /root/sam_bot_description/src/joint_control/install/joint_control/share/joint_control/package.dsv
[0.174s] -- Up-to-date: /root/sam_bot_description/src/joint_control/install/joint_control/share/ament_index/resource_index/packages/joint_control
[0.174s] -- Up-to-date: /root/sam_bot_description/src/joint_control/install/joint_control/share/joint_control/cmake/joint_controlConfig.cmake
[0.174s] -- Up-to-date: /root/sam_bot_description/src/joint_control/install/joint_control/share/joint_control/cmake/joint_controlConfig-version.cmake
[0.174s] -- Up-to-date: /root/sam_bot_description/src/joint_control/install/joint_control/share/joint_control/package.xml
[0.178s] Invoked command in '/root/sam_bot_description/src/joint_control/build/joint_control' returned '0': CMAKE_PREFIX_PATH=${CMAKE_PREFIX_PATH}:/opt/ros/foxy /usr/bin/cmake --install /root/sam_bot_description/src/joint_control/build/joint_control
