[  2%] Built target msg_interface__cpp
[ 12%] Built target msg_interface__rosidl_generator_c
[ 23%] Built target msg_interface__rosidl_typesupport_introspection_c
[ 34%] Built target msg_interface__rosidl_typesupport_c
[ 44%] Built target msg_interface__rosidl_typesupport_introspection_cpp
[ 55%] Built target msg_interface__rosidl_typesupport_cpp
[ 65%] Built target msg_interface__rosidl_typesupport_fastrtps_cpp
[ 76%] Built target msg_interface__rosidl_typesupport_fastrtps_c
[ 76%] Built target msg_interface
[ 78%] Built target msg_interface__py
[ 87%] Built target msg_interface__python
[ 91%] Built target msg_interface__rosidl_typesupport_c__pyext
[ 97%] Built target msg_interface__rosidl_typesupport_fastrtps_c__pyext
[100%] Built target msg_interface__rosidl_typesupport_introspection_c__pyext
-- Install configuration: ""
-- Up-to-date: /home/tan/Desktop/car_d/car_ws/install/msg_interface/share/ament_index/resource_index/rosidl_interfaces/msg_interface
-- Up-to-date: /home/tan/Desktop/car_d/car_ws/install/msg_interface/include/msg_interface
-- Up-to-date: /home/tan/Desktop/car_d/car_ws/install/msg_interface/include/msg_interface/msg
-- Up-to-date: /home/tan/Desktop/car_d/car_ws/install/msg_interface/include/msg_interface/msg/velocity.h
-- Up-to-date: /home/tan/Desktop/car_d/car_ws/install/msg_interface/include/msg_interface/msg/force.h
-- Up-to-date: /home/tan/Desktop/car_d/car_ws/install/msg_interface/include/msg_interface/msg/detail
-- Up-to-date: /home/tan/Desktop/car_d/car_ws/install/msg_interface/include/msg_interface/msg/detail/force__functions.h
-- Up-to-date: /home/tan/Desktop/car_d/car_ws/install/msg_interface/include/msg_interface/msg/detail/force__struct.h
-- Up-to-date: /home/tan/Desktop/car_d/car_ws/install/msg_interface/include/msg_interface/msg/detail/control__functions.h
-- Up-to-date: /home/tan/Desktop/car_d/car_ws/install/msg_interface/include/msg_interface/msg/detail/control__struct.h
-- Up-to-date: /home/tan/Desktop/car_d/car_ws/install/msg_interface/include/msg_interface/msg/detail/velocity__functions.h
-- Up-to-date: /home/tan/Desktop/car_d/car_ws/install/msg_interface/include/msg_interface/msg/detail/velocity__struct.h
-- Up-to-date: /home/tan/Desktop/car_d/car_ws/install/msg_interface/include/msg_interface/msg/detail/control__type_support.h
-- Up-to-date: /home/tan/Desktop/car_d/car_ws/install/msg_interface/include/msg_interface/msg/detail/velocity__type_support.h
-- Up-to-date: /home/tan/Desktop/car_d/car_ws/install/msg_interface/include/msg_interface/msg/detail/velocity__functions.c
-- Up-to-date: /home/tan/Desktop/car_d/car_ws/install/msg_interface/include/msg_interface/msg/detail/force__type_support.h
-- Up-to-date: /home/tan/Desktop/car_d/car_ws/install/msg_interface/include/msg_interface/msg/detail/control__functions.c
-- Up-to-date: /home/tan/Desktop/car_d/car_ws/install/msg_interface/include/msg_interface/msg/detail/force__functions.c
-- Up-to-date: /home/tan/Desktop/car_d/car_ws/install/msg_interface/include/msg_interface/msg/control.h
-- Up-to-date: /home/tan/Desktop/car_d/car_ws/install/msg_interface/include/msg_interface/msg/rosidl_generator_c__visibility_control.h
-- Up-to-date: /home/tan/Desktop/car_d/car_ws/install/msg_interface/share/msg_interface/environment/library_path.sh
-- Up-to-date: /home/tan/Desktop/car_d/car_ws/install/msg_interface/share/msg_interface/environment/library_path.dsv
-- Up-to-date: /home/tan/Desktop/car_d/car_ws/install/msg_interface/lib/libmsg_interface__rosidl_generator_c.so
-- Up-to-date: /home/tan/Desktop/car_d/car_ws/install/msg_interface/include/msg_interface
-- Up-to-date: /home/tan/Desktop/car_d/car_ws/install/msg_interface/include/msg_interface/msg
-- Up-to-date: /home/tan/Desktop/car_d/car_ws/install/msg_interface/include/msg_interface/msg/rosidl_typesupport_fastrtps_c__visibility_control.h
-- Up-to-date: /home/tan/Desktop/car_d/car_ws/install/msg_interface/include/msg_interface/msg/detail
-- Up-to-date: /home/tan/Desktop/car_d/car_ws/install/msg_interface/include/msg_interface/msg/detail/velocity__rosidl_typesupport_fastrtps_c.h
-- Up-to-date: /home/tan/Desktop/car_d/car_ws/install/msg_interface/include/msg_interface/msg/detail/control__rosidl_typesupport_fastrtps_c.h
-- Up-to-date: /home/tan/Desktop/car_d/car_ws/install/msg_interface/include/msg_interface/msg/detail/force__rosidl_typesupport_fastrtps_c.h
-- Up-to-date: /home/tan/Desktop/car_d/car_ws/install/msg_interface/lib/libmsg_interface__rosidl_typesupport_fastrtps_c.so
-- Up-to-date: /home/tan/Desktop/car_d/car_ws/install/msg_interface/include/msg_interface
-- Up-to-date: /home/tan/Desktop/car_d/car_ws/install/msg_interface/include/msg_interface/msg
-- Up-to-date: /home/tan/Desktop/car_d/car_ws/install/msg_interface/include/msg_interface/msg/rosidl_typesupport_fastrtps_cpp__visibility_control.h
-- Up-to-date: /home/tan/Desktop/car_d/car_ws/install/msg_interface/include/msg_interface/msg/detail
-- Up-to-date: /home/tan/Desktop/car_d/car_ws/install/msg_interface/include/msg_interface/msg/detail/velocity__rosidl_typesupport_fastrtps_cpp.hpp
-- Up-to-date: /home/tan/Desktop/car_d/car_ws/install/msg_interface/include/msg_interface/msg/detail/dds_fastrtps
-- Up-to-date: /home/tan/Desktop/car_d/car_ws/install/msg_interface/include/msg_interface/msg/detail/control__rosidl_typesupport_fastrtps_cpp.hpp
-- Up-to-date: /home/tan/Desktop/car_d/car_ws/install/msg_interface/include/msg_interface/msg/detail/force__rosidl_typesupport_fastrtps_cpp.hpp
-- Up-to-date: /home/tan/Desktop/car_d/car_ws/install/msg_interface/lib/libmsg_interface__rosidl_typesupport_fastrtps_cpp.so
-- Up-to-date: /home/tan/Desktop/car_d/car_ws/install/msg_interface/include/msg_interface
-- Up-to-date: /home/tan/Desktop/car_d/car_ws/install/msg_interface/include/msg_interface/msg
-- Up-to-date: /home/tan/Desktop/car_d/car_ws/install/msg_interface/include/msg_interface/msg/rosidl_typesupport_introspection_c__visibility_control.h
-- Up-to-date: /home/tan/Desktop/car_d/car_ws/install/msg_interface/include/msg_interface/msg/detail
-- Up-to-date: /home/tan/Desktop/car_d/car_ws/install/msg_interface/include/msg_interface/msg/detail/velocity__rosidl_typesupport_introspection_c.h
-- Up-to-date: /home/tan/Desktop/car_d/car_ws/install/msg_interface/include/msg_interface/msg/detail/force__rosidl_typesupport_introspection_c.h
-- Up-to-date: /home/tan/Desktop/car_d/car_ws/install/msg_interface/include/msg_interface/msg/detail/control__rosidl_typesupport_introspection_c.h
-- Up-to-date: /home/tan/Desktop/car_d/car_ws/install/msg_interface/include/msg_interface/msg/detail/velocity__type_support.c
-- Up-to-date: /home/tan/Desktop/car_d/car_ws/install/msg_interface/include/msg_interface/msg/detail/force__type_support.c
-- Up-to-date: /home/tan/Desktop/car_d/car_ws/install/msg_interface/include/msg_interface/msg/detail/control__type_support.c
-- Up-to-date: /home/tan/Desktop/car_d/car_ws/install/msg_interface/lib/libmsg_interface__rosidl_typesupport_introspection_c.so
-- Up-to-date: /home/tan/Desktop/car_d/car_ws/install/msg_interface/lib/libmsg_interface__rosidl_typesupport_c.so
-- Up-to-date: /home/tan/Desktop/car_d/car_ws/install/msg_interface/include/msg_interface
-- Up-to-date: /home/tan/Desktop/car_d/car_ws/install/msg_interface/include/msg_interface/msg
-- Up-to-date: /home/tan/Desktop/car_d/car_ws/install/msg_interface/include/msg_interface/msg/force.hpp
-- Up-to-date: /home/tan/Desktop/car_d/car_ws/install/msg_interface/include/msg_interface/msg/velocity.hpp
-- Up-to-date: /home/tan/Desktop/car_d/car_ws/install/msg_interface/include/msg_interface/msg/detail
-- Up-to-date: /home/tan/Desktop/car_d/car_ws/install/msg_interface/include/msg_interface/msg/detail/velocity__traits.hpp
-- Up-to-date: /home/tan/Desktop/car_d/car_ws/install/msg_interface/include/msg_interface/msg/detail/force__builder.hpp
-- Up-to-date: /home/tan/Desktop/car_d/car_ws/install/msg_interface/include/msg_interface/msg/detail/control__traits.hpp
-- Up-to-date: /home/tan/Desktop/car_d/car_ws/install/msg_interface/include/msg_interface/msg/detail/force__traits.hpp
-- Up-to-date: /home/tan/Desktop/car_d/car_ws/install/msg_interface/include/msg_interface/msg/detail/velocity__builder.hpp
-- Up-to-date: /home/tan/Desktop/car_d/car_ws/install/msg_interface/include/msg_interface/msg/detail/force__struct.hpp
-- Up-to-date: /home/tan/Desktop/car_d/car_ws/install/msg_interface/include/msg_interface/msg/detail/control__builder.hpp
-- Up-to-date: /home/tan/Desktop/car_d/car_ws/install/msg_interface/include/msg_interface/msg/detail/control__struct.hpp
-- Up-to-date: /home/tan/Desktop/car_d/car_ws/install/msg_interface/include/msg_interface/msg/detail/velocity__struct.hpp
-- Up-to-date: /home/tan/Desktop/car_d/car_ws/install/msg_interface/include/msg_interface/msg/control.hpp
-- Up-to-date: /home/tan/Desktop/car_d/car_ws/install/msg_interface/include/msg_interface
-- Up-to-date: /home/tan/Desktop/car_d/car_ws/install/msg_interface/include/msg_interface/msg
-- Up-to-date: /home/tan/Desktop/car_d/car_ws/install/msg_interface/include/msg_interface/msg/detail
-- Up-to-date: /home/tan/Desktop/car_d/car_ws/install/msg_interface/include/msg_interface/msg/detail/velocity__rosidl_typesupport_introspection_cpp.hpp
-- Up-to-date: /home/tan/Desktop/car_d/car_ws/install/msg_interface/include/msg_interface/msg/detail/control__rosidl_typesupport_introspection_cpp.hpp
-- Up-to-date: /home/tan/Desktop/car_d/car_ws/install/msg_interface/include/msg_interface/msg/detail/force__type_support.cpp
-- Up-to-date: /home/tan/Desktop/car_d/car_ws/install/msg_interface/include/msg_interface/msg/detail/control__type_support.cpp
-- Up-to-date: /home/tan/Desktop/car_d/car_ws/install/msg_interface/include/msg_interface/msg/detail/force__rosidl_typesupport_introspection_cpp.hpp
-- Up-to-date: /home/tan/Desktop/car_d/car_ws/install/msg_interface/include/msg_interface/msg/detail/velocity__type_support.cpp
-- Up-to-date: /home/tan/Desktop/car_d/car_ws/install/msg_interface/lib/libmsg_interface__rosidl_typesupport_introspection_cpp.so
-- Up-to-date: /home/tan/Desktop/car_d/car_ws/install/msg_interface/lib/libmsg_interface__rosidl_typesupport_cpp.so
-- Up-to-date: /home/tan/Desktop/car_d/car_ws/install/msg_interface/share/msg_interface/environment/pythonpath.sh
-- Up-to-date: /home/tan/Desktop/car_d/car_ws/install/msg_interface/share/msg_interface/environment/pythonpath.dsv
-- Up-to-date: /home/tan/Desktop/car_d/car_ws/install/msg_interface/lib/python3.8/site-packages/msg_interface/__init__.py
-- Up-to-date: /home/tan/Desktop/car_d/car_ws/install/msg_interface/lib/python3.8/site-packages/msg_interface/msg
-- Up-to-date: /home/tan/Desktop/car_d/car_ws/install/msg_interface/lib/python3.8/site-packages/msg_interface/msg/_force_s.c
-- Up-to-date: /home/tan/Desktop/car_d/car_ws/install/msg_interface/lib/python3.8/site-packages/msg_interface/msg/_velocity.py
-- Up-to-date: /home/tan/Desktop/car_d/car_ws/install/msg_interface/lib/python3.8/site-packages/msg_interface/msg/_control.py
-- Up-to-date: /home/tan/Desktop/car_d/car_ws/install/msg_interface/lib/python3.8/site-packages/msg_interface/msg/_velocity_s.c
-- Up-to-date: /home/tan/Desktop/car_d/car_ws/install/msg_interface/lib/python3.8/site-packages/msg_interface/msg/_control_s.c
-- Up-to-date: /home/tan/Desktop/car_d/car_ws/install/msg_interface/lib/python3.8/site-packages/msg_interface/msg/_force.py
-- Up-to-date: /home/tan/Desktop/car_d/car_ws/install/msg_interface/lib/python3.8/site-packages/msg_interface/msg/__init__.py
-- Up-to-date: /home/tan/Desktop/car_d/car_ws/install/msg_interface/lib/python3.8/site-packages/msg_interface/msg_interface_s__rosidl_typesupport_fastrtps_c.cpython-38-x86_64-linux-gnu.so
-- Up-to-date: /home/tan/Desktop/car_d/car_ws/install/msg_interface/lib/python3.8/site-packages/msg_interface/msg_interface_s__rosidl_typesupport_introspection_c.cpython-38-x86_64-linux-gnu.so
-- Up-to-date: /home/tan/Desktop/car_d/car_ws/install/msg_interface/lib/python3.8/site-packages/msg_interface/msg_interface_s__rosidl_typesupport_c.cpython-38-x86_64-linux-gnu.so
-- Up-to-date: /home/tan/Desktop/car_d/car_ws/install/msg_interface/lib/libmsg_interface__python.so
-- Up-to-date: /home/tan/Desktop/car_d/car_ws/install/msg_interface/share/msg_interface/msg/Force.idl
-- Up-to-date: /home/tan/Desktop/car_d/car_ws/install/msg_interface/share/msg_interface/msg/Velocity.idl
-- Up-to-date: /home/tan/Desktop/car_d/car_ws/install/msg_interface/share/msg_interface/msg/Control.idl
-- Up-to-date: /home/tan/Desktop/car_d/car_ws/install/msg_interface/share/msg_interface/msg/Force.msg
-- Up-to-date: /home/tan/Desktop/car_d/car_ws/install/msg_interface/share/msg_interface/msg/Velocity.msg
-- Up-to-date: /home/tan/Desktop/car_d/car_ws/install/msg_interface/share/msg_interface/msg/Control.msg
-- Up-to-date: /home/tan/Desktop/car_d/car_ws/install/msg_interface/share/ament_index/resource_index/package_run_dependencies/msg_interface
-- Up-to-date: /home/tan/Desktop/car_d/car_ws/install/msg_interface/share/ament_index/resource_index/parent_prefix_path/msg_interface
-- Up-to-date: /home/tan/Desktop/car_d/car_ws/install/msg_interface/share/msg_interface/environment/ament_prefix_path.sh
-- Up-to-date: /home/tan/Desktop/car_d/car_ws/install/msg_interface/share/msg_interface/environment/ament_prefix_path.dsv
-- Up-to-date: /home/tan/Desktop/car_d/car_ws/install/msg_interface/share/msg_interface/environment/path.sh
-- Up-to-date: /home/tan/Desktop/car_d/car_ws/install/msg_interface/share/msg_interface/environment/path.dsv
-- Up-to-date: /home/tan/Desktop/car_d/car_ws/install/msg_interface/share/msg_interface/local_setup.bash
-- Up-to-date: /home/tan/Desktop/car_d/car_ws/install/msg_interface/share/msg_interface/local_setup.sh
-- Up-to-date: /home/tan/Desktop/car_d/car_ws/install/msg_interface/share/msg_interface/local_setup.zsh
-- Up-to-date: /home/tan/Desktop/car_d/car_ws/install/msg_interface/share/msg_interface/local_setup.dsv
-- Installing: /home/tan/Desktop/car_d/car_ws/install/msg_interface/share/msg_interface/package.dsv
-- Up-to-date: /home/tan/Desktop/car_d/car_ws/install/msg_interface/share/ament_index/resource_index/packages/msg_interface
-- Up-to-date: /home/tan/Desktop/car_d/car_ws/install/msg_interface/share/msg_interface/cmake/msg_interface__rosidl_generator_cExport.cmake
-- Up-to-date: /home/tan/Desktop/car_d/car_ws/install/msg_interface/share/msg_interface/cmake/msg_interface__rosidl_generator_cExport-noconfig.cmake
-- Up-to-date: /home/tan/Desktop/car_d/car_ws/install/msg_interface/share/msg_interface/cmake/msg_interface__rosidl_typesupport_introspection_cExport.cmake
-- Up-to-date: /home/tan/Desktop/car_d/car_ws/install/msg_interface/share/msg_interface/cmake/msg_interface__rosidl_typesupport_introspection_cExport-noconfig.cmake
-- Up-to-date: /home/tan/Desktop/car_d/car_ws/install/msg_interface/share/msg_interface/cmake/msg_interface__rosidl_typesupport_cExport.cmake
-- Up-to-date: /home/tan/Desktop/car_d/car_ws/install/msg_interface/share/msg_interface/cmake/msg_interface__rosidl_typesupport_cExport-noconfig.cmake
-- Up-to-date: /home/tan/Desktop/car_d/car_ws/install/msg_interface/share/msg_interface/cmake/msg_interface__rosidl_generator_cppExport.cmake
-- Up-to-date: /home/tan/Desktop/car_d/car_ws/install/msg_interface/share/msg_interface/cmake/msg_interface__rosidl_typesupport_introspection_cppExport.cmake
-- Up-to-date: /home/tan/Desktop/car_d/car_ws/install/msg_interface/share/msg_interface/cmake/msg_interface__rosidl_typesupport_introspection_cppExport-noconfig.cmake
-- Up-to-date: /home/tan/Desktop/car_d/car_ws/install/msg_interface/share/msg_interface/cmake/msg_interface__rosidl_typesupport_cppExport.cmake
-- Up-to-date: /home/tan/Desktop/car_d/car_ws/install/msg_interface/share/msg_interface/cmake/msg_interface__rosidl_typesupport_cppExport-noconfig.cmake
-- Up-to-date: /home/tan/Desktop/car_d/car_ws/install/msg_interface/share/msg_interface/cmake/rosidl_cmake-extras.cmake
-- Up-to-date: /home/tan/Desktop/car_d/car_ws/install/msg_interface/share/msg_interface/cmake/ament_cmake_export_dependencies-extras.cmake
-- Up-to-date: /home/tan/Desktop/car_d/car_ws/install/msg_interface/share/msg_interface/cmake/ament_cmake_export_libraries-extras.cmake
-- Up-to-date: /home/tan/Desktop/car_d/car_ws/install/msg_interface/share/msg_interface/cmake/ament_cmake_export_targets-extras.cmake
-- Up-to-date: /home/tan/Desktop/car_d/car_ws/install/msg_interface/share/msg_interface/cmake/ament_cmake_export_include_directories-extras.cmake
-- Up-to-date: /home/tan/Desktop/car_d/car_ws/install/msg_interface/share/msg_interface/cmake/rosidl_cmake_export_typesupport_libraries-extras.cmake
-- Up-to-date: /home/tan/Desktop/car_d/car_ws/install/msg_interface/share/msg_interface/cmake/rosidl_cmake_export_typesupport_targets-extras.cmake
-- Up-to-date: /home/tan/Desktop/car_d/car_ws/install/msg_interface/share/msg_interface/cmake/msg_interfaceConfig.cmake
-- Up-to-date: /home/tan/Desktop/car_d/car_ws/install/msg_interface/share/msg_interface/cmake/msg_interfaceConfig-version.cmake
-- Up-to-date: /home/tan/Desktop/car_d/car_ws/install/msg_interface/share/msg_interface/package.xml
