[0.027s] Invoking command in '/home/tan/Desktop/car_d/car_ws/build/tan': CMAKE_PREFIX_PATH=${CMAKE_PREFIX_PATH}:/opt/ros/foxy /usr/bin/cmake --build /home/tan/Desktop/car_d/car_ws/build/tan -- -j16 -l16
[0.091s] [ 12%] Built target test_curve
[0.092s] [ 25%] Built target vel_commander
[0.099s] [ 37%] Built target go_to_pos
[0.102s] [ 62%] Built target mpc_commander
[0.102s] [ 62%] Built target mpc_commander_opt_curve
[0.103s] [ 75%] Built target test_path
[0.108s] [ 87%] Built target mpc_commander_opt
[0.110s] [100%] Built target tan_commander_curve
[0.118s] Invoked command in '/home/tan/Desktop/car_d/car_ws/build/tan' returned '0': CMAKE_PREFIX_PATH=${CMAKE_PREFIX_PATH}:/opt/ros/foxy /usr/bin/cmake --build /home/tan/Desktop/car_d/car_ws/build/tan -- -j16 -l16
[0.159s] Invoking command in '/home/tan/Desktop/car_d/car_ws/build/tan': CMAKE_PREFIX_PATH=${CMAKE_PREFIX_PATH}:/opt/ros/foxy /usr/bin/cmake --install /home/tan/Desktop/car_d/car_ws/build/tan
[0.167s] -- Install configuration: ""
[0.167s] -- Up-to-date: /home/tan/Desktop/car_d/car_ws/install/tan/lib/tan/go_to_pos
[0.167s] -- Up-to-date: /home/tan/Desktop/car_d/car_ws/install/tan/lib/tan/vel_commander
[0.167s] -- Up-to-date: /home/tan/Desktop/car_d/car_ws/install/tan/lib/tan/mpc_commander
[0.168s] -- Up-to-date: /home/tan/Desktop/car_d/car_ws/install/tan/lib/tan/mpc_commander_opt
[0.168s] -- Up-to-date: /home/tan/Desktop/car_d/car_ws/install/tan/lib/tan/mpc_commander_opt_curve
[0.168s] -- Up-to-date: /home/tan/Desktop/car_d/car_ws/install/tan/lib/tan/tan_commander_curve
[0.168s] -- Up-to-date: /home/tan/Desktop/car_d/car_ws/install/tan/lib/tan/test_path
[0.169s] -- Up-to-date: /home/tan/Desktop/car_d/car_ws/install/tan/lib/tan/test_curve
[0.169s] -- Up-to-date: /home/tan/Desktop/car_d/car_ws/install/tan/share/ament_index/resource_index/package_run_dependencies/tan
[0.169s] -- Up-to-date: /home/tan/Desktop/car_d/car_ws/install/tan/share/ament_index/resource_index/parent_prefix_path/tan
[0.169s] -- Up-to-date: /home/tan/Desktop/car_d/car_ws/install/tan/share/tan/environment/ament_prefix_path.sh
[0.169s] -- Up-to-date: /home/tan/Desktop/car_d/car_ws/install/tan/share/tan/environment/ament_prefix_path.dsv
[0.170s] -- Up-to-date: /home/tan/Desktop/car_d/car_ws/install/tan/share/tan/environment/path.sh
[0.170s] -- Up-to-date: /home/tan/Desktop/car_d/car_ws/install/tan/share/tan/environment/path.dsv
[0.170s] -- Up-to-date: /home/tan/Desktop/car_d/car_ws/install/tan/share/tan/local_setup.bash
[0.170s] -- Up-to-date: /home/tan/Desktop/car_d/car_ws/install/tan/share/tan/local_setup.sh
[0.170s] -- Up-to-date: /home/tan/Desktop/car_d/car_ws/install/tan/share/tan/local_setup.zsh
[0.170s] -- Up-to-date: /home/tan/Desktop/car_d/car_ws/install/tan/share/tan/local_setup.dsv
[0.170s] -- Installing: /home/tan/Desktop/car_d/car_ws/install/tan/share/tan/package.dsv
[0.170s] -- Up-to-date: /home/tan/Desktop/car_d/car_ws/install/tan/share/ament_index/resource_index/packages/tan
[0.171s] -- Up-to-date: /home/tan/Desktop/car_d/car_ws/install/tan/share/tan/cmake/tanConfig.cmake
[0.171s] -- Up-to-date: /home/tan/Desktop/car_d/car_ws/install/tan/share/tan/cmake/tanConfig-version.cmake
[0.171s] -- Up-to-date: /home/tan/Desktop/car_d/car_ws/install/tan/share/tan/package.xml
[0.173s] Invoked command in '/home/tan/Desktop/car_d/car_ws/build/tan' returned '0': CMAKE_PREFIX_PATH=${CMAKE_PREFIX_PATH}:/opt/ros/foxy /usr/bin/cmake --install /home/tan/Desktop/car_d/car_ws/build/tan
