[0.121s] DEBUG:colcon:Command line arguments: ['/usr/bin/colcon', 'build']
[0.121s] DEBUG:colcon:Parsed command line arguments: Namespace(allow_overriding=[], ament_cmake_args=None, base_paths=['.'], build_base='build', catkin_cmake_args=None, catkin_skip_building_tests=False, cmake_args=None, cmake_clean_cache=False, cmake_clean_first=False, cmake_force_configure=False, cmake_target=None, cmake_target_skip_unavailable=False, continue_on_error=False, event_handlers=None, executor='parallel', ignore_user_meta=False, install_base='install', log_base=None, log_level=None, main=<bound method BuildVerb.main of <colcon_core.verb.build.BuildVerb object at 0x7fb6350ca580>>, merge_install=False, metas=['./colcon.meta'], packages_above=None, packages_above_and_dependencies=None, packages_above_depth=None, packages_end=None, packages_ignore=None, packages_ignore_regex=None, packages_select=None, packages_select_build_failed=False, packages_select_by_dep=None, packages_select_regex=None, packages_select_test_failures=False, packages_skip=None, packages_skip_build_finished=False, packages_skip_by_dep=None, packages_skip_regex=None, packages_skip_test_passed=False, packages_skip_up_to=None, packages_start=None, packages_up_to=None, packages_up_to_regex=None, parallel_workers=16, paths=None, symlink_install=False, test_result_base=None, verb_extension=<colcon_core.verb.build.BuildVerb object at 0x7fb6350ca580>, verb_name='build', verb_parser=<colcon_defaults.argument_parser.defaults.DefaultArgumentsDecorator object at 0x7fb6350caac0>)
[0.140s] Level 1:colcon.colcon_core.package_discovery:discover_packages(colcon_meta) check parameters
[0.140s] Level 1:colcon.colcon_core.package_discovery:discover_packages(recursive) check parameters
[0.140s] Level 1:colcon.colcon_core.package_discovery:discover_packages(ignore) check parameters
[0.140s] Level 1:colcon.colcon_core.package_discovery:discover_packages(path) check parameters
[0.140s] Level 1:colcon.colcon_core.package_discovery:discover_packages(colcon_meta) discover
[0.140s] Level 1:colcon.colcon_core.package_discovery:discover_packages(recursive) discover
[0.140s] INFO:colcon.colcon_core.package_discovery:Crawling recursively for packages in '/home/tan/Desktop/car_d/car_ws'
[0.140s] Level 1:colcon.colcon_core.package_identification:_identify(.) by extensions ['ignore', 'ignore_ament_install']
[0.140s] Level 1:colcon.colcon_core.package_identification:_identify(.) by extension 'ignore'
[0.140s] Level 1:colcon.colcon_core.package_identification:_identify(.) by extension 'ignore_ament_install'
[0.140s] Level 1:colcon.colcon_core.package_identification:_identify(.) by extensions ['colcon_pkg']
[0.140s] Level 1:colcon.colcon_core.package_identification:_identify(.) by extension 'colcon_pkg'
[0.140s] Level 1:colcon.colcon_core.package_identification:_identify(.) by extensions ['colcon_meta']
[0.140s] Level 1:colcon.colcon_core.package_identification:_identify(.) by extension 'colcon_meta'
[0.141s] Level 1:colcon.colcon_core.package_identification:_identify(.) by extensions ['ros']
[0.141s] Level 1:colcon.colcon_core.package_identification:_identify(.) by extension 'ros'
[0.152s] Level 1:colcon.colcon_core.package_identification:_identify(.) by extensions ['cmake', 'python']
[0.153s] Level 1:colcon.colcon_core.package_identification:_identify(.) by extension 'cmake'
[0.153s] Level 1:colcon.colcon_core.package_identification:_identify(.) by extension 'python'
[0.153s] Level 1:colcon.colcon_core.package_identification:_identify(.) by extensions ['python_setup_py']
[0.153s] Level 1:colcon.colcon_core.package_identification:_identify(.) by extension 'python_setup_py'
[0.153s] Level 1:colcon.colcon_core.package_identification:_identify(build) by extensions ['ignore', 'ignore_ament_install']
[0.153s] Level 1:colcon.colcon_core.package_identification:_identify(build) by extension 'ignore'
[0.153s] Level 1:colcon.colcon_core.package_identification:_identify(build) ignored
[0.153s] Level 1:colcon.colcon_core.package_identification:_identify(install) by extensions ['ignore', 'ignore_ament_install']
[0.153s] Level 1:colcon.colcon_core.package_identification:_identify(install) by extension 'ignore'
[0.153s] Level 1:colcon.colcon_core.package_identification:_identify(install) ignored
[0.153s] Level 1:colcon.colcon_core.package_identification:_identify(log) by extensions ['ignore', 'ignore_ament_install']
[0.153s] Level 1:colcon.colcon_core.package_identification:_identify(log) by extension 'ignore'
[0.153s] Level 1:colcon.colcon_core.package_identification:_identify(log) ignored
[0.153s] Level 1:colcon.colcon_core.package_identification:_identify(src) by extensions ['ignore', 'ignore_ament_install']
[0.153s] Level 1:colcon.colcon_core.package_identification:_identify(src) by extension 'ignore'
[0.154s] Level 1:colcon.colcon_core.package_identification:_identify(src) by extension 'ignore_ament_install'
[0.154s] Level 1:colcon.colcon_core.package_identification:_identify(src) by extensions ['colcon_pkg']
[0.154s] Level 1:colcon.colcon_core.package_identification:_identify(src) by extension 'colcon_pkg'
[0.154s] Level 1:colcon.colcon_core.package_identification:_identify(src) by extensions ['colcon_meta']
[0.154s] Level 1:colcon.colcon_core.package_identification:_identify(src) by extension 'colcon_meta'
[0.154s] Level 1:colcon.colcon_core.package_identification:_identify(src) by extensions ['ros']
[0.154s] Level 1:colcon.colcon_core.package_identification:_identify(src) by extension 'ros'
[0.154s] Level 1:colcon.colcon_core.package_identification:_identify(src) by extensions ['cmake', 'python']
[0.154s] Level 1:colcon.colcon_core.package_identification:_identify(src) by extension 'cmake'
[0.154s] Level 1:colcon.colcon_core.package_identification:_identify(src) by extension 'python'
[0.154s] Level 1:colcon.colcon_core.package_identification:_identify(src) by extensions ['python_setup_py']
[0.154s] Level 1:colcon.colcon_core.package_identification:_identify(src) by extension 'python_setup_py'
[0.154s] Level 1:colcon.colcon_core.package_identification:_identify(src/car_vision) by extensions ['ignore', 'ignore_ament_install']
[0.154s] Level 1:colcon.colcon_core.package_identification:_identify(src/car_vision) by extension 'ignore'
[0.154s] Level 1:colcon.colcon_core.package_identification:_identify(src/car_vision) by extension 'ignore_ament_install'
[0.154s] Level 1:colcon.colcon_core.package_identification:_identify(src/car_vision) by extensions ['colcon_pkg']
[0.154s] Level 1:colcon.colcon_core.package_identification:_identify(src/car_vision) by extension 'colcon_pkg'
[0.154s] Level 1:colcon.colcon_core.package_identification:_identify(src/car_vision) by extensions ['colcon_meta']
[0.154s] Level 1:colcon.colcon_core.package_identification:_identify(src/car_vision) by extension 'colcon_meta'
[0.155s] Level 1:colcon.colcon_core.package_identification:_identify(src/car_vision) by extensions ['ros']
[0.155s] Level 1:colcon.colcon_core.package_identification:_identify(src/car_vision) by extension 'ros'
[0.157s] DEBUG:colcon.colcon_core.package_identification:Package 'src/car_vision' with type 'ros.ament_cmake' and name 'car_vision'
[0.157s] Level 1:colcon.colcon_core.package_identification:_identify(src/carrl_interface) by extensions ['ignore', 'ignore_ament_install']
[0.157s] Level 1:colcon.colcon_core.package_identification:_identify(src/carrl_interface) by extension 'ignore'
[0.157s] Level 1:colcon.colcon_core.package_identification:_identify(src/carrl_interface) by extension 'ignore_ament_install'
[0.157s] Level 1:colcon.colcon_core.package_identification:_identify(src/carrl_interface) by extensions ['colcon_pkg']
[0.157s] Level 1:colcon.colcon_core.package_identification:_identify(src/carrl_interface) by extension 'colcon_pkg'
[0.157s] Level 1:colcon.colcon_core.package_identification:_identify(src/carrl_interface) by extensions ['colcon_meta']
[0.157s] Level 1:colcon.colcon_core.package_identification:_identify(src/carrl_interface) by extension 'colcon_meta'
[0.157s] Level 1:colcon.colcon_core.package_identification:_identify(src/carrl_interface) by extensions ['ros']
[0.157s] Level 1:colcon.colcon_core.package_identification:_identify(src/carrl_interface) by extension 'ros'
[0.158s] DEBUG:colcon.colcon_core.package_identification:Package 'src/carrl_interface' with type 'ros.ament_cmake' and name 'carrl_interface'
[0.158s] Level 1:colcon.colcon_core.package_identification:_identify(src/msg_interface) by extensions ['ignore', 'ignore_ament_install']
[0.158s] Level 1:colcon.colcon_core.package_identification:_identify(src/msg_interface) by extension 'ignore'
[0.158s] Level 1:colcon.colcon_core.package_identification:_identify(src/msg_interface) by extension 'ignore_ament_install'
[0.158s] Level 1:colcon.colcon_core.package_identification:_identify(src/msg_interface) by extensions ['colcon_pkg']
[0.158s] Level 1:colcon.colcon_core.package_identification:_identify(src/msg_interface) by extension 'colcon_pkg'
[0.158s] Level 1:colcon.colcon_core.package_identification:_identify(src/msg_interface) by extensions ['colcon_meta']
[0.158s] Level 1:colcon.colcon_core.package_identification:_identify(src/msg_interface) by extension 'colcon_meta'
[0.158s] Level 1:colcon.colcon_core.package_identification:_identify(src/msg_interface) by extensions ['ros']
[0.158s] Level 1:colcon.colcon_core.package_identification:_identify(src/msg_interface) by extension 'ros'
[0.158s] DEBUG:colcon.colcon_core.package_identification:Package 'src/msg_interface' with type 'ros.ament_cmake' and name 'msg_interface'
[0.158s] Level 1:colcon.colcon_core.package_identification:_identify(src/px4_node) by extensions ['ignore', 'ignore_ament_install']
[0.159s] Level 1:colcon.colcon_core.package_identification:_identify(src/px4_node) by extension 'ignore'
[0.159s] Level 1:colcon.colcon_core.package_identification:_identify(src/px4_node) by extension 'ignore_ament_install'
[0.159s] Level 1:colcon.colcon_core.package_identification:_identify(src/px4_node) by extensions ['colcon_pkg']
[0.159s] Level 1:colcon.colcon_core.package_identification:_identify(src/px4_node) by extension 'colcon_pkg'
[0.159s] Level 1:colcon.colcon_core.package_identification:_identify(src/px4_node) by extensions ['colcon_meta']
[0.159s] Level 1:colcon.colcon_core.package_identification:_identify(src/px4_node) by extension 'colcon_meta'
[0.159s] Level 1:colcon.colcon_core.package_identification:_identify(src/px4_node) by extensions ['ros']
[0.159s] Level 1:colcon.colcon_core.package_identification:_identify(src/px4_node) by extension 'ros'
[0.159s] DEBUG:colcon.colcon_core.package_identification:Package 'src/px4_node' with type 'ros.ament_cmake' and name 'px4_node'
[0.159s] Level 1:colcon.colcon_core.package_identification:_identify(src/service_interface) by extensions ['ignore', 'ignore_ament_install']
[0.159s] Level 1:colcon.colcon_core.package_identification:_identify(src/service_interface) by extension 'ignore'
[0.160s] Level 1:colcon.colcon_core.package_identification:_identify(src/service_interface) by extension 'ignore_ament_install'
[0.160s] Level 1:colcon.colcon_core.package_identification:_identify(src/service_interface) by extensions ['colcon_pkg']
[0.160s] Level 1:colcon.colcon_core.package_identification:_identify(src/service_interface) by extension 'colcon_pkg'
[0.160s] Level 1:colcon.colcon_core.package_identification:_identify(src/service_interface) by extensions ['colcon_meta']
[0.160s] Level 1:colcon.colcon_core.package_identification:_identify(src/service_interface) by extension 'colcon_meta'
[0.160s] Level 1:colcon.colcon_core.package_identification:_identify(src/service_interface) by extensions ['ros']
[0.160s] Level 1:colcon.colcon_core.package_identification:_identify(src/service_interface) by extension 'ros'
[0.160s] DEBUG:colcon.colcon_core.package_identification:Package 'src/service_interface' with type 'ros.ament_cmake' and name 'service_interface'
[0.160s] Level 1:colcon.colcon_core.package_identification:_identify(src/tan) by extensions ['ignore', 'ignore_ament_install']
[0.160s] Level 1:colcon.colcon_core.package_identification:_identify(src/tan) by extension 'ignore'
[0.160s] Level 1:colcon.colcon_core.package_identification:_identify(src/tan) by extension 'ignore_ament_install'
[0.160s] Level 1:colcon.colcon_core.package_identification:_identify(src/tan) by extensions ['colcon_pkg']
[0.160s] Level 1:colcon.colcon_core.package_identification:_identify(src/tan) by extension 'colcon_pkg'
[0.160s] Level 1:colcon.colcon_core.package_identification:_identify(src/tan) by extensions ['colcon_meta']
[0.160s] Level 1:colcon.colcon_core.package_identification:_identify(src/tan) by extension 'colcon_meta'
[0.160s] Level 1:colcon.colcon_core.package_identification:_identify(src/tan) by extensions ['ros']
[0.160s] Level 1:colcon.colcon_core.package_identification:_identify(src/tan) by extension 'ros'
[0.161s] DEBUG:colcon.colcon_core.package_identification:Package 'src/tan' with type 'ros.ament_cmake' and name 'tan'
[0.161s] Level 1:colcon.colcon_core.package_discovery:discover_packages(recursive) using defaults
[0.161s] Level 1:colcon.colcon_core.package_discovery:discover_packages(ignore) discover
[0.161s] Level 1:colcon.colcon_core.package_discovery:discover_packages(ignore) using defaults
[0.161s] Level 1:colcon.colcon_core.package_discovery:discover_packages(path) discover
[0.161s] Level 1:colcon.colcon_core.package_discovery:discover_packages(path) using defaults
[0.178s] Level 1:colcon.colcon_core.package_discovery:discover_packages(prefix_path) check parameters
[0.178s] Level 1:colcon.colcon_core.package_discovery:discover_packages(prefix_path) discover
[0.181s] DEBUG:colcon.colcon_installed_package_information.package_discovery:Found 6 installed packages in /home/tan/Desktop/car_d/car_ws/install
[0.182s] DEBUG:colcon.colcon_installed_package_information.package_discovery:Found 3 installed packages in /home/tan/ros2_ws/install
[0.184s] DEBUG:colcon.colcon_installed_package_information.package_discovery:Found 311 installed packages in /opt/ros/foxy
[0.185s] Level 1:colcon.colcon_core.package_discovery:discover_packages(prefix_path) using defaults
[0.239s] Level 5:colcon.colcon_core.verb:set package 'carrl_interface' build argument 'cmake_args' from command line to 'None'
[0.239s] Level 5:colcon.colcon_core.verb:set package 'carrl_interface' build argument 'cmake_target' from command line to 'None'
[0.239s] Level 5:colcon.colcon_core.verb:set package 'carrl_interface' build argument 'cmake_target_skip_unavailable' from command line to 'False'
[0.239s] Level 5:colcon.colcon_core.verb:set package 'carrl_interface' build argument 'cmake_clean_cache' from command line to 'False'
[0.239s] Level 5:colcon.colcon_core.verb:set package 'carrl_interface' build argument 'cmake_clean_first' from command line to 'False'
[0.239s] Level 5:colcon.colcon_core.verb:set package 'carrl_interface' build argument 'cmake_force_configure' from command line to 'False'
[0.239s] Level 5:colcon.colcon_core.verb:set package 'carrl_interface' build argument 'ament_cmake_args' from command line to 'None'
[0.239s] Level 5:colcon.colcon_core.verb:set package 'carrl_interface' build argument 'catkin_cmake_args' from command line to 'None'
[0.239s] Level 5:colcon.colcon_core.verb:set package 'carrl_interface' build argument 'catkin_skip_building_tests' from command line to 'False'
[0.239s] DEBUG:colcon.colcon_core.verb:Building package 'carrl_interface' with the following arguments: {'ament_cmake_args': None, 'build_base': '/home/tan/Desktop/car_d/car_ws/build/carrl_interface', 'catkin_cmake_args': None, 'catkin_skip_building_tests': False, 'cmake_args': None, 'cmake_clean_cache': False, 'cmake_clean_first': False, 'cmake_force_configure': False, 'cmake_target': None, 'cmake_target_skip_unavailable': False, 'install_base': '/home/tan/Desktop/car_d/car_ws/install/carrl_interface', 'merge_install': False, 'path': '/home/tan/Desktop/car_d/car_ws/src/carrl_interface', 'symlink_install': False, 'test_result_base': None}
[0.240s] Level 5:colcon.colcon_core.verb:set package 'msg_interface' build argument 'cmake_args' from command line to 'None'
[0.240s] Level 5:colcon.colcon_core.verb:set package 'msg_interface' build argument 'cmake_target' from command line to 'None'
[0.240s] Level 5:colcon.colcon_core.verb:set package 'msg_interface' build argument 'cmake_target_skip_unavailable' from command line to 'False'
[0.240s] Level 5:colcon.colcon_core.verb:set package 'msg_interface' build argument 'cmake_clean_cache' from command line to 'False'
[0.240s] Level 5:colcon.colcon_core.verb:set package 'msg_interface' build argument 'cmake_clean_first' from command line to 'False'
[0.240s] Level 5:colcon.colcon_core.verb:set package 'msg_interface' build argument 'cmake_force_configure' from command line to 'False'
[0.240s] Level 5:colcon.colcon_core.verb:set package 'msg_interface' build argument 'ament_cmake_args' from command line to 'None'
[0.240s] Level 5:colcon.colcon_core.verb:set package 'msg_interface' build argument 'catkin_cmake_args' from command line to 'None'
[0.240s] Level 5:colcon.colcon_core.verb:set package 'msg_interface' build argument 'catkin_skip_building_tests' from command line to 'False'
[0.240s] DEBUG:colcon.colcon_core.verb:Building package 'msg_interface' with the following arguments: {'ament_cmake_args': None, 'build_base': '/home/tan/Desktop/car_d/car_ws/build/msg_interface', 'catkin_cmake_args': None, 'catkin_skip_building_tests': False, 'cmake_args': None, 'cmake_clean_cache': False, 'cmake_clean_first': False, 'cmake_force_configure': False, 'cmake_target': None, 'cmake_target_skip_unavailable': False, 'install_base': '/home/tan/Desktop/car_d/car_ws/install/msg_interface', 'merge_install': False, 'path': '/home/tan/Desktop/car_d/car_ws/src/msg_interface', 'symlink_install': False, 'test_result_base': None}
[0.242s] Level 5:colcon.colcon_core.verb:set package 'service_interface' build argument 'cmake_args' from command line to 'None'
[0.242s] Level 5:colcon.colcon_core.verb:set package 'service_interface' build argument 'cmake_target' from command line to 'None'
[0.242s] Level 5:colcon.colcon_core.verb:set package 'service_interface' build argument 'cmake_target_skip_unavailable' from command line to 'False'
[0.242s] Level 5:colcon.colcon_core.verb:set package 'service_interface' build argument 'cmake_clean_cache' from command line to 'False'
[0.242s] Level 5:colcon.colcon_core.verb:set package 'service_interface' build argument 'cmake_clean_first' from command line to 'False'
[0.242s] Level 5:colcon.colcon_core.verb:set package 'service_interface' build argument 'cmake_force_configure' from command line to 'False'
[0.242s] Level 5:colcon.colcon_core.verb:set package 'service_interface' build argument 'ament_cmake_args' from command line to 'None'
[0.242s] Level 5:colcon.colcon_core.verb:set package 'service_interface' build argument 'catkin_cmake_args' from command line to 'None'
[0.242s] Level 5:colcon.colcon_core.verb:set package 'service_interface' build argument 'catkin_skip_building_tests' from command line to 'False'
[0.242s] DEBUG:colcon.colcon_core.verb:Building package 'service_interface' with the following arguments: {'ament_cmake_args': None, 'build_base': '/home/tan/Desktop/car_d/car_ws/build/service_interface', 'catkin_cmake_args': None, 'catkin_skip_building_tests': False, 'cmake_args': None, 'cmake_clean_cache': False, 'cmake_clean_first': False, 'cmake_force_configure': False, 'cmake_target': None, 'cmake_target_skip_unavailable': False, 'install_base': '/home/tan/Desktop/car_d/car_ws/install/service_interface', 'merge_install': False, 'path': '/home/tan/Desktop/car_d/car_ws/src/service_interface', 'symlink_install': False, 'test_result_base': None}
[0.243s] Level 5:colcon.colcon_core.verb:set package 'tan' build argument 'cmake_args' from command line to 'None'
[0.243s] Level 5:colcon.colcon_core.verb:set package 'tan' build argument 'cmake_target' from command line to 'None'
[0.243s] Level 5:colcon.colcon_core.verb:set package 'tan' build argument 'cmake_target_skip_unavailable' from command line to 'False'
[0.243s] Level 5:colcon.colcon_core.verb:set package 'tan' build argument 'cmake_clean_cache' from command line to 'False'
[0.243s] Level 5:colcon.colcon_core.verb:set package 'tan' build argument 'cmake_clean_first' from command line to 'False'
[0.243s] Level 5:colcon.colcon_core.verb:set package 'tan' build argument 'cmake_force_configure' from command line to 'False'
[0.243s] Level 5:colcon.colcon_core.verb:set package 'tan' build argument 'ament_cmake_args' from command line to 'None'
[0.243s] Level 5:colcon.colcon_core.verb:set package 'tan' build argument 'catkin_cmake_args' from command line to 'None'
[0.243s] Level 5:colcon.colcon_core.verb:set package 'tan' build argument 'catkin_skip_building_tests' from command line to 'False'
[0.243s] DEBUG:colcon.colcon_core.verb:Building package 'tan' with the following arguments: {'ament_cmake_args': None, 'build_base': '/home/tan/Desktop/car_d/car_ws/build/tan', 'catkin_cmake_args': None, 'catkin_skip_building_tests': False, 'cmake_args': None, 'cmake_clean_cache': False, 'cmake_clean_first': False, 'cmake_force_configure': False, 'cmake_target': None, 'cmake_target_skip_unavailable': False, 'install_base': '/home/tan/Desktop/car_d/car_ws/install/tan', 'merge_install': False, 'path': '/home/tan/Desktop/car_d/car_ws/src/tan', 'symlink_install': False, 'test_result_base': None}
[0.244s] Level 5:colcon.colcon_core.verb:set package 'car_vision' build argument 'cmake_args' from command line to 'None'
[0.244s] Level 5:colcon.colcon_core.verb:set package 'car_vision' build argument 'cmake_target' from command line to 'None'
[0.244s] Level 5:colcon.colcon_core.verb:set package 'car_vision' build argument 'cmake_target_skip_unavailable' from command line to 'False'
[0.244s] Level 5:colcon.colcon_core.verb:set package 'car_vision' build argument 'cmake_clean_cache' from command line to 'False'
[0.244s] Level 5:colcon.colcon_core.verb:set package 'car_vision' build argument 'cmake_clean_first' from command line to 'False'
[0.244s] Level 5:colcon.colcon_core.verb:set package 'car_vision' build argument 'cmake_force_configure' from command line to 'False'
[0.245s] Level 5:colcon.colcon_core.verb:set package 'car_vision' build argument 'ament_cmake_args' from command line to 'None'
[0.245s] Level 5:colcon.colcon_core.verb:set package 'car_vision' build argument 'catkin_cmake_args' from command line to 'None'
[0.245s] Level 5:colcon.colcon_core.verb:set package 'car_vision' build argument 'catkin_skip_building_tests' from command line to 'False'
[0.245s] DEBUG:colcon.colcon_core.verb:Building package 'car_vision' with the following arguments: {'ament_cmake_args': None, 'build_base': '/home/tan/Desktop/car_d/car_ws/build/car_vision', 'catkin_cmake_args': None, 'catkin_skip_building_tests': False, 'cmake_args': None, 'cmake_clean_cache': False, 'cmake_clean_first': False, 'cmake_force_configure': False, 'cmake_target': None, 'cmake_target_skip_unavailable': False, 'install_base': '/home/tan/Desktop/car_d/car_ws/install/car_vision', 'merge_install': False, 'path': '/home/tan/Desktop/car_d/car_ws/src/car_vision', 'symlink_install': False, 'test_result_base': None}
[0.246s] Level 5:colcon.colcon_core.verb:set package 'px4_node' build argument 'cmake_args' from command line to 'None'
[0.246s] Level 5:colcon.colcon_core.verb:set package 'px4_node' build argument 'cmake_target' from command line to 'None'
[0.246s] Level 5:colcon.colcon_core.verb:set package 'px4_node' build argument 'cmake_target_skip_unavailable' from command line to 'False'
[0.246s] Level 5:colcon.colcon_core.verb:set package 'px4_node' build argument 'cmake_clean_cache' from command line to 'False'
[0.246s] Level 5:colcon.colcon_core.verb:set package 'px4_node' build argument 'cmake_clean_first' from command line to 'False'
[0.246s] Level 5:colcon.colcon_core.verb:set package 'px4_node' build argument 'cmake_force_configure' from command line to 'False'
[0.246s] Level 5:colcon.colcon_core.verb:set package 'px4_node' build argument 'ament_cmake_args' from command line to 'None'
[0.246s] Level 5:colcon.colcon_core.verb:set package 'px4_node' build argument 'catkin_cmake_args' from command line to 'None'
[0.246s] Level 5:colcon.colcon_core.verb:set package 'px4_node' build argument 'catkin_skip_building_tests' from command line to 'False'
[0.246s] DEBUG:colcon.colcon_core.verb:Building package 'px4_node' with the following arguments: {'ament_cmake_args': None, 'build_base': '/home/tan/Desktop/car_d/car_ws/build/px4_node', 'catkin_cmake_args': None, 'catkin_skip_building_tests': False, 'cmake_args': None, 'cmake_clean_cache': False, 'cmake_clean_first': False, 'cmake_force_configure': False, 'cmake_target': None, 'cmake_target_skip_unavailable': False, 'install_base': '/home/tan/Desktop/car_d/car_ws/install/px4_node', 'merge_install': False, 'path': '/home/tan/Desktop/car_d/car_ws/src/px4_node', 'symlink_install': False, 'test_result_base': None}
[0.247s] INFO:colcon.colcon_core.executor:Executing jobs using 'parallel' executor
[0.252s] DEBUG:colcon.colcon_parallel_executor.executor.parallel:run_until_complete
[0.253s] INFO:colcon.colcon_ros.task.ament_cmake.build:Building ROS package in '/home/tan/Desktop/car_d/car_ws/src/carrl_interface' with build type 'ament_cmake'
[0.253s] INFO:colcon.colcon_cmake.task.cmake.build:Building CMake package in '/home/tan/Desktop/car_d/car_ws/src/carrl_interface'
[0.258s] INFO:colcon.colcon_core.plugin_system:Skipping extension 'colcon_core.shell.bat': Not used on non-Windows systems
[0.258s] INFO:colcon.colcon_core.shell:Skip shell extension 'powershell' for command environment: Not usable outside of PowerShell
[0.258s] DEBUG:colcon.colcon_core.shell:Skip shell extension 'dsv' for command environment
[0.266s] INFO:colcon.colcon_ros.task.ament_cmake.build:Building ROS package in '/home/tan/Desktop/car_d/car_ws/src/msg_interface' with build type 'ament_cmake'
[0.266s] INFO:colcon.colcon_cmake.task.cmake.build:Building CMake package in '/home/tan/Desktop/car_d/car_ws/src/msg_interface'
[0.269s] INFO:colcon.colcon_core.shell:Skip shell extension 'powershell' for command environment: Not usable outside of PowerShell
[0.269s] DEBUG:colcon.colcon_core.shell:Skip shell extension 'dsv' for command environment
[0.278s] INFO:colcon.colcon_ros.task.ament_cmake.build:Building ROS package in '/home/tan/Desktop/car_d/car_ws/src/service_interface' with build type 'ament_cmake'
[0.278s] INFO:colcon.colcon_cmake.task.cmake.build:Building CMake package in '/home/tan/Desktop/car_d/car_ws/src/service_interface'
[0.281s] INFO:colcon.colcon_core.shell:Skip shell extension 'powershell' for command environment: Not usable outside of PowerShell
[0.281s] DEBUG:colcon.colcon_core.shell:Skip shell extension 'dsv' for command environment
[0.291s] INFO:colcon.colcon_ros.task.ament_cmake.build:Building ROS package in '/home/tan/Desktop/car_d/car_ws/src/tan' with build type 'ament_cmake'
[0.291s] INFO:colcon.colcon_cmake.task.cmake.build:Building CMake package in '/home/tan/Desktop/car_d/car_ws/src/tan'
[0.294s] INFO:colcon.colcon_core.shell:Skip shell extension 'powershell' for command environment: Not usable outside of PowerShell
[0.294s] DEBUG:colcon.colcon_core.shell:Skip shell extension 'dsv' for command environment
[0.311s] DEBUG:colcon.colcon_core.event_handler.log_command:Invoking command in '/home/tan/Desktop/car_d/car_ws/build/carrl_interface': CMAKE_PREFIX_PATH=${CMAKE_PREFIX_PATH}:/opt/ros/foxy /usr/bin/cmake --build /home/tan/Desktop/car_d/car_ws/build/carrl_interface -- -j16 -l16
[0.317s] DEBUG:colcon.colcon_core.event_handler.log_command:Invoking command in '/home/tan/Desktop/car_d/car_ws/build/msg_interface': CMAKE_PREFIX_PATH=${CMAKE_PREFIX_PATH}:/opt/ros/foxy /usr/bin/cmake --build /home/tan/Desktop/car_d/car_ws/build/msg_interface -- -j16 -l16
[0.321s] DEBUG:colcon.colcon_core.event_handler.log_command:Invoking command in '/home/tan/Desktop/car_d/car_ws/build/service_interface': CMAKE_PREFIX_PATH=${CMAKE_PREFIX_PATH}:/opt/ros/foxy /usr/bin/cmake --build /home/tan/Desktop/car_d/car_ws/build/service_interface -- -j16 -l16
[0.325s] DEBUG:colcon.colcon_core.event_handler.log_command:Invoking command in '/home/tan/Desktop/car_d/car_ws/build/tan': CMAKE_PREFIX_PATH=${CMAKE_PREFIX_PATH}:/opt/ros/foxy /usr/bin/cmake --build /home/tan/Desktop/car_d/car_ws/build/tan -- -j16 -l16
[0.494s] DEBUG:colcon.colcon_core.event_handler.log_command:Invoked command in '/home/tan/Desktop/car_d/car_ws/build/carrl_interface' returned '0': CMAKE_PREFIX_PATH=${CMAKE_PREFIX_PATH}:/opt/ros/foxy /usr/bin/cmake --build /home/tan/Desktop/car_d/car_ws/build/carrl_interface -- -j16 -l16
[0.503s] DEBUG:colcon.colcon_core.event_handler.log_command:Invoked command in '/home/tan/Desktop/car_d/car_ws/build/msg_interface' returned '0': CMAKE_PREFIX_PATH=${CMAKE_PREFIX_PATH}:/opt/ros/foxy /usr/bin/cmake --build /home/tan/Desktop/car_d/car_ws/build/msg_interface -- -j16 -l16
[0.516s] DEBUG:colcon.colcon_core.event_handler.log_command:Invoked command in '/home/tan/Desktop/car_d/car_ws/build/service_interface' returned '0': CMAKE_PREFIX_PATH=${CMAKE_PREFIX_PATH}:/opt/ros/foxy /usr/bin/cmake --build /home/tan/Desktop/car_d/car_ws/build/service_interface -- -j16 -l16
[0.543s] DEBUG:colcon.colcon_core.event_handler.log_command:Invoking command in '/home/tan/Desktop/car_d/car_ws/build/carrl_interface': CMAKE_PREFIX_PATH=${CMAKE_PREFIX_PATH}:/opt/ros/foxy /usr/bin/cmake --install /home/tan/Desktop/car_d/car_ws/build/carrl_interface
[0.563s] DEBUG:colcon.colcon_core.event_handler.log_command:Invoking command in '/home/tan/Desktop/car_d/car_ws/build/msg_interface': CMAKE_PREFIX_PATH=${CMAKE_PREFIX_PATH}:/opt/ros/foxy /usr/bin/cmake --install /home/tan/Desktop/car_d/car_ws/build/msg_interface
[0.586s] Level 1:colcon.colcon_core.environment:create_environment_scripts_only(carrl_interface)
[0.592s] DEBUG:colcon.colcon_core.event_handler.log_command:Invoked command in '/home/tan/Desktop/car_d/car_ws/build/carrl_interface' returned '0': CMAKE_PREFIX_PATH=${CMAKE_PREFIX_PATH}:/opt/ros/foxy /usr/bin/cmake --install /home/tan/Desktop/car_d/car_ws/build/carrl_interface
[0.594s] Level 1:colcon.colcon_core.environment:checking '/home/tan/Desktop/car_d/car_ws/install/carrl_interface' for CMake module files
[0.594s] Level 1:colcon.colcon_core.environment:checking '/home/tan/Desktop/car_d/car_ws/install/carrl_interface' for CMake config files
[0.595s] Level 1:colcon.colcon_core.shell:create_environment_hook('carrl_interface', 'cmake_prefix_path')
[0.598s] INFO:colcon.colcon_core.shell:Creating environment hook '/home/tan/Desktop/car_d/car_ws/install/carrl_interface/share/carrl_interface/hook/cmake_prefix_path.ps1'
[0.598s] INFO:colcon.colcon_core.shell:Creating environment descriptor '/home/tan/Desktop/car_d/car_ws/install/carrl_interface/share/carrl_interface/hook/cmake_prefix_path.dsv'
[0.599s] INFO:colcon.colcon_core.shell:Creating environment hook '/home/tan/Desktop/car_d/car_ws/install/carrl_interface/share/carrl_interface/hook/cmake_prefix_path.sh'
[0.599s] Level 1:colcon.colcon_core.environment:checking '/home/tan/Desktop/car_d/car_ws/install/carrl_interface/lib'
[0.599s] Level 1:colcon.colcon_core.shell:create_environment_hook('carrl_interface', 'ld_library_path_lib')
[0.602s] INFO:colcon.colcon_core.shell:Creating environment hook '/home/tan/Desktop/car_d/car_ws/install/carrl_interface/share/carrl_interface/hook/ld_library_path_lib.ps1'
[0.602s] INFO:colcon.colcon_core.shell:Creating environment descriptor '/home/tan/Desktop/car_d/car_ws/install/carrl_interface/share/carrl_interface/hook/ld_library_path_lib.dsv'
[0.603s] INFO:colcon.colcon_core.shell:Creating environment hook '/home/tan/Desktop/car_d/car_ws/install/carrl_interface/share/carrl_interface/hook/ld_library_path_lib.sh'
[0.604s] Level 1:colcon.colcon_core.environment:checking '/home/tan/Desktop/car_d/car_ws/install/carrl_interface/bin'
[0.604s] Level 1:colcon.colcon_core.environment:checking '/home/tan/Desktop/car_d/car_ws/install/carrl_interface/lib/pkgconfig/carrl_interface.pc'
[0.604s] Level 1:colcon.colcon_core.environment:checking '/home/tan/Desktop/car_d/car_ws/install/carrl_interface/lib/python3.8/site-packages'
[0.605s] Level 1:colcon.colcon_core.shell:create_environment_hook('carrl_interface', 'pythonpath')
[0.607s] INFO:colcon.colcon_core.shell:Creating environment hook '/home/tan/Desktop/car_d/car_ws/install/carrl_interface/share/carrl_interface/hook/pythonpath.ps1'
[0.608s] INFO:colcon.colcon_core.shell:Creating environment descriptor '/home/tan/Desktop/car_d/car_ws/install/carrl_interface/share/carrl_interface/hook/pythonpath.dsv'
[0.608s] INFO:colcon.colcon_core.shell:Creating environment hook '/home/tan/Desktop/car_d/car_ws/install/carrl_interface/share/carrl_interface/hook/pythonpath.sh'
[0.609s] Level 1:colcon.colcon_core.environment:checking '/home/tan/Desktop/car_d/car_ws/install/carrl_interface/bin'
[0.611s] INFO:colcon.colcon_core.shell:Creating package script '/home/tan/Desktop/car_d/car_ws/install/carrl_interface/share/carrl_interface/package.ps1'
[0.612s] INFO:colcon.colcon_core.shell:Creating package descriptor '/home/tan/Desktop/car_d/car_ws/install/carrl_interface/share/carrl_interface/package.dsv'
[0.613s] INFO:colcon.colcon_core.shell:Creating package script '/home/tan/Desktop/car_d/car_ws/install/carrl_interface/share/carrl_interface/package.sh'
[0.614s] INFO:colcon.colcon_core.shell:Creating package script '/home/tan/Desktop/car_d/car_ws/install/carrl_interface/share/carrl_interface/package.bash'
[0.615s] INFO:colcon.colcon_core.shell:Creating package script '/home/tan/Desktop/car_d/car_ws/install/carrl_interface/share/carrl_interface/package.zsh'
[0.616s] Level 1:colcon.colcon_core.environment:create_file_with_runtime_dependencies(/home/tan/Desktop/car_d/car_ws/install/carrl_interface/share/colcon-core/packages/carrl_interface)
[0.619s] Level 1:colcon.colcon_core.environment:create_environment_scripts_only(msg_interface)
[0.622s] Level 1:colcon.colcon_core.environment:checking '/home/tan/Desktop/car_d/car_ws/install/msg_interface' for CMake module files
[0.624s] Level 1:colcon.colcon_core.environment:checking '/home/tan/Desktop/car_d/car_ws/install/msg_interface' for CMake config files
[0.626s] DEBUG:colcon.colcon_core.event_handler.log_command:Invoked command in '/home/tan/Desktop/car_d/car_ws/build/msg_interface' returned '0': CMAKE_PREFIX_PATH=${CMAKE_PREFIX_PATH}:/opt/ros/foxy /usr/bin/cmake --install /home/tan/Desktop/car_d/car_ws/build/msg_interface
[0.626s] Level 1:colcon.colcon_core.shell:create_environment_hook('msg_interface', 'cmake_prefix_path')
[0.629s] INFO:colcon.colcon_core.shell:Creating environment hook '/home/tan/Desktop/car_d/car_ws/install/msg_interface/share/msg_interface/hook/cmake_prefix_path.ps1'
[0.629s] INFO:colcon.colcon_core.shell:Creating environment descriptor '/home/tan/Desktop/car_d/car_ws/install/msg_interface/share/msg_interface/hook/cmake_prefix_path.dsv'
[0.629s] INFO:colcon.colcon_core.shell:Creating environment hook '/home/tan/Desktop/car_d/car_ws/install/msg_interface/share/msg_interface/hook/cmake_prefix_path.sh'
[0.630s] Level 1:colcon.colcon_core.environment:checking '/home/tan/Desktop/car_d/car_ws/install/msg_interface/lib'
[0.630s] Level 1:colcon.colcon_core.shell:create_environment_hook('msg_interface', 'ld_library_path_lib')
[0.632s] INFO:colcon.colcon_core.shell:Creating environment hook '/home/tan/Desktop/car_d/car_ws/install/msg_interface/share/msg_interface/hook/ld_library_path_lib.ps1'
[0.632s] INFO:colcon.colcon_core.shell:Creating environment descriptor '/home/tan/Desktop/car_d/car_ws/install/msg_interface/share/msg_interface/hook/ld_library_path_lib.dsv'
[0.633s] INFO:colcon.colcon_core.shell:Creating environment hook '/home/tan/Desktop/car_d/car_ws/install/msg_interface/share/msg_interface/hook/ld_library_path_lib.sh'
[0.633s] Level 1:colcon.colcon_core.environment:checking '/home/tan/Desktop/car_d/car_ws/install/msg_interface/bin'
[0.633s] Level 1:colcon.colcon_core.environment:checking '/home/tan/Desktop/car_d/car_ws/install/msg_interface/lib/pkgconfig/msg_interface.pc'
[0.633s] Level 1:colcon.colcon_core.environment:checking '/home/tan/Desktop/car_d/car_ws/install/msg_interface/lib/python3.8/site-packages'
[0.633s] Level 1:colcon.colcon_core.shell:create_environment_hook('msg_interface', 'pythonpath')
[0.636s] INFO:colcon.colcon_core.shell:Creating environment hook '/home/tan/Desktop/car_d/car_ws/install/msg_interface/share/msg_interface/hook/pythonpath.ps1'
[0.636s] INFO:colcon.colcon_core.shell:Creating environment descriptor '/home/tan/Desktop/car_d/car_ws/install/msg_interface/share/msg_interface/hook/pythonpath.dsv'
[0.636s] INFO:colcon.colcon_core.shell:Creating environment hook '/home/tan/Desktop/car_d/car_ws/install/msg_interface/share/msg_interface/hook/pythonpath.sh'
[0.636s] Level 1:colcon.colcon_core.environment:checking '/home/tan/Desktop/car_d/car_ws/install/msg_interface/bin'
[0.639s] INFO:colcon.colcon_core.shell:Creating package script '/home/tan/Desktop/car_d/car_ws/install/msg_interface/share/msg_interface/package.ps1'
[0.639s] INFO:colcon.colcon_core.shell:Creating package descriptor '/home/tan/Desktop/car_d/car_ws/install/msg_interface/share/msg_interface/package.dsv'
[0.639s] INFO:colcon.colcon_core.shell:Creating package script '/home/tan/Desktop/car_d/car_ws/install/msg_interface/share/msg_interface/package.sh'
[0.640s] INFO:colcon.colcon_core.shell:Creating package script '/home/tan/Desktop/car_d/car_ws/install/msg_interface/share/msg_interface/package.bash'
[0.640s] INFO:colcon.colcon_core.shell:Creating package script '/home/tan/Desktop/car_d/car_ws/install/msg_interface/share/msg_interface/package.zsh'
[0.640s] Level 1:colcon.colcon_core.environment:create_file_with_runtime_dependencies(/home/tan/Desktop/car_d/car_ws/install/msg_interface/share/colcon-core/packages/msg_interface)
[0.644s] DEBUG:colcon.colcon_core.event_handler.log_command:Invoking command in '/home/tan/Desktop/car_d/car_ws/build/service_interface': CMAKE_PREFIX_PATH=${CMAKE_PREFIX_PATH}:/opt/ros/foxy /usr/bin/cmake --install /home/tan/Desktop/car_d/car_ws/build/service_interface
[0.655s] Level 1:colcon.colcon_core.environment:create_environment_scripts_only(carrl_interface)
[0.658s] Level 1:colcon.colcon_core.environment:checking '/home/tan/Desktop/car_d/car_ws/install/carrl_interface' for CMake module files
[0.661s] Level 1:colcon.colcon_core.environment:checking '/home/tan/Desktop/car_d/car_ws/install/carrl_interface' for CMake config files
[0.662s] Level 1:colcon.colcon_core.shell:create_environment_hook('carrl_interface', 'cmake_prefix_path')
[0.666s] INFO:colcon.colcon_core.shell:Creating environment hook '/home/tan/Desktop/car_d/car_ws/install/carrl_interface/share/carrl_interface/hook/cmake_prefix_path.ps1'
[0.667s] INFO:colcon.colcon_core.shell:Creating environment descriptor '/home/tan/Desktop/car_d/car_ws/install/carrl_interface/share/carrl_interface/hook/cmake_prefix_path.dsv'
[0.668s] INFO:colcon.colcon_core.shell:Creating environment hook '/home/tan/Desktop/car_d/car_ws/install/carrl_interface/share/carrl_interface/hook/cmake_prefix_path.sh'
[0.669s] Level 1:colcon.colcon_core.environment:checking '/home/tan/Desktop/car_d/car_ws/install/carrl_interface/lib'
[0.669s] Level 1:colcon.colcon_core.shell:create_environment_hook('carrl_interface', 'ld_library_path_lib')
[0.673s] INFO:colcon.colcon_core.shell:Creating environment hook '/home/tan/Desktop/car_d/car_ws/install/carrl_interface/share/carrl_interface/hook/ld_library_path_lib.ps1'
[0.674s] INFO:colcon.colcon_core.shell:Creating environment descriptor '/home/tan/Desktop/car_d/car_ws/install/carrl_interface/share/carrl_interface/hook/ld_library_path_lib.dsv'
[0.675s] INFO:colcon.colcon_core.shell:Creating environment hook '/home/tan/Desktop/car_d/car_ws/install/carrl_interface/share/carrl_interface/hook/ld_library_path_lib.sh'
[0.675s] Level 1:colcon.colcon_core.environment:checking '/home/tan/Desktop/car_d/car_ws/install/carrl_interface/bin'
[0.675s] Level 1:colcon.colcon_core.environment:checking '/home/tan/Desktop/car_d/car_ws/install/carrl_interface/lib/pkgconfig/carrl_interface.pc'
[0.676s] Level 1:colcon.colcon_core.environment:checking '/home/tan/Desktop/car_d/car_ws/install/carrl_interface/lib/python3.8/site-packages'
[0.676s] Level 1:colcon.colcon_core.shell:create_environment_hook('carrl_interface', 'pythonpath')
[0.680s] INFO:colcon.colcon_core.shell:Creating environment hook '/home/tan/Desktop/car_d/car_ws/install/carrl_interface/share/carrl_interface/hook/pythonpath.ps1'
[0.681s] INFO:colcon.colcon_core.shell:Creating environment descriptor '/home/tan/Desktop/car_d/car_ws/install/carrl_interface/share/carrl_interface/hook/pythonpath.dsv'
[0.682s] INFO:colcon.colcon_core.shell:Creating environment hook '/home/tan/Desktop/car_d/car_ws/install/carrl_interface/share/carrl_interface/hook/pythonpath.sh'
[0.683s] Level 1:colcon.colcon_core.environment:checking '/home/tan/Desktop/car_d/car_ws/install/carrl_interface/bin'
[0.686s] INFO:colcon.colcon_core.shell:Creating package script '/home/tan/Desktop/car_d/car_ws/install/carrl_interface/share/carrl_interface/package.ps1'
[0.687s] INFO:colcon.colcon_core.shell:Creating package descriptor '/home/tan/Desktop/car_d/car_ws/install/carrl_interface/share/carrl_interface/package.dsv'
[0.688s] INFO:colcon.colcon_core.shell:Creating package script '/home/tan/Desktop/car_d/car_ws/install/carrl_interface/share/carrl_interface/package.sh'
[0.689s] INFO:colcon.colcon_core.shell:Creating package script '/home/tan/Desktop/car_d/car_ws/install/carrl_interface/share/carrl_interface/package.bash'
[0.689s] INFO:colcon.colcon_core.shell:Creating package script '/home/tan/Desktop/car_d/car_ws/install/carrl_interface/share/carrl_interface/package.zsh'
[0.690s] Level 1:colcon.colcon_core.environment:create_file_with_runtime_dependencies(/home/tan/Desktop/car_d/car_ws/install/carrl_interface/share/colcon-core/packages/carrl_interface)
[0.690s] INFO:colcon.colcon_ros.task.ament_cmake.build:Building ROS package in '/home/tan/Desktop/car_d/car_ws/src/car_vision' with build type 'ament_cmake'
[0.691s] INFO:colcon.colcon_cmake.task.cmake.build:Building CMake package in '/home/tan/Desktop/car_d/car_ws/src/car_vision'
[0.693s] INFO:colcon.colcon_core.shell:Skip shell extension 'powershell' for command environment: Not usable outside of PowerShell
[0.693s] DEBUG:colcon.colcon_core.shell:Skip shell extension 'dsv' for command environment
[0.713s] Level 1:colcon.colcon_core.environment:create_environment_scripts_only(service_interface)
[0.717s] Level 1:colcon.colcon_core.environment:checking '/home/tan/Desktop/car_d/car_ws/install/service_interface' for CMake module files
[0.718s] DEBUG:colcon.colcon_core.event_handler.log_command:Invoked command in '/home/tan/Desktop/car_d/car_ws/build/service_interface' returned '0': CMAKE_PREFIX_PATH=${CMAKE_PREFIX_PATH}:/opt/ros/foxy /usr/bin/cmake --install /home/tan/Desktop/car_d/car_ws/build/service_interface
[0.718s] Level 1:colcon.colcon_core.environment:checking '/home/tan/Desktop/car_d/car_ws/install/service_interface' for CMake config files
[0.718s] Level 1:colcon.colcon_core.shell:create_environment_hook('service_interface', 'cmake_prefix_path')
[0.721s] INFO:colcon.colcon_core.shell:Creating environment hook '/home/tan/Desktop/car_d/car_ws/install/service_interface/share/service_interface/hook/cmake_prefix_path.ps1'
[0.721s] INFO:colcon.colcon_core.shell:Creating environment descriptor '/home/tan/Desktop/car_d/car_ws/install/service_interface/share/service_interface/hook/cmake_prefix_path.dsv'
[0.721s] INFO:colcon.colcon_core.shell:Creating environment hook '/home/tan/Desktop/car_d/car_ws/install/service_interface/share/service_interface/hook/cmake_prefix_path.sh'
[0.722s] Level 1:colcon.colcon_core.environment:checking '/home/tan/Desktop/car_d/car_ws/install/service_interface/lib'
[0.722s] Level 1:colcon.colcon_core.shell:create_environment_hook('service_interface', 'ld_library_path_lib')
[0.724s] INFO:colcon.colcon_core.shell:Creating environment hook '/home/tan/Desktop/car_d/car_ws/install/service_interface/share/service_interface/hook/ld_library_path_lib.ps1'
[0.724s] INFO:colcon.colcon_core.shell:Creating environment descriptor '/home/tan/Desktop/car_d/car_ws/install/service_interface/share/service_interface/hook/ld_library_path_lib.dsv'
[0.724s] INFO:colcon.colcon_core.shell:Creating environment hook '/home/tan/Desktop/car_d/car_ws/install/service_interface/share/service_interface/hook/ld_library_path_lib.sh'
[0.725s] Level 1:colcon.colcon_core.environment:checking '/home/tan/Desktop/car_d/car_ws/install/service_interface/bin'
[0.725s] Level 1:colcon.colcon_core.environment:checking '/home/tan/Desktop/car_d/car_ws/install/service_interface/lib/pkgconfig/service_interface.pc'
[0.725s] Level 1:colcon.colcon_core.environment:checking '/home/tan/Desktop/car_d/car_ws/install/service_interface/lib/python3.8/site-packages'
[0.725s] Level 1:colcon.colcon_core.shell:create_environment_hook('service_interface', 'pythonpath')
[0.727s] INFO:colcon.colcon_core.shell:Creating environment hook '/home/tan/Desktop/car_d/car_ws/install/service_interface/share/service_interface/hook/pythonpath.ps1'
[0.727s] INFO:colcon.colcon_core.shell:Creating environment descriptor '/home/tan/Desktop/car_d/car_ws/install/service_interface/share/service_interface/hook/pythonpath.dsv'
[0.728s] INFO:colcon.colcon_core.shell:Creating environment hook '/home/tan/Desktop/car_d/car_ws/install/service_interface/share/service_interface/hook/pythonpath.sh'
[0.728s] Level 1:colcon.colcon_core.environment:checking '/home/tan/Desktop/car_d/car_ws/install/service_interface/bin'
[0.730s] INFO:colcon.colcon_core.shell:Creating package script '/home/tan/Desktop/car_d/car_ws/install/service_interface/share/service_interface/package.ps1'
[0.731s] INFO:colcon.colcon_core.shell:Creating package descriptor '/home/tan/Desktop/car_d/car_ws/install/service_interface/share/service_interface/package.dsv'
[0.731s] INFO:colcon.colcon_core.shell:Creating package script '/home/tan/Desktop/car_d/car_ws/install/service_interface/share/service_interface/package.sh'
[0.731s] INFO:colcon.colcon_core.shell:Creating package script '/home/tan/Desktop/car_d/car_ws/install/service_interface/share/service_interface/package.bash'
[0.732s] INFO:colcon.colcon_core.shell:Creating package script '/home/tan/Desktop/car_d/car_ws/install/service_interface/share/service_interface/package.zsh'
[0.732s] Level 1:colcon.colcon_core.environment:create_file_with_runtime_dependencies(/home/tan/Desktop/car_d/car_ws/install/service_interface/share/colcon-core/packages/service_interface)
[0.736s] Level 1:colcon.colcon_core.environment:create_environment_scripts_only(msg_interface)
[0.740s] Level 1:colcon.colcon_core.environment:checking '/home/tan/Desktop/car_d/car_ws/install/msg_interface' for CMake module files
[0.740s] Level 1:colcon.colcon_core.environment:checking '/home/tan/Desktop/car_d/car_ws/install/msg_interface' for CMake config files
[0.741s] Level 1:colcon.colcon_core.shell:create_environment_hook('msg_interface', 'cmake_prefix_path')
[0.743s] INFO:colcon.colcon_core.shell:Creating environment hook '/home/tan/Desktop/car_d/car_ws/install/msg_interface/share/msg_interface/hook/cmake_prefix_path.ps1'
[0.744s] INFO:colcon.colcon_core.shell:Creating environment descriptor '/home/tan/Desktop/car_d/car_ws/install/msg_interface/share/msg_interface/hook/cmake_prefix_path.dsv'
[0.744s] INFO:colcon.colcon_core.shell:Creating environment hook '/home/tan/Desktop/car_d/car_ws/install/msg_interface/share/msg_interface/hook/cmake_prefix_path.sh'
[0.744s] Level 1:colcon.colcon_core.environment:checking '/home/tan/Desktop/car_d/car_ws/install/msg_interface/lib'
[0.745s] Level 1:colcon.colcon_core.shell:create_environment_hook('msg_interface', 'ld_library_path_lib')
[0.747s] INFO:colcon.colcon_core.shell:Creating environment hook '/home/tan/Desktop/car_d/car_ws/install/msg_interface/share/msg_interface/hook/ld_library_path_lib.ps1'
[0.748s] INFO:colcon.colcon_core.shell:Creating environment descriptor '/home/tan/Desktop/car_d/car_ws/install/msg_interface/share/msg_interface/hook/ld_library_path_lib.dsv'
[0.748s] INFO:colcon.colcon_core.shell:Creating environment hook '/home/tan/Desktop/car_d/car_ws/install/msg_interface/share/msg_interface/hook/ld_library_path_lib.sh'
[0.749s] Level 1:colcon.colcon_core.environment:checking '/home/tan/Desktop/car_d/car_ws/install/msg_interface/bin'
[0.749s] Level 1:colcon.colcon_core.environment:checking '/home/tan/Desktop/car_d/car_ws/install/msg_interface/lib/pkgconfig/msg_interface.pc'
[0.749s] Level 1:colcon.colcon_core.environment:checking '/home/tan/Desktop/car_d/car_ws/install/msg_interface/lib/python3.8/site-packages'
[0.749s] Level 1:colcon.colcon_core.shell:create_environment_hook('msg_interface', 'pythonpath')
[0.751s] INFO:colcon.colcon_core.shell:Creating environment hook '/home/tan/Desktop/car_d/car_ws/install/msg_interface/share/msg_interface/hook/pythonpath.ps1'
[0.751s] INFO:colcon.colcon_core.shell:Creating environment descriptor '/home/tan/Desktop/car_d/car_ws/install/msg_interface/share/msg_interface/hook/pythonpath.dsv'
[0.752s] INFO:colcon.colcon_core.shell:Creating environment hook '/home/tan/Desktop/car_d/car_ws/install/msg_interface/share/msg_interface/hook/pythonpath.sh'
[0.752s] Level 1:colcon.colcon_core.environment:checking '/home/tan/Desktop/car_d/car_ws/install/msg_interface/bin'
[0.754s] INFO:colcon.colcon_core.shell:Creating package script '/home/tan/Desktop/car_d/car_ws/install/msg_interface/share/msg_interface/package.ps1'
[0.755s] INFO:colcon.colcon_core.shell:Creating package descriptor '/home/tan/Desktop/car_d/car_ws/install/msg_interface/share/msg_interface/package.dsv'
[0.755s] INFO:colcon.colcon_core.shell:Creating package script '/home/tan/Desktop/car_d/car_ws/install/msg_interface/share/msg_interface/package.sh'
[0.756s] INFO:colcon.colcon_core.shell:Creating package script '/home/tan/Desktop/car_d/car_ws/install/msg_interface/share/msg_interface/package.bash'
[0.756s] INFO:colcon.colcon_core.shell:Creating package script '/home/tan/Desktop/car_d/car_ws/install/msg_interface/share/msg_interface/package.zsh'
[0.756s] Level 1:colcon.colcon_core.environment:create_file_with_runtime_dependencies(/home/tan/Desktop/car_d/car_ws/install/msg_interface/share/colcon-core/packages/msg_interface)
[0.761s] DEBUG:colcon.colcon_core.event_handler.log_command:Invoking command in '/home/tan/Desktop/car_d/car_ws/build/car_vision': CMAKE_PREFIX_PATH=/home/tan/Desktop/car_d/car_ws/install/carrl_interface:/home/tan/Desktop/car_d/car_ws/install/tan:/home/tan/Desktop/car_d/car_ws/install/px4_node:/home/tan/Desktop/car_d/car_ws/install/service_interface:/home/tan/Desktop/car_d/car_ws/install/msg_interface:/home/tan/Desktop/car_d/car_ws/install/car_vision:/home/tan/ros2_ws/install/realsense2_description:/home/tan/ros2_ws/install/realsense2_camera:/home/tan/ros2_ws/install/realsense2_camera_msgs:/opt/ros/foxy LD_LIBRARY_PATH=/home/tan/Desktop/car_d/car_ws/install/carrl_interface/lib:/home/tan/Desktop/car_d/car_ws/install/service_interface/lib:/home/tan/Desktop/car_d/car_ws/install/msg_interface/lib:/home/tan/ros2_ws/install/realsense2_camera/lib:/home/tan/ros2_ws/install/realsense2_camera_msgs/lib:/opt/ros/foxy/opt/yaml_cpp_vendor/lib:/opt/ros/foxy/opt/rviz_ogre_vendor/lib:/opt/ros/foxy/lib/x86_64-linux-gnu:/opt/ros/foxy/lib:/usr/lib/x86_64-linux-gnu/gazebo-11/plugins:/usr/lib/x86_64-linux-gnu/gazebo-11/plugins:/home/tan/ardupilot_gazebo/build:/usr/lib/x86_64-linux-gnu/gazebo-11/plugins PYTHONPATH=/home/tan/Desktop/car_d/car_ws/install/carrl_interface/lib/python3.8/site-packages:/home/tan/Desktop/car_d/car_ws/install/service_interface/lib/python3.8/site-packages:/home/tan/Desktop/car_d/car_ws/install/msg_interface/lib/python3.8/site-packages:/home/tan/Desktop/car_d/car_ws/install/car_vision/lib/python3.8/site-packages:/home/tan/ros2_ws/install/realsense2_camera_msgs/lib/python3.8/site-packages:/opt/ros/foxy/lib/python3.8/site-packages /usr/bin/cmake --build /home/tan/Desktop/car_d/car_ws/build/car_vision -- -j16 -l16
[0.796s] DEBUG:colcon.colcon_core.event_handler.log_command:Invoked command in '/home/tan/Desktop/car_d/car_ws/build/car_vision' returned '0': CMAKE_PREFIX_PATH=/home/tan/Desktop/car_d/car_ws/install/carrl_interface:/home/tan/Desktop/car_d/car_ws/install/tan:/home/tan/Desktop/car_d/car_ws/install/px4_node:/home/tan/Desktop/car_d/car_ws/install/service_interface:/home/tan/Desktop/car_d/car_ws/install/msg_interface:/home/tan/Desktop/car_d/car_ws/install/car_vision:/home/tan/ros2_ws/install/realsense2_description:/home/tan/ros2_ws/install/realsense2_camera:/home/tan/ros2_ws/install/realsense2_camera_msgs:/opt/ros/foxy LD_LIBRARY_PATH=/home/tan/Desktop/car_d/car_ws/install/carrl_interface/lib:/home/tan/Desktop/car_d/car_ws/install/service_interface/lib:/home/tan/Desktop/car_d/car_ws/install/msg_interface/lib:/home/tan/ros2_ws/install/realsense2_camera/lib:/home/tan/ros2_ws/install/realsense2_camera_msgs/lib:/opt/ros/foxy/opt/yaml_cpp_vendor/lib:/opt/ros/foxy/opt/rviz_ogre_vendor/lib:/opt/ros/foxy/lib/x86_64-linux-gnu:/opt/ros/foxy/lib:/usr/lib/x86_64-linux-gnu/gazebo-11/plugins:/usr/lib/x86_64-linux-gnu/gazebo-11/plugins:/home/tan/ardupilot_gazebo/build:/usr/lib/x86_64-linux-gnu/gazebo-11/plugins PYTHONPATH=/home/tan/Desktop/car_d/car_ws/install/carrl_interface/lib/python3.8/site-packages:/home/tan/Desktop/car_d/car_ws/install/service_interface/lib/python3.8/site-packages:/home/tan/Desktop/car_d/car_ws/install/msg_interface/lib/python3.8/site-packages:/home/tan/Desktop/car_d/car_ws/install/car_vision/lib/python3.8/site-packages:/home/tan/ros2_ws/install/realsense2_camera_msgs/lib/python3.8/site-packages:/opt/ros/foxy/lib/python3.8/site-packages /usr/bin/cmake --build /home/tan/Desktop/car_d/car_ws/build/car_vision -- -j16 -l16
[0.815s] DEBUG:colcon.colcon_core.event_handler.log_command:Invoking command in '/home/tan/Desktop/car_d/car_ws/build/car_vision': CMAKE_PREFIX_PATH=/home/tan/Desktop/car_d/car_ws/install/carrl_interface:/home/tan/Desktop/car_d/car_ws/install/tan:/home/tan/Desktop/car_d/car_ws/install/px4_node:/home/tan/Desktop/car_d/car_ws/install/service_interface:/home/tan/Desktop/car_d/car_ws/install/msg_interface:/home/tan/Desktop/car_d/car_ws/install/car_vision:/home/tan/ros2_ws/install/realsense2_description:/home/tan/ros2_ws/install/realsense2_camera:/home/tan/ros2_ws/install/realsense2_camera_msgs:/opt/ros/foxy LD_LIBRARY_PATH=/home/tan/Desktop/car_d/car_ws/install/carrl_interface/lib:/home/tan/Desktop/car_d/car_ws/install/service_interface/lib:/home/tan/Desktop/car_d/car_ws/install/msg_interface/lib:/home/tan/ros2_ws/install/realsense2_camera/lib:/home/tan/ros2_ws/install/realsense2_camera_msgs/lib:/opt/ros/foxy/opt/yaml_cpp_vendor/lib:/opt/ros/foxy/opt/rviz_ogre_vendor/lib:/opt/ros/foxy/lib/x86_64-linux-gnu:/opt/ros/foxy/lib:/usr/lib/x86_64-linux-gnu/gazebo-11/plugins:/usr/lib/x86_64-linux-gnu/gazebo-11/plugins:/home/tan/ardupilot_gazebo/build:/usr/lib/x86_64-linux-gnu/gazebo-11/plugins PYTHONPATH=/home/tan/Desktop/car_d/car_ws/install/carrl_interface/lib/python3.8/site-packages:/home/tan/Desktop/car_d/car_ws/install/service_interface/lib/python3.8/site-packages:/home/tan/Desktop/car_d/car_ws/install/msg_interface/lib/python3.8/site-packages:/home/tan/Desktop/car_d/car_ws/install/car_vision/lib/python3.8/site-packages:/home/tan/ros2_ws/install/realsense2_camera_msgs/lib/python3.8/site-packages:/opt/ros/foxy/lib/python3.8/site-packages /usr/bin/cmake --install /home/tan/Desktop/car_d/car_ws/build/car_vision
[0.824s] Level 1:colcon.colcon_core.environment:create_environment_scripts_only(service_interface)
[0.827s] Level 1:colcon.colcon_core.environment:checking '/home/tan/Desktop/car_d/car_ws/install/service_interface' for CMake module files
[0.828s] Level 1:colcon.colcon_core.environment:checking '/home/tan/Desktop/car_d/car_ws/install/service_interface' for CMake config files
[0.828s] Level 1:colcon.colcon_core.shell:create_environment_hook('service_interface', 'cmake_prefix_path')
[0.831s] INFO:colcon.colcon_core.shell:Creating environment hook '/home/tan/Desktop/car_d/car_ws/install/service_interface/share/service_interface/hook/cmake_prefix_path.ps1'
[0.831s] INFO:colcon.colcon_core.shell:Creating environment descriptor '/home/tan/Desktop/car_d/car_ws/install/service_interface/share/service_interface/hook/cmake_prefix_path.dsv'
[0.831s] INFO:colcon.colcon_core.shell:Creating environment hook '/home/tan/Desktop/car_d/car_ws/install/service_interface/share/service_interface/hook/cmake_prefix_path.sh'
[0.832s] Level 1:colcon.colcon_core.environment:checking '/home/tan/Desktop/car_d/car_ws/install/service_interface/lib'
[0.832s] Level 1:colcon.colcon_core.shell:create_environment_hook('service_interface', 'ld_library_path_lib')
[0.834s] INFO:colcon.colcon_core.shell:Creating environment hook '/home/tan/Desktop/car_d/car_ws/install/service_interface/share/service_interface/hook/ld_library_path_lib.ps1'
[0.835s] INFO:colcon.colcon_core.shell:Creating environment descriptor '/home/tan/Desktop/car_d/car_ws/install/service_interface/share/service_interface/hook/ld_library_path_lib.dsv'
[0.835s] INFO:colcon.colcon_core.shell:Creating environment hook '/home/tan/Desktop/car_d/car_ws/install/service_interface/share/service_interface/hook/ld_library_path_lib.sh'
[0.835s] Level 1:colcon.colcon_core.environment:checking '/home/tan/Desktop/car_d/car_ws/install/service_interface/bin'
[0.835s] Level 1:colcon.colcon_core.environment:checking '/home/tan/Desktop/car_d/car_ws/install/service_interface/lib/pkgconfig/service_interface.pc'
[0.835s] Level 1:colcon.colcon_core.environment:checking '/home/tan/Desktop/car_d/car_ws/install/service_interface/lib/python3.8/site-packages'
[0.836s] Level 1:colcon.colcon_core.shell:create_environment_hook('service_interface', 'pythonpath')
[0.838s] INFO:colcon.colcon_core.shell:Creating environment hook '/home/tan/Desktop/car_d/car_ws/install/service_interface/share/service_interface/hook/pythonpath.ps1'
[0.838s] INFO:colcon.colcon_core.shell:Creating environment descriptor '/home/tan/Desktop/car_d/car_ws/install/service_interface/share/service_interface/hook/pythonpath.dsv'
[0.838s] INFO:colcon.colcon_core.shell:Creating environment hook '/home/tan/Desktop/car_d/car_ws/install/service_interface/share/service_interface/hook/pythonpath.sh'
[0.839s] Level 1:colcon.colcon_core.environment:checking '/home/tan/Desktop/car_d/car_ws/install/service_interface/bin'
[0.841s] INFO:colcon.colcon_core.shell:Creating package script '/home/tan/Desktop/car_d/car_ws/install/service_interface/share/service_interface/package.ps1'
[0.842s] INFO:colcon.colcon_core.shell:Creating package descriptor '/home/tan/Desktop/car_d/car_ws/install/service_interface/share/service_interface/package.dsv'
[0.842s] INFO:colcon.colcon_core.shell:Creating package script '/home/tan/Desktop/car_d/car_ws/install/service_interface/share/service_interface/package.sh'
[0.843s] INFO:colcon.colcon_core.shell:Creating package script '/home/tan/Desktop/car_d/car_ws/install/service_interface/share/service_interface/package.bash'
[0.843s] INFO:colcon.colcon_core.shell:Creating package script '/home/tan/Desktop/car_d/car_ws/install/service_interface/share/service_interface/package.zsh'
[0.844s] Level 1:colcon.colcon_core.environment:create_file_with_runtime_dependencies(/home/tan/Desktop/car_d/car_ws/install/service_interface/share/colcon-core/packages/service_interface)
[0.844s] INFO:colcon.colcon_ros.task.ament_cmake.build:Building ROS package in '/home/tan/Desktop/car_d/car_ws/src/px4_node' with build type 'ament_cmake'
[0.844s] INFO:colcon.colcon_cmake.task.cmake.build:Building CMake package in '/home/tan/Desktop/car_d/car_ws/src/px4_node'
[0.846s] INFO:colcon.colcon_core.shell:Skip shell extension 'powershell' for command environment: Not usable outside of PowerShell
[0.847s] DEBUG:colcon.colcon_core.shell:Skip shell extension 'dsv' for command environment
[0.859s] Level 1:colcon.colcon_core.environment:create_environment_scripts_only(car_vision)
[0.863s] Level 1:colcon.colcon_core.environment:checking '/home/tan/Desktop/car_d/car_ws/install/car_vision' for CMake module files
[0.863s] DEBUG:colcon.colcon_core.event_handler.log_command:Invoked command in '/home/tan/Desktop/car_d/car_ws/build/car_vision' returned '0': CMAKE_PREFIX_PATH=/home/tan/Desktop/car_d/car_ws/install/carrl_interface:/home/tan/Desktop/car_d/car_ws/install/tan:/home/tan/Desktop/car_d/car_ws/install/px4_node:/home/tan/Desktop/car_d/car_ws/install/service_interface:/home/tan/Desktop/car_d/car_ws/install/msg_interface:/home/tan/Desktop/car_d/car_ws/install/car_vision:/home/tan/ros2_ws/install/realsense2_description:/home/tan/ros2_ws/install/realsense2_camera:/home/tan/ros2_ws/install/realsense2_camera_msgs:/opt/ros/foxy LD_LIBRARY_PATH=/home/tan/Desktop/car_d/car_ws/install/carrl_interface/lib:/home/tan/Desktop/car_d/car_ws/install/service_interface/lib:/home/tan/Desktop/car_d/car_ws/install/msg_interface/lib:/home/tan/ros2_ws/install/realsense2_camera/lib:/home/tan/ros2_ws/install/realsense2_camera_msgs/lib:/opt/ros/foxy/opt/yaml_cpp_vendor/lib:/opt/ros/foxy/opt/rviz_ogre_vendor/lib:/opt/ros/foxy/lib/x86_64-linux-gnu:/opt/ros/foxy/lib:/usr/lib/x86_64-linux-gnu/gazebo-11/plugins:/usr/lib/x86_64-linux-gnu/gazebo-11/plugins:/home/tan/ardupilot_gazebo/build:/usr/lib/x86_64-linux-gnu/gazebo-11/plugins PYTHONPATH=/home/tan/Desktop/car_d/car_ws/install/carrl_interface/lib/python3.8/site-packages:/home/tan/Desktop/car_d/car_ws/install/service_interface/lib/python3.8/site-packages:/home/tan/Desktop/car_d/car_ws/install/msg_interface/lib/python3.8/site-packages:/home/tan/Desktop/car_d/car_ws/install/car_vision/lib/python3.8/site-packages:/home/tan/ros2_ws/install/realsense2_camera_msgs/lib/python3.8/site-packages:/opt/ros/foxy/lib/python3.8/site-packages /usr/bin/cmake --install /home/tan/Desktop/car_d/car_ws/build/car_vision
[0.864s] Level 1:colcon.colcon_core.environment:checking '/home/tan/Desktop/car_d/car_ws/install/car_vision' for CMake config files
[0.864s] Level 1:colcon.colcon_core.shell:create_environment_hook('car_vision', 'cmake_prefix_path')
[0.866s] INFO:colcon.colcon_core.shell:Creating environment hook '/home/tan/Desktop/car_d/car_ws/install/car_vision/share/car_vision/hook/cmake_prefix_path.ps1'
[0.867s] INFO:colcon.colcon_core.shell:Creating environment descriptor '/home/tan/Desktop/car_d/car_ws/install/car_vision/share/car_vision/hook/cmake_prefix_path.dsv'
[0.867s] INFO:colcon.colcon_core.shell:Creating environment hook '/home/tan/Desktop/car_d/car_ws/install/car_vision/share/car_vision/hook/cmake_prefix_path.sh'
[0.867s] Level 1:colcon.colcon_core.environment:checking '/home/tan/Desktop/car_d/car_ws/install/car_vision/lib'
[0.868s] Level 1:colcon.colcon_core.environment:checking '/home/tan/Desktop/car_d/car_ws/install/car_vision/bin'
[0.868s] Level 1:colcon.colcon_core.environment:checking '/home/tan/Desktop/car_d/car_ws/install/car_vision/lib/pkgconfig/car_vision.pc'
[0.868s] Level 1:colcon.colcon_core.environment:checking '/home/tan/Desktop/car_d/car_ws/install/car_vision/lib/python3.8/site-packages'
[0.868s] Level 1:colcon.colcon_core.shell:create_environment_hook('car_vision', 'pythonpath')
[0.870s] INFO:colcon.colcon_core.shell:Creating environment hook '/home/tan/Desktop/car_d/car_ws/install/car_vision/share/car_vision/hook/pythonpath.ps1'
[0.870s] INFO:colcon.colcon_core.shell:Creating environment descriptor '/home/tan/Desktop/car_d/car_ws/install/car_vision/share/car_vision/hook/pythonpath.dsv'
[0.870s] INFO:colcon.colcon_core.shell:Creating environment hook '/home/tan/Desktop/car_d/car_ws/install/car_vision/share/car_vision/hook/pythonpath.sh'
[0.871s] Level 1:colcon.colcon_core.environment:checking '/home/tan/Desktop/car_d/car_ws/install/car_vision/bin'
[0.873s] INFO:colcon.colcon_core.shell:Creating package script '/home/tan/Desktop/car_d/car_ws/install/car_vision/share/car_vision/package.ps1'
[0.874s] INFO:colcon.colcon_core.shell:Creating package descriptor '/home/tan/Desktop/car_d/car_ws/install/car_vision/share/car_vision/package.dsv'
[0.874s] INFO:colcon.colcon_core.shell:Creating package script '/home/tan/Desktop/car_d/car_ws/install/car_vision/share/car_vision/package.sh'
[0.875s] INFO:colcon.colcon_core.shell:Creating package script '/home/tan/Desktop/car_d/car_ws/install/car_vision/share/car_vision/package.bash'
[0.875s] INFO:colcon.colcon_core.shell:Creating package script '/home/tan/Desktop/car_d/car_ws/install/car_vision/share/car_vision/package.zsh'
[0.875s] Level 1:colcon.colcon_core.environment:create_file_with_runtime_dependencies(/home/tan/Desktop/car_d/car_ws/install/car_vision/share/colcon-core/packages/car_vision)
[0.881s] DEBUG:colcon.colcon_core.event_handler.log_command:Invoking command in '/home/tan/Desktop/car_d/car_ws/build/px4_node': CMAKE_PREFIX_PATH=/home/tan/Desktop/car_d/car_ws/install/service_interface:/home/tan/Desktop/car_d/car_ws/install/msg_interface:/home/tan/Desktop/car_d/car_ws/install/tan:/home/tan/Desktop/car_d/car_ws/install/px4_node:/home/tan/Desktop/car_d/car_ws/install/car_vision:/home/tan/Desktop/car_d/car_ws/install/carrl_interface:/home/tan/ros2_ws/install/realsense2_description:/home/tan/ros2_ws/install/realsense2_camera:/home/tan/ros2_ws/install/realsense2_camera_msgs:/opt/ros/foxy LD_LIBRARY_PATH=/home/tan/Desktop/car_d/car_ws/install/service_interface/lib:/home/tan/Desktop/car_d/car_ws/install/msg_interface/lib:/home/tan/Desktop/car_d/car_ws/install/carrl_interface/lib:/home/tan/ros2_ws/install/realsense2_camera/lib:/home/tan/ros2_ws/install/realsense2_camera_msgs/lib:/opt/ros/foxy/opt/yaml_cpp_vendor/lib:/opt/ros/foxy/opt/rviz_ogre_vendor/lib:/opt/ros/foxy/lib/x86_64-linux-gnu:/opt/ros/foxy/lib:/usr/lib/x86_64-linux-gnu/gazebo-11/plugins:/usr/lib/x86_64-linux-gnu/gazebo-11/plugins:/home/tan/ardupilot_gazebo/build:/usr/lib/x86_64-linux-gnu/gazebo-11/plugins /usr/bin/cmake --build /home/tan/Desktop/car_d/car_ws/build/px4_node -- -j16 -l16
[0.894s] Level 1:colcon.colcon_core.environment:create_environment_scripts_only(car_vision)
[0.897s] Level 1:colcon.colcon_core.environment:checking '/home/tan/Desktop/car_d/car_ws/install/car_vision' for CMake module files
[0.898s] Level 1:colcon.colcon_core.environment:checking '/home/tan/Desktop/car_d/car_ws/install/car_vision' for CMake config files
[0.898s] Level 1:colcon.colcon_core.shell:create_environment_hook('car_vision', 'cmake_prefix_path')
[0.900s] INFO:colcon.colcon_core.shell:Creating environment hook '/home/tan/Desktop/car_d/car_ws/install/car_vision/share/car_vision/hook/cmake_prefix_path.ps1'
[0.901s] INFO:colcon.colcon_core.shell:Creating environment descriptor '/home/tan/Desktop/car_d/car_ws/install/car_vision/share/car_vision/hook/cmake_prefix_path.dsv'
[0.901s] INFO:colcon.colcon_core.shell:Creating environment hook '/home/tan/Desktop/car_d/car_ws/install/car_vision/share/car_vision/hook/cmake_prefix_path.sh'
[0.901s] Level 1:colcon.colcon_core.environment:checking '/home/tan/Desktop/car_d/car_ws/install/car_vision/lib'
[0.901s] Level 1:colcon.colcon_core.environment:checking '/home/tan/Desktop/car_d/car_ws/install/car_vision/bin'
[0.901s] Level 1:colcon.colcon_core.environment:checking '/home/tan/Desktop/car_d/car_ws/install/car_vision/lib/pkgconfig/car_vision.pc'
[0.902s] Level 1:colcon.colcon_core.environment:checking '/home/tan/Desktop/car_d/car_ws/install/car_vision/lib/python3.8/site-packages'
[0.902s] Level 1:colcon.colcon_core.shell:create_environment_hook('car_vision', 'pythonpath')
[0.904s] INFO:colcon.colcon_core.shell:Creating environment hook '/home/tan/Desktop/car_d/car_ws/install/car_vision/share/car_vision/hook/pythonpath.ps1'
[0.904s] INFO:colcon.colcon_core.shell:Creating environment descriptor '/home/tan/Desktop/car_d/car_ws/install/car_vision/share/car_vision/hook/pythonpath.dsv'
[0.904s] INFO:colcon.colcon_core.shell:Creating environment hook '/home/tan/Desktop/car_d/car_ws/install/car_vision/share/car_vision/hook/pythonpath.sh'
[0.905s] Level 1:colcon.colcon_core.environment:checking '/home/tan/Desktop/car_d/car_ws/install/car_vision/bin'
[0.907s] INFO:colcon.colcon_core.shell:Creating package script '/home/tan/Desktop/car_d/car_ws/install/car_vision/share/car_vision/package.ps1'
[0.907s] INFO:colcon.colcon_core.shell:Creating package descriptor '/home/tan/Desktop/car_d/car_ws/install/car_vision/share/car_vision/package.dsv'
[0.908s] INFO:colcon.colcon_core.shell:Creating package script '/home/tan/Desktop/car_d/car_ws/install/car_vision/share/car_vision/package.sh'
[0.908s] INFO:colcon.colcon_core.shell:Creating package script '/home/tan/Desktop/car_d/car_ws/install/car_vision/share/car_vision/package.bash'
[0.908s] INFO:colcon.colcon_core.shell:Creating package script '/home/tan/Desktop/car_d/car_ws/install/car_vision/share/car_vision/package.zsh'
[0.909s] Level 1:colcon.colcon_core.environment:create_file_with_runtime_dependencies(/home/tan/Desktop/car_d/car_ws/install/car_vision/share/colcon-core/packages/car_vision)
[0.945s] DEBUG:colcon.colcon_core.event_handler.log_command:Invoked command in '/home/tan/Desktop/car_d/car_ws/build/px4_node' returned '0': CMAKE_PREFIX_PATH=/home/tan/Desktop/car_d/car_ws/install/service_interface:/home/tan/Desktop/car_d/car_ws/install/msg_interface:/home/tan/Desktop/car_d/car_ws/install/tan:/home/tan/Desktop/car_d/car_ws/install/px4_node:/home/tan/Desktop/car_d/car_ws/install/car_vision:/home/tan/Desktop/car_d/car_ws/install/carrl_interface:/home/tan/ros2_ws/install/realsense2_description:/home/tan/ros2_ws/install/realsense2_camera:/home/tan/ros2_ws/install/realsense2_camera_msgs:/opt/ros/foxy LD_LIBRARY_PATH=/home/tan/Desktop/car_d/car_ws/install/service_interface/lib:/home/tan/Desktop/car_d/car_ws/install/msg_interface/lib:/home/tan/Desktop/car_d/car_ws/install/carrl_interface/lib:/home/tan/ros2_ws/install/realsense2_camera/lib:/home/tan/ros2_ws/install/realsense2_camera_msgs/lib:/opt/ros/foxy/opt/yaml_cpp_vendor/lib:/opt/ros/foxy/opt/rviz_ogre_vendor/lib:/opt/ros/foxy/lib/x86_64-linux-gnu:/opt/ros/foxy/lib:/usr/lib/x86_64-linux-gnu/gazebo-11/plugins:/usr/lib/x86_64-linux-gnu/gazebo-11/plugins:/home/tan/ardupilot_gazebo/build:/usr/lib/x86_64-linux-gnu/gazebo-11/plugins /usr/bin/cmake --build /home/tan/Desktop/car_d/car_ws/build/px4_node -- -j16 -l16
[0.970s] DEBUG:colcon.colcon_core.event_handler.log_command:Invoking command in '/home/tan/Desktop/car_d/car_ws/build/px4_node': CMAKE_PREFIX_PATH=/home/tan/Desktop/car_d/car_ws/install/service_interface:/home/tan/Desktop/car_d/car_ws/install/msg_interface:/home/tan/Desktop/car_d/car_ws/install/tan:/home/tan/Desktop/car_d/car_ws/install/px4_node:/home/tan/Desktop/car_d/car_ws/install/car_vision:/home/tan/Desktop/car_d/car_ws/install/carrl_interface:/home/tan/ros2_ws/install/realsense2_description:/home/tan/ros2_ws/install/realsense2_camera:/home/tan/ros2_ws/install/realsense2_camera_msgs:/opt/ros/foxy LD_LIBRARY_PATH=/home/tan/Desktop/car_d/car_ws/install/service_interface/lib:/home/tan/Desktop/car_d/car_ws/install/msg_interface/lib:/home/tan/Desktop/car_d/car_ws/install/carrl_interface/lib:/home/tan/ros2_ws/install/realsense2_camera/lib:/home/tan/ros2_ws/install/realsense2_camera_msgs/lib:/opt/ros/foxy/opt/yaml_cpp_vendor/lib:/opt/ros/foxy/opt/rviz_ogre_vendor/lib:/opt/ros/foxy/lib/x86_64-linux-gnu:/opt/ros/foxy/lib:/usr/lib/x86_64-linux-gnu/gazebo-11/plugins:/usr/lib/x86_64-linux-gnu/gazebo-11/plugins:/home/tan/ardupilot_gazebo/build:/usr/lib/x86_64-linux-gnu/gazebo-11/plugins /usr/bin/cmake --install /home/tan/Desktop/car_d/car_ws/build/px4_node
[0.980s] Level 1:colcon.colcon_core.environment:create_environment_scripts_only(px4_node)
[0.983s] Level 1:colcon.colcon_core.environment:checking '/home/tan/Desktop/car_d/car_ws/install/px4_node' for CMake module files
[0.983s] DEBUG:colcon.colcon_core.event_handler.log_command:Invoked command in '/home/tan/Desktop/car_d/car_ws/build/px4_node' returned '0': CMAKE_PREFIX_PATH=/home/tan/Desktop/car_d/car_ws/install/service_interface:/home/tan/Desktop/car_d/car_ws/install/msg_interface:/home/tan/Desktop/car_d/car_ws/install/tan:/home/tan/Desktop/car_d/car_ws/install/px4_node:/home/tan/Desktop/car_d/car_ws/install/car_vision:/home/tan/Desktop/car_d/car_ws/install/carrl_interface:/home/tan/ros2_ws/install/realsense2_description:/home/tan/ros2_ws/install/realsense2_camera:/home/tan/ros2_ws/install/realsense2_camera_msgs:/opt/ros/foxy LD_LIBRARY_PATH=/home/tan/Desktop/car_d/car_ws/install/service_interface/lib:/home/tan/Desktop/car_d/car_ws/install/msg_interface/lib:/home/tan/Desktop/car_d/car_ws/install/carrl_interface/lib:/home/tan/ros2_ws/install/realsense2_camera/lib:/home/tan/ros2_ws/install/realsense2_camera_msgs/lib:/opt/ros/foxy/opt/yaml_cpp_vendor/lib:/opt/ros/foxy/opt/rviz_ogre_vendor/lib:/opt/ros/foxy/lib/x86_64-linux-gnu:/opt/ros/foxy/lib:/usr/lib/x86_64-linux-gnu/gazebo-11/plugins:/usr/lib/x86_64-linux-gnu/gazebo-11/plugins:/home/tan/ardupilot_gazebo/build:/usr/lib/x86_64-linux-gnu/gazebo-11/plugins /usr/bin/cmake --install /home/tan/Desktop/car_d/car_ws/build/px4_node
[0.984s] Level 1:colcon.colcon_core.environment:checking '/home/tan/Desktop/car_d/car_ws/install/px4_node' for CMake config files
[0.984s] Level 1:colcon.colcon_core.shell:create_environment_hook('px4_node', 'cmake_prefix_path')
[0.986s] INFO:colcon.colcon_core.shell:Creating environment hook '/home/tan/Desktop/car_d/car_ws/install/px4_node/share/px4_node/hook/cmake_prefix_path.ps1'
[0.986s] INFO:colcon.colcon_core.shell:Creating environment descriptor '/home/tan/Desktop/car_d/car_ws/install/px4_node/share/px4_node/hook/cmake_prefix_path.dsv'
[0.987s] INFO:colcon.colcon_core.shell:Creating environment hook '/home/tan/Desktop/car_d/car_ws/install/px4_node/share/px4_node/hook/cmake_prefix_path.sh'
[0.987s] Level 1:colcon.colcon_core.environment:checking '/home/tan/Desktop/car_d/car_ws/install/px4_node/lib'
[0.987s] Level 1:colcon.colcon_core.environment:checking '/home/tan/Desktop/car_d/car_ws/install/px4_node/bin'
[0.987s] Level 1:colcon.colcon_core.environment:checking '/home/tan/Desktop/car_d/car_ws/install/px4_node/lib/pkgconfig/px4_node.pc'
[0.987s] Level 1:colcon.colcon_core.environment:checking '/home/tan/Desktop/car_d/car_ws/install/px4_node/lib/python3.8/site-packages'
[0.987s] Level 1:colcon.colcon_core.environment:checking '/home/tan/Desktop/car_d/car_ws/install/px4_node/bin'
[0.990s] INFO:colcon.colcon_core.shell:Creating package script '/home/tan/Desktop/car_d/car_ws/install/px4_node/share/px4_node/package.ps1'
[0.990s] INFO:colcon.colcon_core.shell:Creating package descriptor '/home/tan/Desktop/car_d/car_ws/install/px4_node/share/px4_node/package.dsv'
[0.990s] INFO:colcon.colcon_core.shell:Creating package script '/home/tan/Desktop/car_d/car_ws/install/px4_node/share/px4_node/package.sh'
[0.990s] INFO:colcon.colcon_core.shell:Creating package script '/home/tan/Desktop/car_d/car_ws/install/px4_node/share/px4_node/package.bash'
[0.991s] INFO:colcon.colcon_core.shell:Creating package script '/home/tan/Desktop/car_d/car_ws/install/px4_node/share/px4_node/package.zsh'
[0.991s] Level 1:colcon.colcon_core.environment:create_file_with_runtime_dependencies(/home/tan/Desktop/car_d/car_ws/install/px4_node/share/colcon-core/packages/px4_node)
[1.014s] Level 1:colcon.colcon_core.environment:create_environment_scripts_only(px4_node)
[1.017s] Level 1:colcon.colcon_core.environment:checking '/home/tan/Desktop/car_d/car_ws/install/px4_node' for CMake module files
[1.017s] Level 1:colcon.colcon_core.environment:checking '/home/tan/Desktop/car_d/car_ws/install/px4_node' for CMake config files
[1.018s] Level 1:colcon.colcon_core.shell:create_environment_hook('px4_node', 'cmake_prefix_path')
[1.020s] INFO:colcon.colcon_core.shell:Creating environment hook '/home/tan/Desktop/car_d/car_ws/install/px4_node/share/px4_node/hook/cmake_prefix_path.ps1'
[1.020s] INFO:colcon.colcon_core.shell:Creating environment descriptor '/home/tan/Desktop/car_d/car_ws/install/px4_node/share/px4_node/hook/cmake_prefix_path.dsv'
[1.020s] INFO:colcon.colcon_core.shell:Creating environment hook '/home/tan/Desktop/car_d/car_ws/install/px4_node/share/px4_node/hook/cmake_prefix_path.sh'
[1.021s] Level 1:colcon.colcon_core.environment:checking '/home/tan/Desktop/car_d/car_ws/install/px4_node/lib'
[1.021s] Level 1:colcon.colcon_core.environment:checking '/home/tan/Desktop/car_d/car_ws/install/px4_node/bin'
[1.021s] Level 1:colcon.colcon_core.environment:checking '/home/tan/Desktop/car_d/car_ws/install/px4_node/lib/pkgconfig/px4_node.pc'
[1.021s] Level 1:colcon.colcon_core.environment:checking '/home/tan/Desktop/car_d/car_ws/install/px4_node/lib/python3.8/site-packages'
[1.021s] Level 1:colcon.colcon_core.environment:checking '/home/tan/Desktop/car_d/car_ws/install/px4_node/bin'
[1.023s] INFO:colcon.colcon_core.shell:Creating package script '/home/tan/Desktop/car_d/car_ws/install/px4_node/share/px4_node/package.ps1'
[1.023s] INFO:colcon.colcon_core.shell:Creating package descriptor '/home/tan/Desktop/car_d/car_ws/install/px4_node/share/px4_node/package.dsv'
[1.024s] INFO:colcon.colcon_core.shell:Creating package script '/home/tan/Desktop/car_d/car_ws/install/px4_node/share/px4_node/package.sh'
[1.024s] INFO:colcon.colcon_core.shell:Creating package script '/home/tan/Desktop/car_d/car_ws/install/px4_node/share/px4_node/package.bash'
[1.024s] INFO:colcon.colcon_core.shell:Creating package script '/home/tan/Desktop/car_d/car_ws/install/px4_node/share/px4_node/package.zsh'
[1.025s] Level 1:colcon.colcon_core.environment:create_file_with_runtime_dependencies(/home/tan/Desktop/car_d/car_ws/install/px4_node/share/colcon-core/packages/px4_node)
[10.114s] DEBUG:colcon.colcon_core.event_handler.log_command:Invoked command in '/home/tan/Desktop/car_d/car_ws/build/tan' returned '0': CMAKE_PREFIX_PATH=${CMAKE_PREFIX_PATH}:/opt/ros/foxy /usr/bin/cmake --build /home/tan/Desktop/car_d/car_ws/build/tan -- -j16 -l16
[10.142s] DEBUG:colcon.colcon_core.event_handler.log_command:Invoking command in '/home/tan/Desktop/car_d/car_ws/build/tan': CMAKE_PREFIX_PATH=${CMAKE_PREFIX_PATH}:/opt/ros/foxy /usr/bin/cmake --install /home/tan/Desktop/car_d/car_ws/build/tan
[10.161s] Level 1:colcon.colcon_core.environment:create_environment_scripts_only(tan)
[10.164s] Level 1:colcon.colcon_core.environment:checking '/home/tan/Desktop/car_d/car_ws/install/tan' for CMake module files
[10.164s] DEBUG:colcon.colcon_core.event_handler.log_command:Invoked command in '/home/tan/Desktop/car_d/car_ws/build/tan' returned '0': CMAKE_PREFIX_PATH=${CMAKE_PREFIX_PATH}:/opt/ros/foxy /usr/bin/cmake --install /home/tan/Desktop/car_d/car_ws/build/tan
[10.164s] Level 1:colcon.colcon_core.environment:checking '/home/tan/Desktop/car_d/car_ws/install/tan' for CMake config files
[10.164s] Level 1:colcon.colcon_core.shell:create_environment_hook('tan', 'cmake_prefix_path')
[10.167s] INFO:colcon.colcon_core.shell:Creating environment hook '/home/tan/Desktop/car_d/car_ws/install/tan/share/tan/hook/cmake_prefix_path.ps1'
[10.168s] INFO:colcon.colcon_core.shell:Creating environment descriptor '/home/tan/Desktop/car_d/car_ws/install/tan/share/tan/hook/cmake_prefix_path.dsv'
[10.168s] INFO:colcon.colcon_core.shell:Creating environment hook '/home/tan/Desktop/car_d/car_ws/install/tan/share/tan/hook/cmake_prefix_path.sh'
[10.168s] Level 1:colcon.colcon_core.environment:checking '/home/tan/Desktop/car_d/car_ws/install/tan/lib'
[10.168s] Level 1:colcon.colcon_core.environment:checking '/home/tan/Desktop/car_d/car_ws/install/tan/bin'
[10.168s] Level 1:colcon.colcon_core.environment:checking '/home/tan/Desktop/car_d/car_ws/install/tan/lib/pkgconfig/tan.pc'
[10.169s] Level 1:colcon.colcon_core.environment:checking '/home/tan/Desktop/car_d/car_ws/install/tan/lib/python3.8/site-packages'
[10.169s] Level 1:colcon.colcon_core.environment:checking '/home/tan/Desktop/car_d/car_ws/install/tan/bin'
[10.171s] INFO:colcon.colcon_core.shell:Creating package script '/home/tan/Desktop/car_d/car_ws/install/tan/share/tan/package.ps1'
[10.171s] INFO:colcon.colcon_core.shell:Creating package descriptor '/home/tan/Desktop/car_d/car_ws/install/tan/share/tan/package.dsv'
[10.171s] INFO:colcon.colcon_core.shell:Creating package script '/home/tan/Desktop/car_d/car_ws/install/tan/share/tan/package.sh'
[10.172s] INFO:colcon.colcon_core.shell:Creating package script '/home/tan/Desktop/car_d/car_ws/install/tan/share/tan/package.bash'
[10.172s] INFO:colcon.colcon_core.shell:Creating package script '/home/tan/Desktop/car_d/car_ws/install/tan/share/tan/package.zsh'
[10.172s] Level 1:colcon.colcon_core.environment:create_file_with_runtime_dependencies(/home/tan/Desktop/car_d/car_ws/install/tan/share/colcon-core/packages/tan)
[10.208s] Level 1:colcon.colcon_core.environment:create_environment_scripts_only(tan)
[10.211s] Level 1:colcon.colcon_core.environment:checking '/home/tan/Desktop/car_d/car_ws/install/tan' for CMake module files
[10.211s] Level 1:colcon.colcon_core.environment:checking '/home/tan/Desktop/car_d/car_ws/install/tan' for CMake config files
[10.211s] Level 1:colcon.colcon_core.shell:create_environment_hook('tan', 'cmake_prefix_path')
[10.214s] INFO:colcon.colcon_core.shell:Creating environment hook '/home/tan/Desktop/car_d/car_ws/install/tan/share/tan/hook/cmake_prefix_path.ps1'
[10.214s] INFO:colcon.colcon_core.shell:Creating environment descriptor '/home/tan/Desktop/car_d/car_ws/install/tan/share/tan/hook/cmake_prefix_path.dsv'
[10.214s] INFO:colcon.colcon_core.shell:Creating environment hook '/home/tan/Desktop/car_d/car_ws/install/tan/share/tan/hook/cmake_prefix_path.sh'
[10.215s] Level 1:colcon.colcon_core.environment:checking '/home/tan/Desktop/car_d/car_ws/install/tan/lib'
[10.215s] Level 1:colcon.colcon_core.environment:checking '/home/tan/Desktop/car_d/car_ws/install/tan/bin'
[10.215s] Level 1:colcon.colcon_core.environment:checking '/home/tan/Desktop/car_d/car_ws/install/tan/lib/pkgconfig/tan.pc'
[10.215s] Level 1:colcon.colcon_core.environment:checking '/home/tan/Desktop/car_d/car_ws/install/tan/lib/python3.8/site-packages'
[10.215s] Level 1:colcon.colcon_core.environment:checking '/home/tan/Desktop/car_d/car_ws/install/tan/bin'
[10.218s] INFO:colcon.colcon_core.shell:Creating package script '/home/tan/Desktop/car_d/car_ws/install/tan/share/tan/package.ps1'
[10.218s] INFO:colcon.colcon_core.shell:Creating package descriptor '/home/tan/Desktop/car_d/car_ws/install/tan/share/tan/package.dsv'
[10.218s] INFO:colcon.colcon_core.shell:Creating package script '/home/tan/Desktop/car_d/car_ws/install/tan/share/tan/package.sh'
[10.219s] INFO:colcon.colcon_core.shell:Creating package script '/home/tan/Desktop/car_d/car_ws/install/tan/share/tan/package.bash'
[10.219s] INFO:colcon.colcon_core.shell:Creating package script '/home/tan/Desktop/car_d/car_ws/install/tan/share/tan/package.zsh'
[10.220s] Level 1:colcon.colcon_core.environment:create_file_with_runtime_dependencies(/home/tan/Desktop/car_d/car_ws/install/tan/share/colcon-core/packages/tan)
[10.220s] DEBUG:colcon.colcon_parallel_executor.executor.parallel:closing loop
[10.220s] DEBUG:colcon.colcon_parallel_executor.executor.parallel:loop closed
[10.220s] DEBUG:colcon.colcon_parallel_executor.executor.parallel:run_until_complete finished with '0'
[10.220s] DEBUG:colcon.colcon_core.event_reactor:joining thread
[10.227s] INFO:colcon.colcon_core.plugin_system:Skipping extension 'colcon_notification.desktop_notification.terminal_notifier': Not used on non-Darwin systems
[10.228s] INFO:colcon.colcon_core.plugin_system:Skipping extension 'colcon_notification.desktop_notification.win32': Not used on non-Windows systems
[10.228s] INFO:colcon.colcon_notification.desktop_notification:Sending desktop notification using 'notify2'
[10.239s] DEBUG:colcon.colcon_core.event_reactor:joined thread
[10.241s] INFO:colcon.colcon_core.shell:Creating prefix script '/home/tan/Desktop/car_d/car_ws/install/local_setup.ps1'
[10.242s] INFO:colcon.colcon_core.shell:Creating prefix util module '/home/tan/Desktop/car_d/car_ws/install/_local_setup_util_ps1.py'
[10.243s] INFO:colcon.colcon_core.shell:Creating prefix chain script '/home/tan/Desktop/car_d/car_ws/install/setup.ps1'
[10.245s] INFO:colcon.colcon_core.shell:Creating prefix script '/home/tan/Desktop/car_d/car_ws/install/local_setup.sh'
[10.245s] INFO:colcon.colcon_core.shell:Creating prefix util module '/home/tan/Desktop/car_d/car_ws/install/_local_setup_util_sh.py'
[10.246s] INFO:colcon.colcon_core.shell:Creating prefix chain script '/home/tan/Desktop/car_d/car_ws/install/setup.sh'
[10.248s] INFO:colcon.colcon_core.shell:Creating prefix script '/home/tan/Desktop/car_d/car_ws/install/local_setup.bash'
[10.249s] INFO:colcon.colcon_core.shell:Creating prefix chain script '/home/tan/Desktop/car_d/car_ws/install/setup.bash'
[10.250s] INFO:colcon.colcon_core.shell:Creating prefix script '/home/tan/Desktop/car_d/car_ws/install/local_setup.zsh'
[10.251s] INFO:colcon.colcon_core.shell:Creating prefix chain script '/home/tan/Desktop/car_d/car_ws/install/setup.zsh'
