[0.055s] Invoking command in '/home/tan/Desktop/car_d/car_ws/build/msg_interface': CMAKE_PREFIX_PATH=${CMAKE_PREFIX_PATH}:/opt/ros/foxy /usr/bin/cmake --build /home/tan/Desktop/car_d/car_ws/build/msg_interface -- -j16 -l16
[0.114s] [  2%] Built target msg_interface__cpp
[0.115s] [ 12%] Built target msg_interface__rosidl_generator_c
[0.156s] [ 23%] Built target msg_interface__rosidl_typesupport_cpp
[0.164s] [ 34%] Built target msg_interface__rosidl_typesupport_introspection_cpp
[0.178s] [ 44%] Built target msg_interface__rosidl_typesupport_fastrtps_cpp
[0.194s] [ 55%] Built target msg_interface__rosidl_typesupport_introspection_c
[0.197s] [ 65%] Built target msg_interface__rosidl_typesupport_c
[0.211s] [ 76%] Built target msg_interface__rosidl_typesupport_fastrtps_c
[0.230s] [ 76%] Built target msg_interface
[0.249s] [ 78%] Built target msg_interface__py
[0.277s] [ 87%] Built target msg_interface__python
[0.314s] [ 91%] Built target msg_interface__rosidl_typesupport_c__pyext
[0.315s] [ 95%] Built target msg_interface__rosidl_typesupport_introspection_c__pyext
[0.320s] [100%] Built target msg_interface__rosidl_typesupport_fastrtps_c__pyext
[0.336s] Invoked command in '/home/tan/Desktop/car_d/car_ws/build/msg_interface' returned '0': CMAKE_PREFIX_PATH=${CMAKE_PREFIX_PATH}:/opt/ros/foxy /usr/bin/cmake --build /home/tan/Desktop/car_d/car_ws/build/msg_interface -- -j16 -l16
[0.416s] Invoking command in '/home/tan/Desktop/car_d/car_ws/build/msg_interface': CMAKE_PREFIX_PATH=${CMAKE_PREFIX_PATH}:/opt/ros/foxy /usr/bin/cmake --install /home/tan/Desktop/car_d/car_ws/build/msg_interface
[0.425s] -- Install configuration: ""
[0.426s] -- Up-to-date: /home/tan/Desktop/car_d/car_ws/install/msg_interface/share/ament_index/resource_index/rosidl_interfaces/msg_interface
[0.426s] -- Up-to-date: /home/tan/Desktop/car_d/car_ws/install/msg_interface/include/msg_interface
[0.426s] -- Up-to-date: /home/tan/Desktop/car_d/car_ws/install/msg_interface/include/msg_interface/msg
[0.426s] -- Up-to-date: /home/tan/Desktop/car_d/car_ws/install/msg_interface/include/msg_interface/msg/velocity.h
[0.426s] -- Up-to-date: /home/tan/Desktop/car_d/car_ws/install/msg_interface/include/msg_interface/msg/force.h
[0.427s] -- Up-to-date: /home/tan/Desktop/car_d/car_ws/install/msg_interface/include/msg_interface/msg/detail
[0.427s] -- Up-to-date: /home/tan/Desktop/car_d/car_ws/install/msg_interface/include/msg_interface/msg/detail/force__functions.h
[0.427s] -- Up-to-date: /home/tan/Desktop/car_d/car_ws/install/msg_interface/include/msg_interface/msg/detail/force__struct.h
[0.427s] -- Up-to-date: /home/tan/Desktop/car_d/car_ws/install/msg_interface/include/msg_interface/msg/detail/control__functions.h
[0.428s] -- Up-to-date: /home/tan/Desktop/car_d/car_ws/install/msg_interface/include/msg_interface/msg/detail/control__struct.h
[0.428s] -- Up-to-date: /home/tan/Desktop/car_d/car_ws/install/msg_interface/include/msg_interface/msg/detail/velocity__functions.h
[0.428s] -- Up-to-date: /home/tan/Desktop/car_d/car_ws/install/msg_interface/include/msg_interface/msg/detail/velocity__struct.h
[0.428s] -- Up-to-date: /home/tan/Desktop/car_d/car_ws/install/msg_interface/include/msg_interface/msg/detail/control__type_support.h
[0.428s] -- Up-to-date: /home/tan/Desktop/car_d/car_ws/install/msg_interface/include/msg_interface/msg/detail/velocity__type_support.h
[0.428s] -- Up-to-date: /home/tan/Desktop/car_d/car_ws/install/msg_interface/include/msg_interface/msg/detail/velocity__functions.c
[0.429s] -- Up-to-date: /home/tan/Desktop/car_d/car_ws/install/msg_interface/include/msg_interface/msg/detail/force__type_support.h
[0.429s] -- Up-to-date: /home/tan/Desktop/car_d/car_ws/install/msg_interface/include/msg_interface/msg/detail/control__functions.c
[0.429s] -- Up-to-date: /home/tan/Desktop/car_d/car_ws/install/msg_interface/include/msg_interface/msg/detail/force__functions.c
[0.429s] -- Up-to-date: /home/tan/Desktop/car_d/car_ws/install/msg_interface/include/msg_interface/msg/control.h
[0.429s] -- Up-to-date: /home/tan/Desktop/car_d/car_ws/install/msg_interface/include/msg_interface/msg/rosidl_generator_c__visibility_control.h
[0.429s] -- Up-to-date: /home/tan/Desktop/car_d/car_ws/install/msg_interface/share/msg_interface/environment/library_path.sh
[0.430s] -- Up-to-date: /home/tan/Desktop/car_d/car_ws/install/msg_interface/share/msg_interface/environment/library_path.dsv
[0.430s] -- Up-to-date: /home/tan/Desktop/car_d/car_ws/install/msg_interface/lib/libmsg_interface__rosidl_generator_c.so
[0.430s] -- Up-to-date: /home/tan/Desktop/car_d/car_ws/install/msg_interface/include/msg_interface
[0.430s] -- Up-to-date: /home/tan/Desktop/car_d/car_ws/install/msg_interface/include/msg_interface/msg
[0.430s] -- Up-to-date: /home/tan/Desktop/car_d/car_ws/install/msg_interface/include/msg_interface/msg/rosidl_typesupport_fastrtps_c__visibility_control.h
[0.430s] -- Up-to-date: /home/tan/Desktop/car_d/car_ws/install/msg_interface/include/msg_interface/msg/detail
[0.430s] -- Up-to-date: /home/tan/Desktop/car_d/car_ws/install/msg_interface/include/msg_interface/msg/detail/velocity__rosidl_typesupport_fastrtps_c.h
[0.431s] -- Up-to-date: /home/tan/Desktop/car_d/car_ws/install/msg_interface/include/msg_interface/msg/detail/control__rosidl_typesupport_fastrtps_c.h
[0.431s] -- Up-to-date: /home/tan/Desktop/car_d/car_ws/install/msg_interface/include/msg_interface/msg/detail/force__rosidl_typesupport_fastrtps_c.h
[0.431s] -- Up-to-date: /home/tan/Desktop/car_d/car_ws/install/msg_interface/lib/libmsg_interface__rosidl_typesupport_fastrtps_c.so
[0.431s] -- Up-to-date: /home/tan/Desktop/car_d/car_ws/install/msg_interface/include/msg_interface
[0.431s] -- Up-to-date: /home/tan/Desktop/car_d/car_ws/install/msg_interface/include/msg_interface/msg
[0.431s] -- Up-to-date: /home/tan/Desktop/car_d/car_ws/install/msg_interface/include/msg_interface/msg/rosidl_typesupport_fastrtps_cpp__visibility_control.h
[0.431s] -- Up-to-date: /home/tan/Desktop/car_d/car_ws/install/msg_interface/include/msg_interface/msg/detail
[0.431s] -- Up-to-date: /home/tan/Desktop/car_d/car_ws/install/msg_interface/include/msg_interface/msg/detail/velocity__rosidl_typesupport_fastrtps_cpp.hpp
[0.432s] -- Up-to-date: /home/tan/Desktop/car_d/car_ws/install/msg_interface/include/msg_interface/msg/detail/dds_fastrtps
[0.432s] -- Up-to-date: /home/tan/Desktop/car_d/car_ws/install/msg_interface/include/msg_interface/msg/detail/control__rosidl_typesupport_fastrtps_cpp.hpp
[0.432s] -- Up-to-date: /home/tan/Desktop/car_d/car_ws/install/msg_interface/include/msg_interface/msg/detail/force__rosidl_typesupport_fastrtps_cpp.hpp
[0.432s] -- Up-to-date: /home/tan/Desktop/car_d/car_ws/install/msg_interface/lib/libmsg_interface__rosidl_typesupport_fastrtps_cpp.so
[0.432s] -- Up-to-date: /home/tan/Desktop/car_d/car_ws/install/msg_interface/include/msg_interface
[0.432s] -- Up-to-date: /home/tan/Desktop/car_d/car_ws/install/msg_interface/include/msg_interface/msg
[0.432s] -- Up-to-date: /home/tan/Desktop/car_d/car_ws/install/msg_interface/include/msg_interface/msg/rosidl_typesupport_introspection_c__visibility_control.h
[0.432s] -- Up-to-date: /home/tan/Desktop/car_d/car_ws/install/msg_interface/include/msg_interface/msg/detail
[0.433s] -- Up-to-date: /home/tan/Desktop/car_d/car_ws/install/msg_interface/include/msg_interface/msg/detail/velocity__rosidl_typesupport_introspection_c.h
[0.433s] -- Up-to-date: /home/tan/Desktop/car_d/car_ws/install/msg_interface/include/msg_interface/msg/detail/force__rosidl_typesupport_introspection_c.h
[0.433s] -- Up-to-date: /home/tan/Desktop/car_d/car_ws/install/msg_interface/include/msg_interface/msg/detail/control__rosidl_typesupport_introspection_c.h
[0.433s] -- Up-to-date: /home/tan/Desktop/car_d/car_ws/install/msg_interface/include/msg_interface/msg/detail/velocity__type_support.c
[0.433s] -- Up-to-date: /home/tan/Desktop/car_d/car_ws/install/msg_interface/include/msg_interface/msg/detail/force__type_support.c
[0.433s] -- Up-to-date: /home/tan/Desktop/car_d/car_ws/install/msg_interface/include/msg_interface/msg/detail/control__type_support.c
[0.433s] -- Up-to-date: /home/tan/Desktop/car_d/car_ws/install/msg_interface/lib/libmsg_interface__rosidl_typesupport_introspection_c.so
[0.433s] -- Up-to-date: /home/tan/Desktop/car_d/car_ws/install/msg_interface/lib/libmsg_interface__rosidl_typesupport_c.so
[0.434s] -- Up-to-date: /home/tan/Desktop/car_d/car_ws/install/msg_interface/include/msg_interface
[0.434s] -- Up-to-date: /home/tan/Desktop/car_d/car_ws/install/msg_interface/include/msg_interface/msg
[0.434s] -- Up-to-date: /home/tan/Desktop/car_d/car_ws/install/msg_interface/include/msg_interface/msg/force.hpp
[0.434s] -- Up-to-date: /home/tan/Desktop/car_d/car_ws/install/msg_interface/include/msg_interface/msg/velocity.hpp
[0.434s] -- Up-to-date: /home/tan/Desktop/car_d/car_ws/install/msg_interface/include/msg_interface/msg/detail
[0.434s] -- Up-to-date: /home/tan/Desktop/car_d/car_ws/install/msg_interface/include/msg_interface/msg/detail/velocity__traits.hpp
[0.434s] -- Up-to-date: /home/tan/Desktop/car_d/car_ws/install/msg_interface/include/msg_interface/msg/detail/force__builder.hpp
[0.434s] -- Up-to-date: /home/tan/Desktop/car_d/car_ws/install/msg_interface/include/msg_interface/msg/detail/control__traits.hpp
[0.435s] -- Up-to-date: /home/tan/Desktop/car_d/car_ws/install/msg_interface/include/msg_interface/msg/detail/force__traits.hpp
[0.435s] -- Up-to-date: /home/tan/Desktop/car_d/car_ws/install/msg_interface/include/msg_interface/msg/detail/velocity__builder.hpp
[0.435s] -- Up-to-date: /home/tan/Desktop/car_d/car_ws/install/msg_interface/include/msg_interface/msg/detail/force__struct.hpp
[0.435s] -- Up-to-date: /home/tan/Desktop/car_d/car_ws/install/msg_interface/include/msg_interface/msg/detail/control__builder.hpp
[0.435s] -- Up-to-date: /home/tan/Desktop/car_d/car_ws/install/msg_interface/include/msg_interface/msg/detail/control__struct.hpp
[0.435s] -- Up-to-date: /home/tan/Desktop/car_d/car_ws/install/msg_interface/include/msg_interface/msg/detail/velocity__struct.hpp
[0.435s] -- Up-to-date: /home/tan/Desktop/car_d/car_ws/install/msg_interface/include/msg_interface/msg/control.hpp
[0.435s] -- Up-to-date: /home/tan/Desktop/car_d/car_ws/install/msg_interface/include/msg_interface
[0.435s] -- Up-to-date: /home/tan/Desktop/car_d/car_ws/install/msg_interface/include/msg_interface/msg
[0.436s] -- Up-to-date: /home/tan/Desktop/car_d/car_ws/install/msg_interface/include/msg_interface/msg/detail
[0.436s] -- Up-to-date: /home/tan/Desktop/car_d/car_ws/install/msg_interface/include/msg_interface/msg/detail/velocity__rosidl_typesupport_introspection_cpp.hpp
[0.436s] -- Up-to-date: /home/tan/Desktop/car_d/car_ws/install/msg_interface/include/msg_interface/msg/detail/control__rosidl_typesupport_introspection_cpp.hpp
[0.436s] -- Up-to-date: /home/tan/Desktop/car_d/car_ws/install/msg_interface/include/msg_interface/msg/detail/force__type_support.cpp
[0.436s] -- Up-to-date: /home/tan/Desktop/car_d/car_ws/install/msg_interface/include/msg_interface/msg/detail/control__type_support.cpp
[0.436s] -- Up-to-date: /home/tan/Desktop/car_d/car_ws/install/msg_interface/include/msg_interface/msg/detail/force__rosidl_typesupport_introspection_cpp.hpp
[0.436s] -- Up-to-date: /home/tan/Desktop/car_d/car_ws/install/msg_interface/include/msg_interface/msg/detail/velocity__type_support.cpp
[0.437s] -- Up-to-date: /home/tan/Desktop/car_d/car_ws/install/msg_interface/lib/libmsg_interface__rosidl_typesupport_introspection_cpp.so
[0.437s] -- Up-to-date: /home/tan/Desktop/car_d/car_ws/install/msg_interface/lib/libmsg_interface__rosidl_typesupport_cpp.so
[0.437s] -- Up-to-date: /home/tan/Desktop/car_d/car_ws/install/msg_interface/share/msg_interface/environment/pythonpath.sh
[0.437s] -- Up-to-date: /home/tan/Desktop/car_d/car_ws/install/msg_interface/share/msg_interface/environment/pythonpath.dsv
[0.437s] -- Up-to-date: /home/tan/Desktop/car_d/car_ws/install/msg_interface/lib/python3.8/site-packages/msg_interface/__init__.py
[0.473s] -- Up-to-date: /home/tan/Desktop/car_d/car_ws/install/msg_interface/lib/python3.8/site-packages/msg_interface/msg
[0.474s] -- Up-to-date: /home/tan/Desktop/car_d/car_ws/install/msg_interface/lib/python3.8/site-packages/msg_interface/msg/_force_s.c
[0.474s] -- Up-to-date: /home/tan/Desktop/car_d/car_ws/install/msg_interface/lib/python3.8/site-packages/msg_interface/msg/_velocity.py
[0.474s] -- Up-to-date: /home/tan/Desktop/car_d/car_ws/install/msg_interface/lib/python3.8/site-packages/msg_interface/msg/_control.py
[0.474s] -- Up-to-date: /home/tan/Desktop/car_d/car_ws/install/msg_interface/lib/python3.8/site-packages/msg_interface/msg/_velocity_s.c
[0.475s] -- Up-to-date: /home/tan/Desktop/car_d/car_ws/install/msg_interface/lib/python3.8/site-packages/msg_interface/msg/_control_s.c
[0.475s] -- Up-to-date: /home/tan/Desktop/car_d/car_ws/install/msg_interface/lib/python3.8/site-packages/msg_interface/msg/_force.py
[0.475s] -- Up-to-date: /home/tan/Desktop/car_d/car_ws/install/msg_interface/lib/python3.8/site-packages/msg_interface/msg/__init__.py
[0.475s] -- Up-to-date: /home/tan/Desktop/car_d/car_ws/install/msg_interface/lib/python3.8/site-packages/msg_interface/msg_interface_s__rosidl_typesupport_fastrtps_c.cpython-38-x86_64-linux-gnu.so
[0.476s] -- Up-to-date: /home/tan/Desktop/car_d/car_ws/install/msg_interface/lib/python3.8/site-packages/msg_interface/msg_interface_s__rosidl_typesupport_introspection_c.cpython-38-x86_64-linux-gnu.so
[0.476s] -- Up-to-date: /home/tan/Desktop/car_d/car_ws/install/msg_interface/lib/python3.8/site-packages/msg_interface/msg_interface_s__rosidl_typesupport_c.cpython-38-x86_64-linux-gnu.so
[0.479s] -- Up-to-date: /home/tan/Desktop/car_d/car_ws/install/msg_interface/lib/libmsg_interface__python.so
[0.479s] -- Up-to-date: /home/tan/Desktop/car_d/car_ws/install/msg_interface/share/msg_interface/msg/Force.idl
[0.479s] -- Up-to-date: /home/tan/Desktop/car_d/car_ws/install/msg_interface/share/msg_interface/msg/Velocity.idl
[0.479s] -- Up-to-date: /home/tan/Desktop/car_d/car_ws/install/msg_interface/share/msg_interface/msg/Control.idl
[0.480s] -- Up-to-date: /home/tan/Desktop/car_d/car_ws/install/msg_interface/share/msg_interface/msg/Force.msg
[0.480s] -- Up-to-date: /home/tan/Desktop/car_d/car_ws/install/msg_interface/share/msg_interface/msg/Velocity.msg
[0.480s] -- Up-to-date: /home/tan/Desktop/car_d/car_ws/install/msg_interface/share/msg_interface/msg/Control.msg
[0.480s] -- Up-to-date: /home/tan/Desktop/car_d/car_ws/install/msg_interface/share/ament_index/resource_index/package_run_dependencies/msg_interface
[0.480s] -- Up-to-date: /home/tan/Desktop/car_d/car_ws/install/msg_interface/share/ament_index/resource_index/parent_prefix_path/msg_interface
[0.480s] -- Up-to-date: /home/tan/Desktop/car_d/car_ws/install/msg_interface/share/msg_interface/environment/ament_prefix_path.sh
[0.481s] -- Up-to-date: /home/tan/Desktop/car_d/car_ws/install/msg_interface/share/msg_interface/environment/ament_prefix_path.dsv
[0.483s] -- Up-to-date: /home/tan/Desktop/car_d/car_ws/install/msg_interface/share/msg_interface/environment/path.sh
[0.484s] -- Up-to-date: /home/tan/Desktop/car_d/car_ws/install/msg_interface/share/msg_interface/environment/path.dsv
[0.484s] -- Up-to-date: /home/tan/Desktop/car_d/car_ws/install/msg_interface/share/msg_interface/local_setup.bash
[0.484s] -- Up-to-date: /home/tan/Desktop/car_d/car_ws/install/msg_interface/share/msg_interface/local_setup.sh
[0.485s] -- Up-to-date: /home/tan/Desktop/car_d/car_ws/install/msg_interface/share/msg_interface/local_setup.zsh
[0.485s] -- Up-to-date: /home/tan/Desktop/car_d/car_ws/install/msg_interface/share/msg_interface/local_setup.dsv
[0.485s] -- Installing: /home/tan/Desktop/car_d/car_ws/install/msg_interface/share/msg_interface/package.dsv
[0.485s] -- Up-to-date: /home/tan/Desktop/car_d/car_ws/install/msg_interface/share/ament_index/resource_index/packages/msg_interface
[0.486s] -- Up-to-date: /home/tan/Desktop/car_d/car_ws/install/msg_interface/share/msg_interface/cmake/msg_interface__rosidl_generator_cExport.cmake
[0.486s] -- Up-to-date: /home/tan/Desktop/car_d/car_ws/install/msg_interface/share/msg_interface/cmake/msg_interface__rosidl_generator_cExport-noconfig.cmake
[0.486s] -- Up-to-date: /home/tan/Desktop/car_d/car_ws/install/msg_interface/share/msg_interface/cmake/msg_interface__rosidl_typesupport_introspection_cExport.cmake
[0.486s] -- Up-to-date: /home/tan/Desktop/car_d/car_ws/install/msg_interface/share/msg_interface/cmake/msg_interface__rosidl_typesupport_introspection_cExport-noconfig.cmake
[0.487s] -- Up-to-date: /home/tan/Desktop/car_d/car_ws/install/msg_interface/share/msg_interface/cmake/msg_interface__rosidl_typesupport_cExport.cmake
[0.487s] -- Up-to-date: /home/tan/Desktop/car_d/car_ws/install/msg_interface/share/msg_interface/cmake/msg_interface__rosidl_typesupport_cExport-noconfig.cmake
[0.488s] -- Up-to-date: /home/tan/Desktop/car_d/car_ws/install/msg_interface/share/msg_interface/cmake/msg_interface__rosidl_generator_cppExport.cmake
[0.488s] -- Up-to-date: /home/tan/Desktop/car_d/car_ws/install/msg_interface/share/msg_interface/cmake/msg_interface__rosidl_typesupport_introspection_cppExport.cmake
[0.488s] -- Up-to-date: /home/tan/Desktop/car_d/car_ws/install/msg_interface/share/msg_interface/cmake/msg_interface__rosidl_typesupport_introspection_cppExport-noconfig.cmake
[0.488s] -- Up-to-date: /home/tan/Desktop/car_d/car_ws/install/msg_interface/share/msg_interface/cmake/msg_interface__rosidl_typesupport_cppExport.cmake
[0.489s] -- Up-to-date: /home/tan/Desktop/car_d/car_ws/install/msg_interface/share/msg_interface/cmake/msg_interface__rosidl_typesupport_cppExport-noconfig.cmake
[0.489s] -- Up-to-date: /home/tan/Desktop/car_d/car_ws/install/msg_interface/share/msg_interface/cmake/rosidl_cmake-extras.cmake
[0.489s] -- Up-to-date: /home/tan/Desktop/car_d/car_ws/install/msg_interface/share/msg_interface/cmake/ament_cmake_export_dependencies-extras.cmake
[0.490s] -- Up-to-date: /home/tan/Desktop/car_d/car_ws/install/msg_interface/share/msg_interface/cmake/ament_cmake_export_libraries-extras.cmake
[0.490s] -- Up-to-date: /home/tan/Desktop/car_d/car_ws/install/msg_interface/share/msg_interface/cmake/ament_cmake_export_targets-extras.cmake
[0.491s] -- Up-to-date: /home/tan/Desktop/car_d/car_ws/install/msg_interface/share/msg_interface/cmake/ament_cmake_export_include_directories-extras.cmake
[0.491s] -- Up-to-date: /home/tan/Desktop/car_d/car_ws/install/msg_interface/share/msg_interface/cmake/rosidl_cmake_export_typesupport_libraries-extras.cmake
[0.491s] -- Up-to-date: /home/tan/Desktop/car_d/car_ws/install/msg_interface/share/msg_interface/cmake/rosidl_cmake_export_typesupport_targets-extras.cmake
[0.492s] -- Up-to-date: /home/tan/Desktop/car_d/car_ws/install/msg_interface/share/msg_interface/cmake/msg_interfaceConfig.cmake
[0.492s] -- Up-to-date: /home/tan/Desktop/car_d/car_ws/install/msg_interface/share/msg_interface/cmake/msg_interfaceConfig-version.cmake
[0.494s] -- Up-to-date: /home/tan/Desktop/car_d/car_ws/install/msg_interface/share/msg_interface/package.xml
[0.501s] Invoked command in '/home/tan/Desktop/car_d/car_ws/build/msg_interface' returned '0': CMAKE_PREFIX_PATH=${CMAKE_PREFIX_PATH}:/opt/ros/foxy /usr/bin/cmake --install /home/tan/Desktop/car_d/car_ws/build/msg_interface
