[0.040s] Invoking command in '/home/tan/Desktop/car_d/car_ws/build/car_vision': AMENT_PREFIX_PATH=/home/tan/Desktop/car_d/car_ws/install/carrl_interface:${AMENT_PREFIX_PATH} CMAKE_PREFIX_PATH=/home/tan/Desktop/car_d/car_ws/install/carrl_interface:/home/tan/ros2_ws/install/realsense2_description:/home/tan/ros2_ws/install/realsense2_camera:/home/tan/ros2_ws/install/realsense2_camera_msgs:/opt/ros/foxy LD_LIBRARY_PATH=/home/tan/Desktop/car_d/car_ws/install/carrl_interface/lib:/home/tan/ros2_ws/install/realsense2_camera/lib:/home/tan/ros2_ws/install/realsense2_camera_msgs/lib:/opt/ros/foxy/opt/yaml_cpp_vendor/lib:/opt/ros/foxy/opt/rviz_ogre_vendor/lib:/opt/ros/foxy/lib/x86_64-linux-gnu:/opt/ros/foxy/lib:/usr/lib/x86_64-linux-gnu/gazebo-11/plugins PYTHONPATH=/home/tan/Desktop/car_d/car_ws/install/carrl_interface/lib/python3.8/site-packages:${PYTHONPATH} /usr/bin/cmake /home/tan/Desktop/car_d/car_ws/src/car_vision -DCMAKE_INSTALL_PREFIX=/home/tan/Desktop/car_d/car_ws/install/car_vision
[0.050s] -- Found ament_cmake: 0.9.9 (/opt/ros/foxy/share/ament_cmake/cmake)
[0.067s] -- Using PYTHON_EXECUTABLE: /home/tan/venv/tf2keras/bin/python3
[0.191s] -- Found rclcpp: 2.4.1 (/opt/ros/foxy/share/rclcpp/cmake)
[0.222s] -- Using all available rosidl_typesupport_c: rosidl_typesupport_fastrtps_c;rosidl_typesupport_introspection_c
[0.225s] -- Found rosidl_adapter: 1.2.1 (/opt/ros/foxy/share/rosidl_adapter/cmake)
[0.332s] -- Using all available rosidl_typesupport_cpp: rosidl_typesupport_fastrtps_cpp;rosidl_typesupport_introspection_cpp
[0.370s] -- Found rmw_implementation_cmake: 1.0.3 (/opt/ros/foxy/share/rmw_implementation_cmake/cmake)
[0.371s] -- Using RMW implementation 'rmw_fastrtps_cpp' as default
[0.505s] -- Found rclpy: 1.0.8 (/opt/ros/foxy/share/rclpy/cmake)
[0.506s] -- Found carrl_interface: 0.0.0 (/home/tan/Desktop/car_d/car_ws/install/carrl_interface/share/carrl_interface/cmake)
[0.514s] -- Found geometry_msgs: 2.0.5 (/opt/ros/foxy/share/geometry_msgs/cmake)
[0.559s] -- Found sensor_msgs: 2.0.5 (/opt/ros/foxy/share/sensor_msgs/cmake)
[0.653s] -- Found nav_msgs: 2.0.5 (/opt/ros/foxy/share/nav_msgs/cmake)
[0.712s] -- Found mavros_msgs: 2.1.1 (/opt/ros/foxy/share/mavros_msgs/cmake)
[1.025s] -- Found ament_lint_auto: 0.9.6 (/opt/ros/foxy/share/ament_lint_auto/cmake)
[1.041s] Traceback (most recent call last):
[1.042s]   File "/opt/ros/foxy/share/ament_cmake_core/cmake/core/package_xml_2_cmake.py", line 21, in <module>
[1.042s]     from catkin_pkg.package import parse_package_string
[1.042s] ModuleNotFoundError: No module named 'catkin_pkg'
[1.044s] CMake Error at /opt/ros/foxy/share/ament_cmake_core/cmake/core/ament_package_xml.cmake:94 (message):
[1.044s]   execute_process(/home/tan/venv/tf2keras/bin/python3
[1.044s]   /opt/ros/foxy/share/ament_cmake_core/cmake/core/package_xml_2_cmake.py
[1.044s]   /home/tan/Desktop/car_d/car_ws/src/car_vision/package.xml
[1.044s]   /home/tan/Desktop/car_d/car_ws/build/car_vision/ament_cmake_core/package.cmake)
[1.044s]   returned error code 1
[1.044s] Call Stack (most recent call first):
[1.044s]   /opt/ros/foxy/share/ament_cmake_core/cmake/core/ament_package_xml.cmake:49 (_ament_package_xml)
[1.044s]   /opt/ros/foxy/share/ament_lint_auto/cmake/ament_lint_auto_find_test_dependencies.cmake:31 (ament_package_xml)
[1.044s]   CMakeLists.txt:39 (ament_lint_auto_find_test_dependencies)
[1.044s] 
[1.044s] 
[1.045s] -- Configuring incomplete, errors occurred!
[1.045s] See also "/home/tan/Desktop/car_d/car_ws/build/car_vision/CMakeFiles/CMakeOutput.log".
[1.045s] See also "/home/tan/Desktop/car_d/car_ws/build/car_vision/CMakeFiles/CMakeError.log".
[1.051s] Invoked command in '/home/tan/Desktop/car_d/car_ws/build/car_vision' returned '1': AMENT_PREFIX_PATH=/home/tan/Desktop/car_d/car_ws/install/carrl_interface:${AMENT_PREFIX_PATH} CMAKE_PREFIX_PATH=/home/tan/Desktop/car_d/car_ws/install/carrl_interface:/home/tan/ros2_ws/install/realsense2_description:/home/tan/ros2_ws/install/realsense2_camera:/home/tan/ros2_ws/install/realsense2_camera_msgs:/opt/ros/foxy LD_LIBRARY_PATH=/home/tan/Desktop/car_d/car_ws/install/carrl_interface/lib:/home/tan/ros2_ws/install/realsense2_camera/lib:/home/tan/ros2_ws/install/realsense2_camera_msgs/lib:/opt/ros/foxy/opt/yaml_cpp_vendor/lib:/opt/ros/foxy/opt/rviz_ogre_vendor/lib:/opt/ros/foxy/lib/x86_64-linux-gnu:/opt/ros/foxy/lib:/usr/lib/x86_64-linux-gnu/gazebo-11/plugins PYTHONPATH=/home/tan/Desktop/car_d/car_ws/install/carrl_interface/lib/python3.8/site-packages:${PYTHONPATH} /usr/bin/cmake /home/tan/Desktop/car_d/car_ws/src/car_vision -DCMAKE_INSTALL_PREFIX=/home/tan/Desktop/car_d/car_ws/install/car_vision
