[35m[1mScanning dependencies of target joint[0m
[ 50%] [32mBuilding CXX object CMakeFiles/joint.dir/src/joint_controller.cpp.o[0m
In file included from [01m[K/root/sam_bot_description/src/joint_control/src/joint_controller.cpp:9[m[K:
[01m[K/root/sam_bot_description/src/joint_control/src/odometry.h:79:21:[m[K [01;31m[Kerror: [m[K‘[01m[Kros[m[K’ does not name a type; did you mean ‘[01m[Kcos[m[K’?
   79 |     void init(const [01;31m[Kros[m[K::Time &time);
      |                     [01;31m[K^~~[m[K
      |                     [32m[Kcos[m[K
[01m[K/root/sam_bot_description/src/joint_control/src/odometry.h:79:31:[m[K [01;31m[Kerror: [m[Kexpected unqualified-id before ‘[01m[K&[m[K’ token
   79 |     void init(const ros::Time [01;31m[K&[m[Ktime);
      |                               [01;31m[K^[m[K
[01m[K/root/sam_bot_description/src/joint_control/src/odometry.h:79:30:[m[K [01;31m[Kerror: [m[Kexpected ‘[01m[K)[m[K’ before ‘[01m[K&[m[K’ token
   79 |     void init[34m[K([m[Kconst ros::Time[01;31m[K [m[K[32m[K&[m[Ktime);
      |              [34m[K~[m[K               [01;31m[K^[m[K[32m[K~[m[K
      |                              [32m[K)[m[K
[01m[K/root/sam_bot_description/src/joint_control/src/odometry.h:79:31:[m[K [01;31m[Kerror: [m[Kexpected ‘[01m[K;[m[K’ at end of member declaration
   79 |     void init(const ros::Time [01;31m[K&[m[Ktime);
      |                               [01;31m[K^[m[K
      |                                [32m[K;[m[K
[01m[K/root/sam_bot_description/src/joint_control/src/odometry.h:79:32:[m[K [01;31m[Kerror: [m[K‘[01m[Ktime[m[K’ does not name a type
   79 |     void init(const ros::Time &[01;31m[Ktime[m[K);
      |                                [01;31m[K^~~~[m[K
[01m[K/root/sam_bot_description/src/joint_control/src/odometry.h:88:70:[m[K [01;31m[Kerror: [m[K‘[01m[Kros[m[K’ does not name a type; did you mean ‘[01m[Kcos[m[K’?
   88 |     bool update(double rear_wheel_pos, double front_steer_pos, const [01;31m[Kros[m[K::Time &time);
      |                                                                      [01;31m[K^~~[m[K
      |                                                                      [32m[Kcos[m[K
[01m[K/root/sam_bot_description/src/joint_control/src/odometry.h:88:80:[m[K [01;31m[Kerror: [m[Kexpected unqualified-id before ‘[01m[K&[m[K’ token
   88 |     bool update(double rear_wheel_pos, double front_steer_pos, const ros::Time [01;31m[K&[m[Ktime);
      |                                                                                [01;31m[K^[m[K
[01m[K/root/sam_bot_description/src/joint_control/src/odometry.h:88:79:[m[K [01;31m[Kerror: [m[Kexpected ‘[01m[K)[m[K’ before ‘[01m[K&[m[K’ token
   88 |     bool update[34m[K([m[Kdouble rear_wheel_pos, double front_steer_pos, const ros::Time[01;31m[K [m[K[32m[K&[m[Ktime);
      |                [34m[K~[m[K                                                              [01;31m[K^[m[K[32m[K~[m[K
      |                                                                               [32m[K)[m[K
[01m[K/root/sam_bot_description/src/joint_control/src/odometry.h:88:80:[m[K [01;31m[Kerror: [m[Kexpected ‘[01m[K;[m[K’ at end of member declaration
   88 |     bool update(double rear_wheel_pos, double front_steer_pos, const ros::Time [01;31m[K&[m[Ktime);
      |                                                                                [01;31m[K^[m[K
      |                                                                                 [32m[K;[m[K
[01m[K/root/sam_bot_description/src/joint_control/src/odometry.h:88:81:[m[K [01;31m[Kerror: [m[K‘[01m[Ktime[m[K’ does not name a type
   88 |     bool update(double rear_wheel_pos, double front_steer_pos, const ros::Time &[01;31m[Ktime[m[K);
      |                                                                                 [01;31m[K^~~~[m[K
[01m[K/root/sam_bot_description/src/joint_control/src/odometry.h:96:62:[m[K [01;31m[Kerror: [m[K‘[01m[Kros[m[K’ does not name a type; did you mean ‘[01m[Kcos[m[K’?
   96 |     void updateOpenLoop(double linear, double angular, const [01;31m[Kros[m[K::Time &time);
      |                                                              [01;31m[K^~~[m[K
      |                                                              [32m[Kcos[m[K
[01m[K/root/sam_bot_description/src/joint_control/src/odometry.h:96:72:[m[K [01;31m[Kerror: [m[Kexpected unqualified-id before ‘[01m[K&[m[K’ token
   96 |     void updateOpenLoop(double linear, double angular, const ros::Time [01;31m[K&[m[Ktime);
      |                                                                        [01;31m[K^[m[K
[01m[K/root/sam_bot_description/src/joint_control/src/odometry.h:96:71:[m[K [01;31m[Kerror: [m[Kexpected ‘[01m[K)[m[K’ before ‘[01m[K&[m[K’ token
   96 |     void updateOpenLoop[34m[K([m[Kdouble linear, double angular, const ros::Time[01;31m[K [m[K[32m[K&[m[Ktime);
      |                        [34m[K~[m[K                                              [01;31m[K^[m[K[32m[K~[m[K
      |                                                                       [32m[K)[m[K
[01m[K/root/sam_bot_description/src/joint_control/src/odometry.h:96:72:[m[K [01;31m[Kerror: [m[Kexpected ‘[01m[K;[m[K’ at end of member declaration
   96 |     void updateOpenLoop(double linear, double angular, const ros::Time [01;31m[K&[m[Ktime);
      |                                                                        [01;31m[K^[m[K
      |                                                                         [32m[K;[m[K
[01m[K/root/sam_bot_description/src/joint_control/src/odometry.h:96:73:[m[K [01;31m[Kerror: [m[K‘[01m[Ktime[m[K’ does not name a type
   96 |     void updateOpenLoop(double linear, double angular, const ros::Time &[01;31m[Ktime[m[K);
      |                                                                         [01;31m[K^~~~[m[K
[01m[K/root/sam_bot_description/src/joint_control/src/odometry.h:182:5:[m[K [01;31m[Kerror: [m[K‘[01m[Kros[m[K’ does not name a type; did you mean ‘[01m[Kcos[m[K’?
  182 |     [01;31m[Kros[m[K::Time timestamp_;
      |     [01;31m[K^~~[m[K
      |     [32m[Kcos[m[K
[01m[K/root/sam_bot_description/src/joint_control/src/joint_controller.cpp:154:11:[m[K [01;31m[Kerror: [m[K‘[01m[KSubscriber[m[K’ in namespace ‘[01m[Krclcpp[m[K’ does not name a type
  154 |   rclcpp::[01;31m[KSubscriber[m[K sub_;
      |           [01;31m[K^~~~~~~~~~[m[K
[01m[K/root/sam_bot_description/src/joint_control/src/joint_controller.cpp:155:3:[m[K [01;31m[Kerror: [m[K‘[01m[KOdometry[m[K’ does not name a type
  155 |   [01;31m[KOdometry[m[K odometry_;
      |   [01;31m[K^~~~~~~~[m[K
[01m[K/root/sam_bot_description/src/joint_control/src/joint_controller.cpp:[m[K In constructor ‘[01m[KTwistToAackermann::TwistToAackermann()[m[K’:
[01m[K/root/sam_bot_description/src/joint_control/src/joint_controller.cpp:26:40:[m[K [01;31m[Kerror: [m[Kno matching function for call to ‘[01m[Krclcpp::Publisher<sensor_msgs::msg::JointState_<std::allocator<void> > >::Publisher()[m[K’
   26 |   TwistToAackermann() : Node("ackiyooo"[01;31m[K)[m[K
      |                                        [01;31m[K^[m[K
In file included from [01m[K/opt/ros/foxy/include/rclcpp/topic_statistics/subscription_topic_statistics.hpp:31[m[K,
                 from [01m[K/opt/ros/foxy/include/rclcpp/subscription.hpp:50[m[K,
                 from [01m[K/opt/ros/foxy/include/rclcpp/any_executable.hpp:25[m[K,
                 from [01m[K/opt/ros/foxy/include/rclcpp/memory_strategy.hpp:24[m[K,
                 from [01m[K/opt/ros/foxy/include/rclcpp/memory_strategies.hpp:18[m[K,
                 from [01m[K/opt/ros/foxy/include/rclcpp/executor_options.hpp:20[m[K,
                 from [01m[K/opt/ros/foxy/include/rclcpp/executor.hpp:33[m[K,
                 from [01m[K/opt/ros/foxy/include/rclcpp/executors/multi_threaded_executor.hpp:26[m[K,
                 from [01m[K/opt/ros/foxy/include/rclcpp/executors.hpp:21[m[K,
                 from [01m[K/opt/ros/foxy/include/rclcpp/rclcpp.hpp:146[m[K,
                 from [01m[K/root/sam_bot_description/src/joint_control/src/joint_controller.cpp:10[m[K:
[01m[K/opt/ros/foxy/include/rclcpp/publisher.hpp:73:3:[m[K [01;36m[Knote: [m[Kcandidate: ‘[01m[Krclcpp::Publisher<MessageT, AllocatorT>::Publisher(rclcpp::node_interfaces::NodeBaseInterface*, const string&, const rclcpp::QoS&, const rclcpp::PublisherOptionsWithAllocator<AllocatorT>&) [with MessageT = sensor_msgs::msg::JointState_<std::allocator<void> >; AllocatorT = std::allocator<void>; std::string = std::__cxx11::basic_string<char>][m[K’
   73 |   [01;36m[KPublisher[m[K(
      |   [01;36m[K^~~~~~~~~[m[K
[01m[K/opt/ros/foxy/include/rclcpp/publisher.hpp:73:3:[m[K [01;36m[Knote: [m[K  candidate expects 4 arguments, 0 provided
[01m[K/opt/ros/foxy/include/rclcpp/publisher.hpp:51:7:[m[K [01;36m[Knote: [m[Kcandidate: ‘[01m[Krclcpp::Publisher<sensor_msgs::msg::JointState_<std::allocator<void> > >::Publisher(const rclcpp::Publisher<sensor_msgs::msg::JointState_<std::allocator<void> > >&)[m[K’
   51 | class [01;36m[KPublisher[m[K : public PublisherBase
      |       [01;36m[K^~~~~~~~~[m[K
[01m[K/opt/ros/foxy/include/rclcpp/publisher.hpp:51:7:[m[K [01;36m[Knote: [m[K  candidate expects 1 argument, 0 provided
[01m[K/root/sam_bot_description/src/joint_control/src/joint_controller.cpp:26:40:[m[K [01;31m[Kerror: [m[Kno matching function for call to ‘[01m[Krclcpp::Publisher<nav_msgs::msg::Odometry_<std::allocator<void> > >::Publisher()[m[K’
   26 |   TwistToAackermann() : Node("ackiyooo"[01;31m[K)[m[K
      |                                        [01;31m[K^[m[K
In file included from [01m[K/opt/ros/foxy/include/rclcpp/topic_statistics/subscription_topic_statistics.hpp:31[m[K,
                 from [01m[K/opt/ros/foxy/include/rclcpp/subscription.hpp:50[m[K,
                 from [01m[K/opt/ros/foxy/include/rclcpp/any_executable.hpp:25[m[K,
                 from [01m[K/opt/ros/foxy/include/rclcpp/memory_strategy.hpp:24[m[K,
                 from [01m[K/opt/ros/foxy/include/rclcpp/memory_strategies.hpp:18[m[K,
                 from [01m[K/opt/ros/foxy/include/rclcpp/executor_options.hpp:20[m[K,
                 from [01m[K/opt/ros/foxy/include/rclcpp/executor.hpp:33[m[K,
                 from [01m[K/opt/ros/foxy/include/rclcpp/executors/multi_threaded_executor.hpp:26[m[K,
                 from [01m[K/opt/ros/foxy/include/rclcpp/executors.hpp:21[m[K,
                 from [01m[K/opt/ros/foxy/include/rclcpp/rclcpp.hpp:146[m[K,
                 from [01m[K/root/sam_bot_description/src/joint_control/src/joint_controller.cpp:10[m[K:
[01m[K/opt/ros/foxy/include/rclcpp/publisher.hpp:73:3:[m[K [01;36m[Knote: [m[Kcandidate: ‘[01m[Krclcpp::Publisher<MessageT, AllocatorT>::Publisher(rclcpp::node_interfaces::NodeBaseInterface*, const string&, const rclcpp::QoS&, const rclcpp::PublisherOptionsWithAllocator<AllocatorT>&) [with MessageT = nav_msgs::msg::Odometry_<std::allocator<void> >; AllocatorT = std::allocator<void>; std::string = std::__cxx11::basic_string<char>][m[K’
   73 |   [01;36m[KPublisher[m[K(
      |   [01;36m[K^~~~~~~~~[m[K
[01m[K/opt/ros/foxy/include/rclcpp/publisher.hpp:73:3:[m[K [01;36m[Knote: [m[K  candidate expects 4 arguments, 0 provided
[01m[K/opt/ros/foxy/include/rclcpp/publisher.hpp:51:7:[m[K [01;36m[Knote: [m[Kcandidate: ‘[01m[Krclcpp::Publisher<nav_msgs::msg::Odometry_<std::allocator<void> > >::Publisher(const rclcpp::Publisher<nav_msgs::msg::Odometry_<std::allocator<void> > >&)[m[K’
   51 | class [01;36m[KPublisher[m[K : public PublisherBase
      |       [01;36m[K^~~~~~~~~[m[K
[01m[K/opt/ros/foxy/include/rclcpp/publisher.hpp:51:7:[m[K [01;36m[Knote: [m[K  candidate expects 1 argument, 0 provided
[01m[K/root/sam_bot_description/src/joint_control/src/joint_controller.cpp:26:40:[m[K [01;31m[Kerror: [m[Kno matching function for call to ‘[01m[Krclcpp::Publisher<tf2_msgs::msg::TFMessage_<std::allocator<void> > >::Publisher()[m[K’
   26 |   TwistToAackermann() : Node("ackiyooo"[01;31m[K)[m[K
      |                                        [01;31m[K^[m[K
In file included from [01m[K/opt/ros/foxy/include/rclcpp/topic_statistics/subscription_topic_statistics.hpp:31[m[K,
                 from [01m[K/opt/ros/foxy/include/rclcpp/subscription.hpp:50[m[K,
                 from [01m[K/opt/ros/foxy/include/rclcpp/any_executable.hpp:25[m[K,
                 from [01m[K/opt/ros/foxy/include/rclcpp/memory_strategy.hpp:24[m[K,
                 from [01m[K/opt/ros/foxy/include/rclcpp/memory_strategies.hpp:18[m[K,
                 from [01m[K/opt/ros/foxy/include/rclcpp/executor_options.hpp:20[m[K,
                 from [01m[K/opt/ros/foxy/include/rclcpp/executor.hpp:33[m[K,
                 from [01m[K/opt/ros/foxy/include/rclcpp/executors/multi_threaded_executor.hpp:26[m[K,
                 from [01m[K/opt/ros/foxy/include/rclcpp/executors.hpp:21[m[K,
                 from [01m[K/opt/ros/foxy/include/rclcpp/rclcpp.hpp:146[m[K,
                 from [01m[K/root/sam_bot_description/src/joint_control/src/joint_controller.cpp:10[m[K:
[01m[K/opt/ros/foxy/include/rclcpp/publisher.hpp:73:3:[m[K [01;36m[Knote: [m[Kcandidate: ‘[01m[Krclcpp::Publisher<MessageT, AllocatorT>::Publisher(rclcpp::node_interfaces::NodeBaseInterface*, const string&, const rclcpp::QoS&, const rclcpp::PublisherOptionsWithAllocator<AllocatorT>&) [with MessageT = tf2_msgs::msg::TFMessage_<std::allocator<void> >; AllocatorT = std::allocator<void>; std::string = std::__cxx11::basic_string<char>][m[K’
   73 |   [01;36m[KPublisher[m[K(
      |   [01;36m[K^~~~~~~~~[m[K
[01m[K/opt/ros/foxy/include/rclcpp/publisher.hpp:73:3:[m[K [01;36m[Knote: [m[K  candidate expects 4 arguments, 0 provided
[01m[K/opt/ros/foxy/include/rclcpp/publisher.hpp:51:7:[m[K [01;36m[Knote: [m[Kcandidate: ‘[01m[Krclcpp::Publisher<tf2_msgs::msg::TFMessage_<std::allocator<void> > >::Publisher(const rclcpp::Publisher<tf2_msgs::msg::TFMessage_<std::allocator<void> > >&)[m[K’
   51 | class [01;36m[KPublisher[m[K : public PublisherBase
      |       [01;36m[K^~~~~~~~~[m[K
[01m[K/opt/ros/foxy/include/rclcpp/publisher.hpp:51:7:[m[K [01;36m[Knote: [m[K  candidate expects 1 argument, 0 provided
[01m[K/root/sam_bot_description/src/joint_control/src/joint_controller.cpp:29:76:[m[K [01;31m[Kerror: [m[Kno match for ‘[01m[Koperator=[m[K’ (operand types are ‘[01m[Krclcpp::Publisher<sensor_msgs::msg::JointState_<std::allocator<void> > >[m[K’ and ‘[01m[Kstd::shared_ptr<rclcpp::Publisher<sensor_msgs::msg::JointState_<std::allocator<void> > > >[m[K’)
   29 |     pub_ = create_publisher<sensor_msgs::msg::JointState>("/joint_state", 1[01;31m[K)[m[K;
      |                                                                            [01;31m[K^[m[K
In file included from [01m[K/opt/ros/foxy/include/rclcpp/topic_statistics/subscription_topic_statistics.hpp:31[m[K,
                 from [01m[K/opt/ros/foxy/include/rclcpp/subscription.hpp:50[m[K,
                 from [01m[K/opt/ros/foxy/include/rclcpp/any_executable.hpp:25[m[K,
                 from [01m[K/opt/ros/foxy/include/rclcpp/memory_strategy.hpp:24[m[K,
                 from [01m[K/opt/ros/foxy/include/rclcpp/memory_strategies.hpp:18[m[K,
                 from [01m[K/opt/ros/foxy/include/rclcpp/executor_options.hpp:20[m[K,
                 from [01m[K/opt/ros/foxy/include/rclcpp/executor.hpp:33[m[K,
                 from [01m[K/opt/ros/foxy/include/rclcpp/executors/multi_threaded_executor.hpp:26[m[K,
                 from [01m[K/opt/ros/foxy/include/rclcpp/executors.hpp:21[m[K,
                 from [01m[K/opt/ros/foxy/include/rclcpp/rclcpp.hpp:146[m[K,
                 from [01m[K/root/sam_bot_description/src/joint_control/src/joint_controller.cpp:10[m[K:
[01m[K/opt/ros/foxy/include/rclcpp/publisher.hpp:51:7:[m[K [01;36m[Knote: [m[Kcandidate: ‘[01m[Krclcpp::Publisher<sensor_msgs::msg::JointState_<std::allocator<void> > >& rclcpp::Publisher<sensor_msgs::msg::JointState_<std::allocator<void> > >::operator=(const rclcpp::Publisher<sensor_msgs::msg::JointState_<std::allocator<void> > >&)[m[K’ <deleted>
   51 | class [01;36m[KPublisher[m[K : public PublisherBase
      |       [01;36m[K^~~~~~~~~[m[K
[01m[K/opt/ros/foxy/include/rclcpp/publisher.hpp:51:7:[m[K [01;36m[Knote: [m[K  no known conversion for argument 1 from ‘[01m[Kstd::shared_ptr<rclcpp::Publisher<sensor_msgs::msg::JointState_<std::allocator<void> > > >[m[K’ to ‘[01m[Kconst rclcpp::Publisher<sensor_msgs::msg::JointState_<std::allocator<void> > >&[m[K’
[01m[K/root/sam_bot_description/src/joint_control/src/joint_controller.cpp:30:69:[m[K [01;31m[Kerror: [m[Kno match for ‘[01m[Koperator=[m[K’ (operand types are ‘[01m[Krclcpp::Publisher<nav_msgs::msg::Odometry_<std::allocator<void> > >[m[K’ and ‘[01m[Kstd::shared_ptr<rclcpp::Publisher<nav_msgs::msg::Odometry_<std::allocator<void> > > >[m[K’)
   30 |     pub_odom_  = create_publisher<nav_msgs::msg::Odometry>("/odom",1[01;31m[K)[m[K;
      |                                                                     [01;31m[K^[m[K
In file included from [01m[K/opt/ros/foxy/include/rclcpp/topic_statistics/subscription_topic_statistics.hpp:31[m[K,
                 from [01m[K/opt/ros/foxy/include/rclcpp/subscription.hpp:50[m[K,
                 from [01m[K/opt/ros/foxy/include/rclcpp/any_executable.hpp:25[m[K,
                 from [01m[K/opt/ros/foxy/include/rclcpp/memory_strategy.hpp:24[m[K,
                 from [01m[K/opt/ros/foxy/include/rclcpp/memory_strategies.hpp:18[m[K,
                 from [01m[K/opt/ros/foxy/include/rclcpp/executor_options.hpp:20[m[K,
                 from [01m[K/opt/ros/foxy/include/rclcpp/executor.hpp:33[m[K,
                 from [01m[K/opt/ros/foxy/include/rclcpp/executors/multi_threaded_executor.hpp:26[m[K,
                 from [01m[K/opt/ros/foxy/include/rclcpp/executors.hpp:21[m[K,
                 from [01m[K/opt/ros/foxy/include/rclcpp/rclcpp.hpp:146[m[K,
                 from [01m[K/root/sam_bot_description/src/joint_control/src/joint_controller.cpp:10[m[K:
[01m[K/opt/ros/foxy/include/rclcpp/publisher.hpp:51:7:[m[K [01;36m[Knote: [m[Kcandidate: ‘[01m[Krclcpp::Publisher<nav_msgs::msg::Odometry_<std::allocator<void> > >& rclcpp::Publisher<nav_msgs::msg::Odometry_<std::allocator<void> > >::operator=(const rclcpp::Publisher<nav_msgs::msg::Odometry_<std::allocator<void> > >&)[m[K’ <deleted>
   51 | class [01;36m[KPublisher[m[K : public PublisherBase
      |       [01;36m[K^~~~~~~~~[m[K
[01m[K/opt/ros/foxy/include/rclcpp/publisher.hpp:51:7:[m[K [01;36m[Knote: [m[K  no known conversion for argument 1 from ‘[01m[Kstd::shared_ptr<rclcpp::Publisher<nav_msgs::msg::Odometry_<std::allocator<void> > > >[m[K’ to ‘[01m[Kconst rclcpp::Publisher<nav_msgs::msg::Odometry_<std::allocator<void> > >&[m[K’
[01m[K/root/sam_bot_description/src/joint_control/src/joint_controller.cpp:31:5:[m[K [01;31m[Kerror: [m[K‘[01m[Kpub_odom_tf_[m[K’ was not declared in this scope; did you mean ‘[01m[Kpub_odom_tf[m[K’?
   31 |     [01;31m[Kpub_odom_tf_[m[K = create_publisher<tf2_msgs::msg::TFMessage>("/odom_tf",1);
      |     [01;31m[K^~~~~~~~~~~~[m[K
      |     [32m[Kpub_odom_tf[m[K
[01m[K/root/sam_bot_description/src/joint_control/src/joint_controller.cpp:32:5:[m[K [01;31m[Kerror: [m[K‘[01m[Kjoint[m[K’ was not declared in this scope
   32 |     [01;31m[Kjoint[m[K.header.frame_id = std::string("");
      |     [01;31m[K^~~~~[m[K
[01m[K/root/sam_bot_description/src/joint_control/src/joint_controller.cpp:45:6:[m[K [01;31m[Kerror: [m[K‘[01m[Kodometry_[m[K’ was not declared in this scope
   45 |      [01;31m[Kodometry_[m[K.setVelocityRollingWindowSize(10);
      |      [01;31m[K^~~~~~~~~[m[K
[01m[K/root/sam_bot_description/src/joint_control/src/joint_controller.cpp:72:44:[m[K [01;31m[Kerror: [m[K‘[01m[Kbase_frame_id_[m[K’ was not declared in this scope
   72 |     tf_msg_.transforms[0].child_frame_id = [01;31m[Kbase_frame_id_[m[K;
      |                                            [01;31m[K^~~~~~~~~~~~~~[m[K
[01m[K/root/sam_bot_description/src/joint_control/src/joint_controller.cpp:73:45:[m[K [01;31m[Kerror: [m[K‘[01m[Kodom_frame_id_[m[K’ was not declared in this scope
   73 |     tf_msg_.transforms[0].header.frame_id = [01;31m[Kodom_frame_id_[m[K;
      |                                             [01;31m[K^~~~~~~~~~~~~~[m[K
[01m[K/root/sam_bot_description/src/joint_control/src/joint_controller.cpp:75:5:[m[K [01;31m[Kerror: [m[K‘[01m[Ksub_[m[K’ was not declared in this scope; did you mean ‘[01m[Kpub_[m[K’?
   75 |     [01;31m[Ksub_[m[K = n_.subscribe("/cmd_vel", 1, &TwistToAackermann::callback, this);
      |     [01;31m[K^~~~[m[K
      |     [32m[Kpub_[m[K
[01m[K/root/sam_bot_description/src/joint_control/src/joint_controller.cpp:75:12:[m[K [01;31m[Kerror: [m[K‘[01m[Kn_[m[K’ was not declared in this scope
   75 |     sub_ = [01;31m[Kn_[m[K.subscribe("/cmd_vel", 1, &TwistToAackermann::callback, this);
      |            [01;31m[K^~[m[K
[01m[K/root/sam_bot_description/src/joint_control/src/joint_controller.cpp:[m[K In member function ‘[01m[Kvoid TwistToAackermann::callback(const Twist&)[m[K’:
[01m[K/root/sam_bot_description/src/joint_control/src/joint_controller.cpp:82:18:[m[K [01;31m[Kerror: [m[K‘[01m[KJointState[m[K’ is not a member of ‘[01m[Ksensor_msgs[m[K’; did you mean ‘[01m[Ksensor_msgs::msg::JointState[m[K’?
   82 |     sensor_msgs::[01;31m[KJointState[m[K joint;
      |                  [01;31m[K^~~~~~~~~~[m[K
In file included from [01m[K/opt/ros/foxy/include/sensor_msgs/msg/joint_state.hpp:7[m[K,
                 from [01m[K/root/sam_bot_description/src/joint_control/src/joint_controller.cpp:4[m[K:
[01m[K/opt/ros/foxy/include/sensor_msgs/msg/detail/joint_state__struct.hpp:166:7:[m[K [01;36m[Knote: [m[K‘[01m[Ksensor_msgs::msg::JointState[m[K’ declared here
  166 | using [01;36m[KJointState[m[K =
      |       [01;36m[K^~~~~~~~~~[m[K
[01m[K/root/sam_bot_description/src/joint_control/src/joint_controller.cpp:92:5:[m[K [01;31m[Kerror: [m[K‘[01m[Kjoint[m[K’ was not declared in this scope
   92 |     [01;31m[Kjoint[m[K.header.stamp = rclcpp::Time::now();
      |     [01;31m[K^~~~~[m[K
[01m[K/root/sam_bot_description/src/joint_control/src/joint_controller.cpp:92:40:[m[K [01;31m[Kerror: [m[K‘[01m[Know[m[K’ is not a member of ‘[01m[Krclcpp::Time[m[K’
   92 |     joint.header.stamp = rclcpp::Time::[01;31m[Know[m[K();
      |                                        [01;31m[K^~~[m[K
[01m[K/root/sam_bot_description/src/joint_control/src/joint_controller.cpp:106:29:[m[K [01;31m[Kerror: [m[Kexpected primary-expression before ‘[01m[K/[m[K’ token
  106 |       lwh = atan(actualBase+[01;31m[K/[m[K(r-(track/2)));
      |                             [01;31m[K^[m[K
[01m[K/root/sam_bot_description/src/joint_control/src/joint_controller.cpp:118:5:[m[K [01;31m[Kerror: [m[K‘[01m[Kodometry_[m[K’ was not declared in this scope
  118 |     [01;31m[Kodometry_[m[K.updateOpenLoop(msg.linear.x, msg.angular.z, joint.header.stamp);
      |     [01;31m[K^~~~~~~~~[m[K
[01m[K/root/sam_bot_description/src/joint_control/src/joint_controller.cpp:121:26:[m[K [01;31m[Kerror: [m[K‘[01m[KQuaternion[m[K’ in namespace ‘[01m[Kgeometry_msgs[m[K’ does not name a type
  121 |     const geometry_msgs::[01;31m[KQuaternion[m[K orientation(
      |                          [01;31m[K^~~~~~~~~~[m[K
[01m[K/root/sam_bot_description/src/joint_control/src/joint_controller.cpp:126:37:[m[K [01;31m[Kerror: [m[K‘[01m[Korientation[m[K’ was not declared in this scope
  126 |        msg_.pose.pose.orientation = [01;31m[Korientation[m[K;
      |                                     [01;31m[K^~~~~~~~~~~[m[K
[01m[K/root/sam_bot_description/src/joint_control/src/joint_controller.cpp:133:18:[m[K [01;31m[Kerror: [m[K‘[01m[KTransformStamped[m[K’ is not a member of ‘[01m[Kgeometry_msgs[m[K’; did you mean ‘[01m[Kgeometry_msgs::msg::TransformStamped[m[K’?
  133 |   geometry_msgs::[01;31m[KTransformStamped[m[K& odom_frame = tf_msg_.transforms[0];
      |                  [01;31m[K^~~~~~~~~~~~~~~~[m[K
In file included from [01m[K/opt/ros/foxy/include/tf2_msgs/msg/detail/tf_message__struct.hpp:19[m[K,
                 from [01m[K/opt/ros/foxy/include/tf2_msgs/msg/tf_message.hpp:7[m[K,
                 from [01m[K/root/sam_bot_description/src/joint_control/src/joint_controller.cpp:7[m[K:
[01m[K/opt/ros/foxy/include/geometry_msgs/msg/detail/transform_stamped__struct.hpp:155:7:[m[K [01;36m[Knote: [m[K‘[01m[Kgeometry_msgs::msg::TransformStamped[m[K’ declared here
  155 | using [01;36m[KTransformStamped[m[K =
      |       [01;36m[K^~~~~~~~~~~~~~~~[m[K
[01m[K/root/sam_bot_description/src/joint_control/src/joint_controller.cpp:133:36:[m[K [01;31m[Kerror: [m[K‘[01m[Kodom_frame[m[K’ was not declared in this scope
  133 |   geometry_msgs::TransformStamped& [01;31m[Kodom_frame[m[K = tf_msg_.transforms[0];
      |                                    [01;31m[K^~~~~~~~~~[m[K
[01m[K/root/sam_bot_description/src/joint_control/src/joint_controller.cpp:146:5:[m[K [01;31m[Kerror: [m[K‘[01m[Kpub_odom_tf_[m[K’ was not declared in this scope; did you mean ‘[01m[Kpub_odom_tf[m[K’?
  146 |     [01;31m[Kpub_odom_tf_[m[K.publish(tf_msg_);
      |     [01;31m[K^~~~~~~~~~~~[m[K
      |     [32m[Kpub_odom_tf[m[K
[01m[K/root/sam_bot_description/src/joint_control/src/joint_controller.cpp:[m[K In function ‘[01m[Kint main(int, char**)[m[K’:
[01m[K/root/sam_bot_description/src/joint_control/src/joint_controller.cpp:162:28:[m[K [01;31m[Kerror: [m[Kinvalid initialization of reference of type ‘[01m[Kconst rclcpp::InitOptions&[m[K’ from expression of type ‘[01m[Kconst char [19][m[K’
  162 |   rclcpp::init(argc, argv, [01;31m[K"twist_to_ackermann"[m[K);
      |                            [01;31m[K^~~~~~~~~~~~~~~~~~~~[m[K
In file included from [01m[K/opt/ros/foxy/include/rclcpp/client.hpp:36[m[K,
                 from [01m[K/opt/ros/foxy/include/rclcpp/callback_group.hpp:23[m[K,
                 from [01m[K/opt/ros/foxy/include/rclcpp/any_executable.hpp:20[m[K,
                 from [01m[K/opt/ros/foxy/include/rclcpp/memory_strategy.hpp:24[m[K,
                 from [01m[K/opt/ros/foxy/include/rclcpp/memory_strategies.hpp:18[m[K,
                 from [01m[K/opt/ros/foxy/include/rclcpp/executor_options.hpp:20[m[K,
                 from [01m[K/opt/ros/foxy/include/rclcpp/executor.hpp:33[m[K,
                 from [01m[K/opt/ros/foxy/include/rclcpp/executors/multi_threaded_executor.hpp:26[m[K,
                 from [01m[K/opt/ros/foxy/include/rclcpp/executors.hpp:21[m[K,
                 from [01m[K/opt/ros/foxy/include/rclcpp/rclcpp.hpp:146[m[K,
                 from [01m[K/root/sam_bot_description/src/joint_control/src/joint_controller.cpp:10[m[K:
[01m[K/opt/ros/foxy/include/rclcpp/utilities.hpp:56:63:[m[K [01;36m[Knote: [m[Kin passing argument 3 of ‘[01m[Kvoid rclcpp::init(int, const char* const*, const rclcpp::InitOptions&)[m[K’
   56 | init(int argc, char const * const argv[], [01;36m[Kconst InitOptions & init_options = InitOptions()[m[K);
      |                                           [01;36m[K~~~~~~~~~~~~~~~~~~~~^~~~~~~~~~~~~~~~~~~~~~~~~~~~[m[K
[01m[K/root/sam_bot_description/src/joint_control/src/joint_controller.cpp:165:16:[m[K [01;31m[Kerror: [m[Kno matching function for call to ‘[01m[Kspin()[m[K’
  165 |   rclcpp::spin([01;31m[K)[m[K;
      |                [01;31m[K^[m[K
In file included from [01m[K/opt/ros/foxy/include/rclcpp/rclcpp.hpp:146[m[K,
                 from [01m[K/root/sam_bot_description/src/joint_control/src/joint_controller.cpp:10[m[K:
[01m[K/opt/ros/foxy/include/rclcpp/executors.hpp:45:1:[m[K [01;36m[Knote: [m[Kcandidate: ‘[01m[Kvoid rclcpp::spin(rclcpp::node_interfaces::NodeBaseInterface::SharedPtr)[m[K’
   45 | [01;36m[Kspin[m[K(rclcpp::node_interfaces::NodeBaseInterface::SharedPtr node_ptr);
      | [01;36m[K^~~~[m[K
[01m[K/opt/ros/foxy/include/rclcpp/executors.hpp:45:1:[m[K [01;36m[Knote: [m[K  candidate expects 1 argument, 0 provided
[01m[K/opt/ros/foxy/include/rclcpp/executors.hpp:49:1:[m[K [01;36m[Knote: [m[Kcandidate: ‘[01m[Kvoid rclcpp::spin(rclcpp::Node::SharedPtr)[m[K’
   49 | [01;36m[Kspin[m[K(rclcpp::Node::SharedPtr node_ptr);
      | [01;36m[K^~~~[m[K
[01m[K/opt/ros/foxy/include/rclcpp/executors.hpp:49:1:[m[K [01;36m[Knote: [m[K  candidate expects 1 argument, 0 provided
make[2]: *** [CMakeFiles/joint.dir/build.make:63: CMakeFiles/joint.dir/src/joint_controller.cpp.o] Error 1
make[1]: *** [CMakeFiles/Makefile2:78: CMakeFiles/joint.dir/all] Error 2
make: *** [Makefile:141: all] Error 2
