[0.064s] Invoking command in '/home/tan/Desktop/car_d/car_ws/build/msg_interface': CMAKE_PREFIX_PATH=${CMAKE_PREFIX_PATH}:/opt/ros/foxy /usr/bin/cmake --build /home/tan/Desktop/car_d/car_ws/build/msg_interface -- -j16 -l16
[0.142s] [  2%] Built target msg_interface__cpp
[0.142s] [ 12%] Built target msg_interface__rosidl_generator_c
[0.186s] [ 23%] Built target msg_interface__rosidl_typesupport_introspection_cpp
[0.197s] [ 34%] Built target msg_interface__rosidl_typesupport_introspection_c
[0.199s] [ 44%] Built target msg_interface__rosidl_typesupport_cpp
[0.203s] [ 55%] Built target msg_interface__rosidl_typesupport_fastrtps_cpp
[0.207s] [ 65%] Built target msg_interface__rosidl_typesupport_c
[0.256s] [ 76%] Built target msg_interface__rosidl_typesupport_fastrtps_c
[0.278s] [ 76%] Built target msg_interface
[0.301s] [ 78%] Built target msg_interface__py
[0.332s] [ 87%] Built target msg_interface__python
[0.367s] [ 91%] Built target msg_interface__rosidl_typesupport_introspection_c__pyext
[0.372s] [ 95%] Built target msg_interface__rosidl_typesupport_c__pyext
[0.376s] [100%] Built target msg_interface__rosidl_typesupport_fastrtps_c__pyext
[0.393s] Invoked command in '/home/tan/Desktop/car_d/car_ws/build/msg_interface' returned '0': CMAKE_PREFIX_PATH=${CMAKE_PREFIX_PATH}:/opt/ros/foxy /usr/bin/cmake --build /home/tan/Desktop/car_d/car_ws/build/msg_interface -- -j16 -l16
[0.480s] Invoking command in '/home/tan/Desktop/car_d/car_ws/build/msg_interface': CMAKE_PREFIX_PATH=${CMAKE_PREFIX_PATH}:/opt/ros/foxy /usr/bin/cmake --install /home/tan/Desktop/car_d/car_ws/build/msg_interface
[0.492s] -- Install configuration: ""
[0.493s] -- Up-to-date: /home/tan/Desktop/car_d/car_ws/install/msg_interface/share/ament_index/resource_index/rosidl_interfaces/msg_interface
[0.493s] -- Up-to-date: /home/tan/Desktop/car_d/car_ws/install/msg_interface/include/msg_interface
[0.493s] -- Up-to-date: /home/tan/Desktop/car_d/car_ws/install/msg_interface/include/msg_interface/msg
[0.493s] -- Up-to-date: /home/tan/Desktop/car_d/car_ws/install/msg_interface/include/msg_interface/msg/velocity.h
[0.493s] -- Up-to-date: /home/tan/Desktop/car_d/car_ws/install/msg_interface/include/msg_interface/msg/force.h
[0.493s] -- Up-to-date: /home/tan/Desktop/car_d/car_ws/install/msg_interface/include/msg_interface/msg/detail
[0.494s] -- Up-to-date: /home/tan/Desktop/car_d/car_ws/install/msg_interface/include/msg_interface/msg/detail/force__functions.h
[0.494s] -- Up-to-date: /home/tan/Desktop/car_d/car_ws/install/msg_interface/include/msg_interface/msg/detail/force__struct.h
[0.494s] -- Up-to-date: /home/tan/Desktop/car_d/car_ws/install/msg_interface/include/msg_interface/msg/detail/control__functions.h
[0.494s] -- Up-to-date: /home/tan/Desktop/car_d/car_ws/install/msg_interface/include/msg_interface/msg/detail/control__struct.h
[0.495s] -- Up-to-date: /home/tan/Desktop/car_d/car_ws/install/msg_interface/include/msg_interface/msg/detail/velocity__functions.h
[0.495s] -- Up-to-date: /home/tan/Desktop/car_d/car_ws/install/msg_interface/include/msg_interface/msg/detail/velocity__struct.h
[0.495s] -- Up-to-date: /home/tan/Desktop/car_d/car_ws/install/msg_interface/include/msg_interface/msg/detail/control__type_support.h
[0.495s] -- Up-to-date: /home/tan/Desktop/car_d/car_ws/install/msg_interface/include/msg_interface/msg/detail/velocity__type_support.h
[0.496s] -- Up-to-date: /home/tan/Desktop/car_d/car_ws/install/msg_interface/include/msg_interface/msg/detail/velocity__functions.c
[0.496s] -- Up-to-date: /home/tan/Desktop/car_d/car_ws/install/msg_interface/include/msg_interface/msg/detail/force__type_support.h
[0.496s] -- Up-to-date: /home/tan/Desktop/car_d/car_ws/install/msg_interface/include/msg_interface/msg/detail/control__functions.c
[0.496s] -- Up-to-date: /home/tan/Desktop/car_d/car_ws/install/msg_interface/include/msg_interface/msg/detail/force__functions.c
[0.496s] -- Up-to-date: /home/tan/Desktop/car_d/car_ws/install/msg_interface/include/msg_interface/msg/control.h
[0.497s] -- Up-to-date: /home/tan/Desktop/car_d/car_ws/install/msg_interface/include/msg_interface/msg/rosidl_generator_c__visibility_control.h
[0.497s] -- Up-to-date: /home/tan/Desktop/car_d/car_ws/install/msg_interface/share/msg_interface/environment/library_path.sh
[0.498s] -- Up-to-date: /home/tan/Desktop/car_d/car_ws/install/msg_interface/share/msg_interface/environment/library_path.dsv
[0.498s] -- Up-to-date: /home/tan/Desktop/car_d/car_ws/install/msg_interface/lib/libmsg_interface__rosidl_generator_c.so
[0.498s] -- Up-to-date: /home/tan/Desktop/car_d/car_ws/install/msg_interface/include/msg_interface
[0.499s] -- Up-to-date: /home/tan/Desktop/car_d/car_ws/install/msg_interface/include/msg_interface/msg
[0.499s] -- Up-to-date: /home/tan/Desktop/car_d/car_ws/install/msg_interface/include/msg_interface/msg/rosidl_typesupport_fastrtps_c__visibility_control.h
[0.500s] -- Up-to-date: /home/tan/Desktop/car_d/car_ws/install/msg_interface/include/msg_interface/msg/detail
[0.500s] -- Up-to-date: /home/tan/Desktop/car_d/car_ws/install/msg_interface/include/msg_interface/msg/detail/velocity__rosidl_typesupport_fastrtps_c.h
[0.500s] -- Up-to-date: /home/tan/Desktop/car_d/car_ws/install/msg_interface/include/msg_interface/msg/detail/control__rosidl_typesupport_fastrtps_c.h
[0.500s] -- Up-to-date: /home/tan/Desktop/car_d/car_ws/install/msg_interface/include/msg_interface/msg/detail/force__rosidl_typesupport_fastrtps_c.h
[0.501s] -- Up-to-date: /home/tan/Desktop/car_d/car_ws/install/msg_interface/lib/libmsg_interface__rosidl_typesupport_fastrtps_c.so
[0.501s] -- Up-to-date: /home/tan/Desktop/car_d/car_ws/install/msg_interface/include/msg_interface
[0.501s] -- Up-to-date: /home/tan/Desktop/car_d/car_ws/install/msg_interface/include/msg_interface/msg
[0.501s] -- Up-to-date: /home/tan/Desktop/car_d/car_ws/install/msg_interface/include/msg_interface/msg/rosidl_typesupport_fastrtps_cpp__visibility_control.h
[0.501s] -- Up-to-date: /home/tan/Desktop/car_d/car_ws/install/msg_interface/include/msg_interface/msg/detail
[0.501s] -- Up-to-date: /home/tan/Desktop/car_d/car_ws/install/msg_interface/include/msg_interface/msg/detail/velocity__rosidl_typesupport_fastrtps_cpp.hpp
[0.501s] -- Up-to-date: /home/tan/Desktop/car_d/car_ws/install/msg_interface/include/msg_interface/msg/detail/dds_fastrtps
[0.502s] -- Up-to-date: /home/tan/Desktop/car_d/car_ws/install/msg_interface/include/msg_interface/msg/detail/control__rosidl_typesupport_fastrtps_cpp.hpp
[0.502s] -- Up-to-date: /home/tan/Desktop/car_d/car_ws/install/msg_interface/include/msg_interface/msg/detail/force__rosidl_typesupport_fastrtps_cpp.hpp
[0.502s] -- Up-to-date: /home/tan/Desktop/car_d/car_ws/install/msg_interface/lib/libmsg_interface__rosidl_typesupport_fastrtps_cpp.so
[0.502s] -- Up-to-date: /home/tan/Desktop/car_d/car_ws/install/msg_interface/include/msg_interface
[0.502s] -- Up-to-date: /home/tan/Desktop/car_d/car_ws/install/msg_interface/include/msg_interface/msg
[0.502s] -- Up-to-date: /home/tan/Desktop/car_d/car_ws/install/msg_interface/include/msg_interface/msg/rosidl_typesupport_introspection_c__visibility_control.h
[0.503s] -- Up-to-date: /home/tan/Desktop/car_d/car_ws/install/msg_interface/include/msg_interface/msg/detail
[0.503s] -- Up-to-date: /home/tan/Desktop/car_d/car_ws/install/msg_interface/include/msg_interface/msg/detail/velocity__rosidl_typesupport_introspection_c.h
[0.503s] -- Up-to-date: /home/tan/Desktop/car_d/car_ws/install/msg_interface/include/msg_interface/msg/detail/force__rosidl_typesupport_introspection_c.h
[0.503s] -- Up-to-date: /home/tan/Desktop/car_d/car_ws/install/msg_interface/include/msg_interface/msg/detail/control__rosidl_typesupport_introspection_c.h
[0.503s] -- Up-to-date: /home/tan/Desktop/car_d/car_ws/install/msg_interface/include/msg_interface/msg/detail/velocity__type_support.c
[0.503s] -- Up-to-date: /home/tan/Desktop/car_d/car_ws/install/msg_interface/include/msg_interface/msg/detail/force__type_support.c
[0.504s] -- Up-to-date: /home/tan/Desktop/car_d/car_ws/install/msg_interface/include/msg_interface/msg/detail/control__type_support.c
[0.504s] -- Up-to-date: /home/tan/Desktop/car_d/car_ws/install/msg_interface/lib/libmsg_interface__rosidl_typesupport_introspection_c.so
[0.504s] -- Up-to-date: /home/tan/Desktop/car_d/car_ws/install/msg_interface/lib/libmsg_interface__rosidl_typesupport_c.so
[0.504s] -- Up-to-date: /home/tan/Desktop/car_d/car_ws/install/msg_interface/include/msg_interface
[0.504s] -- Up-to-date: /home/tan/Desktop/car_d/car_ws/install/msg_interface/include/msg_interface/msg
[0.504s] -- Up-to-date: /home/tan/Desktop/car_d/car_ws/install/msg_interface/include/msg_interface/msg/force.hpp
[0.504s] -- Up-to-date: /home/tan/Desktop/car_d/car_ws/install/msg_interface/include/msg_interface/msg/velocity.hpp
[0.504s] -- Up-to-date: /home/tan/Desktop/car_d/car_ws/install/msg_interface/include/msg_interface/msg/detail
[0.505s] -- Up-to-date: /home/tan/Desktop/car_d/car_ws/install/msg_interface/include/msg_interface/msg/detail/velocity__traits.hpp
[0.505s] -- Up-to-date: /home/tan/Desktop/car_d/car_ws/install/msg_interface/include/msg_interface/msg/detail/force__builder.hpp
[0.505s] -- Up-to-date: /home/tan/Desktop/car_d/car_ws/install/msg_interface/include/msg_interface/msg/detail/control__traits.hpp
[0.505s] -- Up-to-date: /home/tan/Desktop/car_d/car_ws/install/msg_interface/include/msg_interface/msg/detail/force__traits.hpp
[0.505s] -- Up-to-date: /home/tan/Desktop/car_d/car_ws/install/msg_interface/include/msg_interface/msg/detail/velocity__builder.hpp
[0.505s] -- Up-to-date: /home/tan/Desktop/car_d/car_ws/install/msg_interface/include/msg_interface/msg/detail/force__struct.hpp
[0.506s] -- Up-to-date: /home/tan/Desktop/car_d/car_ws/install/msg_interface/include/msg_interface/msg/detail/control__builder.hpp
[0.506s] -- Up-to-date: /home/tan/Desktop/car_d/car_ws/install/msg_interface/include/msg_interface/msg/detail/control__struct.hpp
[0.506s] -- Up-to-date: /home/tan/Desktop/car_d/car_ws/install/msg_interface/include/msg_interface/msg/detail/velocity__struct.hpp
[0.506s] -- Up-to-date: /home/tan/Desktop/car_d/car_ws/install/msg_interface/include/msg_interface/msg/control.hpp
[0.506s] -- Up-to-date: /home/tan/Desktop/car_d/car_ws/install/msg_interface/include/msg_interface
[0.506s] -- Up-to-date: /home/tan/Desktop/car_d/car_ws/install/msg_interface/include/msg_interface/msg
[0.507s] -- Up-to-date: /home/tan/Desktop/car_d/car_ws/install/msg_interface/include/msg_interface/msg/detail
[0.507s] -- Up-to-date: /home/tan/Desktop/car_d/car_ws/install/msg_interface/include/msg_interface/msg/detail/velocity__rosidl_typesupport_introspection_cpp.hpp
[0.507s] -- Up-to-date: /home/tan/Desktop/car_d/car_ws/install/msg_interface/include/msg_interface/msg/detail/control__rosidl_typesupport_introspection_cpp.hpp
[0.507s] -- Up-to-date: /home/tan/Desktop/car_d/car_ws/install/msg_interface/include/msg_interface/msg/detail/force__type_support.cpp
[0.507s] -- Up-to-date: /home/tan/Desktop/car_d/car_ws/install/msg_interface/include/msg_interface/msg/detail/control__type_support.cpp
[0.507s] -- Up-to-date: /home/tan/Desktop/car_d/car_ws/install/msg_interface/include/msg_interface/msg/detail/force__rosidl_typesupport_introspection_cpp.hpp
[0.508s] -- Up-to-date: /home/tan/Desktop/car_d/car_ws/install/msg_interface/include/msg_interface/msg/detail/velocity__type_support.cpp
[0.508s] -- Up-to-date: /home/tan/Desktop/car_d/car_ws/install/msg_interface/lib/libmsg_interface__rosidl_typesupport_introspection_cpp.so
[0.508s] -- Up-to-date: /home/tan/Desktop/car_d/car_ws/install/msg_interface/lib/libmsg_interface__rosidl_typesupport_cpp.so
[0.508s] -- Up-to-date: /home/tan/Desktop/car_d/car_ws/install/msg_interface/share/msg_interface/environment/pythonpath.sh
[0.508s] -- Up-to-date: /home/tan/Desktop/car_d/car_ws/install/msg_interface/share/msg_interface/environment/pythonpath.dsv
[0.508s] -- Up-to-date: /home/tan/Desktop/car_d/car_ws/install/msg_interface/lib/python3.8/site-packages/msg_interface/__init__.py
[0.550s] -- Up-to-date: /home/tan/Desktop/car_d/car_ws/install/msg_interface/lib/python3.8/site-packages/msg_interface/msg
[0.550s] -- Up-to-date: /home/tan/Desktop/car_d/car_ws/install/msg_interface/lib/python3.8/site-packages/msg_interface/msg/_force_s.c
[0.551s] -- Up-to-date: /home/tan/Desktop/car_d/car_ws/install/msg_interface/lib/python3.8/site-packages/msg_interface/msg/_velocity.py
[0.551s] -- Up-to-date: /home/tan/Desktop/car_d/car_ws/install/msg_interface/lib/python3.8/site-packages/msg_interface/msg/_control.py
[0.551s] -- Up-to-date: /home/tan/Desktop/car_d/car_ws/install/msg_interface/lib/python3.8/site-packages/msg_interface/msg/_velocity_s.c
[0.552s] -- Up-to-date: /home/tan/Desktop/car_d/car_ws/install/msg_interface/lib/python3.8/site-packages/msg_interface/msg/_control_s.c
[0.552s] -- Up-to-date: /home/tan/Desktop/car_d/car_ws/install/msg_interface/lib/python3.8/site-packages/msg_interface/msg/_force.py
[0.552s] -- Up-to-date: /home/tan/Desktop/car_d/car_ws/install/msg_interface/lib/python3.8/site-packages/msg_interface/msg/__init__.py
[0.552s] -- Up-to-date: /home/tan/Desktop/car_d/car_ws/install/msg_interface/lib/python3.8/site-packages/msg_interface/msg_interface_s__rosidl_typesupport_fastrtps_c.cpython-38-x86_64-linux-gnu.so
[0.553s] -- Up-to-date: /home/tan/Desktop/car_d/car_ws/install/msg_interface/lib/python3.8/site-packages/msg_interface/msg_interface_s__rosidl_typesupport_introspection_c.cpython-38-x86_64-linux-gnu.so
[0.553s] -- Up-to-date: /home/tan/Desktop/car_d/car_ws/install/msg_interface/lib/python3.8/site-packages/msg_interface/msg_interface_s__rosidl_typesupport_c.cpython-38-x86_64-linux-gnu.so
[0.554s] -- Up-to-date: /home/tan/Desktop/car_d/car_ws/install/msg_interface/lib/libmsg_interface__python.so
[0.557s] -- Up-to-date: /home/tan/Desktop/car_d/car_ws/install/msg_interface/share/msg_interface/msg/Force.idl
[0.557s] -- Up-to-date: /home/tan/Desktop/car_d/car_ws/install/msg_interface/share/msg_interface/msg/Velocity.idl
[0.557s] -- Up-to-date: /home/tan/Desktop/car_d/car_ws/install/msg_interface/share/msg_interface/msg/Control.idl
[0.557s] -- Up-to-date: /home/tan/Desktop/car_d/car_ws/install/msg_interface/share/msg_interface/msg/Force.msg
[0.557s] -- Up-to-date: /home/tan/Desktop/car_d/car_ws/install/msg_interface/share/msg_interface/msg/Velocity.msg
[0.558s] -- Up-to-date: /home/tan/Desktop/car_d/car_ws/install/msg_interface/share/msg_interface/msg/Control.msg
[0.558s] -- Up-to-date: /home/tan/Desktop/car_d/car_ws/install/msg_interface/share/ament_index/resource_index/package_run_dependencies/msg_interface
[0.558s] -- Up-to-date: /home/tan/Desktop/car_d/car_ws/install/msg_interface/share/ament_index/resource_index/parent_prefix_path/msg_interface
[0.558s] -- Up-to-date: /home/tan/Desktop/car_d/car_ws/install/msg_interface/share/msg_interface/environment/ament_prefix_path.sh
[0.559s] -- Up-to-date: /home/tan/Desktop/car_d/car_ws/install/msg_interface/share/msg_interface/environment/ament_prefix_path.dsv
[0.563s] -- Up-to-date: /home/tan/Desktop/car_d/car_ws/install/msg_interface/share/msg_interface/environment/path.sh
[0.564s] -- Up-to-date: /home/tan/Desktop/car_d/car_ws/install/msg_interface/share/msg_interface/environment/path.dsv
[0.564s] -- Up-to-date: /home/tan/Desktop/car_d/car_ws/install/msg_interface/share/msg_interface/local_setup.bash
[0.564s] -- Up-to-date: /home/tan/Desktop/car_d/car_ws/install/msg_interface/share/msg_interface/local_setup.sh
[0.565s] -- Up-to-date: /home/tan/Desktop/car_d/car_ws/install/msg_interface/share/msg_interface/local_setup.zsh
[0.565s] -- Up-to-date: /home/tan/Desktop/car_d/car_ws/install/msg_interface/share/msg_interface/local_setup.dsv
[0.565s] -- Installing: /home/tan/Desktop/car_d/car_ws/install/msg_interface/share/msg_interface/package.dsv
[0.565s] -- Up-to-date: /home/tan/Desktop/car_d/car_ws/install/msg_interface/share/ament_index/resource_index/packages/msg_interface
[0.566s] -- Up-to-date: /home/tan/Desktop/car_d/car_ws/install/msg_interface/share/msg_interface/cmake/msg_interface__rosidl_generator_cExport.cmake
[0.566s] -- Up-to-date: /home/tan/Desktop/car_d/car_ws/install/msg_interface/share/msg_interface/cmake/msg_interface__rosidl_generator_cExport-noconfig.cmake
[0.567s] -- Up-to-date: /home/tan/Desktop/car_d/car_ws/install/msg_interface/share/msg_interface/cmake/msg_interface__rosidl_typesupport_introspection_cExport.cmake
[0.567s] -- Up-to-date: /home/tan/Desktop/car_d/car_ws/install/msg_interface/share/msg_interface/cmake/msg_interface__rosidl_typesupport_introspection_cExport-noconfig.cmake
[0.568s] -- Up-to-date: /home/tan/Desktop/car_d/car_ws/install/msg_interface/share/msg_interface/cmake/msg_interface__rosidl_typesupport_cExport.cmake
[0.568s] -- Up-to-date: /home/tan/Desktop/car_d/car_ws/install/msg_interface/share/msg_interface/cmake/msg_interface__rosidl_typesupport_cExport-noconfig.cmake
[0.568s] -- Up-to-date: /home/tan/Desktop/car_d/car_ws/install/msg_interface/share/msg_interface/cmake/msg_interface__rosidl_generator_cppExport.cmake
[0.568s] -- Up-to-date: /home/tan/Desktop/car_d/car_ws/install/msg_interface/share/msg_interface/cmake/msg_interface__rosidl_typesupport_introspection_cppExport.cmake
[0.569s] -- Up-to-date: /home/tan/Desktop/car_d/car_ws/install/msg_interface/share/msg_interface/cmake/msg_interface__rosidl_typesupport_introspection_cppExport-noconfig.cmake
[0.569s] -- Up-to-date: /home/tan/Desktop/car_d/car_ws/install/msg_interface/share/msg_interface/cmake/msg_interface__rosidl_typesupport_cppExport.cmake
[0.570s] -- Up-to-date: /home/tan/Desktop/car_d/car_ws/install/msg_interface/share/msg_interface/cmake/msg_interface__rosidl_typesupport_cppExport-noconfig.cmake
[0.570s] -- Up-to-date: /home/tan/Desktop/car_d/car_ws/install/msg_interface/share/msg_interface/cmake/rosidl_cmake-extras.cmake
[0.570s] -- Up-to-date: /home/tan/Desktop/car_d/car_ws/install/msg_interface/share/msg_interface/cmake/ament_cmake_export_dependencies-extras.cmake
[0.570s] -- Up-to-date: /home/tan/Desktop/car_d/car_ws/install/msg_interface/share/msg_interface/cmake/ament_cmake_export_libraries-extras.cmake
[0.570s] -- Up-to-date: /home/tan/Desktop/car_d/car_ws/install/msg_interface/share/msg_interface/cmake/ament_cmake_export_targets-extras.cmake
[0.572s] -- Up-to-date: /home/tan/Desktop/car_d/car_ws/install/msg_interface/share/msg_interface/cmake/ament_cmake_export_include_directories-extras.cmake
[0.572s] -- Up-to-date: /home/tan/Desktop/car_d/car_ws/install/msg_interface/share/msg_interface/cmake/rosidl_cmake_export_typesupport_libraries-extras.cmake
[0.572s] -- Up-to-date: /home/tan/Desktop/car_d/car_ws/install/msg_interface/share/msg_interface/cmake/rosidl_cmake_export_typesupport_targets-extras.cmake
[0.572s] -- Up-to-date: /home/tan/Desktop/car_d/car_ws/install/msg_interface/share/msg_interface/cmake/msg_interfaceConfig.cmake
[0.573s] -- Up-to-date: /home/tan/Desktop/car_d/car_ws/install/msg_interface/share/msg_interface/cmake/msg_interfaceConfig-version.cmake
[0.573s] -- Up-to-date: /home/tan/Desktop/car_d/car_ws/install/msg_interface/share/msg_interface/package.xml
[0.584s] Invoked command in '/home/tan/Desktop/car_d/car_ws/build/msg_interface' returned '0': CMAKE_PREFIX_PATH=${CMAKE_PREFIX_PATH}:/opt/ros/foxy /usr/bin/cmake --install /home/tan/Desktop/car_d/car_ws/build/msg_interface
