[0.033s] Invoking command in '/home/tan/Desktop/car_d/car_ws/build/car_vision': AMENT_PREFIX_PATH=/home/tan/Desktop/car_d/car_ws/install/carrl_interface:${AMENT_PREFIX_PATH} CMAKE_PREFIX_PATH=/home/tan/Desktop/car_d/car_ws/install/carrl_interface:/home/tan/ros2_ws/install/realsense2_description:/home/tan/ros2_ws/install/realsense2_camera:/home/tan/ros2_ws/install/realsense2_camera_msgs:/opt/ros/foxy LD_LIBRARY_PATH=/home/tan/Desktop/car_d/car_ws/install/carrl_interface/lib:/home/tan/ros2_ws/install/realsense2_camera/lib:/home/tan/ros2_ws/install/realsense2_camera_msgs/lib:/opt/ros/foxy/opt/yaml_cpp_vendor/lib:/opt/ros/foxy/opt/rviz_ogre_vendor/lib:/opt/ros/foxy/lib/x86_64-linux-gnu:/opt/ros/foxy/lib:/usr/lib/x86_64-linux-gnu/gazebo-11/plugins PYTHONPATH=/home/tan/Desktop/car_d/car_ws/install/carrl_interface/lib/python3.8/site-packages:${PYTHONPATH} /usr/bin/cmake /home/tan/Desktop/car_d/car_ws/src/car_vision -DCMAKE_INSTALL_PREFIX=/home/tan/Desktop/car_d/car_ws/install/car_vision
[0.043s] -- Found ament_cmake: 0.9.9 (/opt/ros/foxy/share/ament_cmake/cmake)
[0.061s] -- Using PYTHON_EXECUTABLE: /home/tan/venv/tf2keras/bin/python3
[0.185s] -- Found rclcpp: 2.4.1 (/opt/ros/foxy/share/rclcpp/cmake)
[0.215s] -- Using all available rosidl_typesupport_c: rosidl_typesupport_fastrtps_c;rosidl_typesupport_introspection_c
[0.216s] -- Found rosidl_adapter: 1.2.1 (/opt/ros/foxy/share/rosidl_adapter/cmake)
[0.320s] -- Using all available rosidl_typesupport_cpp: rosidl_typesupport_fastrtps_cpp;rosidl_typesupport_introspection_cpp
[0.360s] -- Found rmw_implementation_cmake: 1.0.3 (/opt/ros/foxy/share/rmw_implementation_cmake/cmake)
[0.361s] -- Using RMW implementation 'rmw_fastrtps_cpp' as default
[0.475s] -- Found rclpy: 1.0.8 (/opt/ros/foxy/share/rclpy/cmake)
[0.475s] -- Found carrl_interface: 0.0.0 (/home/tan/Desktop/car_d/car_ws/install/carrl_interface/share/carrl_interface/cmake)
[0.482s] -- Found geometry_msgs: 2.0.5 (/opt/ros/foxy/share/geometry_msgs/cmake)
[0.507s] -- Found sensor_msgs: 2.0.5 (/opt/ros/foxy/share/sensor_msgs/cmake)
[0.563s] -- Found nav_msgs: 2.0.5 (/opt/ros/foxy/share/nav_msgs/cmake)
[0.615s] -- Found mavros_msgs: 2.1.1 (/opt/ros/foxy/share/mavros_msgs/cmake)
[0.915s] -- Found ament_lint_auto: 0.9.6 (/opt/ros/foxy/share/ament_lint_auto/cmake)
[0.980s] -- Added test 'copyright' to check source files copyright and LICENSE
[0.982s] -- Added test 'flake8' to check Python code syntax and style conventions
[0.983s] -- Added test 'lint_cmake' to check CMake code style
[0.983s] -- Added test 'pep257' to check Python code against some of the style conventions in PEP 257
[0.984s] -- Added test 'xmllint' to check XML markup files
[0.987s] -- Configuring done
[0.988s] -- Generating done
[0.989s] -- Build files have been written to: /home/tan/Desktop/car_d/car_ws/build/car_vision
[0.996s] Invoked command in '/home/tan/Desktop/car_d/car_ws/build/car_vision' returned '0': AMENT_PREFIX_PATH=/home/tan/Desktop/car_d/car_ws/install/carrl_interface:${AMENT_PREFIX_PATH} CMAKE_PREFIX_PATH=/home/tan/Desktop/car_d/car_ws/install/carrl_interface:/home/tan/ros2_ws/install/realsense2_description:/home/tan/ros2_ws/install/realsense2_camera:/home/tan/ros2_ws/install/realsense2_camera_msgs:/opt/ros/foxy LD_LIBRARY_PATH=/home/tan/Desktop/car_d/car_ws/install/carrl_interface/lib:/home/tan/ros2_ws/install/realsense2_camera/lib:/home/tan/ros2_ws/install/realsense2_camera_msgs/lib:/opt/ros/foxy/opt/yaml_cpp_vendor/lib:/opt/ros/foxy/opt/rviz_ogre_vendor/lib:/opt/ros/foxy/lib/x86_64-linux-gnu:/opt/ros/foxy/lib:/usr/lib/x86_64-linux-gnu/gazebo-11/plugins PYTHONPATH=/home/tan/Desktop/car_d/car_ws/install/carrl_interface/lib/python3.8/site-packages:${PYTHONPATH} /usr/bin/cmake /home/tan/Desktop/car_d/car_ws/src/car_vision -DCMAKE_INSTALL_PREFIX=/home/tan/Desktop/car_d/car_ws/install/car_vision
[0.997s] Invoking command in '/home/tan/Desktop/car_d/car_ws/build/car_vision': AMENT_PREFIX_PATH=/home/tan/Desktop/car_d/car_ws/install/carrl_interface:${AMENT_PREFIX_PATH} CMAKE_PREFIX_PATH=/home/tan/Desktop/car_d/car_ws/install/carrl_interface:/home/tan/ros2_ws/install/realsense2_description:/home/tan/ros2_ws/install/realsense2_camera:/home/tan/ros2_ws/install/realsense2_camera_msgs:/opt/ros/foxy LD_LIBRARY_PATH=/home/tan/Desktop/car_d/car_ws/install/carrl_interface/lib:/home/tan/ros2_ws/install/realsense2_camera/lib:/home/tan/ros2_ws/install/realsense2_camera_msgs/lib:/opt/ros/foxy/opt/yaml_cpp_vendor/lib:/opt/ros/foxy/opt/rviz_ogre_vendor/lib:/opt/ros/foxy/lib/x86_64-linux-gnu:/opt/ros/foxy/lib:/usr/lib/x86_64-linux-gnu/gazebo-11/plugins PYTHONPATH=/home/tan/Desktop/car_d/car_ws/install/carrl_interface/lib/python3.8/site-packages:${PYTHONPATH} /usr/bin/cmake --build /home/tan/Desktop/car_d/car_ws/build/car_vision -- -j16 -l16
[1.023s] Invoked command in '/home/tan/Desktop/car_d/car_ws/build/car_vision' returned '0': AMENT_PREFIX_PATH=/home/tan/Desktop/car_d/car_ws/install/carrl_interface:${AMENT_PREFIX_PATH} CMAKE_PREFIX_PATH=/home/tan/Desktop/car_d/car_ws/install/carrl_interface:/home/tan/ros2_ws/install/realsense2_description:/home/tan/ros2_ws/install/realsense2_camera:/home/tan/ros2_ws/install/realsense2_camera_msgs:/opt/ros/foxy LD_LIBRARY_PATH=/home/tan/Desktop/car_d/car_ws/install/carrl_interface/lib:/home/tan/ros2_ws/install/realsense2_camera/lib:/home/tan/ros2_ws/install/realsense2_camera_msgs/lib:/opt/ros/foxy/opt/yaml_cpp_vendor/lib:/opt/ros/foxy/opt/rviz_ogre_vendor/lib:/opt/ros/foxy/lib/x86_64-linux-gnu:/opt/ros/foxy/lib:/usr/lib/x86_64-linux-gnu/gazebo-11/plugins PYTHONPATH=/home/tan/Desktop/car_d/car_ws/install/carrl_interface/lib/python3.8/site-packages:${PYTHONPATH} /usr/bin/cmake --build /home/tan/Desktop/car_d/car_ws/build/car_vision -- -j16 -l16
[1.040s] Invoking command in '/home/tan/Desktop/car_d/car_ws/build/car_vision': AMENT_PREFIX_PATH=/home/tan/Desktop/car_d/car_ws/install/carrl_interface:${AMENT_PREFIX_PATH} CMAKE_PREFIX_PATH=/home/tan/Desktop/car_d/car_ws/install/carrl_interface:/home/tan/ros2_ws/install/realsense2_description:/home/tan/ros2_ws/install/realsense2_camera:/home/tan/ros2_ws/install/realsense2_camera_msgs:/opt/ros/foxy LD_LIBRARY_PATH=/home/tan/Desktop/car_d/car_ws/install/carrl_interface/lib:/home/tan/ros2_ws/install/realsense2_camera/lib:/home/tan/ros2_ws/install/realsense2_camera_msgs/lib:/opt/ros/foxy/opt/yaml_cpp_vendor/lib:/opt/ros/foxy/opt/rviz_ogre_vendor/lib:/opt/ros/foxy/lib/x86_64-linux-gnu:/opt/ros/foxy/lib:/usr/lib/x86_64-linux-gnu/gazebo-11/plugins PYTHONPATH=/home/tan/Desktop/car_d/car_ws/install/carrl_interface/lib/python3.8/site-packages:${PYTHONPATH} /usr/bin/cmake --install /home/tan/Desktop/car_d/car_ws/build/car_vision
[1.046s] -- Install configuration: ""
[1.046s] -- Installing: /home/tan/Desktop/car_d/car_ws/install/car_vision/share/car_vision/environment/pythonpath.sh
[1.046s] -- Installing: /home/tan/Desktop/car_d/car_ws/install/car_vision/share/car_vision/environment/pythonpath.dsv
[1.046s] -- Installing: /home/tan/Desktop/car_d/car_ws/install/car_vision/lib/python3.8/site-packages/car_vision
[1.046s] -- Installing: /home/tan/Desktop/car_d/car_ws/install/car_vision/lib/python3.8/site-packages/car_vision/road_seg.py
[1.046s] -- Installing: /home/tan/Desktop/car_d/car_ws/install/car_vision/lib/python3.8/site-packages/car_vision/model_float32.h5
[1.046s] -- Installing: /home/tan/Desktop/car_d/car_ws/install/car_vision/lib/python3.8/site-packages/car_vision/samp.webp
[1.047s] -- Installing: /home/tan/Desktop/car_d/car_ws/install/car_vision/lib/python3.8/site-packages/car_vision/lane_finder_video.py
[1.047s] -- Installing: /home/tan/Desktop/car_d/car_ws/install/car_vision/lib/python3.8/site-packages/car_vision/model_float32.onnx
[1.049s] -- Installing: /home/tan/Desktop/car_d/car_ws/install/car_vision/lib/python3.8/site-packages/car_vision/lane_finder.py
[1.049s] -- Installing: /home/tan/Desktop/car_d/car_ws/install/car_vision/lib/python3.8/site-packages/car_vision/model_float32.pb
[1.051s] -- Installing: /home/tan/Desktop/car_d/car_ws/install/car_vision/lib/python3.8/site-packages/car_vision/__init__.py
[1.051s] -- Installing: /home/tan/Desktop/car_d/car_ws/install/car_vision/lib/python3.8/site-packages/car_vision/saved_model.pb
[1.056s] -- Installing: /home/tan/Desktop/car_d/car_ws/install/car_vision/lib/python3.8/site-packages/car_vision/car_imgs
[1.056s] -- Installing: /home/tan/Desktop/car_d/car_ws/install/car_vision/lib/python3.8/site-packages/car_vision/car_imgs/lane6.png
[1.057s] -- Installing: /home/tan/Desktop/car_d/car_ws/install/car_vision/lib/python3.8/site-packages/car_vision/car_imgs/lane7.png
[1.057s] -- Installing: /home/tan/Desktop/car_d/car_ws/install/car_vision/lib/python3.8/site-packages/car_vision/car_imgs/lane4.png
[1.058s] -- Installing: /home/tan/Desktop/car_d/car_ws/install/car_vision/lib/python3.8/site-packages/car_vision/car_imgs/lane8.png
[1.058s] -- Installing: /home/tan/Desktop/car_d/car_ws/install/car_vision/lib/python3.8/site-packages/car_vision/car_imgs/lane1.png
[1.058s] -- Installing: /home/tan/Desktop/car_d/car_ws/install/car_vision/lib/python3.8/site-packages/car_vision/car_imgs/lane3.png
[1.059s] -- Installing: /home/tan/Desktop/car_d/car_ws/install/car_vision/lib/python3.8/site-packages/car_vision/car_imgs/lane2.png
[1.059s] -- Installing: /home/tan/Desktop/car_d/car_ws/install/car_vision/lib/python3.8/site-packages/car_vision/car_imgs/lane5.png
[1.084s] Listing '/home/tan/Desktop/car_d/car_ws/install/car_vision/lib/python3.8/site-packages/car_vision'...
[1.084s] Compiling '/home/tan/Desktop/car_d/car_ws/install/car_vision/lib/python3.8/site-packages/car_vision/__init__.py'...
[1.084s] Listing '/home/tan/Desktop/car_d/car_ws/install/car_vision/lib/python3.8/site-packages/car_vision/car_imgs'...
[1.084s] Compiling '/home/tan/Desktop/car_d/car_ws/install/car_vision/lib/python3.8/site-packages/car_vision/lane_finder.py'...
[1.084s] Compiling '/home/tan/Desktop/car_d/car_ws/install/car_vision/lib/python3.8/site-packages/car_vision/lane_finder_video.py'...
[1.084s] Compiling '/home/tan/Desktop/car_d/car_ws/install/car_vision/lib/python3.8/site-packages/car_vision/road_seg.py'...
[1.087s] -- Installing: /home/tan/Desktop/car_d/car_ws/install/car_vision/share/ament_index/resource_index/package_run_dependencies/car_vision
[1.087s] -- Installing: /home/tan/Desktop/car_d/car_ws/install/car_vision/share/ament_index/resource_index/parent_prefix_path/car_vision
[1.087s] -- Installing: /home/tan/Desktop/car_d/car_ws/install/car_vision/share/car_vision/environment/ament_prefix_path.sh
[1.088s] -- Installing: /home/tan/Desktop/car_d/car_ws/install/car_vision/share/car_vision/environment/ament_prefix_path.dsv
[1.088s] -- Installing: /home/tan/Desktop/car_d/car_ws/install/car_vision/share/car_vision/environment/path.sh
[1.088s] -- Installing: /home/tan/Desktop/car_d/car_ws/install/car_vision/share/car_vision/environment/path.dsv
[1.088s] -- Installing: /home/tan/Desktop/car_d/car_ws/install/car_vision/share/car_vision/local_setup.bash
[1.088s] -- Installing: /home/tan/Desktop/car_d/car_ws/install/car_vision/share/car_vision/local_setup.sh
[1.089s] -- Installing: /home/tan/Desktop/car_d/car_ws/install/car_vision/share/car_vision/local_setup.zsh
[1.089s] -- Installing: /home/tan/Desktop/car_d/car_ws/install/car_vision/share/car_vision/local_setup.dsv
[1.089s] -- Installing: /home/tan/Desktop/car_d/car_ws/install/car_vision/share/car_vision/package.dsv
[1.089s] -- Installing: /home/tan/Desktop/car_d/car_ws/install/car_vision/share/ament_index/resource_index/packages/car_vision
[1.090s] -- Installing: /home/tan/Desktop/car_d/car_ws/install/car_vision/share/car_vision/cmake/car_visionConfig.cmake
[1.090s] -- Installing: /home/tan/Desktop/car_d/car_ws/install/car_vision/share/car_vision/cmake/car_visionConfig-version.cmake
[1.090s] -- Installing: /home/tan/Desktop/car_d/car_ws/install/car_vision/share/car_vision/package.xml
[1.098s] Invoked command in '/home/tan/Desktop/car_d/car_ws/build/car_vision' returned '0': AMENT_PREFIX_PATH=/home/tan/Desktop/car_d/car_ws/install/carrl_interface:${AMENT_PREFIX_PATH} CMAKE_PREFIX_PATH=/home/tan/Desktop/car_d/car_ws/install/carrl_interface:/home/tan/ros2_ws/install/realsense2_description:/home/tan/ros2_ws/install/realsense2_camera:/home/tan/ros2_ws/install/realsense2_camera_msgs:/opt/ros/foxy LD_LIBRARY_PATH=/home/tan/Desktop/car_d/car_ws/install/carrl_interface/lib:/home/tan/ros2_ws/install/realsense2_camera/lib:/home/tan/ros2_ws/install/realsense2_camera_msgs/lib:/opt/ros/foxy/opt/yaml_cpp_vendor/lib:/opt/ros/foxy/opt/rviz_ogre_vendor/lib:/opt/ros/foxy/lib/x86_64-linux-gnu:/opt/ros/foxy/lib:/usr/lib/x86_64-linux-gnu/gazebo-11/plugins PYTHONPATH=/home/tan/Desktop/car_d/car_ws/install/carrl_interface/lib/python3.8/site-packages:${PYTHONPATH} /usr/bin/cmake --install /home/tan/Desktop/car_d/car_ws/build/car_vision
