[0.046s] Invoking command in '/home/tan/Desktop/car_d/car_ws/build/service_interface': CMAKE_PREFIX_PATH=${CMAKE_PREFIX_PATH}:/opt/ros/foxy /usr/bin/cmake --build /home/tan/Desktop/car_d/car_ws/build/service_interface -- -j16 -l16
[0.107s] [  1%] Built target service_interface__cpp
[0.108s] [ 12%] Built target service_interface__rosidl_generator_c
[0.177s] [ 23%] Built target service_interface__rosidl_typesupport_cpp
[0.177s] [ 35%] Built target service_interface__rosidl_typesupport_introspection_c
[0.179s] [ 46%] Built target service_interface__rosidl_typesupport_fastrtps_cpp
[0.181s] [ 60%] Built target service_interface__rosidl_typesupport_introspection_cpp
[0.181s] [ 69%] Built target service_interface__rosidl_typesupport_c
[0.218s] [ 80%] Built target service_interface__rosidl_typesupport_fastrtps_c
[0.240s] [ 80%] Built target service_interface
[0.260s] [ 81%] Built target service_interface__py
[0.294s] [ 91%] Built target service_interface__python
[0.326s] [ 94%] Built target service_interface__rosidl_typesupport_introspection_c__pyext
[0.330s] [ 97%] Built target service_interface__rosidl_typesupport_fastrtps_c__pyext
[0.330s] [100%] Built target service_interface__rosidl_typesupport_c__pyext
[0.341s] Invoked command in '/home/tan/Desktop/car_d/car_ws/build/service_interface' returned '0': CMAKE_PREFIX_PATH=${CMAKE_PREFIX_PATH}:/opt/ros/foxy /usr/bin/cmake --build /home/tan/Desktop/car_d/car_ws/build/service_interface -- -j16 -l16
[0.542s] Invoking command in '/home/tan/Desktop/car_d/car_ws/build/service_interface': CMAKE_PREFIX_PATH=${CMAKE_PREFIX_PATH}:/opt/ros/foxy /usr/bin/cmake --install /home/tan/Desktop/car_d/car_ws/build/service_interface
[0.556s] -- Install configuration: ""
[0.556s] -- Up-to-date: /home/tan/Desktop/car_d/car_ws/install/service_interface/share/ament_index/resource_index/rosidl_interfaces/service_interface
[0.557s] -- Up-to-date: /home/tan/Desktop/car_d/car_ws/install/service_interface/include/service_interface
[0.557s] -- Up-to-date: /home/tan/Desktop/car_d/car_ws/install/service_interface/include/service_interface/srv
[0.557s] -- Up-to-date: /home/tan/Desktop/car_d/car_ws/install/service_interface/include/service_interface/srv/force_boundary_check.h
[0.557s] -- Up-to-date: /home/tan/Desktop/car_d/car_ws/install/service_interface/include/service_interface/srv/force.h
[0.557s] -- Up-to-date: /home/tan/Desktop/car_d/car_ws/install/service_interface/include/service_interface/srv/detail
[0.558s] -- Up-to-date: /home/tan/Desktop/car_d/car_ws/install/service_interface/include/service_interface/srv/detail/force__functions.h
[0.558s] -- Up-to-date: /home/tan/Desktop/car_d/car_ws/install/service_interface/include/service_interface/srv/detail/velocity_boundary_check__type_support.h
[0.558s] -- Up-to-date: /home/tan/Desktop/car_d/car_ws/install/service_interface/include/service_interface/srv/detail/location__type_support.h
[0.558s] -- Up-to-date: /home/tan/Desktop/car_d/car_ws/install/service_interface/include/service_interface/srv/detail/ready__functions.h
[0.559s] -- Up-to-date: /home/tan/Desktop/car_d/car_ws/install/service_interface/include/service_interface/srv/detail/location__struct.h
[0.565s] -- Up-to-date: /home/tan/Desktop/car_d/car_ws/install/service_interface/include/service_interface/srv/detail/force__struct.h
[0.571s] -- Up-to-date: /home/tan/Desktop/car_d/car_ws/install/service_interface/include/service_interface/srv/detail/ready__struct.h
[0.572s] -- Up-to-date: /home/tan/Desktop/car_d/car_ws/install/service_interface/include/service_interface/srv/detail/ready__type_support.h
[0.572s] -- Up-to-date: /home/tan/Desktop/car_d/car_ws/install/service_interface/include/service_interface/srv/detail/ready__functions.c
[0.572s] -- Up-to-date: /home/tan/Desktop/car_d/car_ws/install/service_interface/include/service_interface/srv/detail/velocity_boundary_check__functions.c
[0.572s] -- Up-to-date: /home/tan/Desktop/car_d/car_ws/install/service_interface/include/service_interface/srv/detail/force_boundary_check__functions.h
[0.572s] -- Up-to-date: /home/tan/Desktop/car_d/car_ws/install/service_interface/include/service_interface/srv/detail/poly_line_intersection_check__functions.h
[0.572s] -- Up-to-date: /home/tan/Desktop/car_d/car_ws/install/service_interface/include/service_interface/srv/detail/velocity_boundary_check__struct.h
[0.573s] -- Up-to-date: /home/tan/Desktop/car_d/car_ws/install/service_interface/include/service_interface/srv/detail/poly_line_intersection_check__functions.c
[0.573s] -- Up-to-date: /home/tan/Desktop/car_d/car_ws/install/service_interface/include/service_interface/srv/detail/force_boundary_check__functions.c
[0.573s] -- Up-to-date: /home/tan/Desktop/car_d/car_ws/install/service_interface/include/service_interface/srv/detail/force_boundary_check__type_support.h
[0.573s] -- Up-to-date: /home/tan/Desktop/car_d/car_ws/install/service_interface/include/service_interface/srv/detail/force__type_support.h
[0.573s] -- Up-to-date: /home/tan/Desktop/car_d/car_ws/install/service_interface/include/service_interface/srv/detail/poly_line_intersection_check__type_support.h
[0.573s] -- Up-to-date: /home/tan/Desktop/car_d/car_ws/install/service_interface/include/service_interface/srv/detail/poly_line_intersection_check__struct.h
[0.574s] -- Up-to-date: /home/tan/Desktop/car_d/car_ws/install/service_interface/include/service_interface/srv/detail/force__functions.c
[0.574s] -- Up-to-date: /home/tan/Desktop/car_d/car_ws/install/service_interface/include/service_interface/srv/detail/location__functions.c
[0.574s] -- Up-to-date: /home/tan/Desktop/car_d/car_ws/install/service_interface/include/service_interface/srv/detail/force_boundary_check__struct.h
[0.574s] -- Up-to-date: /home/tan/Desktop/car_d/car_ws/install/service_interface/include/service_interface/srv/detail/location__functions.h
[0.574s] -- Up-to-date: /home/tan/Desktop/car_d/car_ws/install/service_interface/include/service_interface/srv/detail/velocity_boundary_check__functions.h
[0.574s] -- Up-to-date: /home/tan/Desktop/car_d/car_ws/install/service_interface/include/service_interface/srv/velocity_boundary_check.h
[0.575s] -- Up-to-date: /home/tan/Desktop/car_d/car_ws/install/service_interface/include/service_interface/srv/ready.h
[0.575s] -- Up-to-date: /home/tan/Desktop/car_d/car_ws/install/service_interface/include/service_interface/srv/location.h
[0.575s] -- Up-to-date: /home/tan/Desktop/car_d/car_ws/install/service_interface/include/service_interface/srv/poly_line_intersection_check.h
[0.575s] -- Up-to-date: /home/tan/Desktop/car_d/car_ws/install/service_interface/include/service_interface/msg
[0.575s] -- Up-to-date: /home/tan/Desktop/car_d/car_ws/install/service_interface/include/service_interface/msg/rosidl_generator_c__visibility_control.h
[0.575s] -- Up-to-date: /home/tan/Desktop/car_d/car_ws/install/service_interface/share/service_interface/environment/library_path.sh
[0.575s] -- Up-to-date: /home/tan/Desktop/car_d/car_ws/install/service_interface/share/service_interface/environment/library_path.dsv
[0.576s] -- Up-to-date: /home/tan/Desktop/car_d/car_ws/install/service_interface/lib/libservice_interface__rosidl_generator_c.so
[0.576s] -- Up-to-date: /home/tan/Desktop/car_d/car_ws/install/service_interface/include/service_interface
[0.576s] -- Up-to-date: /home/tan/Desktop/car_d/car_ws/install/service_interface/include/service_interface/srv
[0.576s] -- Up-to-date: /home/tan/Desktop/car_d/car_ws/install/service_interface/include/service_interface/srv/detail
[0.576s] -- Up-to-date: /home/tan/Desktop/car_d/car_ws/install/service_interface/include/service_interface/srv/detail/force_boundary_check__rosidl_typesupport_fastrtps_c.h
[0.582s] -- Up-to-date: /home/tan/Desktop/car_d/car_ws/install/service_interface/include/service_interface/srv/detail/location__rosidl_typesupport_fastrtps_c.h
[0.582s] -- Up-to-date: /home/tan/Desktop/car_d/car_ws/install/service_interface/include/service_interface/srv/detail/velocity_boundary_check__rosidl_typesupport_fastrtps_c.h
[0.582s] -- Up-to-date: /home/tan/Desktop/car_d/car_ws/install/service_interface/include/service_interface/srv/detail/ready__rosidl_typesupport_fastrtps_c.h
[0.583s] -- Up-to-date: /home/tan/Desktop/car_d/car_ws/install/service_interface/include/service_interface/srv/detail/force__rosidl_typesupport_fastrtps_c.h
[0.583s] -- Up-to-date: /home/tan/Desktop/car_d/car_ws/install/service_interface/include/service_interface/srv/detail/poly_line_intersection_check__rosidl_typesupport_fastrtps_c.h
[0.583s] -- Up-to-date: /home/tan/Desktop/car_d/car_ws/install/service_interface/include/service_interface/msg
[0.583s] -- Up-to-date: /home/tan/Desktop/car_d/car_ws/install/service_interface/include/service_interface/msg/rosidl_typesupport_fastrtps_c__visibility_control.h
[0.583s] -- Up-to-date: /home/tan/Desktop/car_d/car_ws/install/service_interface/lib/libservice_interface__rosidl_typesupport_fastrtps_c.so
[0.584s] -- Up-to-date: /home/tan/Desktop/car_d/car_ws/install/service_interface/include/service_interface
[0.584s] -- Up-to-date: /home/tan/Desktop/car_d/car_ws/install/service_interface/include/service_interface/srv
[0.585s] -- Up-to-date: /home/tan/Desktop/car_d/car_ws/install/service_interface/include/service_interface/srv/detail
[0.585s] -- Up-to-date: /home/tan/Desktop/car_d/car_ws/install/service_interface/include/service_interface/srv/detail/velocity_boundary_check__rosidl_typesupport_fastrtps_cpp.hpp
[0.585s] -- Up-to-date: /home/tan/Desktop/car_d/car_ws/install/service_interface/include/service_interface/srv/detail/ready__rosidl_typesupport_fastrtps_cpp.hpp
[0.591s] -- Up-to-date: /home/tan/Desktop/car_d/car_ws/install/service_interface/include/service_interface/srv/detail/location__rosidl_typesupport_fastrtps_cpp.hpp
[0.591s] -- Up-to-date: /home/tan/Desktop/car_d/car_ws/install/service_interface/include/service_interface/srv/detail/dds_fastrtps
[0.591s] -- Up-to-date: /home/tan/Desktop/car_d/car_ws/install/service_interface/include/service_interface/srv/detail/force_boundary_check__rosidl_typesupport_fastrtps_cpp.hpp
[0.591s] -- Up-to-date: /home/tan/Desktop/car_d/car_ws/install/service_interface/include/service_interface/srv/detail/poly_line_intersection_check__rosidl_typesupport_fastrtps_cpp.hpp
[0.592s] -- Up-to-date: /home/tan/Desktop/car_d/car_ws/install/service_interface/include/service_interface/srv/detail/force__rosidl_typesupport_fastrtps_cpp.hpp
[0.592s] -- Up-to-date: /home/tan/Desktop/car_d/car_ws/install/service_interface/include/service_interface/msg
[0.592s] -- Up-to-date: /home/tan/Desktop/car_d/car_ws/install/service_interface/include/service_interface/msg/rosidl_typesupport_fastrtps_cpp__visibility_control.h
[0.601s] -- Up-to-date: /home/tan/Desktop/car_d/car_ws/install/service_interface/lib/libservice_interface__rosidl_typesupport_fastrtps_cpp.so
[0.603s] -- Up-to-date: /home/tan/Desktop/car_d/car_ws/install/service_interface/include/service_interface
[0.609s] -- Up-to-date: /home/tan/Desktop/car_d/car_ws/install/service_interface/include/service_interface/srv
[0.610s] -- Up-to-date: /home/tan/Desktop/car_d/car_ws/install/service_interface/include/service_interface/srv/detail
[0.610s] -- Up-to-date: /home/tan/Desktop/car_d/car_ws/install/service_interface/include/service_interface/srv/detail/poly_line_intersection_check__rosidl_typesupport_introspection_c.h
[0.610s] -- Up-to-date: /home/tan/Desktop/car_d/car_ws/install/service_interface/include/service_interface/srv/detail/velocity_boundary_check__rosidl_typesupport_introspection_c.h
[0.611s] -- Up-to-date: /home/tan/Desktop/car_d/car_ws/install/service_interface/include/service_interface/srv/detail/force_boundary_check__type_support.c
[0.611s] -- Up-to-date: /home/tan/Desktop/car_d/car_ws/install/service_interface/include/service_interface/srv/detail/ready__type_support.c
[0.612s] -- Up-to-date: /home/tan/Desktop/car_d/car_ws/install/service_interface/include/service_interface/srv/detail/force__rosidl_typesupport_introspection_c.h
[0.612s] -- Up-to-date: /home/tan/Desktop/car_d/car_ws/install/service_interface/include/service_interface/srv/detail/location__rosidl_typesupport_introspection_c.h
[0.612s] -- Up-to-date: /home/tan/Desktop/car_d/car_ws/install/service_interface/include/service_interface/srv/detail/poly_line_intersection_check__type_support.c
[0.613s] -- Up-to-date: /home/tan/Desktop/car_d/car_ws/install/service_interface/include/service_interface/srv/detail/velocity_boundary_check__type_support.c
[0.614s] -- Up-to-date: /home/tan/Desktop/car_d/car_ws/install/service_interface/include/service_interface/srv/detail/force_boundary_check__rosidl_typesupport_introspection_c.h
[0.614s] -- Up-to-date: /home/tan/Desktop/car_d/car_ws/install/service_interface/include/service_interface/srv/detail/force__type_support.c
[0.615s] -- Up-to-date: /home/tan/Desktop/car_d/car_ws/install/service_interface/include/service_interface/srv/detail/location__type_support.c
[0.615s] -- Up-to-date: /home/tan/Desktop/car_d/car_ws/install/service_interface/include/service_interface/srv/detail/ready__rosidl_typesupport_introspection_c.h
[0.616s] -- Up-to-date: /home/tan/Desktop/car_d/car_ws/install/service_interface/include/service_interface/msg
[0.616s] -- Up-to-date: /home/tan/Desktop/car_d/car_ws/install/service_interface/include/service_interface/msg/rosidl_typesupport_introspection_c__visibility_control.h
[0.616s] -- Up-to-date: /home/tan/Desktop/car_d/car_ws/install/service_interface/lib/libservice_interface__rosidl_typesupport_introspection_c.so
[0.616s] -- Up-to-date: /home/tan/Desktop/car_d/car_ws/install/service_interface/lib/libservice_interface__rosidl_typesupport_c.so
[0.617s] -- Up-to-date: /home/tan/Desktop/car_d/car_ws/install/service_interface/include/service_interface
[0.617s] -- Up-to-date: /home/tan/Desktop/car_d/car_ws/install/service_interface/include/service_interface/srv
[0.618s] -- Up-to-date: /home/tan/Desktop/car_d/car_ws/install/service_interface/include/service_interface/srv/poly_line_intersection_check.hpp
[0.618s] -- Up-to-date: /home/tan/Desktop/car_d/car_ws/install/service_interface/include/service_interface/srv/force.hpp
[0.618s] -- Up-to-date: /home/tan/Desktop/car_d/car_ws/install/service_interface/include/service_interface/srv/ready.hpp
[0.618s] -- Up-to-date: /home/tan/Desktop/car_d/car_ws/install/service_interface/include/service_interface/srv/location.hpp
[0.618s] -- Up-to-date: /home/tan/Desktop/car_d/car_ws/install/service_interface/include/service_interface/srv/force_boundary_check.hpp
[0.619s] -- Up-to-date: /home/tan/Desktop/car_d/car_ws/install/service_interface/include/service_interface/srv/detail
[0.624s] -- Up-to-date: /home/tan/Desktop/car_d/car_ws/install/service_interface/include/service_interface/srv/detail/force_boundary_check__builder.hpp
[0.626s] -- Up-to-date: /home/tan/Desktop/car_d/car_ws/install/service_interface/include/service_interface/srv/detail/velocity_boundary_check__struct.hpp
[0.626s] -- Up-to-date: /home/tan/Desktop/car_d/car_ws/install/service_interface/include/service_interface/srv/detail/velocity_boundary_check__builder.hpp
[0.626s] -- Up-to-date: /home/tan/Desktop/car_d/car_ws/install/service_interface/include/service_interface/srv/detail/velocity_boundary_check__traits.hpp
[0.626s] -- Up-to-date: /home/tan/Desktop/car_d/car_ws/install/service_interface/include/service_interface/srv/detail/force__builder.hpp
[0.627s] -- Up-to-date: /home/tan/Desktop/car_d/car_ws/install/service_interface/include/service_interface/srv/detail/force_boundary_check__struct.hpp
[0.627s] -- Up-to-date: /home/tan/Desktop/car_d/car_ws/install/service_interface/include/service_interface/srv/detail/ready__builder.hpp
[0.627s] -- Up-to-date: /home/tan/Desktop/car_d/car_ws/install/service_interface/include/service_interface/srv/detail/ready__struct.hpp
[0.627s] -- Up-to-date: /home/tan/Desktop/car_d/car_ws/install/service_interface/include/service_interface/srv/detail/ready__traits.hpp
[0.627s] -- Up-to-date: /home/tan/Desktop/car_d/car_ws/install/service_interface/include/service_interface/srv/detail/poly_line_intersection_check__traits.hpp
[0.627s] -- Up-to-date: /home/tan/Desktop/car_d/car_ws/install/service_interface/include/service_interface/srv/detail/force__traits.hpp
[0.627s] -- Up-to-date: /home/tan/Desktop/car_d/car_ws/install/service_interface/include/service_interface/srv/detail/location__struct.hpp
[0.627s] -- Up-to-date: /home/tan/Desktop/car_d/car_ws/install/service_interface/include/service_interface/srv/detail/location__traits.hpp
[0.627s] -- Up-to-date: /home/tan/Desktop/car_d/car_ws/install/service_interface/include/service_interface/srv/detail/poly_line_intersection_check__struct.hpp
[0.628s] -- Up-to-date: /home/tan/Desktop/car_d/car_ws/install/service_interface/include/service_interface/srv/detail/force__struct.hpp
[0.628s] -- Up-to-date: /home/tan/Desktop/car_d/car_ws/install/service_interface/include/service_interface/srv/detail/force_boundary_check__traits.hpp
[0.628s] -- Up-to-date: /home/tan/Desktop/car_d/car_ws/install/service_interface/include/service_interface/srv/detail/location__builder.hpp
[0.628s] -- Up-to-date: /home/tan/Desktop/car_d/car_ws/install/service_interface/include/service_interface/srv/detail/poly_line_intersection_check__builder.hpp
[0.628s] -- Up-to-date: /home/tan/Desktop/car_d/car_ws/install/service_interface/include/service_interface/srv/velocity_boundary_check.hpp
[0.628s] -- Up-to-date: /home/tan/Desktop/car_d/car_ws/install/service_interface/include/service_interface
[0.628s] -- Up-to-date: /home/tan/Desktop/car_d/car_ws/install/service_interface/include/service_interface/srv
[0.628s] -- Up-to-date: /home/tan/Desktop/car_d/car_ws/install/service_interface/include/service_interface/srv/detail
[0.628s] -- Up-to-date: /home/tan/Desktop/car_d/car_ws/install/service_interface/include/service_interface/srv/detail/velocity_boundary_check__type_support.cpp
[0.629s] -- Up-to-date: /home/tan/Desktop/car_d/car_ws/install/service_interface/include/service_interface/srv/detail/poly_line_intersection_check__type_support.cpp
[0.629s] -- Up-to-date: /home/tan/Desktop/car_d/car_ws/install/service_interface/include/service_interface/srv/detail/force__type_support.cpp
[0.629s] -- Up-to-date: /home/tan/Desktop/car_d/car_ws/install/service_interface/include/service_interface/srv/detail/ready__type_support.cpp
[0.629s] -- Up-to-date: /home/tan/Desktop/car_d/car_ws/install/service_interface/include/service_interface/srv/detail/force_boundary_check__rosidl_typesupport_introspection_cpp.hpp
[0.629s] -- Up-to-date: /home/tan/Desktop/car_d/car_ws/install/service_interface/include/service_interface/srv/detail/ready__rosidl_typesupport_introspection_cpp.hpp
[0.629s] -- Up-to-date: /home/tan/Desktop/car_d/car_ws/install/service_interface/include/service_interface/srv/detail/force__rosidl_typesupport_introspection_cpp.hpp
[0.629s] -- Up-to-date: /home/tan/Desktop/car_d/car_ws/install/service_interface/include/service_interface/srv/detail/force_boundary_check__type_support.cpp
[0.629s] -- Up-to-date: /home/tan/Desktop/car_d/car_ws/install/service_interface/include/service_interface/srv/detail/velocity_boundary_check__rosidl_typesupport_introspection_cpp.hpp
[0.629s] -- Up-to-date: /home/tan/Desktop/car_d/car_ws/install/service_interface/include/service_interface/srv/detail/location__rosidl_typesupport_introspection_cpp.hpp
[0.629s] -- Up-to-date: /home/tan/Desktop/car_d/car_ws/install/service_interface/include/service_interface/srv/detail/poly_line_intersection_check__rosidl_typesupport_introspection_cpp.hpp
[0.630s] -- Up-to-date: /home/tan/Desktop/car_d/car_ws/install/service_interface/include/service_interface/srv/detail/location__type_support.cpp
[0.630s] -- Up-to-date: /home/tan/Desktop/car_d/car_ws/install/service_interface/lib/libservice_interface__rosidl_typesupport_introspection_cpp.so
[0.630s] -- Up-to-date: /home/tan/Desktop/car_d/car_ws/install/service_interface/lib/libservice_interface__rosidl_typesupport_cpp.so
[0.630s] -- Up-to-date: /home/tan/Desktop/car_d/car_ws/install/service_interface/share/service_interface/environment/pythonpath.sh
[0.630s] -- Up-to-date: /home/tan/Desktop/car_d/car_ws/install/service_interface/share/service_interface/environment/pythonpath.dsv
[0.630s] -- Up-to-date: /home/tan/Desktop/car_d/car_ws/install/service_interface/lib/python3.8/site-packages/service_interface/__init__.py
[0.635s] -- Up-to-date: /home/tan/Desktop/car_d/car_ws/install/service_interface/lib/python3.8/site-packages/service_interface/srv
[0.635s] -- Up-to-date: /home/tan/Desktop/car_d/car_ws/install/service_interface/lib/python3.8/site-packages/service_interface/srv/_force_boundary_check_s.c
[0.635s] -- Up-to-date: /home/tan/Desktop/car_d/car_ws/install/service_interface/lib/python3.8/site-packages/service_interface/srv/_ready.py
[0.635s] -- Up-to-date: /home/tan/Desktop/car_d/car_ws/install/service_interface/lib/python3.8/site-packages/service_interface/srv/_force_s.c
[0.635s] -- Up-to-date: /home/tan/Desktop/car_d/car_ws/install/service_interface/lib/python3.8/site-packages/service_interface/srv/_force_boundary_check.py
[0.636s] -- Up-to-date: /home/tan/Desktop/car_d/car_ws/install/service_interface/lib/python3.8/site-packages/service_interface/srv/_poly_line_intersection_check.py
[0.636s] -- Up-to-date: /home/tan/Desktop/car_d/car_ws/install/service_interface/lib/python3.8/site-packages/service_interface/srv/_velocity_boundary_check_s.c
[0.636s] -- Up-to-date: /home/tan/Desktop/car_d/car_ws/install/service_interface/lib/python3.8/site-packages/service_interface/srv/_ready_s.c
[0.636s] -- Up-to-date: /home/tan/Desktop/car_d/car_ws/install/service_interface/lib/python3.8/site-packages/service_interface/srv/_force.py
[0.637s] -- Up-to-date: /home/tan/Desktop/car_d/car_ws/install/service_interface/lib/python3.8/site-packages/service_interface/srv/_location.py
[0.637s] -- Up-to-date: /home/tan/Desktop/car_d/car_ws/install/service_interface/lib/python3.8/site-packages/service_interface/srv/__init__.py
[0.637s] -- Up-to-date: /home/tan/Desktop/car_d/car_ws/install/service_interface/lib/python3.8/site-packages/service_interface/srv/_velocity_boundary_check.py
[0.637s] -- Up-to-date: /home/tan/Desktop/car_d/car_ws/install/service_interface/lib/python3.8/site-packages/service_interface/srv/_location_s.c
[0.642s] -- Up-to-date: /home/tan/Desktop/car_d/car_ws/install/service_interface/lib/python3.8/site-packages/service_interface/srv/_poly_line_intersection_check_s.c
[0.642s] -- Up-to-date: /home/tan/Desktop/car_d/car_ws/install/service_interface/lib/python3.8/site-packages/service_interface/service_interface_s__rosidl_typesupport_fastrtps_c.cpython-38-x86_64-linux-gnu.so
[0.642s] -- Up-to-date: /home/tan/Desktop/car_d/car_ws/install/service_interface/lib/python3.8/site-packages/service_interface/service_interface_s__rosidl_typesupport_introspection_c.cpython-38-x86_64-linux-gnu.so
[0.642s] -- Up-to-date: /home/tan/Desktop/car_d/car_ws/install/service_interface/lib/python3.8/site-packages/service_interface/service_interface_s__rosidl_typesupport_c.cpython-38-x86_64-linux-gnu.so
[0.643s] -- Up-to-date: /home/tan/Desktop/car_d/car_ws/install/service_interface/lib/libservice_interface__python.so
[0.643s] -- Up-to-date: /home/tan/Desktop/car_d/car_ws/install/service_interface/share/service_interface/srv/Force.idl
[0.643s] -- Up-to-date: /home/tan/Desktop/car_d/car_ws/install/service_interface/share/service_interface/srv/Location.idl
[0.643s] -- Up-to-date: /home/tan/Desktop/car_d/car_ws/install/service_interface/share/service_interface/srv/ForceBoundaryCheck.idl
[0.643s] -- Up-to-date: /home/tan/Desktop/car_d/car_ws/install/service_interface/share/service_interface/srv/VelocityBoundaryCheck.idl
[0.643s] -- Up-to-date: /home/tan/Desktop/car_d/car_ws/install/service_interface/share/service_interface/srv/PolyLineIntersectionCheck.idl
[0.644s] -- Up-to-date: /home/tan/Desktop/car_d/car_ws/install/service_interface/share/service_interface/srv/Ready.idl
[0.644s] -- Up-to-date: /home/tan/Desktop/car_d/car_ws/install/service_interface/share/service_interface/srv/Force.srv
[0.644s] -- Up-to-date: /home/tan/Desktop/car_d/car_ws/install/service_interface/share/service_interface/srv/Force_Request.msg
[0.644s] -- Up-to-date: /home/tan/Desktop/car_d/car_ws/install/service_interface/share/service_interface/srv/Force_Response.msg
[0.648s] -- Up-to-date: /home/tan/Desktop/car_d/car_ws/install/service_interface/share/service_interface/srv/Location.srv
[0.649s] -- Up-to-date: /home/tan/Desktop/car_d/car_ws/install/service_interface/share/service_interface/srv/Location_Request.msg
[0.649s] -- Up-to-date: /home/tan/Desktop/car_d/car_ws/install/service_interface/share/service_interface/srv/Location_Response.msg
[0.649s] -- Up-to-date: /home/tan/Desktop/car_d/car_ws/install/service_interface/share/service_interface/srv/ForceBoundaryCheck.srv
[0.649s] -- Up-to-date: /home/tan/Desktop/car_d/car_ws/install/service_interface/share/service_interface/srv/ForceBoundaryCheck_Request.msg
[0.649s] -- Up-to-date: /home/tan/Desktop/car_d/car_ws/install/service_interface/share/service_interface/srv/ForceBoundaryCheck_Response.msg
[0.649s] -- Up-to-date: /home/tan/Desktop/car_d/car_ws/install/service_interface/share/service_interface/srv/VelocityBoundaryCheck.srv
[0.650s] -- Up-to-date: /home/tan/Desktop/car_d/car_ws/install/service_interface/share/service_interface/srv/VelocityBoundaryCheck_Request.msg
[0.650s] -- Up-to-date: /home/tan/Desktop/car_d/car_ws/install/service_interface/share/service_interface/srv/VelocityBoundaryCheck_Response.msg
[0.650s] -- Up-to-date: /home/tan/Desktop/car_d/car_ws/install/service_interface/share/service_interface/srv/PolyLineIntersectionCheck.srv
[0.650s] -- Up-to-date: /home/tan/Desktop/car_d/car_ws/install/service_interface/share/service_interface/srv/PolyLineIntersectionCheck_Request.msg
[0.655s] -- Up-to-date: /home/tan/Desktop/car_d/car_ws/install/service_interface/share/service_interface/srv/PolyLineIntersectionCheck_Response.msg
[0.655s] -- Up-to-date: /home/tan/Desktop/car_d/car_ws/install/service_interface/share/service_interface/srv/Ready.srv
[0.655s] -- Up-to-date: /home/tan/Desktop/car_d/car_ws/install/service_interface/share/service_interface/srv/Ready_Request.msg
[0.655s] -- Up-to-date: /home/tan/Desktop/car_d/car_ws/install/service_interface/share/service_interface/srv/Ready_Response.msg
[0.655s] -- Up-to-date: /home/tan/Desktop/car_d/car_ws/install/service_interface/share/ament_index/resource_index/package_run_dependencies/service_interface
[0.656s] -- Up-to-date: /home/tan/Desktop/car_d/car_ws/install/service_interface/share/ament_index/resource_index/parent_prefix_path/service_interface
[0.656s] -- Up-to-date: /home/tan/Desktop/car_d/car_ws/install/service_interface/share/service_interface/environment/ament_prefix_path.sh
[0.656s] -- Up-to-date: /home/tan/Desktop/car_d/car_ws/install/service_interface/share/service_interface/environment/ament_prefix_path.dsv
[0.656s] -- Up-to-date: /home/tan/Desktop/car_d/car_ws/install/service_interface/share/service_interface/environment/path.sh
[0.656s] -- Up-to-date: /home/tan/Desktop/car_d/car_ws/install/service_interface/share/service_interface/environment/path.dsv
[0.657s] -- Up-to-date: /home/tan/Desktop/car_d/car_ws/install/service_interface/share/service_interface/local_setup.bash
[0.657s] -- Up-to-date: /home/tan/Desktop/car_d/car_ws/install/service_interface/share/service_interface/local_setup.sh
[0.657s] -- Up-to-date: /home/tan/Desktop/car_d/car_ws/install/service_interface/share/service_interface/local_setup.zsh
[0.657s] -- Up-to-date: /home/tan/Desktop/car_d/car_ws/install/service_interface/share/service_interface/local_setup.dsv
[0.657s] -- Installing: /home/tan/Desktop/car_d/car_ws/install/service_interface/share/service_interface/package.dsv
[0.657s] -- Up-to-date: /home/tan/Desktop/car_d/car_ws/install/service_interface/share/ament_index/resource_index/packages/service_interface
[0.657s] -- Up-to-date: /home/tan/Desktop/car_d/car_ws/install/service_interface/share/service_interface/cmake/service_interface__rosidl_generator_cExport.cmake
[0.658s] -- Up-to-date: /home/tan/Desktop/car_d/car_ws/install/service_interface/share/service_interface/cmake/service_interface__rosidl_generator_cExport-noconfig.cmake
[0.658s] -- Up-to-date: /home/tan/Desktop/car_d/car_ws/install/service_interface/share/service_interface/cmake/service_interface__rosidl_typesupport_introspection_cExport.cmake
[0.658s] -- Up-to-date: /home/tan/Desktop/car_d/car_ws/install/service_interface/share/service_interface/cmake/service_interface__rosidl_typesupport_introspection_cExport-noconfig.cmake
[0.658s] -- Up-to-date: /home/tan/Desktop/car_d/car_ws/install/service_interface/share/service_interface/cmake/service_interface__rosidl_typesupport_cExport.cmake
[0.659s] -- Up-to-date: /home/tan/Desktop/car_d/car_ws/install/service_interface/share/service_interface/cmake/service_interface__rosidl_typesupport_cExport-noconfig.cmake
[0.659s] -- Up-to-date: /home/tan/Desktop/car_d/car_ws/install/service_interface/share/service_interface/cmake/service_interface__rosidl_generator_cppExport.cmake
[0.660s] -- Up-to-date: /home/tan/Desktop/car_d/car_ws/install/service_interface/share/service_interface/cmake/service_interface__rosidl_typesupport_introspection_cppExport.cmake
[0.660s] -- Up-to-date: /home/tan/Desktop/car_d/car_ws/install/service_interface/share/service_interface/cmake/service_interface__rosidl_typesupport_introspection_cppExport-noconfig.cmake
[0.660s] -- Up-to-date: /home/tan/Desktop/car_d/car_ws/install/service_interface/share/service_interface/cmake/service_interface__rosidl_typesupport_cppExport.cmake
[0.660s] -- Up-to-date: /home/tan/Desktop/car_d/car_ws/install/service_interface/share/service_interface/cmake/service_interface__rosidl_typesupport_cppExport-noconfig.cmake
[0.668s] -- Up-to-date: /home/tan/Desktop/car_d/car_ws/install/service_interface/share/service_interface/cmake/rosidl_cmake-extras.cmake
[0.668s] -- Up-to-date: /home/tan/Desktop/car_d/car_ws/install/service_interface/share/service_interface/cmake/ament_cmake_export_dependencies-extras.cmake
[0.668s] -- Up-to-date: /home/tan/Desktop/car_d/car_ws/install/service_interface/share/service_interface/cmake/ament_cmake_export_libraries-extras.cmake
[0.668s] -- Up-to-date: /home/tan/Desktop/car_d/car_ws/install/service_interface/share/service_interface/cmake/ament_cmake_export_targets-extras.cmake
[0.668s] -- Up-to-date: /home/tan/Desktop/car_d/car_ws/install/service_interface/share/service_interface/cmake/ament_cmake_export_include_directories-extras.cmake
[0.669s] -- Up-to-date: /home/tan/Desktop/car_d/car_ws/install/service_interface/share/service_interface/cmake/rosidl_cmake_export_typesupport_libraries-extras.cmake
[0.669s] -- Up-to-date: /home/tan/Desktop/car_d/car_ws/install/service_interface/share/service_interface/cmake/rosidl_cmake_export_typesupport_targets-extras.cmake
[0.669s] -- Up-to-date: /home/tan/Desktop/car_d/car_ws/install/service_interface/share/service_interface/cmake/service_interfaceConfig.cmake
[0.669s] -- Up-to-date: /home/tan/Desktop/car_d/car_ws/install/service_interface/share/service_interface/cmake/service_interfaceConfig-version.cmake
[0.669s] -- Up-to-date: /home/tan/Desktop/car_d/car_ws/install/service_interface/share/service_interface/package.xml
[0.670s] Invoked command in '/home/tan/Desktop/car_d/car_ws/build/service_interface' returned '0': CMAKE_PREFIX_PATH=${CMAKE_PREFIX_PATH}:/opt/ros/foxy /usr/bin/cmake --install /home/tan/Desktop/car_d/car_ws/build/service_interface
