[0.049s] Invoking command in '/home/tan/Desktop/car_d/car_ws/build/service_interface': CMAKE_PREFIX_PATH=${CMAKE_PREFIX_PATH}:/opt/ros/foxy /usr/bin/cmake --build /home/tan/Desktop/car_d/car_ws/build/service_interface -- -j16 -l16
[0.109s] [  1%] Built target service_interface__cpp
[0.112s] [ 12%] Built target service_interface__rosidl_generator_c
[0.159s] [ 25%] Built target service_interface__rosidl_typesupport_cpp
[0.161s] [ 35%] Built target service_interface__rosidl_typesupport_introspection_cpp
[0.174s] [ 46%] Built target service_interface__rosidl_typesupport_fastrtps_cpp
[0.175s] [ 57%] Built target service_interface__rosidl_typesupport_c
[0.176s] [ 69%] Built target service_interface__rosidl_typesupport_introspection_c
[0.215s] [ 80%] Built target service_interface__rosidl_typesupport_fastrtps_c
[0.236s] [ 80%] Built target service_interface
[0.257s] [ 81%] Built target service_interface__py
[0.291s] [ 91%] Built target service_interface__python
[0.331s] [ 94%] Built target service_interface__rosidl_typesupport_fastrtps_c__pyext
[0.331s] [ 97%] Built target service_interface__rosidl_typesupport_introspection_c__pyext
[0.332s] [100%] Built target service_interface__rosidl_typesupport_c__pyext
[0.343s] Invoked command in '/home/tan/Desktop/car_d/car_ws/build/service_interface' returned '0': CMAKE_PREFIX_PATH=${CMAKE_PREFIX_PATH}:/opt/ros/foxy /usr/bin/cmake --build /home/tan/Desktop/car_d/car_ws/build/service_interface -- -j16 -l16
[0.485s] Invoking command in '/home/tan/Desktop/car_d/car_ws/build/service_interface': CMAKE_PREFIX_PATH=${CMAKE_PREFIX_PATH}:/opt/ros/foxy /usr/bin/cmake --install /home/tan/Desktop/car_d/car_ws/build/service_interface
[0.506s] -- Install configuration: ""
[0.510s] -- Up-to-date: /home/tan/Desktop/car_d/car_ws/install/service_interface/share/ament_index/resource_index/rosidl_interfaces/service_interface
[0.510s] -- Up-to-date: /home/tan/Desktop/car_d/car_ws/install/service_interface/include/service_interface
[0.511s] -- Up-to-date: /home/tan/Desktop/car_d/car_ws/install/service_interface/include/service_interface/srv
[0.511s] -- Up-to-date: /home/tan/Desktop/car_d/car_ws/install/service_interface/include/service_interface/srv/force_boundary_check.h
[0.511s] -- Up-to-date: /home/tan/Desktop/car_d/car_ws/install/service_interface/include/service_interface/srv/force.h
[0.512s] -- Up-to-date: /home/tan/Desktop/car_d/car_ws/install/service_interface/include/service_interface/srv/detail
[0.512s] -- Up-to-date: /home/tan/Desktop/car_d/car_ws/install/service_interface/include/service_interface/srv/detail/force__functions.h
[0.512s] -- Up-to-date: /home/tan/Desktop/car_d/car_ws/install/service_interface/include/service_interface/srv/detail/velocity_boundary_check__type_support.h
[0.512s] -- Up-to-date: /home/tan/Desktop/car_d/car_ws/install/service_interface/include/service_interface/srv/detail/location__type_support.h
[0.513s] -- Up-to-date: /home/tan/Desktop/car_d/car_ws/install/service_interface/include/service_interface/srv/detail/ready__functions.h
[0.513s] -- Up-to-date: /home/tan/Desktop/car_d/car_ws/install/service_interface/include/service_interface/srv/detail/location__struct.h
[0.513s] -- Up-to-date: /home/tan/Desktop/car_d/car_ws/install/service_interface/include/service_interface/srv/detail/force__struct.h
[0.514s] -- Up-to-date: /home/tan/Desktop/car_d/car_ws/install/service_interface/include/service_interface/srv/detail/ready__struct.h
[0.514s] -- Up-to-date: /home/tan/Desktop/car_d/car_ws/install/service_interface/include/service_interface/srv/detail/ready__type_support.h
[0.514s] -- Up-to-date: /home/tan/Desktop/car_d/car_ws/install/service_interface/include/service_interface/srv/detail/ready__functions.c
[0.515s] -- Up-to-date: /home/tan/Desktop/car_d/car_ws/install/service_interface/include/service_interface/srv/detail/velocity_boundary_check__functions.c
[0.515s] -- Up-to-date: /home/tan/Desktop/car_d/car_ws/install/service_interface/include/service_interface/srv/detail/force_boundary_check__functions.h
[0.515s] -- Up-to-date: /home/tan/Desktop/car_d/car_ws/install/service_interface/include/service_interface/srv/detail/poly_line_intersection_check__functions.h
[0.515s] -- Up-to-date: /home/tan/Desktop/car_d/car_ws/install/service_interface/include/service_interface/srv/detail/velocity_boundary_check__struct.h
[0.516s] -- Up-to-date: /home/tan/Desktop/car_d/car_ws/install/service_interface/include/service_interface/srv/detail/poly_line_intersection_check__functions.c
[0.517s] -- Up-to-date: /home/tan/Desktop/car_d/car_ws/install/service_interface/include/service_interface/srv/detail/force_boundary_check__functions.c
[0.517s] -- Up-to-date: /home/tan/Desktop/car_d/car_ws/install/service_interface/include/service_interface/srv/detail/force_boundary_check__type_support.h
[0.517s] -- Up-to-date: /home/tan/Desktop/car_d/car_ws/install/service_interface/include/service_interface/srv/detail/force__type_support.h
[0.517s] -- Up-to-date: /home/tan/Desktop/car_d/car_ws/install/service_interface/include/service_interface/srv/detail/poly_line_intersection_check__type_support.h
[0.518s] -- Up-to-date: /home/tan/Desktop/car_d/car_ws/install/service_interface/include/service_interface/srv/detail/poly_line_intersection_check__struct.h
[0.518s] -- Up-to-date: /home/tan/Desktop/car_d/car_ws/install/service_interface/include/service_interface/srv/detail/force__functions.c
[0.519s] -- Up-to-date: /home/tan/Desktop/car_d/car_ws/install/service_interface/include/service_interface/srv/detail/location__functions.c
[0.524s] -- Up-to-date: /home/tan/Desktop/car_d/car_ws/install/service_interface/include/service_interface/srv/detail/force_boundary_check__struct.h
[0.525s] -- Up-to-date: /home/tan/Desktop/car_d/car_ws/install/service_interface/include/service_interface/srv/detail/location__functions.h
[0.525s] -- Up-to-date: /home/tan/Desktop/car_d/car_ws/install/service_interface/include/service_interface/srv/detail/velocity_boundary_check__functions.h
[0.525s] -- Up-to-date: /home/tan/Desktop/car_d/car_ws/install/service_interface/include/service_interface/srv/velocity_boundary_check.h
[0.525s] -- Up-to-date: /home/tan/Desktop/car_d/car_ws/install/service_interface/include/service_interface/srv/ready.h
[0.525s] -- Up-to-date: /home/tan/Desktop/car_d/car_ws/install/service_interface/include/service_interface/srv/location.h
[0.526s] -- Up-to-date: /home/tan/Desktop/car_d/car_ws/install/service_interface/include/service_interface/srv/poly_line_intersection_check.h
[0.526s] -- Up-to-date: /home/tan/Desktop/car_d/car_ws/install/service_interface/include/service_interface/msg
[0.526s] -- Up-to-date: /home/tan/Desktop/car_d/car_ws/install/service_interface/include/service_interface/msg/rosidl_generator_c__visibility_control.h
[0.526s] -- Up-to-date: /home/tan/Desktop/car_d/car_ws/install/service_interface/share/service_interface/environment/library_path.sh
[0.527s] -- Up-to-date: /home/tan/Desktop/car_d/car_ws/install/service_interface/share/service_interface/environment/library_path.dsv
[0.527s] -- Up-to-date: /home/tan/Desktop/car_d/car_ws/install/service_interface/lib/libservice_interface__rosidl_generator_c.so
[0.527s] -- Up-to-date: /home/tan/Desktop/car_d/car_ws/install/service_interface/include/service_interface
[0.527s] -- Up-to-date: /home/tan/Desktop/car_d/car_ws/install/service_interface/include/service_interface/srv
[0.527s] -- Up-to-date: /home/tan/Desktop/car_d/car_ws/install/service_interface/include/service_interface/srv/detail
[0.527s] -- Up-to-date: /home/tan/Desktop/car_d/car_ws/install/service_interface/include/service_interface/srv/detail/force_boundary_check__rosidl_typesupport_fastrtps_c.h
[0.528s] -- Up-to-date: /home/tan/Desktop/car_d/car_ws/install/service_interface/include/service_interface/srv/detail/location__rosidl_typesupport_fastrtps_c.h
[0.528s] -- Up-to-date: /home/tan/Desktop/car_d/car_ws/install/service_interface/include/service_interface/srv/detail/velocity_boundary_check__rosidl_typesupport_fastrtps_c.h
[0.528s] -- Up-to-date: /home/tan/Desktop/car_d/car_ws/install/service_interface/include/service_interface/srv/detail/ready__rosidl_typesupport_fastrtps_c.h
[0.528s] -- Up-to-date: /home/tan/Desktop/car_d/car_ws/install/service_interface/include/service_interface/srv/detail/force__rosidl_typesupport_fastrtps_c.h
[0.528s] -- Up-to-date: /home/tan/Desktop/car_d/car_ws/install/service_interface/include/service_interface/srv/detail/poly_line_intersection_check__rosidl_typesupport_fastrtps_c.h
[0.528s] -- Up-to-date: /home/tan/Desktop/car_d/car_ws/install/service_interface/include/service_interface/msg
[0.529s] -- Up-to-date: /home/tan/Desktop/car_d/car_ws/install/service_interface/include/service_interface/msg/rosidl_typesupport_fastrtps_c__visibility_control.h
[0.529s] -- Up-to-date: /home/tan/Desktop/car_d/car_ws/install/service_interface/lib/libservice_interface__rosidl_typesupport_fastrtps_c.so
[0.529s] -- Up-to-date: /home/tan/Desktop/car_d/car_ws/install/service_interface/include/service_interface
[0.529s] -- Up-to-date: /home/tan/Desktop/car_d/car_ws/install/service_interface/include/service_interface/srv
[0.530s] -- Up-to-date: /home/tan/Desktop/car_d/car_ws/install/service_interface/include/service_interface/srv/detail
[0.530s] -- Up-to-date: /home/tan/Desktop/car_d/car_ws/install/service_interface/include/service_interface/srv/detail/velocity_boundary_check__rosidl_typesupport_fastrtps_cpp.hpp
[0.530s] -- Up-to-date: /home/tan/Desktop/car_d/car_ws/install/service_interface/include/service_interface/srv/detail/ready__rosidl_typesupport_fastrtps_cpp.hpp
[0.530s] -- Up-to-date: /home/tan/Desktop/car_d/car_ws/install/service_interface/include/service_interface/srv/detail/location__rosidl_typesupport_fastrtps_cpp.hpp
[0.531s] -- Up-to-date: /home/tan/Desktop/car_d/car_ws/install/service_interface/include/service_interface/srv/detail/dds_fastrtps
[0.531s] -- Up-to-date: /home/tan/Desktop/car_d/car_ws/install/service_interface/include/service_interface/srv/detail/force_boundary_check__rosidl_typesupport_fastrtps_cpp.hpp
[0.531s] -- Up-to-date: /home/tan/Desktop/car_d/car_ws/install/service_interface/include/service_interface/srv/detail/poly_line_intersection_check__rosidl_typesupport_fastrtps_cpp.hpp
[0.532s] -- Up-to-date: /home/tan/Desktop/car_d/car_ws/install/service_interface/include/service_interface/srv/detail/force__rosidl_typesupport_fastrtps_cpp.hpp
[0.536s] -- Up-to-date: /home/tan/Desktop/car_d/car_ws/install/service_interface/include/service_interface/msg
[0.536s] -- Up-to-date: /home/tan/Desktop/car_d/car_ws/install/service_interface/include/service_interface/msg/rosidl_typesupport_fastrtps_cpp__visibility_control.h
[0.536s] -- Up-to-date: /home/tan/Desktop/car_d/car_ws/install/service_interface/lib/libservice_interface__rosidl_typesupport_fastrtps_cpp.so
[0.537s] -- Up-to-date: /home/tan/Desktop/car_d/car_ws/install/service_interface/include/service_interface
[0.537s] -- Up-to-date: /home/tan/Desktop/car_d/car_ws/install/service_interface/include/service_interface/srv
[0.537s] -- Up-to-date: /home/tan/Desktop/car_d/car_ws/install/service_interface/include/service_interface/srv/detail
[0.537s] -- Up-to-date: /home/tan/Desktop/car_d/car_ws/install/service_interface/include/service_interface/srv/detail/poly_line_intersection_check__rosidl_typesupport_introspection_c.h
[0.538s] -- Up-to-date: /home/tan/Desktop/car_d/car_ws/install/service_interface/include/service_interface/srv/detail/velocity_boundary_check__rosidl_typesupport_introspection_c.h
[0.538s] -- Up-to-date: /home/tan/Desktop/car_d/car_ws/install/service_interface/include/service_interface/srv/detail/force_boundary_check__type_support.c
[0.538s] -- Up-to-date: /home/tan/Desktop/car_d/car_ws/install/service_interface/include/service_interface/srv/detail/ready__type_support.c
[0.538s] -- Up-to-date: /home/tan/Desktop/car_d/car_ws/install/service_interface/include/service_interface/srv/detail/force__rosidl_typesupport_introspection_c.h
[0.539s] -- Up-to-date: /home/tan/Desktop/car_d/car_ws/install/service_interface/include/service_interface/srv/detail/location__rosidl_typesupport_introspection_c.h
[0.539s] -- Up-to-date: /home/tan/Desktop/car_d/car_ws/install/service_interface/include/service_interface/srv/detail/poly_line_intersection_check__type_support.c
[0.539s] -- Up-to-date: /home/tan/Desktop/car_d/car_ws/install/service_interface/include/service_interface/srv/detail/velocity_boundary_check__type_support.c
[0.544s] -- Up-to-date: /home/tan/Desktop/car_d/car_ws/install/service_interface/include/service_interface/srv/detail/force_boundary_check__rosidl_typesupport_introspection_c.h
[0.544s] -- Up-to-date: /home/tan/Desktop/car_d/car_ws/install/service_interface/include/service_interface/srv/detail/force__type_support.c
[0.545s] -- Up-to-date: /home/tan/Desktop/car_d/car_ws/install/service_interface/include/service_interface/srv/detail/location__type_support.c
[0.545s] -- Up-to-date: /home/tan/Desktop/car_d/car_ws/install/service_interface/include/service_interface/srv/detail/ready__rosidl_typesupport_introspection_c.h
[0.545s] -- Up-to-date: /home/tan/Desktop/car_d/car_ws/install/service_interface/include/service_interface/msg
[0.546s] -- Up-to-date: /home/tan/Desktop/car_d/car_ws/install/service_interface/include/service_interface/msg/rosidl_typesupport_introspection_c__visibility_control.h
[0.546s] -- Up-to-date: /home/tan/Desktop/car_d/car_ws/install/service_interface/lib/libservice_interface__rosidl_typesupport_introspection_c.so
[0.546s] -- Up-to-date: /home/tan/Desktop/car_d/car_ws/install/service_interface/lib/libservice_interface__rosidl_typesupport_c.so
[0.546s] -- Up-to-date: /home/tan/Desktop/car_d/car_ws/install/service_interface/include/service_interface
[0.547s] -- Up-to-date: /home/tan/Desktop/car_d/car_ws/install/service_interface/include/service_interface/srv
[0.547s] -- Up-to-date: /home/tan/Desktop/car_d/car_ws/install/service_interface/include/service_interface/srv/poly_line_intersection_check.hpp
[0.551s] -- Up-to-date: /home/tan/Desktop/car_d/car_ws/install/service_interface/include/service_interface/srv/force.hpp
[0.551s] -- Up-to-date: /home/tan/Desktop/car_d/car_ws/install/service_interface/include/service_interface/srv/ready.hpp
[0.551s] -- Up-to-date: /home/tan/Desktop/car_d/car_ws/install/service_interface/include/service_interface/srv/location.hpp
[0.552s] -- Up-to-date: /home/tan/Desktop/car_d/car_ws/install/service_interface/include/service_interface/srv/force_boundary_check.hpp
[0.552s] -- Up-to-date: /home/tan/Desktop/car_d/car_ws/install/service_interface/include/service_interface/srv/detail
[0.552s] -- Up-to-date: /home/tan/Desktop/car_d/car_ws/install/service_interface/include/service_interface/srv/detail/force_boundary_check__builder.hpp
[0.553s] -- Up-to-date: /home/tan/Desktop/car_d/car_ws/install/service_interface/include/service_interface/srv/detail/velocity_boundary_check__struct.hpp
[0.553s] -- Up-to-date: /home/tan/Desktop/car_d/car_ws/install/service_interface/include/service_interface/srv/detail/velocity_boundary_check__builder.hpp
[0.553s] -- Up-to-date: /home/tan/Desktop/car_d/car_ws/install/service_interface/include/service_interface/srv/detail/velocity_boundary_check__traits.hpp
[0.553s] -- Up-to-date: /home/tan/Desktop/car_d/car_ws/install/service_interface/include/service_interface/srv/detail/force__builder.hpp
[0.554s] -- Up-to-date: /home/tan/Desktop/car_d/car_ws/install/service_interface/include/service_interface/srv/detail/force_boundary_check__struct.hpp
[0.558s] -- Up-to-date: /home/tan/Desktop/car_d/car_ws/install/service_interface/include/service_interface/srv/detail/ready__builder.hpp
[0.558s] -- Up-to-date: /home/tan/Desktop/car_d/car_ws/install/service_interface/include/service_interface/srv/detail/ready__struct.hpp
[0.559s] -- Up-to-date: /home/tan/Desktop/car_d/car_ws/install/service_interface/include/service_interface/srv/detail/ready__traits.hpp
[0.559s] -- Up-to-date: /home/tan/Desktop/car_d/car_ws/install/service_interface/include/service_interface/srv/detail/poly_line_intersection_check__traits.hpp
[0.559s] -- Up-to-date: /home/tan/Desktop/car_d/car_ws/install/service_interface/include/service_interface/srv/detail/force__traits.hpp
[0.559s] -- Up-to-date: /home/tan/Desktop/car_d/car_ws/install/service_interface/include/service_interface/srv/detail/location__struct.hpp
[0.560s] -- Up-to-date: /home/tan/Desktop/car_d/car_ws/install/service_interface/include/service_interface/srv/detail/location__traits.hpp
[0.560s] -- Up-to-date: /home/tan/Desktop/car_d/car_ws/install/service_interface/include/service_interface/srv/detail/poly_line_intersection_check__struct.hpp
[0.560s] -- Up-to-date: /home/tan/Desktop/car_d/car_ws/install/service_interface/include/service_interface/srv/detail/force__struct.hpp
[0.560s] -- Up-to-date: /home/tan/Desktop/car_d/car_ws/install/service_interface/include/service_interface/srv/detail/force_boundary_check__traits.hpp
[0.561s] -- Up-to-date: /home/tan/Desktop/car_d/car_ws/install/service_interface/include/service_interface/srv/detail/location__builder.hpp
[0.561s] -- Up-to-date: /home/tan/Desktop/car_d/car_ws/install/service_interface/include/service_interface/srv/detail/poly_line_intersection_check__builder.hpp
[0.561s] -- Up-to-date: /home/tan/Desktop/car_d/car_ws/install/service_interface/include/service_interface/srv/velocity_boundary_check.hpp
[0.561s] -- Up-to-date: /home/tan/Desktop/car_d/car_ws/install/service_interface/include/service_interface
[0.562s] -- Up-to-date: /home/tan/Desktop/car_d/car_ws/install/service_interface/include/service_interface/srv
[0.562s] -- Up-to-date: /home/tan/Desktop/car_d/car_ws/install/service_interface/include/service_interface/srv/detail
[0.562s] -- Up-to-date: /home/tan/Desktop/car_d/car_ws/install/service_interface/include/service_interface/srv/detail/velocity_boundary_check__type_support.cpp
[0.562s] -- Up-to-date: /home/tan/Desktop/car_d/car_ws/install/service_interface/include/service_interface/srv/detail/poly_line_intersection_check__type_support.cpp
[0.563s] -- Up-to-date: /home/tan/Desktop/car_d/car_ws/install/service_interface/include/service_interface/srv/detail/force__type_support.cpp
[0.563s] -- Up-to-date: /home/tan/Desktop/car_d/car_ws/install/service_interface/include/service_interface/srv/detail/ready__type_support.cpp
[0.563s] -- Up-to-date: /home/tan/Desktop/car_d/car_ws/install/service_interface/include/service_interface/srv/detail/force_boundary_check__rosidl_typesupport_introspection_cpp.hpp
[0.564s] -- Up-to-date: /home/tan/Desktop/car_d/car_ws/install/service_interface/include/service_interface/srv/detail/ready__rosidl_typesupport_introspection_cpp.hpp
[0.565s] -- Up-to-date: /home/tan/Desktop/car_d/car_ws/install/service_interface/include/service_interface/srv/detail/force__rosidl_typesupport_introspection_cpp.hpp
[0.565s] -- Up-to-date: /home/tan/Desktop/car_d/car_ws/install/service_interface/include/service_interface/srv/detail/force_boundary_check__type_support.cpp
[0.566s] -- Up-to-date: /home/tan/Desktop/car_d/car_ws/install/service_interface/include/service_interface/srv/detail/velocity_boundary_check__rosidl_typesupport_introspection_cpp.hpp
[0.566s] -- Up-to-date: /home/tan/Desktop/car_d/car_ws/install/service_interface/include/service_interface/srv/detail/location__rosidl_typesupport_introspection_cpp.hpp
[0.566s] -- Up-to-date: /home/tan/Desktop/car_d/car_ws/install/service_interface/include/service_interface/srv/detail/poly_line_intersection_check__rosidl_typesupport_introspection_cpp.hpp
[0.567s] -- Up-to-date: /home/tan/Desktop/car_d/car_ws/install/service_interface/include/service_interface/srv/detail/location__type_support.cpp
[0.573s] -- Up-to-date: /home/tan/Desktop/car_d/car_ws/install/service_interface/lib/libservice_interface__rosidl_typesupport_introspection_cpp.so
[0.575s] -- Up-to-date: /home/tan/Desktop/car_d/car_ws/install/service_interface/lib/libservice_interface__rosidl_typesupport_cpp.so
[0.575s] -- Up-to-date: /home/tan/Desktop/car_d/car_ws/install/service_interface/share/service_interface/environment/pythonpath.sh
[0.575s] -- Up-to-date: /home/tan/Desktop/car_d/car_ws/install/service_interface/share/service_interface/environment/pythonpath.dsv
[0.575s] -- Up-to-date: /home/tan/Desktop/car_d/car_ws/install/service_interface/lib/python3.8/site-packages/service_interface/__init__.py
[0.576s] -- Up-to-date: /home/tan/Desktop/car_d/car_ws/install/service_interface/lib/python3.8/site-packages/service_interface/srv
[0.576s] -- Up-to-date: /home/tan/Desktop/car_d/car_ws/install/service_interface/lib/python3.8/site-packages/service_interface/srv/_force_boundary_check_s.c
[0.576s] -- Up-to-date: /home/tan/Desktop/car_d/car_ws/install/service_interface/lib/python3.8/site-packages/service_interface/srv/_ready.py
[0.576s] -- Up-to-date: /home/tan/Desktop/car_d/car_ws/install/service_interface/lib/python3.8/site-packages/service_interface/srv/_force_s.c
[0.577s] -- Up-to-date: /home/tan/Desktop/car_d/car_ws/install/service_interface/lib/python3.8/site-packages/service_interface/srv/_force_boundary_check.py
[0.577s] -- Up-to-date: /home/tan/Desktop/car_d/car_ws/install/service_interface/lib/python3.8/site-packages/service_interface/srv/_poly_line_intersection_check.py
[0.577s] -- Up-to-date: /home/tan/Desktop/car_d/car_ws/install/service_interface/lib/python3.8/site-packages/service_interface/srv/_velocity_boundary_check_s.c
[0.577s] -- Up-to-date: /home/tan/Desktop/car_d/car_ws/install/service_interface/lib/python3.8/site-packages/service_interface/srv/_ready_s.c
[0.577s] -- Up-to-date: /home/tan/Desktop/car_d/car_ws/install/service_interface/lib/python3.8/site-packages/service_interface/srv/_force.py
[0.577s] -- Up-to-date: /home/tan/Desktop/car_d/car_ws/install/service_interface/lib/python3.8/site-packages/service_interface/srv/_location.py
[0.577s] -- Up-to-date: /home/tan/Desktop/car_d/car_ws/install/service_interface/lib/python3.8/site-packages/service_interface/srv/__init__.py
[0.578s] -- Up-to-date: /home/tan/Desktop/car_d/car_ws/install/service_interface/lib/python3.8/site-packages/service_interface/srv/_velocity_boundary_check.py
[0.578s] -- Up-to-date: /home/tan/Desktop/car_d/car_ws/install/service_interface/lib/python3.8/site-packages/service_interface/srv/_location_s.c
[0.578s] -- Up-to-date: /home/tan/Desktop/car_d/car_ws/install/service_interface/lib/python3.8/site-packages/service_interface/srv/_poly_line_intersection_check_s.c
[0.578s] -- Up-to-date: /home/tan/Desktop/car_d/car_ws/install/service_interface/lib/python3.8/site-packages/service_interface/service_interface_s__rosidl_typesupport_fastrtps_c.cpython-38-x86_64-linux-gnu.so
[0.578s] -- Up-to-date: /home/tan/Desktop/car_d/car_ws/install/service_interface/lib/python3.8/site-packages/service_interface/service_interface_s__rosidl_typesupport_introspection_c.cpython-38-x86_64-linux-gnu.so
[0.578s] -- Up-to-date: /home/tan/Desktop/car_d/car_ws/install/service_interface/lib/python3.8/site-packages/service_interface/service_interface_s__rosidl_typesupport_c.cpython-38-x86_64-linux-gnu.so
[0.578s] -- Up-to-date: /home/tan/Desktop/car_d/car_ws/install/service_interface/lib/libservice_interface__python.so
[0.579s] -- Up-to-date: /home/tan/Desktop/car_d/car_ws/install/service_interface/share/service_interface/srv/Force.idl
[0.579s] -- Up-to-date: /home/tan/Desktop/car_d/car_ws/install/service_interface/share/service_interface/srv/Location.idl
[0.579s] -- Up-to-date: /home/tan/Desktop/car_d/car_ws/install/service_interface/share/service_interface/srv/ForceBoundaryCheck.idl
[0.579s] -- Up-to-date: /home/tan/Desktop/car_d/car_ws/install/service_interface/share/service_interface/srv/VelocityBoundaryCheck.idl
[0.579s] -- Up-to-date: /home/tan/Desktop/car_d/car_ws/install/service_interface/share/service_interface/srv/PolyLineIntersectionCheck.idl
[0.579s] -- Up-to-date: /home/tan/Desktop/car_d/car_ws/install/service_interface/share/service_interface/srv/Ready.idl
[0.579s] -- Up-to-date: /home/tan/Desktop/car_d/car_ws/install/service_interface/share/service_interface/srv/Force.srv
[0.579s] -- Up-to-date: /home/tan/Desktop/car_d/car_ws/install/service_interface/share/service_interface/srv/Force_Request.msg
[0.580s] -- Up-to-date: /home/tan/Desktop/car_d/car_ws/install/service_interface/share/service_interface/srv/Force_Response.msg
[0.580s] -- Up-to-date: /home/tan/Desktop/car_d/car_ws/install/service_interface/share/service_interface/srv/Location.srv
[0.580s] -- Up-to-date: /home/tan/Desktop/car_d/car_ws/install/service_interface/share/service_interface/srv/Location_Request.msg
[0.580s] -- Up-to-date: /home/tan/Desktop/car_d/car_ws/install/service_interface/share/service_interface/srv/Location_Response.msg
[0.586s] -- Up-to-date: /home/tan/Desktop/car_d/car_ws/install/service_interface/share/service_interface/srv/ForceBoundaryCheck.srv
[0.586s] -- Up-to-date: /home/tan/Desktop/car_d/car_ws/install/service_interface/share/service_interface/srv/ForceBoundaryCheck_Request.msg
[0.586s] -- Up-to-date: /home/tan/Desktop/car_d/car_ws/install/service_interface/share/service_interface/srv/ForceBoundaryCheck_Response.msg
[0.587s] -- Up-to-date: /home/tan/Desktop/car_d/car_ws/install/service_interface/share/service_interface/srv/VelocityBoundaryCheck.srv
[0.587s] -- Up-to-date: /home/tan/Desktop/car_d/car_ws/install/service_interface/share/service_interface/srv/VelocityBoundaryCheck_Request.msg
[0.588s] -- Up-to-date: /home/tan/Desktop/car_d/car_ws/install/service_interface/share/service_interface/srv/VelocityBoundaryCheck_Response.msg
[0.588s] -- Up-to-date: /home/tan/Desktop/car_d/car_ws/install/service_interface/share/service_interface/srv/PolyLineIntersectionCheck.srv
[0.588s] -- Up-to-date: /home/tan/Desktop/car_d/car_ws/install/service_interface/share/service_interface/srv/PolyLineIntersectionCheck_Request.msg
[0.588s] -- Up-to-date: /home/tan/Desktop/car_d/car_ws/install/service_interface/share/service_interface/srv/PolyLineIntersectionCheck_Response.msg
[0.589s] -- Up-to-date: /home/tan/Desktop/car_d/car_ws/install/service_interface/share/service_interface/srv/Ready.srv
[0.589s] -- Up-to-date: /home/tan/Desktop/car_d/car_ws/install/service_interface/share/service_interface/srv/Ready_Request.msg
[0.594s] -- Up-to-date: /home/tan/Desktop/car_d/car_ws/install/service_interface/share/service_interface/srv/Ready_Response.msg
[0.595s] -- Up-to-date: /home/tan/Desktop/car_d/car_ws/install/service_interface/share/ament_index/resource_index/package_run_dependencies/service_interface
[0.595s] -- Up-to-date: /home/tan/Desktop/car_d/car_ws/install/service_interface/share/ament_index/resource_index/parent_prefix_path/service_interface
[0.595s] -- Up-to-date: /home/tan/Desktop/car_d/car_ws/install/service_interface/share/service_interface/environment/ament_prefix_path.sh
[0.595s] -- Up-to-date: /home/tan/Desktop/car_d/car_ws/install/service_interface/share/service_interface/environment/ament_prefix_path.dsv
[0.595s] -- Up-to-date: /home/tan/Desktop/car_d/car_ws/install/service_interface/share/service_interface/environment/path.sh
[0.596s] -- Up-to-date: /home/tan/Desktop/car_d/car_ws/install/service_interface/share/service_interface/environment/path.dsv
[0.596s] -- Up-to-date: /home/tan/Desktop/car_d/car_ws/install/service_interface/share/service_interface/local_setup.bash
[0.596s] -- Up-to-date: /home/tan/Desktop/car_d/car_ws/install/service_interface/share/service_interface/local_setup.sh
[0.596s] -- Up-to-date: /home/tan/Desktop/car_d/car_ws/install/service_interface/share/service_interface/local_setup.zsh
[0.597s] -- Up-to-date: /home/tan/Desktop/car_d/car_ws/install/service_interface/share/service_interface/local_setup.dsv
[0.600s] -- Installing: /home/tan/Desktop/car_d/car_ws/install/service_interface/share/service_interface/package.dsv
[0.601s] -- Up-to-date: /home/tan/Desktop/car_d/car_ws/install/service_interface/share/ament_index/resource_index/packages/service_interface
[0.601s] -- Up-to-date: /home/tan/Desktop/car_d/car_ws/install/service_interface/share/service_interface/cmake/service_interface__rosidl_generator_cExport.cmake
[0.601s] -- Up-to-date: /home/tan/Desktop/car_d/car_ws/install/service_interface/share/service_interface/cmake/service_interface__rosidl_generator_cExport-noconfig.cmake
[0.601s] -- Up-to-date: /home/tan/Desktop/car_d/car_ws/install/service_interface/share/service_interface/cmake/service_interface__rosidl_typesupport_introspection_cExport.cmake
[0.602s] -- Up-to-date: /home/tan/Desktop/car_d/car_ws/install/service_interface/share/service_interface/cmake/service_interface__rosidl_typesupport_introspection_cExport-noconfig.cmake
[0.602s] -- Up-to-date: /home/tan/Desktop/car_d/car_ws/install/service_interface/share/service_interface/cmake/service_interface__rosidl_typesupport_cExport.cmake
[0.602s] -- Up-to-date: /home/tan/Desktop/car_d/car_ws/install/service_interface/share/service_interface/cmake/service_interface__rosidl_typesupport_cExport-noconfig.cmake
[0.602s] -- Up-to-date: /home/tan/Desktop/car_d/car_ws/install/service_interface/share/service_interface/cmake/service_interface__rosidl_generator_cppExport.cmake
[0.603s] -- Up-to-date: /home/tan/Desktop/car_d/car_ws/install/service_interface/share/service_interface/cmake/service_interface__rosidl_typesupport_introspection_cppExport.cmake
[0.606s] -- Up-to-date: /home/tan/Desktop/car_d/car_ws/install/service_interface/share/service_interface/cmake/service_interface__rosidl_typesupport_introspection_cppExport-noconfig.cmake
[0.607s] -- Up-to-date: /home/tan/Desktop/car_d/car_ws/install/service_interface/share/service_interface/cmake/service_interface__rosidl_typesupport_cppExport.cmake
[0.607s] -- Up-to-date: /home/tan/Desktop/car_d/car_ws/install/service_interface/share/service_interface/cmake/service_interface__rosidl_typesupport_cppExport-noconfig.cmake
[0.607s] -- Up-to-date: /home/tan/Desktop/car_d/car_ws/install/service_interface/share/service_interface/cmake/rosidl_cmake-extras.cmake
[0.607s] -- Up-to-date: /home/tan/Desktop/car_d/car_ws/install/service_interface/share/service_interface/cmake/ament_cmake_export_dependencies-extras.cmake
[0.608s] -- Up-to-date: /home/tan/Desktop/car_d/car_ws/install/service_interface/share/service_interface/cmake/ament_cmake_export_libraries-extras.cmake
[0.608s] -- Up-to-date: /home/tan/Desktop/car_d/car_ws/install/service_interface/share/service_interface/cmake/ament_cmake_export_targets-extras.cmake
[0.608s] -- Up-to-date: /home/tan/Desktop/car_d/car_ws/install/service_interface/share/service_interface/cmake/ament_cmake_export_include_directories-extras.cmake
[0.608s] -- Up-to-date: /home/tan/Desktop/car_d/car_ws/install/service_interface/share/service_interface/cmake/rosidl_cmake_export_typesupport_libraries-extras.cmake
[0.608s] -- Up-to-date: /home/tan/Desktop/car_d/car_ws/install/service_interface/share/service_interface/cmake/rosidl_cmake_export_typesupport_targets-extras.cmake
[0.608s] -- Up-to-date: /home/tan/Desktop/car_d/car_ws/install/service_interface/share/service_interface/cmake/service_interfaceConfig.cmake
[0.608s] -- Up-to-date: /home/tan/Desktop/car_d/car_ws/install/service_interface/share/service_interface/cmake/service_interfaceConfig-version.cmake
[0.608s] -- Up-to-date: /home/tan/Desktop/car_d/car_ws/install/service_interface/share/service_interface/package.xml
[0.609s] Invoked command in '/home/tan/Desktop/car_d/car_ws/build/service_interface' returned '0': CMAKE_PREFIX_PATH=${CMAKE_PREFIX_PATH}:/opt/ros/foxy /usr/bin/cmake --install /home/tan/Desktop/car_d/car_ws/build/service_interface
