[0.035s] Invoking command in '/home/tan/Desktop/car_d/car_ws/build/tan': CMAKE_PREFIX_PATH=${CMAKE_PREFIX_PATH}:/opt/ros/foxy /usr/bin/cmake --build /home/tan/Desktop/car_d/car_ws/build/tan -- -j16 -l16
[0.087s] [35m[1mScanning dependencies of target test_curve[0m
[0.095s] [35m[1mScanning dependencies of target mpc_commander_opt_curve[0m
[0.130s] [ 14%] Built target go_to_pos
[0.145s] [ 28%] Built target vel_commander
[0.145s] [ 35%] [32mBuilding CXX object CMakeFiles/test_curve.dir/src/test_curve.cpp.o[0m
[0.145s] [ 50%] Built target mpc_commander_opt
[0.146s] [ 64%] Built target test_path
[0.160s] [ 78%] Built target mpc_commander
[0.174s] [ 85%] [32mBuilding CXX object CMakeFiles/mpc_commander_opt_curve.dir/src/mpc_commander_opt_curve.cpp.o[0m
[7.240s] [ 92%] [32m[1mLinking CXX executable test_curve[0m
[7.557s] [ 92%] Built target test_curve
[11.355s] /home/tan/Desktop/car_d/car_ws/src/tan/src/mpc_commander_opt_curve.cpp: In function ‘double fc_mpc(const std::vector<double, std::allocator<double> >&, std::vector<double, std::allocator<double> >&, void*)’:
[11.355s] /home/tan/Desktop/car_d/car_ws/src/tan/src/mpc_commander_opt_curve.cpp:43:66: warning: unused parameter ‘grad’ [-Wunused-parameter]
[11.355s]    43 | double fc_mpc(const std::vector<double> &x, std::vector<double> &grad, void* f_data){
[11.355s]       |                                             ~~~~~~~~~~~~~~~~~~~~~^~~~
[11.355s] /home/tan/Desktop/car_d/car_ws/src/tan/src/mpc_commander_opt_curve.cpp:43:78: warning: unused parameter ‘f_data’ [-Wunused-parameter]
[11.355s]    43 | double fc_mpc(const std::vector<double> &x, std::vector<double> &grad, void* f_data){
[11.356s]       |                                                                        ~~~~~~^~~~~~
[11.356s] /home/tan/Desktop/car_d/car_ws/src/tan/src/mpc_commander_opt_curve.cpp: In function ‘double mpc(const std::vector<double, std::allocator<double> >&, std::vector<double, std::allocator<double> >&, void*)’:
[11.356s] /home/tan/Desktop/car_d/car_ws/src/tan/src/mpc_commander_opt_curve.cpp:87:63: warning: unused parameter ‘grad’ [-Wunused-parameter]
[11.356s]    87 | double mpc(const std::vector<double> &x, std::vector<double> &grad, void* f_data){
[11.356s]       |                                          ~~~~~~~~~~~~~~~~~~~~~^~~~
[11.356s] /home/tan/Desktop/car_d/car_ws/src/tan/src/mpc_commander_opt_curve.cpp: In function ‘int main(int, char**)’:
[11.356s] /home/tan/Desktop/car_d/car_ws/src/tan/src/mpc_commander_opt_curve.cpp:240:41: warning: catching polymorphic type ‘class nlopt::roundoff_limited’ by value [-Wcatch-value=]
[11.356s]   240 |         }catch (nlopt::roundoff_limited e){
[11.356s]       |                                         ^
[11.363s] [100%] [32m[1mLinking CXX executable mpc_commander_opt_curve[0m
[11.785s] [100%] Built target mpc_commander_opt_curve
[11.793s] Invoked command in '/home/tan/Desktop/car_d/car_ws/build/tan' returned '0': CMAKE_PREFIX_PATH=${CMAKE_PREFIX_PATH}:/opt/ros/foxy /usr/bin/cmake --build /home/tan/Desktop/car_d/car_ws/build/tan -- -j16 -l16
[11.825s] Invoking command in '/home/tan/Desktop/car_d/car_ws/build/tan': CMAKE_PREFIX_PATH=${CMAKE_PREFIX_PATH}:/opt/ros/foxy /usr/bin/cmake --install /home/tan/Desktop/car_d/car_ws/build/tan
[11.831s] -- Install configuration: ""
[11.832s] -- Up-to-date: /home/tan/Desktop/car_d/car_ws/install/tan/lib/tan/go_to_pos
[11.832s] -- Up-to-date: /home/tan/Desktop/car_d/car_ws/install/tan/lib/tan/vel_commander
[11.832s] -- Up-to-date: /home/tan/Desktop/car_d/car_ws/install/tan/lib/tan/mpc_commander
[11.832s] -- Up-to-date: /home/tan/Desktop/car_d/car_ws/install/tan/lib/tan/mpc_commander_opt
[11.832s] -- Installing: /home/tan/Desktop/car_d/car_ws/install/tan/lib/tan/mpc_commander_opt_curve
[11.842s] -- Set runtime path of "/home/tan/Desktop/car_d/car_ws/install/tan/lib/tan/mpc_commander_opt_curve" to ""
[11.842s] -- Up-to-date: /home/tan/Desktop/car_d/car_ws/install/tan/lib/tan/test_path
[11.842s] -- Installing: /home/tan/Desktop/car_d/car_ws/install/tan/lib/tan/test_curve
[11.848s] -- Set runtime path of "/home/tan/Desktop/car_d/car_ws/install/tan/lib/tan/test_curve" to ""
[11.848s] -- Up-to-date: /home/tan/Desktop/car_d/car_ws/install/tan/share/ament_index/resource_index/package_run_dependencies/tan
[11.848s] -- Up-to-date: /home/tan/Desktop/car_d/car_ws/install/tan/share/ament_index/resource_index/parent_prefix_path/tan
[11.848s] -- Up-to-date: /home/tan/Desktop/car_d/car_ws/install/tan/share/tan/environment/ament_prefix_path.sh
[11.848s] -- Up-to-date: /home/tan/Desktop/car_d/car_ws/install/tan/share/tan/environment/ament_prefix_path.dsv
[11.848s] -- Up-to-date: /home/tan/Desktop/car_d/car_ws/install/tan/share/tan/environment/path.sh
[11.848s] -- Up-to-date: /home/tan/Desktop/car_d/car_ws/install/tan/share/tan/environment/path.dsv
[11.848s] -- Up-to-date: /home/tan/Desktop/car_d/car_ws/install/tan/share/tan/local_setup.bash
[11.849s] -- Up-to-date: /home/tan/Desktop/car_d/car_ws/install/tan/share/tan/local_setup.sh
[11.849s] -- Up-to-date: /home/tan/Desktop/car_d/car_ws/install/tan/share/tan/local_setup.zsh
[11.849s] -- Up-to-date: /home/tan/Desktop/car_d/car_ws/install/tan/share/tan/local_setup.dsv
[11.849s] -- Installing: /home/tan/Desktop/car_d/car_ws/install/tan/share/tan/package.dsv
[11.849s] -- Up-to-date: /home/tan/Desktop/car_d/car_ws/install/tan/share/ament_index/resource_index/packages/tan
[11.849s] -- Up-to-date: /home/tan/Desktop/car_d/car_ws/install/tan/share/tan/cmake/tanConfig.cmake
[11.849s] -- Up-to-date: /home/tan/Desktop/car_d/car_ws/install/tan/share/tan/cmake/tanConfig-version.cmake
[11.849s] -- Up-to-date: /home/tan/Desktop/car_d/car_ws/install/tan/share/tan/package.xml
[11.850s] Invoked command in '/home/tan/Desktop/car_d/car_ws/build/tan' returned '0': CMAKE_PREFIX_PATH=${CMAKE_PREFIX_PATH}:/opt/ros/foxy /usr/bin/cmake --install /home/tan/Desktop/car_d/car_ws/build/tan
