[0.015s] Invoking command in '/root/sam_bot_description/src/joint_control/build/joint_control': CMAKE_PREFIX_PATH=/opt/ros/foxy /usr/bin/cmake --build /root/sam_bot_description/src/joint_control/build/joint_control -- -j16 -l16
[0.086s] [35m[1mScanning dependencies of target joint[0m
[0.116s] [ 50%] [32mBuilding CXX object CMakeFiles/joint.dir/src/joint_controller.cpp.o[0m
[2.217s] [01m[K/root/sam_bot_description/src/joint_control/src/joint_controller.cpp:[m[K In member function ‘[01m[Kauto TwistToAackermann::createQuaternionMsgFromYaw(double)[m[K’:
[2.217s] [01m[K/root/sam_bot_description/src/joint_control/src/joint_controller.cpp:77:8:[m[K [01;31m[Kerror: [m[K‘[01m[KQuaternion[m[K’ is not a member of ‘[01m[Ktf2[m[K’; did you mean ‘[01m[Kgeometry_msgs::msg::Quaternion[m[K’?
[2.217s]    77 |   tf2::[01;31m[KQuaternion[m[K q;
[2.217s]       |        [01;31m[K^~~~~~~~~~[m[K
[2.218s] In file included from [01m[K/opt/ros/foxy/include/geometry_msgs/msg/detail/transform__struct.hpp:21[m[K,
[2.218s]                  from [01m[K/opt/ros/foxy/include/geometry_msgs/msg/detail/transform_stamped__struct.hpp:21[m[K,
[2.218s]                  from [01m[K/opt/ros/foxy/include/tf2_msgs/msg/detail/tf_message__struct.hpp:19[m[K,
[2.218s]                  from [01m[K/opt/ros/foxy/include/tf2_msgs/msg/tf_message.hpp:7[m[K,
[2.218s]                  from [01m[K/root/sam_bot_description/src/joint_control/src/joint_controller.cpp:7[m[K:
[2.218s] [01m[K/opt/ros/foxy/include/geometry_msgs/msg/detail/quaternion__struct.hpp:173:7:[m[K [01;36m[Knote: [m[K‘[01m[Kgeometry_msgs::msg::Quaternion[m[K’ declared here
[2.218s]   173 | using [01;36m[KQuaternion[m[K =
[2.218s]       |       [01;36m[K^~~~~~~~~~[m[K
[2.219s] [01m[K/root/sam_bot_description/src/joint_control/src/joint_controller.cpp:78:3:[m[K [01;31m[Kerror: [m[K‘[01m[Kq[m[K’ was not declared in this scope
[2.219s]    78 |   [01;31m[Kq[m[K.setRPY(0, 0, yaw);
[2.220s]       |   [01;31m[K^[m[K
[2.220s] [01m[K/root/sam_bot_description/src/joint_control/src/joint_controller.cpp:79:15:[m[K [01;31m[Kerror: [m[K‘[01m[KtoMsg[m[K’ is not a member of ‘[01m[Ktf2[m[K’
[2.220s]    79 |   return tf2::[01;31m[KtoMsg[m[K(q);
[2.220s]       |               [01;31m[K^~~~~[m[K
[2.223s] [01m[K/root/sam_bot_description/src/joint_control/src/joint_controller.cpp:[m[K In member function ‘[01m[Kvoid TwistToAackermann::callback(geometry_msgs::msg::Twist_<std::allocator<void> >::SharedPtr)[m[K’:
[2.223s] [01m[K/root/sam_bot_description/src/joint_control/src/joint_controller.cpp:125:63:[m[K [01;31m[Kerror: [m[Kinvalid use of void expression
[2.223s]   125 |             createQuaternionMsgFromYaw(odometry_.getHeading())[01;31m[K)[m[K;
[2.223s]       |                                                               [01;31m[K^[m[K
[3.787s] make[2]: *** [CMakeFiles/joint.dir/build.make:63: CMakeFiles/joint.dir/src/joint_controller.cpp.o] Error 1
[3.788s] make[1]: *** [CMakeFiles/Makefile2:78: CMakeFiles/joint.dir/all] Error 2
[3.788s] make: *** [Makefile:141: all] Error 2
[3.792s] Invoked command in '/root/sam_bot_description/src/joint_control/build/joint_control' returned '2': CMAKE_PREFIX_PATH=/opt/ros/foxy /usr/bin/cmake --build /root/sam_bot_description/src/joint_control/build/joint_control -- -j16 -l16
