[0.046s] Invoking command in '/home/tan/Desktop/car_d/car_ws/build/service_interface': CMAKE_PREFIX_PATH=${CMAKE_PREFIX_PATH}:/opt/ros/foxy /usr/bin/cmake --build /home/tan/Desktop/car_d/car_ws/build/service_interface -- -j16 -l16
[0.103s] [  1%] Built target service_interface__cpp
[0.106s] [ 12%] Built target service_interface__rosidl_generator_c
[0.160s] [ 23%] Built target service_interface__rosidl_typesupport_cpp
[0.161s] [ 35%] Built target service_interface__rosidl_typesupport_introspection_c
[0.161s] [ 46%] Built target service_interface__rosidl_typesupport_introspection_cpp
[0.163s] [ 57%] Built target service_interface__rosidl_typesupport_c
[0.166s] [ 69%] Built target service_interface__rosidl_typesupport_fastrtps_cpp
[0.191s] [ 80%] Built target service_interface__rosidl_typesupport_fastrtps_c
[0.208s] [ 80%] Built target service_interface
[0.226s] [ 81%] Built target service_interface__py
[0.257s] [ 91%] Built target service_interface__python
[0.281s] [ 94%] Built target service_interface__rosidl_typesupport_c__pyext
[0.282s] [ 97%] Built target service_interface__rosidl_typesupport_introspection_c__pyext
[0.285s] [100%] Built target service_interface__rosidl_typesupport_fastrtps_c__pyext
[0.296s] Invoked command in '/home/tan/Desktop/car_d/car_ws/build/service_interface' returned '0': CMAKE_PREFIX_PATH=${CMAKE_PREFIX_PATH}:/opt/ros/foxy /usr/bin/cmake --build /home/tan/Desktop/car_d/car_ws/build/service_interface -- -j16 -l16
[0.419s] Invoking command in '/home/tan/Desktop/car_d/car_ws/build/service_interface': CMAKE_PREFIX_PATH=${CMAKE_PREFIX_PATH}:/opt/ros/foxy /usr/bin/cmake --install /home/tan/Desktop/car_d/car_ws/build/service_interface
[0.420s] -- Install configuration: ""
[0.420s] -- Up-to-date: /home/tan/Desktop/car_d/car_ws/install/service_interface/share/ament_index/resource_index/rosidl_interfaces/service_interface
[0.420s] -- Up-to-date: /home/tan/Desktop/car_d/car_ws/install/service_interface/include/service_interface
[0.421s] -- Up-to-date: /home/tan/Desktop/car_d/car_ws/install/service_interface/include/service_interface/srv
[0.421s] -- Up-to-date: /home/tan/Desktop/car_d/car_ws/install/service_interface/include/service_interface/srv/force_boundary_check.h
[0.421s] -- Up-to-date: /home/tan/Desktop/car_d/car_ws/install/service_interface/include/service_interface/srv/force.h
[0.424s] -- Up-to-date: /home/tan/Desktop/car_d/car_ws/install/service_interface/include/service_interface/srv/detail
[0.425s] -- Up-to-date: /home/tan/Desktop/car_d/car_ws/install/service_interface/include/service_interface/srv/detail/force__functions.h
[0.425s] -- Up-to-date: /home/tan/Desktop/car_d/car_ws/install/service_interface/include/service_interface/srv/detail/velocity_boundary_check__type_support.h
[0.425s] -- Up-to-date: /home/tan/Desktop/car_d/car_ws/install/service_interface/include/service_interface/srv/detail/location__type_support.h
[0.426s] -- Up-to-date: /home/tan/Desktop/car_d/car_ws/install/service_interface/include/service_interface/srv/detail/ready__functions.h
[0.426s] -- Up-to-date: /home/tan/Desktop/car_d/car_ws/install/service_interface/include/service_interface/srv/detail/location__struct.h
[0.426s] -- Up-to-date: /home/tan/Desktop/car_d/car_ws/install/service_interface/include/service_interface/srv/detail/force__struct.h
[0.426s] -- Up-to-date: /home/tan/Desktop/car_d/car_ws/install/service_interface/include/service_interface/srv/detail/ready__struct.h
[0.427s] -- Up-to-date: /home/tan/Desktop/car_d/car_ws/install/service_interface/include/service_interface/srv/detail/ready__type_support.h
[0.427s] -- Up-to-date: /home/tan/Desktop/car_d/car_ws/install/service_interface/include/service_interface/srv/detail/ready__functions.c
[0.427s] -- Up-to-date: /home/tan/Desktop/car_d/car_ws/install/service_interface/include/service_interface/srv/detail/velocity_boundary_check__functions.c
[0.427s] -- Up-to-date: /home/tan/Desktop/car_d/car_ws/install/service_interface/include/service_interface/srv/detail/force_boundary_check__functions.h
[0.430s] -- Up-to-date: /home/tan/Desktop/car_d/car_ws/install/service_interface/include/service_interface/srv/detail/poly_line_intersection_check__functions.h
[0.431s] -- Up-to-date: /home/tan/Desktop/car_d/car_ws/install/service_interface/include/service_interface/srv/detail/velocity_boundary_check__struct.h
[0.431s] -- Up-to-date: /home/tan/Desktop/car_d/car_ws/install/service_interface/include/service_interface/srv/detail/poly_line_intersection_check__functions.c
[0.431s] -- Up-to-date: /home/tan/Desktop/car_d/car_ws/install/service_interface/include/service_interface/srv/detail/force_boundary_check__functions.c
[0.431s] -- Up-to-date: /home/tan/Desktop/car_d/car_ws/install/service_interface/include/service_interface/srv/detail/force_boundary_check__type_support.h
[0.431s] -- Up-to-date: /home/tan/Desktop/car_d/car_ws/install/service_interface/include/service_interface/srv/detail/force__type_support.h
[0.431s] -- Up-to-date: /home/tan/Desktop/car_d/car_ws/install/service_interface/include/service_interface/srv/detail/poly_line_intersection_check__type_support.h
[0.432s] -- Up-to-date: /home/tan/Desktop/car_d/car_ws/install/service_interface/include/service_interface/srv/detail/poly_line_intersection_check__struct.h
[0.432s] -- Up-to-date: /home/tan/Desktop/car_d/car_ws/install/service_interface/include/service_interface/srv/detail/force__functions.c
[0.432s] -- Up-to-date: /home/tan/Desktop/car_d/car_ws/install/service_interface/include/service_interface/srv/detail/location__functions.c
[0.432s] -- Up-to-date: /home/tan/Desktop/car_d/car_ws/install/service_interface/include/service_interface/srv/detail/force_boundary_check__struct.h
[0.435s] -- Up-to-date: /home/tan/Desktop/car_d/car_ws/install/service_interface/include/service_interface/srv/detail/location__functions.h
[0.435s] -- Up-to-date: /home/tan/Desktop/car_d/car_ws/install/service_interface/include/service_interface/srv/detail/velocity_boundary_check__functions.h
[0.435s] -- Up-to-date: /home/tan/Desktop/car_d/car_ws/install/service_interface/include/service_interface/srv/velocity_boundary_check.h
[0.436s] -- Up-to-date: /home/tan/Desktop/car_d/car_ws/install/service_interface/include/service_interface/srv/ready.h
[0.436s] -- Up-to-date: /home/tan/Desktop/car_d/car_ws/install/service_interface/include/service_interface/srv/location.h
[0.436s] -- Up-to-date: /home/tan/Desktop/car_d/car_ws/install/service_interface/include/service_interface/srv/poly_line_intersection_check.h
[0.436s] -- Up-to-date: /home/tan/Desktop/car_d/car_ws/install/service_interface/include/service_interface/msg
[0.437s] -- Up-to-date: /home/tan/Desktop/car_d/car_ws/install/service_interface/include/service_interface/msg/rosidl_generator_c__visibility_control.h
[0.437s] -- Up-to-date: /home/tan/Desktop/car_d/car_ws/install/service_interface/share/service_interface/environment/library_path.sh
[0.441s] -- Up-to-date: /home/tan/Desktop/car_d/car_ws/install/service_interface/share/service_interface/environment/library_path.dsv
[0.441s] -- Up-to-date: /home/tan/Desktop/car_d/car_ws/install/service_interface/lib/libservice_interface__rosidl_generator_c.so
[0.441s] -- Up-to-date: /home/tan/Desktop/car_d/car_ws/install/service_interface/include/service_interface
[0.442s] -- Up-to-date: /home/tan/Desktop/car_d/car_ws/install/service_interface/include/service_interface/srv
[0.442s] -- Up-to-date: /home/tan/Desktop/car_d/car_ws/install/service_interface/include/service_interface/srv/detail
[0.442s] -- Up-to-date: /home/tan/Desktop/car_d/car_ws/install/service_interface/include/service_interface/srv/detail/force_boundary_check__rosidl_typesupport_fastrtps_c.h
[0.443s] -- Up-to-date: /home/tan/Desktop/car_d/car_ws/install/service_interface/include/service_interface/srv/detail/location__rosidl_typesupport_fastrtps_c.h
[0.443s] -- Up-to-date: /home/tan/Desktop/car_d/car_ws/install/service_interface/include/service_interface/srv/detail/velocity_boundary_check__rosidl_typesupport_fastrtps_c.h
[0.443s] -- Up-to-date: /home/tan/Desktop/car_d/car_ws/install/service_interface/include/service_interface/srv/detail/ready__rosidl_typesupport_fastrtps_c.h
[0.443s] -- Up-to-date: /home/tan/Desktop/car_d/car_ws/install/service_interface/include/service_interface/srv/detail/force__rosidl_typesupport_fastrtps_c.h
[0.443s] -- Up-to-date: /home/tan/Desktop/car_d/car_ws/install/service_interface/include/service_interface/srv/detail/poly_line_intersection_check__rosidl_typesupport_fastrtps_c.h
[0.444s] -- Up-to-date: /home/tan/Desktop/car_d/car_ws/install/service_interface/include/service_interface/msg
[0.444s] -- Up-to-date: /home/tan/Desktop/car_d/car_ws/install/service_interface/include/service_interface/msg/rosidl_typesupport_fastrtps_c__visibility_control.h
[0.444s] -- Up-to-date: /home/tan/Desktop/car_d/car_ws/install/service_interface/lib/libservice_interface__rosidl_typesupport_fastrtps_c.so
[0.444s] -- Up-to-date: /home/tan/Desktop/car_d/car_ws/install/service_interface/include/service_interface
[0.444s] -- Up-to-date: /home/tan/Desktop/car_d/car_ws/install/service_interface/include/service_interface/srv
[0.444s] -- Up-to-date: /home/tan/Desktop/car_d/car_ws/install/service_interface/include/service_interface/srv/detail
[0.445s] -- Up-to-date: /home/tan/Desktop/car_d/car_ws/install/service_interface/include/service_interface/srv/detail/velocity_boundary_check__rosidl_typesupport_fastrtps_cpp.hpp
[0.446s] -- Up-to-date: /home/tan/Desktop/car_d/car_ws/install/service_interface/include/service_interface/srv/detail/ready__rosidl_typesupport_fastrtps_cpp.hpp
[0.446s] -- Up-to-date: /home/tan/Desktop/car_d/car_ws/install/service_interface/include/service_interface/srv/detail/location__rosidl_typesupport_fastrtps_cpp.hpp
[0.447s] -- Up-to-date: /home/tan/Desktop/car_d/car_ws/install/service_interface/include/service_interface/srv/detail/dds_fastrtps
[0.450s] -- Up-to-date: /home/tan/Desktop/car_d/car_ws/install/service_interface/include/service_interface/srv/detail/force_boundary_check__rosidl_typesupport_fastrtps_cpp.hpp
[0.455s] -- Up-to-date: /home/tan/Desktop/car_d/car_ws/install/service_interface/include/service_interface/srv/detail/poly_line_intersection_check__rosidl_typesupport_fastrtps_cpp.hpp
[0.455s] -- Up-to-date: /home/tan/Desktop/car_d/car_ws/install/service_interface/include/service_interface/srv/detail/force__rosidl_typesupport_fastrtps_cpp.hpp
[0.455s] -- Up-to-date: /home/tan/Desktop/car_d/car_ws/install/service_interface/include/service_interface/msg
[0.455s] -- Up-to-date: /home/tan/Desktop/car_d/car_ws/install/service_interface/include/service_interface/msg/rosidl_typesupport_fastrtps_cpp__visibility_control.h
[0.456s] -- Up-to-date: /home/tan/Desktop/car_d/car_ws/install/service_interface/lib/libservice_interface__rosidl_typesupport_fastrtps_cpp.so
[0.456s] -- Up-to-date: /home/tan/Desktop/car_d/car_ws/install/service_interface/include/service_interface
[0.456s] -- Up-to-date: /home/tan/Desktop/car_d/car_ws/install/service_interface/include/service_interface/srv
[0.456s] -- Up-to-date: /home/tan/Desktop/car_d/car_ws/install/service_interface/include/service_interface/srv/detail
[0.456s] -- Up-to-date: /home/tan/Desktop/car_d/car_ws/install/service_interface/include/service_interface/srv/detail/poly_line_intersection_check__rosidl_typesupport_introspection_c.h
[0.456s] -- Up-to-date: /home/tan/Desktop/car_d/car_ws/install/service_interface/include/service_interface/srv/detail/velocity_boundary_check__rosidl_typesupport_introspection_c.h
[0.456s] -- Up-to-date: /home/tan/Desktop/car_d/car_ws/install/service_interface/include/service_interface/srv/detail/force_boundary_check__type_support.c
[0.457s] -- Up-to-date: /home/tan/Desktop/car_d/car_ws/install/service_interface/include/service_interface/srv/detail/ready__type_support.c
[0.457s] -- Up-to-date: /home/tan/Desktop/car_d/car_ws/install/service_interface/include/service_interface/srv/detail/force__rosidl_typesupport_introspection_c.h
[0.457s] -- Up-to-date: /home/tan/Desktop/car_d/car_ws/install/service_interface/include/service_interface/srv/detail/location__rosidl_typesupport_introspection_c.h
[0.457s] -- Up-to-date: /home/tan/Desktop/car_d/car_ws/install/service_interface/include/service_interface/srv/detail/poly_line_intersection_check__type_support.c
[0.457s] -- Up-to-date: /home/tan/Desktop/car_d/car_ws/install/service_interface/include/service_interface/srv/detail/velocity_boundary_check__type_support.c
[0.457s] -- Up-to-date: /home/tan/Desktop/car_d/car_ws/install/service_interface/include/service_interface/srv/detail/force_boundary_check__rosidl_typesupport_introspection_c.h
[0.457s] -- Up-to-date: /home/tan/Desktop/car_d/car_ws/install/service_interface/include/service_interface/srv/detail/force__type_support.c
[0.458s] -- Up-to-date: /home/tan/Desktop/car_d/car_ws/install/service_interface/include/service_interface/srv/detail/location__type_support.c
[0.458s] -- Up-to-date: /home/tan/Desktop/car_d/car_ws/install/service_interface/include/service_interface/srv/detail/ready__rosidl_typesupport_introspection_c.h
[0.458s] -- Up-to-date: /home/tan/Desktop/car_d/car_ws/install/service_interface/include/service_interface/msg
[0.458s] -- Up-to-date: /home/tan/Desktop/car_d/car_ws/install/service_interface/include/service_interface/msg/rosidl_typesupport_introspection_c__visibility_control.h
[0.458s] -- Up-to-date: /home/tan/Desktop/car_d/car_ws/install/service_interface/lib/libservice_interface__rosidl_typesupport_introspection_c.so
[0.458s] -- Up-to-date: /home/tan/Desktop/car_d/car_ws/install/service_interface/lib/libservice_interface__rosidl_typesupport_c.so
[0.458s] -- Up-to-date: /home/tan/Desktop/car_d/car_ws/install/service_interface/include/service_interface
[0.463s] -- Up-to-date: /home/tan/Desktop/car_d/car_ws/install/service_interface/include/service_interface/srv
[0.464s] -- Up-to-date: /home/tan/Desktop/car_d/car_ws/install/service_interface/include/service_interface/srv/poly_line_intersection_check.hpp
[0.464s] -- Up-to-date: /home/tan/Desktop/car_d/car_ws/install/service_interface/include/service_interface/srv/force.hpp
[0.464s] -- Up-to-date: /home/tan/Desktop/car_d/car_ws/install/service_interface/include/service_interface/srv/ready.hpp
[0.464s] -- Up-to-date: /home/tan/Desktop/car_d/car_ws/install/service_interface/include/service_interface/srv/location.hpp
[0.465s] -- Up-to-date: /home/tan/Desktop/car_d/car_ws/install/service_interface/include/service_interface/srv/force_boundary_check.hpp
[0.465s] -- Up-to-date: /home/tan/Desktop/car_d/car_ws/install/service_interface/include/service_interface/srv/detail
[0.465s] -- Up-to-date: /home/tan/Desktop/car_d/car_ws/install/service_interface/include/service_interface/srv/detail/force_boundary_check__builder.hpp
[0.466s] -- Up-to-date: /home/tan/Desktop/car_d/car_ws/install/service_interface/include/service_interface/srv/detail/velocity_boundary_check__struct.hpp
[0.466s] -- Up-to-date: /home/tan/Desktop/car_d/car_ws/install/service_interface/include/service_interface/srv/detail/velocity_boundary_check__builder.hpp
[0.466s] -- Up-to-date: /home/tan/Desktop/car_d/car_ws/install/service_interface/include/service_interface/srv/detail/velocity_boundary_check__traits.hpp
[0.466s] -- Up-to-date: /home/tan/Desktop/car_d/car_ws/install/service_interface/include/service_interface/srv/detail/force__builder.hpp
[0.467s] -- Up-to-date: /home/tan/Desktop/car_d/car_ws/install/service_interface/include/service_interface/srv/detail/force_boundary_check__struct.hpp
[0.470s] -- Up-to-date: /home/tan/Desktop/car_d/car_ws/install/service_interface/include/service_interface/srv/detail/ready__builder.hpp
[0.471s] -- Up-to-date: /home/tan/Desktop/car_d/car_ws/install/service_interface/include/service_interface/srv/detail/ready__struct.hpp
[0.471s] -- Up-to-date: /home/tan/Desktop/car_d/car_ws/install/service_interface/include/service_interface/srv/detail/ready__traits.hpp
[0.471s] -- Up-to-date: /home/tan/Desktop/car_d/car_ws/install/service_interface/include/service_interface/srv/detail/poly_line_intersection_check__traits.hpp
[0.471s] -- Up-to-date: /home/tan/Desktop/car_d/car_ws/install/service_interface/include/service_interface/srv/detail/force__traits.hpp
[0.472s] -- Up-to-date: /home/tan/Desktop/car_d/car_ws/install/service_interface/include/service_interface/srv/detail/location__struct.hpp
[0.472s] -- Up-to-date: /home/tan/Desktop/car_d/car_ws/install/service_interface/include/service_interface/srv/detail/location__traits.hpp
[0.472s] -- Up-to-date: /home/tan/Desktop/car_d/car_ws/install/service_interface/include/service_interface/srv/detail/poly_line_intersection_check__struct.hpp
[0.472s] -- Up-to-date: /home/tan/Desktop/car_d/car_ws/install/service_interface/include/service_interface/srv/detail/force__struct.hpp
[0.473s] -- Up-to-date: /home/tan/Desktop/car_d/car_ws/install/service_interface/include/service_interface/srv/detail/force_boundary_check__traits.hpp
[0.473s] -- Up-to-date: /home/tan/Desktop/car_d/car_ws/install/service_interface/include/service_interface/srv/detail/location__builder.hpp
[0.473s] -- Up-to-date: /home/tan/Desktop/car_d/car_ws/install/service_interface/include/service_interface/srv/detail/poly_line_intersection_check__builder.hpp
[0.478s] -- Up-to-date: /home/tan/Desktop/car_d/car_ws/install/service_interface/include/service_interface/srv/velocity_boundary_check.hpp
[0.478s] -- Up-to-date: /home/tan/Desktop/car_d/car_ws/install/service_interface/include/service_interface
[0.479s] -- Up-to-date: /home/tan/Desktop/car_d/car_ws/install/service_interface/include/service_interface/srv
[0.479s] -- Up-to-date: /home/tan/Desktop/car_d/car_ws/install/service_interface/include/service_interface/srv/detail
[0.479s] -- Up-to-date: /home/tan/Desktop/car_d/car_ws/install/service_interface/include/service_interface/srv/detail/velocity_boundary_check__type_support.cpp
[0.479s] -- Up-to-date: /home/tan/Desktop/car_d/car_ws/install/service_interface/include/service_interface/srv/detail/poly_line_intersection_check__type_support.cpp
[0.479s] -- Up-to-date: /home/tan/Desktop/car_d/car_ws/install/service_interface/include/service_interface/srv/detail/force__type_support.cpp
[0.479s] -- Up-to-date: /home/tan/Desktop/car_d/car_ws/install/service_interface/include/service_interface/srv/detail/ready__type_support.cpp
[0.480s] -- Up-to-date: /home/tan/Desktop/car_d/car_ws/install/service_interface/include/service_interface/srv/detail/force_boundary_check__rosidl_typesupport_introspection_cpp.hpp
[0.480s] -- Up-to-date: /home/tan/Desktop/car_d/car_ws/install/service_interface/include/service_interface/srv/detail/ready__rosidl_typesupport_introspection_cpp.hpp
[0.480s] -- Up-to-date: /home/tan/Desktop/car_d/car_ws/install/service_interface/include/service_interface/srv/detail/force__rosidl_typesupport_introspection_cpp.hpp
[0.480s] -- Up-to-date: /home/tan/Desktop/car_d/car_ws/install/service_interface/include/service_interface/srv/detail/force_boundary_check__type_support.cpp
[0.485s] -- Up-to-date: /home/tan/Desktop/car_d/car_ws/install/service_interface/include/service_interface/srv/detail/velocity_boundary_check__rosidl_typesupport_introspection_cpp.hpp
[0.485s] -- Up-to-date: /home/tan/Desktop/car_d/car_ws/install/service_interface/include/service_interface/srv/detail/location__rosidl_typesupport_introspection_cpp.hpp
[0.486s] -- Up-to-date: /home/tan/Desktop/car_d/car_ws/install/service_interface/include/service_interface/srv/detail/poly_line_intersection_check__rosidl_typesupport_introspection_cpp.hpp
[0.486s] -- Up-to-date: /home/tan/Desktop/car_d/car_ws/install/service_interface/include/service_interface/srv/detail/location__type_support.cpp
[0.487s] -- Up-to-date: /home/tan/Desktop/car_d/car_ws/install/service_interface/lib/libservice_interface__rosidl_typesupport_introspection_cpp.so
[0.487s] -- Up-to-date: /home/tan/Desktop/car_d/car_ws/install/service_interface/lib/libservice_interface__rosidl_typesupport_cpp.so
[0.487s] -- Up-to-date: /home/tan/Desktop/car_d/car_ws/install/service_interface/share/service_interface/environment/pythonpath.sh
[0.487s] -- Up-to-date: /home/tan/Desktop/car_d/car_ws/install/service_interface/share/service_interface/environment/pythonpath.dsv
[0.488s] -- Up-to-date: /home/tan/Desktop/car_d/car_ws/install/service_interface/lib/python3.8/site-packages/service_interface/__init__.py
[0.488s] -- Up-to-date: /home/tan/Desktop/car_d/car_ws/install/service_interface/lib/python3.8/site-packages/service_interface/srv
[0.488s] -- Up-to-date: /home/tan/Desktop/car_d/car_ws/install/service_interface/lib/python3.8/site-packages/service_interface/srv/_force_boundary_check_s.c
[0.488s] -- Up-to-date: /home/tan/Desktop/car_d/car_ws/install/service_interface/lib/python3.8/site-packages/service_interface/srv/_ready.py
[0.489s] -- Up-to-date: /home/tan/Desktop/car_d/car_ws/install/service_interface/lib/python3.8/site-packages/service_interface/srv/_force_s.c
[0.489s] -- Up-to-date: /home/tan/Desktop/car_d/car_ws/install/service_interface/lib/python3.8/site-packages/service_interface/srv/_force_boundary_check.py
[0.489s] -- Up-to-date: /home/tan/Desktop/car_d/car_ws/install/service_interface/lib/python3.8/site-packages/service_interface/srv/_poly_line_intersection_check.py
[0.489s] -- Up-to-date: /home/tan/Desktop/car_d/car_ws/install/service_interface/lib/python3.8/site-packages/service_interface/srv/_velocity_boundary_check_s.c
[0.489s] -- Up-to-date: /home/tan/Desktop/car_d/car_ws/install/service_interface/lib/python3.8/site-packages/service_interface/srv/_ready_s.c
[0.490s] -- Up-to-date: /home/tan/Desktop/car_d/car_ws/install/service_interface/lib/python3.8/site-packages/service_interface/srv/_force.py
[0.490s] -- Up-to-date: /home/tan/Desktop/car_d/car_ws/install/service_interface/lib/python3.8/site-packages/service_interface/srv/_location.py
[0.490s] -- Up-to-date: /home/tan/Desktop/car_d/car_ws/install/service_interface/lib/python3.8/site-packages/service_interface/srv/__init__.py
[0.490s] -- Up-to-date: /home/tan/Desktop/car_d/car_ws/install/service_interface/lib/python3.8/site-packages/service_interface/srv/_velocity_boundary_check.py
[0.491s] -- Up-to-date: /home/tan/Desktop/car_d/car_ws/install/service_interface/lib/python3.8/site-packages/service_interface/srv/_location_s.c
[0.495s] -- Up-to-date: /home/tan/Desktop/car_d/car_ws/install/service_interface/lib/python3.8/site-packages/service_interface/srv/_poly_line_intersection_check_s.c
[0.497s] -- Up-to-date: /home/tan/Desktop/car_d/car_ws/install/service_interface/lib/python3.8/site-packages/service_interface/service_interface_s__rosidl_typesupport_fastrtps_c.cpython-38-x86_64-linux-gnu.so
[0.497s] -- Up-to-date: /home/tan/Desktop/car_d/car_ws/install/service_interface/lib/python3.8/site-packages/service_interface/service_interface_s__rosidl_typesupport_introspection_c.cpython-38-x86_64-linux-gnu.so
[0.497s] -- Up-to-date: /home/tan/Desktop/car_d/car_ws/install/service_interface/lib/python3.8/site-packages/service_interface/service_interface_s__rosidl_typesupport_c.cpython-38-x86_64-linux-gnu.so
[0.497s] -- Up-to-date: /home/tan/Desktop/car_d/car_ws/install/service_interface/lib/libservice_interface__python.so
[0.497s] -- Up-to-date: /home/tan/Desktop/car_d/car_ws/install/service_interface/share/service_interface/srv/Force.idl
[0.498s] -- Up-to-date: /home/tan/Desktop/car_d/car_ws/install/service_interface/share/service_interface/srv/Location.idl
[0.498s] -- Up-to-date: /home/tan/Desktop/car_d/car_ws/install/service_interface/share/service_interface/srv/ForceBoundaryCheck.idl
[0.498s] -- Up-to-date: /home/tan/Desktop/car_d/car_ws/install/service_interface/share/service_interface/srv/VelocityBoundaryCheck.idl
[0.498s] -- Up-to-date: /home/tan/Desktop/car_d/car_ws/install/service_interface/share/service_interface/srv/PolyLineIntersectionCheck.idl
[0.498s] -- Up-to-date: /home/tan/Desktop/car_d/car_ws/install/service_interface/share/service_interface/srv/Ready.idl
[0.498s] -- Up-to-date: /home/tan/Desktop/car_d/car_ws/install/service_interface/share/service_interface/srv/Force.srv
[0.499s] -- Up-to-date: /home/tan/Desktop/car_d/car_ws/install/service_interface/share/service_interface/srv/Force_Request.msg
[0.499s] -- Up-to-date: /home/tan/Desktop/car_d/car_ws/install/service_interface/share/service_interface/srv/Force_Response.msg
[0.499s] -- Up-to-date: /home/tan/Desktop/car_d/car_ws/install/service_interface/share/service_interface/srv/Location.srv
[0.499s] -- Up-to-date: /home/tan/Desktop/car_d/car_ws/install/service_interface/share/service_interface/srv/Location_Request.msg
[0.499s] -- Up-to-date: /home/tan/Desktop/car_d/car_ws/install/service_interface/share/service_interface/srv/Location_Response.msg
[0.499s] -- Up-to-date: /home/tan/Desktop/car_d/car_ws/install/service_interface/share/service_interface/srv/ForceBoundaryCheck.srv
[0.499s] -- Up-to-date: /home/tan/Desktop/car_d/car_ws/install/service_interface/share/service_interface/srv/ForceBoundaryCheck_Request.msg
[0.500s] -- Up-to-date: /home/tan/Desktop/car_d/car_ws/install/service_interface/share/service_interface/srv/ForceBoundaryCheck_Response.msg
[0.500s] -- Up-to-date: /home/tan/Desktop/car_d/car_ws/install/service_interface/share/service_interface/srv/VelocityBoundaryCheck.srv
[0.500s] -- Up-to-date: /home/tan/Desktop/car_d/car_ws/install/service_interface/share/service_interface/srv/VelocityBoundaryCheck_Request.msg
[0.500s] -- Up-to-date: /home/tan/Desktop/car_d/car_ws/install/service_interface/share/service_interface/srv/VelocityBoundaryCheck_Response.msg
[0.500s] -- Up-to-date: /home/tan/Desktop/car_d/car_ws/install/service_interface/share/service_interface/srv/PolyLineIntersectionCheck.srv
[0.500s] -- Up-to-date: /home/tan/Desktop/car_d/car_ws/install/service_interface/share/service_interface/srv/PolyLineIntersectionCheck_Request.msg
[0.500s] -- Up-to-date: /home/tan/Desktop/car_d/car_ws/install/service_interface/share/service_interface/srv/PolyLineIntersectionCheck_Response.msg
[0.500s] -- Up-to-date: /home/tan/Desktop/car_d/car_ws/install/service_interface/share/service_interface/srv/Ready.srv
[0.500s] -- Up-to-date: /home/tan/Desktop/car_d/car_ws/install/service_interface/share/service_interface/srv/Ready_Request.msg
[0.501s] -- Up-to-date: /home/tan/Desktop/car_d/car_ws/install/service_interface/share/service_interface/srv/Ready_Response.msg
[0.501s] -- Up-to-date: /home/tan/Desktop/car_d/car_ws/install/service_interface/share/ament_index/resource_index/package_run_dependencies/service_interface
[0.501s] -- Up-to-date: /home/tan/Desktop/car_d/car_ws/install/service_interface/share/ament_index/resource_index/parent_prefix_path/service_interface
[0.502s] -- Up-to-date: /home/tan/Desktop/car_d/car_ws/install/service_interface/share/service_interface/environment/ament_prefix_path.sh
[0.503s] -- Up-to-date: /home/tan/Desktop/car_d/car_ws/install/service_interface/share/service_interface/environment/ament_prefix_path.dsv
[0.503s] -- Up-to-date: /home/tan/Desktop/car_d/car_ws/install/service_interface/share/service_interface/environment/path.sh
[0.503s] -- Up-to-date: /home/tan/Desktop/car_d/car_ws/install/service_interface/share/service_interface/environment/path.dsv
[0.503s] -- Up-to-date: /home/tan/Desktop/car_d/car_ws/install/service_interface/share/service_interface/local_setup.bash
[0.503s] -- Up-to-date: /home/tan/Desktop/car_d/car_ws/install/service_interface/share/service_interface/local_setup.sh
[0.505s] -- Up-to-date: /home/tan/Desktop/car_d/car_ws/install/service_interface/share/service_interface/local_setup.zsh
[0.505s] -- Up-to-date: /home/tan/Desktop/car_d/car_ws/install/service_interface/share/service_interface/local_setup.dsv
[0.505s] -- Installing: /home/tan/Desktop/car_d/car_ws/install/service_interface/share/service_interface/package.dsv
[0.506s] -- Up-to-date: /home/tan/Desktop/car_d/car_ws/install/service_interface/share/ament_index/resource_index/packages/service_interface
[0.506s] -- Up-to-date: /home/tan/Desktop/car_d/car_ws/install/service_interface/share/service_interface/cmake/service_interface__rosidl_generator_cExport.cmake
[0.506s] -- Up-to-date: /home/tan/Desktop/car_d/car_ws/install/service_interface/share/service_interface/cmake/service_interface__rosidl_generator_cExport-noconfig.cmake
[0.507s] -- Up-to-date: /home/tan/Desktop/car_d/car_ws/install/service_interface/share/service_interface/cmake/service_interface__rosidl_typesupport_introspection_cExport.cmake
[0.507s] -- Up-to-date: /home/tan/Desktop/car_d/car_ws/install/service_interface/share/service_interface/cmake/service_interface__rosidl_typesupport_introspection_cExport-noconfig.cmake
[0.508s] -- Up-to-date: /home/tan/Desktop/car_d/car_ws/install/service_interface/share/service_interface/cmake/service_interface__rosidl_typesupport_cExport.cmake
[0.508s] -- Up-to-date: /home/tan/Desktop/car_d/car_ws/install/service_interface/share/service_interface/cmake/service_interface__rosidl_typesupport_cExport-noconfig.cmake
[0.508s] -- Up-to-date: /home/tan/Desktop/car_d/car_ws/install/service_interface/share/service_interface/cmake/service_interface__rosidl_generator_cppExport.cmake
[0.508s] -- Up-to-date: /home/tan/Desktop/car_d/car_ws/install/service_interface/share/service_interface/cmake/service_interface__rosidl_typesupport_introspection_cppExport.cmake
[0.508s] -- Up-to-date: /home/tan/Desktop/car_d/car_ws/install/service_interface/share/service_interface/cmake/service_interface__rosidl_typesupport_introspection_cppExport-noconfig.cmake
[0.508s] -- Up-to-date: /home/tan/Desktop/car_d/car_ws/install/service_interface/share/service_interface/cmake/service_interface__rosidl_typesupport_cppExport.cmake
[0.508s] -- Up-to-date: /home/tan/Desktop/car_d/car_ws/install/service_interface/share/service_interface/cmake/service_interface__rosidl_typesupport_cppExport-noconfig.cmake
[0.508s] -- Up-to-date: /home/tan/Desktop/car_d/car_ws/install/service_interface/share/service_interface/cmake/rosidl_cmake-extras.cmake
[0.508s] -- Up-to-date: /home/tan/Desktop/car_d/car_ws/install/service_interface/share/service_interface/cmake/ament_cmake_export_dependencies-extras.cmake
[0.508s] -- Up-to-date: /home/tan/Desktop/car_d/car_ws/install/service_interface/share/service_interface/cmake/ament_cmake_export_libraries-extras.cmake
[0.508s] -- Up-to-date: /home/tan/Desktop/car_d/car_ws/install/service_interface/share/service_interface/cmake/ament_cmake_export_targets-extras.cmake
[0.509s] -- Up-to-date: /home/tan/Desktop/car_d/car_ws/install/service_interface/share/service_interface/cmake/ament_cmake_export_include_directories-extras.cmake
[0.509s] -- Up-to-date: /home/tan/Desktop/car_d/car_ws/install/service_interface/share/service_interface/cmake/rosidl_cmake_export_typesupport_libraries-extras.cmake
[0.509s] -- Up-to-date: /home/tan/Desktop/car_d/car_ws/install/service_interface/share/service_interface/cmake/rosidl_cmake_export_typesupport_targets-extras.cmake
[0.509s] -- Up-to-date: /home/tan/Desktop/car_d/car_ws/install/service_interface/share/service_interface/cmake/service_interfaceConfig.cmake
[0.509s] -- Up-to-date: /home/tan/Desktop/car_d/car_ws/install/service_interface/share/service_interface/cmake/service_interfaceConfig-version.cmake
[0.510s] -- Up-to-date: /home/tan/Desktop/car_d/car_ws/install/service_interface/share/service_interface/package.xml
[0.518s] Invoked command in '/home/tan/Desktop/car_d/car_ws/build/service_interface' returned '0': CMAKE_PREFIX_PATH=${CMAKE_PREFIX_PATH}:/opt/ros/foxy /usr/bin/cmake --install /home/tan/Desktop/car_d/car_ws/build/service_interface
