[0.014s] Invoking command in '/root/sam_bot_description/src/joint_control/build/joint_control': CMAKE_PREFIX_PATH=/opt/ros/foxy /usr/bin/cmake --build /root/sam_bot_description/src/joint_control/build/joint_control -- -j16 -l16
[0.066s] [35m[1mScanning dependencies of target joint[0m
[0.088s] [ 50%] [32mBuilding CXX object CMakeFiles/joint.dir/src/joint_controller.cpp.o[0m
[2.162s] [01m[K/root/sam_bot_description/src/joint_control/src/joint_controller.cpp:155:3:[m[K [01;31m[Kerror: [m[K‘[01m[KOdometry[m[K’ does not name a type
[2.162s]   155 |   [01;31m[KOdometry[m[K odometry_;
[2.162s]       |   [01;31m[K^~~~~~~~[m[K
[2.172s] [01m[K/root/sam_bot_description/src/joint_control/src/joint_controller.cpp:[m[K In constructor ‘[01m[KTwistToAackermann::TwistToAackermann()[m[K’:
[2.172s] [01m[K/root/sam_bot_description/src/joint_control/src/joint_controller.cpp:33:18:[m[K [01;31m[Kerror: [m[K‘[01m[Kusing _header_type = struct std_msgs::msg::Header_<std::allocator<void> >[m[K’ {aka ‘[01m[Kstruct std_msgs::msg::Header_<std::allocator<void> >[m[K’} has no member named ‘[01m[Kseq[m[K’
[2.172s]    33 |     joint.header.[01;31m[Kseq[m[K = 0;
[2.173s]       |                  [01;31m[K^~~[m[K
[2.176s] [01m[K/root/sam_bot_description/src/joint_control/src/joint_controller.cpp:45:6:[m[K [01;31m[Kerror: [m[K‘[01m[Kodometry_[m[K’ was not declared in this scope
[2.176s]    45 |      [01;31m[Kodometry_[m[K.setVelocityRollingWindowSize(10);
[2.176s]       |      [01;31m[K^~~~~~~~~[m[K
[2.184s] [01m[K/root/sam_bot_description/src/joint_control/src/joint_controller.cpp:72:44:[m[K [01;31m[Kerror: [m[K‘[01m[Kbase_frame_id_[m[K’ was not declared in this scope
[2.184s]    72 |     tf_msg_.transforms[0].child_frame_id = [01;31m[Kbase_frame_id_[m[K;
[2.184s]       |                                            [01;31m[K^~~~~~~~~~~~~~[m[K
[2.192s] [01m[K/root/sam_bot_description/src/joint_control/src/joint_controller.cpp:73:45:[m[K [01;31m[Kerror: [m[K‘[01m[Kodom_frame_id_[m[K’ was not declared in this scope
[2.192s]    73 |     tf_msg_.transforms[0].header.frame_id = [01;31m[Kodom_frame_id_[m[K;
[2.192s]       |                                             [01;31m[K^~~~~~~~~~~~~~[m[K
[2.196s] [01m[K/root/sam_bot_description/src/joint_control/src/joint_controller.cpp:[m[K In member function ‘[01m[Kvoid TwistToAackermann::callback(geometry_msgs::msg::Twist_<std::allocator<void> >::SharedPtr)[m[K’:
[2.196s] [01m[K/root/sam_bot_description/src/joint_control/src/joint_controller.cpp:81:18:[m[K [01;31m[Kerror: [m[K‘[01m[KJointState[m[K’ is not a member of ‘[01m[Ksensor_msgs[m[K’; did you mean ‘[01m[Ksensor_msgs::msg::JointState[m[K’?
[2.196s]    81 |     sensor_msgs::[01;31m[KJointState[m[K joint;
[2.197s]       |                  [01;31m[K^~~~~~~~~~[m[K
[2.197s] In file included from [01m[K/opt/ros/foxy/include/sensor_msgs/msg/joint_state.hpp:7[m[K,
[2.197s]                  from [01m[K/root/sam_bot_description/src/joint_control/src/joint_controller.cpp:4[m[K:
[2.197s] [01m[K/opt/ros/foxy/include/sensor_msgs/msg/detail/joint_state__struct.hpp:166:7:[m[K [01;36m[Knote: [m[K‘[01m[Ksensor_msgs::msg::JointState[m[K’ declared here
[2.197s]   166 | using [01;36m[KJointState[m[K =
[2.197s]       |       [01;36m[K^~~~~~~~~~[m[K
[2.197s] [01m[K/root/sam_bot_description/src/joint_control/src/joint_controller.cpp:91:40:[m[K [01;31m[Kerror: [m[K‘[01m[Know[m[K’ is not a member of ‘[01m[Krclcpp::Time[m[K’
[2.197s]    91 |     joint.header.stamp = rclcpp::Time::[01;31m[Know[m[K();
[2.197s]       |                                        [01;31m[K^~~[m[K
[2.198s] [01m[K/root/sam_bot_description/src/joint_control/src/joint_controller.cpp:92:13:[m[K [01;31m[Kerror: [m[K‘[01m[Kconst SharedPtr[m[K’ {aka ‘[01m[Kconst class std::shared_ptr<geometry_msgs::msg::Twist_<std::allocator<void> > >[m[K’} has no member named ‘[01m[Kangular[m[K’
[2.198s]    92 |     if (msg.[01;31m[Kangular[m[K.z==0 || msg.linear.x==0) {
[2.198s]       |             [01;31m[K^~~~~~~[m[K
[2.198s] [01m[K/root/sam_bot_description/src/joint_control/src/joint_controller.cpp:92:33:[m[K [01;31m[Kerror: [m[K‘[01m[Kconst SharedPtr[m[K’ {aka ‘[01m[Kconst class std::shared_ptr<geometry_msgs::msg::Twist_<std::allocator<void> > >[m[K’} has no member named ‘[01m[Klinear[m[K’
[2.198s]    92 |     if (msg.angular.z==0 || msg.[01;31m[Klinear[m[K.x==0) {
[2.198s]       |                                 [01;31m[K^~~~~~[m[K
[2.198s] [01m[K/root/sam_bot_description/src/joint_control/src/joint_controller.cpp:95:69:[m[K [01;31m[Kerror: [m[K‘[01m[Kconst SharedPtr[m[K’ {aka ‘[01m[Kconst class std::shared_ptr<geometry_msgs::msg::Twist_<std::allocator<void> > >[m[K’} has no member named ‘[01m[Klinear[m[K’
[2.198s]    95 |       rwr = lwr =rwf= lwf = rwm = lwm = linearToAngularVelocity(msg.[01;31m[Klinear[m[K.x, wheelRadius);
[2.198s]       |                                                                     [01;31m[K^~~~~~[m[K
[2.198s] [01m[K/root/sam_bot_description/src/joint_control/src/joint_controller.cpp:100:15:[m[K [01;31m[Kerror: [m[K‘[01m[Kconst SharedPtr[m[K’ {aka ‘[01m[Kconst class std::shared_ptr<geometry_msgs::msg::Twist_<std::allocator<void> > >[m[K’} has no member named ‘[01m[Klinear[m[K’
[2.199s]   100 |       r = msg.[01;31m[Klinear[m[K.x/msg.angular.z;
[2.199s]       |               [01;31m[K^~~~~~[m[K
[2.199s] [01m[K/root/sam_bot_description/src/joint_control/src/joint_controller.cpp:100:28:[m[K [01;31m[Kerror: [m[K‘[01m[Kconst SharedPtr[m[K’ {aka ‘[01m[Kconst class std::shared_ptr<geometry_msgs::msg::Twist_<std::allocator<void> > >[m[K’} has no member named ‘[01m[Kangular[m[K’
[2.199s]   100 |       r = msg.linear.x/msg.[01;31m[Kangular[m[K.z;
[2.199s]       |                            [01;31m[K^~~~~~~[m[K
[2.199s] [01m[K/root/sam_bot_description/src/joint_control/src/joint_controller.cpp:105:29:[m[K [01;31m[Kerror: [m[Kexpected primary-expression before ‘[01m[K/[m[K’ token
[2.199s]   105 |       lwh = atan(actualBase+[01;31m[K/[m[K(r-(track/2)));
[2.199s]       |                             [01;31m[K^[m[K
[2.199s] [01m[K/root/sam_bot_description/src/joint_control/src/joint_controller.cpp:107:67:[m[K [01;31m[Kerror: [m[K‘[01m[Kconst SharedPtr[m[K’ {aka ‘[01m[Kconst class std::shared_ptr<geometry_msgs::msg::Twist_<std::allocator<void> > >[m[K’} has no member named ‘[01m[Kangular[m[K’
[2.199s]   107 |       lwf = lwm = lwr = linearToAngularVelocity((r-(track/2))*msg.[01;31m[Kangular[m[K.z,wheelRadius);
[2.199s]       |                                                                   [01;31m[K^~~~~~~[m[K
[2.199s] [01m[K/root/sam_bot_description/src/joint_control/src/joint_controller.cpp:108:67:[m[K [01;31m[Kerror: [m[K‘[01m[Kconst SharedPtr[m[K’ {aka ‘[01m[Kconst class std::shared_ptr<geometry_msgs::msg::Twist_<std::allocator<void> > >[m[K’} has no member named ‘[01m[Kangular[m[K’
[2.200s]   108 |       rwf = rwm = rwr = linearToAngularVelocity((r+(track/2))*msg.[01;31m[Kangular[m[K.z,wheelRadius);             }
[2.200s]       |                                                                   [01;31m[K^~~~~~~[m[K
[2.200s] [01m[K/root/sam_bot_description/src/joint_control/src/joint_controller.cpp:117:5:[m[K [01;31m[Kerror: [m[K‘[01m[Kodometry_[m[K’ was not declared in this scope
[2.200s]   117 |     [01;31m[Kodometry_[m[K.updateOpenLoop(msg.linear.x, msg.angular.z, joint.header.stamp);
[2.200s]       |     [01;31m[K^~~~~~~~~[m[K
[2.201s] [01m[K/root/sam_bot_description/src/joint_control/src/joint_controller.cpp:117:34:[m[K [01;31m[Kerror: [m[K‘[01m[Kconst SharedPtr[m[K’ {aka ‘[01m[Kconst class std::shared_ptr<geometry_msgs::msg::Twist_<std::allocator<void> > >[m[K’} has no member named ‘[01m[Klinear[m[K’
[2.201s]   117 |     odometry_.updateOpenLoop(msg.[01;31m[Klinear[m[K.x, msg.angular.z, joint.header.stamp);
[2.201s]       |                                  [01;31m[K^~~~~~[m[K
[2.201s] [01m[K/root/sam_bot_description/src/joint_control/src/joint_controller.cpp:117:48:[m[K [01;31m[Kerror: [m[K‘[01m[Kconst SharedPtr[m[K’ {aka ‘[01m[Kconst class std::shared_ptr<geometry_msgs::msg::Twist_<std::allocator<void> > >[m[K’} has no member named ‘[01m[Kangular[m[K’
[2.201s]   117 |     odometry_.updateOpenLoop(msg.linear.x, msg.[01;31m[Kangular[m[K.z, joint.header.stamp);
[2.201s]       |                                                [01;31m[K^~~~~~~[m[K
[2.201s] [01m[K/root/sam_bot_description/src/joint_control/src/joint_controller.cpp:120:26:[m[K [01;31m[Kerror: [m[K‘[01m[KQuaternion[m[K’ in namespace ‘[01m[Kgeometry_msgs[m[K’ does not name a type
[2.201s]   120 |     const geometry_msgs::[01;31m[KQuaternion[m[K orientation(
[2.201s]       |                          [01;31m[K^~~~~~~~~~[m[K
[2.204s] [01m[K/root/sam_bot_description/src/joint_control/src/joint_controller.cpp:125:37:[m[K [01;31m[Kerror: [m[K‘[01m[Korientation[m[K’ was not declared in this scope
[2.205s]   125 |        msg_.pose.pose.orientation = [01;31m[Korientation[m[K;
[2.205s]       |                                     [01;31m[K^~~~~~~~~~~[m[K
[2.205s] [01m[K/root/sam_bot_description/src/joint_control/src/joint_controller.cpp:144:15:[m[K [01;31m[Kerror: [m[K‘[01m[Kusing SharedPtr = class std::shared_ptr<rclcpp::Publisher<nav_msgs::msg::Odometry_<std::allocator<void> > > >[m[K’ {aka ‘[01m[Kclass std::shared_ptr<rclcpp::Publisher<nav_msgs::msg::Odometry_<std::allocator<void> > > >[m[K’} has no member named ‘[01m[Kpublish[m[K’
[2.205s]   144 |     pub_odom_.[01;31m[Kpublish[m[K(msg_);
[2.205s]       |               [01;31m[K^~~~~~~[m[K
[2.205s] [01m[K/root/sam_bot_description/src/joint_control/src/joint_controller.cpp:145:18:[m[K [01;31m[Kerror: [m[K‘[01m[Kusing SharedPtr = class std::shared_ptr<rclcpp::Publisher<tf2_msgs::msg::TFMessage_<std::allocator<void> > > >[m[K’ {aka ‘[01m[Kclass std::shared_ptr<rclcpp::Publisher<tf2_msgs::msg::TFMessage_<std::allocator<void> > > >[m[K’} has no member named ‘[01m[Kpublish[m[K’
[2.206s]   145 |     pub_odom_tf_.[01;31m[Kpublish[m[K(tf_msg_);
[2.206s]       |                  [01;31m[K^~~~~~~[m[K
[2.206s] [01m[K/root/sam_bot_description/src/joint_control/src/joint_controller.cpp:146:10:[m[K [01;31m[Kerror: [m[K‘[01m[Kusing SharedPtr = class std::shared_ptr<rclcpp::Publisher<sensor_msgs::msg::JointState_<std::allocator<void> > > >[m[K’ {aka ‘[01m[Kclass std::shared_ptr<rclcpp::Publisher<sensor_msgs::msg::JointState_<std::allocator<void> > > >[m[K’} has no member named ‘[01m[Kpublish[m[K’
[2.206s]   146 |     pub_.[01;31m[Kpublish[m[K(joint);
[2.206s]       |          [01;31m[K^~~~~~~[m[K
[3.747s] make[2]: *** [CMakeFiles/joint.dir/build.make:63: CMakeFiles/joint.dir/src/joint_controller.cpp.o] Error 1
[3.748s] make[1]: *** [CMakeFiles/Makefile2:78: CMakeFiles/joint.dir/all] Error 2
[3.748s] make: *** [Makefile:141: all] Error 2
[3.752s] Invoked command in '/root/sam_bot_description/src/joint_control/build/joint_control' returned '2': CMAKE_PREFIX_PATH=/opt/ros/foxy /usr/bin/cmake --build /root/sam_bot_description/src/joint_control/build/joint_control -- -j16 -l16
