[0.013s] Invoking command in '/home/tan/Desktop/car_d/car_ws/build/tan': CMAKE_PREFIX_PATH=${CMAKE_PREFIX_PATH}:/opt/ros/foxy /usr/bin/cmake --build /home/tan/Desktop/car_d/car_ws/build/tan -- -j16 -l16
[0.045s] [35m[1mScanning dependencies of target mpc_commander_opt_curve[0m
[0.063s] [ 37%] Built target test_curve
[0.063s] [ 37%] Built target test_path
[0.063s] [ 37%] Built target go_to_pos
[0.063s] [ 50%] Built target vel_commander
[0.068s] [ 62%] Built target mpc_commander
[0.068s] [ 87%] Built target tan_commander_curve
[0.068s] [ 87%] Built target mpc_commander_opt
[0.086s] [ 93%] [32mBuilding CXX object CMakeFiles/mpc_commander_opt_curve.dir/src/mpc_commander_opt_curve.cpp.o[0m
[9.832s] /home/tan/Desktop/car_d/car_ws/src/tan/src/mpc_commander_opt_curve.cpp: In function ‘double fc_mpc(const std::vector<double, std::allocator<double> >&, std::vector<double, std::allocator<double> >&, void*)’:
[9.832s] /home/tan/Desktop/car_d/car_ws/src/tan/src/mpc_commander_opt_curve.cpp:43:66: warning: unused parameter ‘grad’ [-Wunused-parameter]
[9.833s]    43 | double fc_mpc(const std::vector<double> &x, std::vector<double> &grad, void* f_data){
[9.833s]       |                                             ~~~~~~~~~~~~~~~~~~~~~^~~~
[9.833s] /home/tan/Desktop/car_d/car_ws/src/tan/src/mpc_commander_opt_curve.cpp:43:78: warning: unused parameter ‘f_data’ [-Wunused-parameter]
[9.833s]    43 | double fc_mpc(const std::vector<double> &x, std::vector<double> &grad, void* f_data){
[9.833s]       |                                                                        ~~~~~~^~~~~~
[9.833s] /home/tan/Desktop/car_d/car_ws/src/tan/src/mpc_commander_opt_curve.cpp: In function ‘double mpc(const std::vector<double, std::allocator<double> >&, std::vector<double, std::allocator<double> >&, void*)’:
[9.833s] /home/tan/Desktop/car_d/car_ws/src/tan/src/mpc_commander_opt_curve.cpp:89:63: warning: unused parameter ‘grad’ [-Wunused-parameter]
[9.833s]    89 | double mpc(const std::vector<double> &x, std::vector<double> &grad, void* f_data){
[9.833s]       |                                          ~~~~~~~~~~~~~~~~~~~~~^~~~
[9.833s] /home/tan/Desktop/car_d/car_ws/src/tan/src/mpc_commander_opt_curve.cpp: In function ‘int main(int, char**)’:
[9.833s] /home/tan/Desktop/car_d/car_ws/src/tan/src/mpc_commander_opt_curve.cpp:245:41: warning: catching polymorphic type ‘class nlopt::roundoff_limited’ by value [-Wcatch-value=]
[9.834s]   245 |         }catch (nlopt::roundoff_limited e){
[9.834s]       |                                         ^
[9.853s] [100%] [32m[1mLinking CXX executable mpc_commander_opt_curve[0m
[10.282s] [100%] Built target mpc_commander_opt_curve
[10.290s] Invoked command in '/home/tan/Desktop/car_d/car_ws/build/tan' returned '0': CMAKE_PREFIX_PATH=${CMAKE_PREFIX_PATH}:/opt/ros/foxy /usr/bin/cmake --build /home/tan/Desktop/car_d/car_ws/build/tan -- -j16 -l16
[10.321s] Invoking command in '/home/tan/Desktop/car_d/car_ws/build/tan': CMAKE_PREFIX_PATH=${CMAKE_PREFIX_PATH}:/opt/ros/foxy /usr/bin/cmake --install /home/tan/Desktop/car_d/car_ws/build/tan
[10.328s] -- Install configuration: ""
[10.329s] -- Up-to-date: /home/tan/Desktop/car_d/car_ws/install/tan/lib/tan/go_to_pos
[10.330s] -- Up-to-date: /home/tan/Desktop/car_d/car_ws/install/tan/lib/tan/vel_commander
[10.331s] -- Up-to-date: /home/tan/Desktop/car_d/car_ws/install/tan/lib/tan/mpc_commander
[10.331s] -- Up-to-date: /home/tan/Desktop/car_d/car_ws/install/tan/lib/tan/mpc_commander_opt
[10.332s] -- Installing: /home/tan/Desktop/car_d/car_ws/install/tan/lib/tan/mpc_commander_opt_curve
[10.342s] -- Set runtime path of "/home/tan/Desktop/car_d/car_ws/install/tan/lib/tan/mpc_commander_opt_curve" to ""
[10.343s] -- Up-to-date: /home/tan/Desktop/car_d/car_ws/install/tan/lib/tan/tan_commander_curve
[10.344s] -- Up-to-date: /home/tan/Desktop/car_d/car_ws/install/tan/lib/tan/test_path
[10.345s] -- Up-to-date: /home/tan/Desktop/car_d/car_ws/install/tan/lib/tan/test_curve
[10.345s] -- Up-to-date: /home/tan/Desktop/car_d/car_ws/install/tan/share/ament_index/resource_index/package_run_dependencies/tan
[10.345s] -- Up-to-date: /home/tan/Desktop/car_d/car_ws/install/tan/share/ament_index/resource_index/parent_prefix_path/tan
[10.345s] -- Up-to-date: /home/tan/Desktop/car_d/car_ws/install/tan/share/tan/environment/ament_prefix_path.sh
[10.345s] -- Up-to-date: /home/tan/Desktop/car_d/car_ws/install/tan/share/tan/environment/ament_prefix_path.dsv
[10.345s] -- Up-to-date: /home/tan/Desktop/car_d/car_ws/install/tan/share/tan/environment/path.sh
[10.345s] -- Up-to-date: /home/tan/Desktop/car_d/car_ws/install/tan/share/tan/environment/path.dsv
[10.345s] -- Up-to-date: /home/tan/Desktop/car_d/car_ws/install/tan/share/tan/local_setup.bash
[10.345s] -- Up-to-date: /home/tan/Desktop/car_d/car_ws/install/tan/share/tan/local_setup.sh
[10.346s] -- Up-to-date: /home/tan/Desktop/car_d/car_ws/install/tan/share/tan/local_setup.zsh
[10.346s] -- Up-to-date: /home/tan/Desktop/car_d/car_ws/install/tan/share/tan/local_setup.dsv
[10.346s] -- Installing: /home/tan/Desktop/car_d/car_ws/install/tan/share/tan/package.dsv
[10.346s] -- Up-to-date: /home/tan/Desktop/car_d/car_ws/install/tan/share/ament_index/resource_index/packages/tan
[10.346s] -- Up-to-date: /home/tan/Desktop/car_d/car_ws/install/tan/share/tan/cmake/tanConfig.cmake
[10.346s] -- Up-to-date: /home/tan/Desktop/car_d/car_ws/install/tan/share/tan/cmake/tanConfig-version.cmake
[10.346s] -- Up-to-date: /home/tan/Desktop/car_d/car_ws/install/tan/share/tan/package.xml
[10.347s] Invoked command in '/home/tan/Desktop/car_d/car_ws/build/tan' returned '0': CMAKE_PREFIX_PATH=${CMAKE_PREFIX_PATH}:/opt/ros/foxy /usr/bin/cmake --install /home/tan/Desktop/car_d/car_ws/build/tan
