[0.113s] DEBUG:colcon:Command line arguments: ['/usr/bin/colcon', 'build', '--allow-overriding', 'joint_control']
[0.113s] DEBUG:colcon:Parsed command line arguments: Namespace(allow_overriding=['joint_control'], ament_cmake_args=None, base_paths=['.'], build_base='build', catkin_cmake_args=None, catkin_skip_building_tests=False, cmake_args=None, cmake_clean_cache=False, cmake_clean_first=False, cmake_force_configure=False, cmake_target=None, cmake_target_skip_unavailable=False, continue_on_error=False, event_handlers=None, executor='parallel', ignore_user_meta=False, install_base='install', log_base=None, log_level=None, main=<bound method BuildVerb.main of <colcon_core.verb.build.BuildVerb object at 0x7f61e46b2100>>, merge_install=False, metas=['./colcon.meta'], mixin=None, mixin_files=None, mixin_verb=('build',), packages_above=None, packages_above_and_dependencies=None, packages_above_depth=None, packages_end=None, packages_ignore=None, packages_ignore_regex=None, packages_select=None, packages_select_build_failed=False, packages_select_by_dep=None, packages_select_regex=None, packages_select_test_failures=False, packages_skip=None, packages_skip_build_finished=False, packages_skip_by_dep=None, packages_skip_regex=None, packages_skip_test_passed=False, packages_skip_up_to=None, packages_start=None, packages_up_to=None, packages_up_to_regex=None, parallel_workers=16, paths=None, symlink_install=False, test_result_base=None, verb_extension=<colcon_core.verb.build.BuildVerb object at 0x7f61e46b2100>, verb_name='build', verb_parser=<colcon_mixin.mixin.mixin_argument.MixinArgumentDecorator object at 0x7f61e46b2760>)
[0.117s] Level 1:colcon.colcon_core.package_discovery:discover_packages(colcon_meta) check parameters
[0.117s] INFO:colcon.colcon_metadata.package_discovery.colcon_meta:Using configuration from '/root/.colcon/metadata/default/Gazebo.meta'
[0.118s] INFO:colcon.colcon_metadata.package_discovery.colcon_meta:Using configuration from '/root/.colcon/metadata/default/fastrtps.meta'
[0.118s] Level 1:colcon.colcon_core.package_discovery:discover_packages(recursive) check parameters
[0.118s] Level 1:colcon.colcon_core.package_discovery:discover_packages(ignore) check parameters
[0.118s] Level 1:colcon.colcon_core.package_discovery:discover_packages(path) check parameters
[0.118s] Level 1:colcon.colcon_core.package_discovery:discover_packages(colcon_meta) discover
[0.118s] Level 1:colcon.colcon_core.package_discovery:discover_packages(recursive) discover
[0.118s] INFO:colcon.colcon_core.package_discovery:Crawling recursively for packages in '/root/sam_bot_description/src/joint_control'
[0.118s] Level 1:colcon.colcon_core.package_identification:_identify(.) by extensions ['ignore', 'ignore_ament_install']
[0.118s] Level 1:colcon.colcon_core.package_identification:_identify(.) by extension 'ignore'
[0.118s] Level 1:colcon.colcon_core.package_identification:_identify(.) by extension 'ignore_ament_install'
[0.118s] Level 1:colcon.colcon_core.package_identification:_identify(.) by extensions ['colcon_pkg']
[0.118s] Level 1:colcon.colcon_core.package_identification:_identify(.) by extension 'colcon_pkg'
[0.118s] Level 1:colcon.colcon_core.package_identification:_identify(.) by extensions ['colcon_meta']
[0.118s] Level 1:colcon.colcon_core.package_identification:_identify(.) by extension 'colcon_meta'
[0.118s] Level 1:colcon.colcon_core.package_identification:_identify(.) by extensions ['ros']
[0.118s] Level 1:colcon.colcon_core.package_identification:_identify(.) by extension 'ros'
[0.128s] DEBUG:colcon.colcon_core.package_identification:Package '.' with type 'ros.ament_cmake' and name 'joint_control'
[0.128s] Level 1:colcon.colcon_core.package_discovery:discover_packages(recursive) using defaults
[0.128s] Level 1:colcon.colcon_core.package_discovery:discover_packages(ignore) discover
[0.128s] Level 1:colcon.colcon_core.package_discovery:discover_packages(ignore) using defaults
[0.128s] Level 1:colcon.colcon_core.package_discovery:discover_packages(path) discover
[0.128s] Level 1:colcon.colcon_core.package_discovery:discover_packages(path) using defaults
[0.141s] Level 5:colcon.colcon_core.verb:set package 'joint_control' build argument 'cmake_args' from command line to 'None'
[0.141s] Level 5:colcon.colcon_core.verb:set package 'joint_control' build argument 'cmake_target' from command line to 'None'
[0.141s] Level 5:colcon.colcon_core.verb:set package 'joint_control' build argument 'cmake_target_skip_unavailable' from command line to 'False'
[0.141s] Level 5:colcon.colcon_core.verb:set package 'joint_control' build argument 'cmake_clean_cache' from command line to 'False'
[0.141s] Level 5:colcon.colcon_core.verb:set package 'joint_control' build argument 'cmake_clean_first' from command line to 'False'
[0.141s] Level 5:colcon.colcon_core.verb:set package 'joint_control' build argument 'cmake_force_configure' from command line to 'False'
[0.141s] Level 5:colcon.colcon_core.verb:set package 'joint_control' build argument 'ament_cmake_args' from command line to 'None'
[0.141s] Level 5:colcon.colcon_core.verb:set package 'joint_control' build argument 'catkin_cmake_args' from command line to 'None'
[0.141s] Level 5:colcon.colcon_core.verb:set package 'joint_control' build argument 'catkin_skip_building_tests' from command line to 'False'
[0.141s] DEBUG:colcon.colcon_core.verb:Building package 'joint_control' with the following arguments: {'ament_cmake_args': None, 'build_base': '/root/sam_bot_description/src/joint_control/build/joint_control', 'catkin_cmake_args': None, 'catkin_skip_building_tests': False, 'cmake_args': None, 'cmake_clean_cache': False, 'cmake_clean_first': False, 'cmake_force_configure': False, 'cmake_target': None, 'cmake_target_skip_unavailable': False, 'install_base': '/root/sam_bot_description/src/joint_control/install/joint_control', 'merge_install': False, 'path': '/root/sam_bot_description/src/joint_control', 'symlink_install': False, 'test_result_base': None}
[0.144s] INFO:colcon.colcon_core.executor:Executing jobs using 'parallel' executor
[0.146s] DEBUG:colcon.colcon_parallel_executor.executor.parallel:run_until_complete
[0.146s] INFO:colcon.colcon_ros.task.ament_cmake.build:Building ROS package in '/root/sam_bot_description/src/joint_control' with build type 'ament_cmake'
[0.146s] INFO:colcon.colcon_cmake.task.cmake.build:Building CMake package in '/root/sam_bot_description/src/joint_control'
[0.149s] INFO:colcon.colcon_core.plugin_system:Skipping extension 'colcon_core.shell.bat': Not used on non-Windows systems
[0.149s] INFO:colcon.colcon_core.shell:Skip shell extension 'powershell' for command environment: Not usable outside of PowerShell
[0.150s] DEBUG:colcon.colcon_core.shell:Skip shell extension 'dsv' for command environment
[0.162s] DEBUG:colcon.colcon_core.event_handler.log_command:Invoking command in '/root/sam_bot_description/src/joint_control/build/joint_control': CMAKE_PREFIX_PATH=${CMAKE_PREFIX_PATH}:/root/sam_bot_description/src/joint_init/install/joint_init:/opt/ros/foxy /usr/bin/cmake --build /root/sam_bot_description/src/joint_control/build/joint_control -- -j16 -l16
[6.682s] DEBUG:colcon.colcon_core.event_handler.log_command:Invoked command in '/root/sam_bot_description/src/joint_control/build/joint_control' returned '0': CMAKE_PREFIX_PATH=${CMAKE_PREFIX_PATH}:/root/sam_bot_description/src/joint_init/install/joint_init:/opt/ros/foxy /usr/bin/cmake --build /root/sam_bot_description/src/joint_control/build/joint_control -- -j16 -l16
[6.722s] DEBUG:colcon.colcon_core.event_handler.log_command:Invoking command in '/root/sam_bot_description/src/joint_control/build/joint_control': CMAKE_PREFIX_PATH=${CMAKE_PREFIX_PATH}:/root/sam_bot_description/src/joint_init/install/joint_init:/opt/ros/foxy /usr/bin/cmake --install /root/sam_bot_description/src/joint_control/build/joint_control
[6.739s] Level 1:colcon.colcon_core.environment:create_environment_scripts_only(joint_control)
[6.740s] DEBUG:colcon.colcon_core.event_handler.log_command:Invoked command in '/root/sam_bot_description/src/joint_control/build/joint_control' returned '0': CMAKE_PREFIX_PATH=${CMAKE_PREFIX_PATH}:/root/sam_bot_description/src/joint_init/install/joint_init:/opt/ros/foxy /usr/bin/cmake --install /root/sam_bot_description/src/joint_control/build/joint_control
[6.744s] Level 1:colcon.colcon_core.environment:checking '/root/sam_bot_description/src/joint_control/install/joint_control' for CMake module files
[6.745s] Level 1:colcon.colcon_core.environment:checking '/root/sam_bot_description/src/joint_control/install/joint_control' for CMake config files
[6.746s] Level 1:colcon.colcon_core.shell:create_environment_hook('joint_control', 'cmake_prefix_path')
[6.747s] INFO:colcon.colcon_core.shell:Creating environment hook '/root/sam_bot_description/src/joint_control/install/joint_control/share/joint_control/hook/cmake_prefix_path.ps1'
[6.748s] INFO:colcon.colcon_core.shell:Creating environment descriptor '/root/sam_bot_description/src/joint_control/install/joint_control/share/joint_control/hook/cmake_prefix_path.dsv'
[6.748s] INFO:colcon.colcon_core.shell:Creating environment hook '/root/sam_bot_description/src/joint_control/install/joint_control/share/joint_control/hook/cmake_prefix_path.sh'
[6.750s] Level 1:colcon.colcon_core.environment:checking '/root/sam_bot_description/src/joint_control/install/joint_control/lib'
[6.750s] Level 1:colcon.colcon_core.environment:checking '/root/sam_bot_description/src/joint_control/install/joint_control/bin'
[6.750s] Level 1:colcon.colcon_core.environment:checking '/root/sam_bot_description/src/joint_control/install/joint_control/lib/pkgconfig/joint_control.pc'
[6.750s] Level 1:colcon.colcon_core.environment:checking '/root/sam_bot_description/src/joint_control/install/joint_control/lib/python3.8/site-packages'
[6.751s] INFO:colcon.colcon_core.shell:Creating package script '/root/sam_bot_description/src/joint_control/install/joint_control/share/joint_control/package.ps1'
[6.753s] INFO:colcon.colcon_core.shell:Creating package descriptor '/root/sam_bot_description/src/joint_control/install/joint_control/share/joint_control/package.dsv'
[6.754s] INFO:colcon.colcon_core.shell:Creating package script '/root/sam_bot_description/src/joint_control/install/joint_control/share/joint_control/package.sh'
[6.755s] INFO:colcon.colcon_core.shell:Creating package script '/root/sam_bot_description/src/joint_control/install/joint_control/share/joint_control/package.bash'
[6.756s] INFO:colcon.colcon_core.shell:Creating package script '/root/sam_bot_description/src/joint_control/install/joint_control/share/joint_control/package.zsh'
[6.757s] Level 1:colcon.colcon_core.environment:create_file_with_runtime_dependencies(/root/sam_bot_description/src/joint_control/install/joint_control/share/colcon-core/packages/joint_control)
[6.792s] Level 1:colcon.colcon_core.environment:create_environment_scripts_only(joint_control)
[6.794s] Level 1:colcon.colcon_core.environment:checking '/root/sam_bot_description/src/joint_control/install/joint_control' for CMake module files
[6.796s] Level 1:colcon.colcon_core.environment:checking '/root/sam_bot_description/src/joint_control/install/joint_control' for CMake config files
[6.796s] Level 1:colcon.colcon_core.shell:create_environment_hook('joint_control', 'cmake_prefix_path')
[6.797s] INFO:colcon.colcon_core.shell:Creating environment hook '/root/sam_bot_description/src/joint_control/install/joint_control/share/joint_control/hook/cmake_prefix_path.ps1'
[6.798s] INFO:colcon.colcon_core.shell:Creating environment descriptor '/root/sam_bot_description/src/joint_control/install/joint_control/share/joint_control/hook/cmake_prefix_path.dsv'
[6.799s] INFO:colcon.colcon_core.shell:Creating environment hook '/root/sam_bot_description/src/joint_control/install/joint_control/share/joint_control/hook/cmake_prefix_path.sh'
[6.800s] Level 1:colcon.colcon_core.environment:checking '/root/sam_bot_description/src/joint_control/install/joint_control/lib'
[6.800s] Level 1:colcon.colcon_core.environment:checking '/root/sam_bot_description/src/joint_control/install/joint_control/bin'
[6.801s] Level 1:colcon.colcon_core.environment:checking '/root/sam_bot_description/src/joint_control/install/joint_control/lib/pkgconfig/joint_control.pc'
[6.801s] Level 1:colcon.colcon_core.environment:checking '/root/sam_bot_description/src/joint_control/install/joint_control/lib/python3.8/site-packages'
[6.802s] INFO:colcon.colcon_core.shell:Creating package script '/root/sam_bot_description/src/joint_control/install/joint_control/share/joint_control/package.ps1'
[6.803s] INFO:colcon.colcon_core.shell:Creating package descriptor '/root/sam_bot_description/src/joint_control/install/joint_control/share/joint_control/package.dsv'
[6.804s] INFO:colcon.colcon_core.shell:Creating package script '/root/sam_bot_description/src/joint_control/install/joint_control/share/joint_control/package.sh'
[6.805s] INFO:colcon.colcon_core.shell:Creating package script '/root/sam_bot_description/src/joint_control/install/joint_control/share/joint_control/package.bash'
[6.806s] INFO:colcon.colcon_core.shell:Creating package script '/root/sam_bot_description/src/joint_control/install/joint_control/share/joint_control/package.zsh'
[6.806s] Level 1:colcon.colcon_core.environment:create_file_with_runtime_dependencies(/root/sam_bot_description/src/joint_control/install/joint_control/share/colcon-core/packages/joint_control)
[6.807s] DEBUG:colcon.colcon_parallel_executor.executor.parallel:closing loop
[6.807s] DEBUG:colcon.colcon_parallel_executor.executor.parallel:loop closed
[6.808s] DEBUG:colcon.colcon_parallel_executor.executor.parallel:run_until_complete finished with '0'
[6.808s] DEBUG:colcon.colcon_core.event_reactor:joining thread
[6.817s] INFO:colcon.colcon_core.plugin_system:Skipping extension 'colcon_notification.desktop_notification.notify_send': Could not find 'notify-send'
[6.817s] INFO:colcon.colcon_core.plugin_system:Skipping extension 'colcon_notification.desktop_notification.terminal_notifier': Not used on non-Darwin systems
[6.817s] INFO:colcon.colcon_core.plugin_system:Skipping extension 'colcon_notification.desktop_notification.win32': Not used on non-Windows systems
[6.817s] INFO:colcon.colcon_notification.desktop_notification:Sending desktop notification using 'notify2'
[6.824s] DEBUG:colcon.colcon_notification.desktop_notification.notify2:Failed to initialize notify2: org.freedesktop.DBus.Error.ServiceUnknown: The name org.freedesktop.Notifications was not provided by any .service files
[6.824s] DEBUG:colcon.colcon_core.event_reactor:joined thread
[6.826s] INFO:colcon.colcon_core.shell:Creating prefix script '/root/sam_bot_description/src/joint_control/install/local_setup.ps1'
[6.828s] INFO:colcon.colcon_core.shell:Creating prefix util module '/root/sam_bot_description/src/joint_control/install/_local_setup_util_ps1.py'
[6.830s] INFO:colcon.colcon_core.shell:Creating prefix chain script '/root/sam_bot_description/src/joint_control/install/setup.ps1'
[6.833s] INFO:colcon.colcon_core.shell:Creating prefix script '/root/sam_bot_description/src/joint_control/install/local_setup.sh'
[6.834s] INFO:colcon.colcon_core.shell:Creating prefix util module '/root/sam_bot_description/src/joint_control/install/_local_setup_util_sh.py'
[6.835s] INFO:colcon.colcon_core.shell:Creating prefix chain script '/root/sam_bot_description/src/joint_control/install/setup.sh'
[6.838s] INFO:colcon.colcon_core.shell:Creating prefix script '/root/sam_bot_description/src/joint_control/install/local_setup.bash'
[6.838s] INFO:colcon.colcon_core.shell:Creating prefix chain script '/root/sam_bot_description/src/joint_control/install/setup.bash'
[6.841s] INFO:colcon.colcon_core.shell:Creating prefix script '/root/sam_bot_description/src/joint_control/install/local_setup.zsh'
[6.842s] INFO:colcon.colcon_core.shell:Creating prefix chain script '/root/sam_bot_description/src/joint_control/install/setup.zsh'
