[0.160s] DEBUG:colcon:Command line arguments: ['/usr/bin/colcon', 'build']
[0.160s] DEBUG:colcon:Parsed command line arguments: Namespace(allow_overriding=[], ament_cmake_args=None, base_paths=['.'], build_base='build', catkin_cmake_args=None, catkin_skip_building_tests=False, cmake_args=None, cmake_clean_cache=False, cmake_clean_first=False, cmake_force_configure=False, cmake_target=None, cmake_target_skip_unavailable=False, continue_on_error=False, event_handlers=None, executor='parallel', ignore_user_meta=False, install_base='install', log_base=None, log_level=None, main=<bound method BuildVerb.main of <colcon_core.verb.build.BuildVerb object at 0x7f0e8e3a4cd0>>, merge_install=False, metas=['./colcon.meta'], mixin=None, mixin_files=None, mixin_verb=('build',), packages_above=None, packages_above_and_dependencies=None, packages_above_depth=None, packages_end=None, packages_ignore=None, packages_ignore_regex=None, packages_select=None, packages_select_build_failed=False, packages_select_by_dep=None, packages_select_regex=None, packages_select_test_failures=False, packages_skip=None, packages_skip_build_finished=False, packages_skip_by_dep=None, packages_skip_regex=None, packages_skip_test_passed=False, packages_skip_up_to=None, packages_start=None, packages_up_to=None, packages_up_to_regex=None, parallel_workers=16, paths=None, symlink_install=False, test_result_base=None, verb_extension=<colcon_core.verb.build.BuildVerb object at 0x7f0e8e3a4cd0>, verb_name='build', verb_parser=<colcon_mixin.mixin.mixin_argument.MixinArgumentDecorator object at 0x7f0e8e32e2e0>)
[0.167s] Level 1:colcon.colcon_core.package_discovery:discover_packages(colcon_meta) check parameters
[0.168s] INFO:colcon.colcon_metadata.package_discovery.colcon_meta:Using configuration from '/root/.colcon/metadata/default/Gazebo.meta'
[0.168s] INFO:colcon.colcon_metadata.package_discovery.colcon_meta:Using configuration from '/root/.colcon/metadata/default/fastrtps.meta'
[0.168s] Level 1:colcon.colcon_core.package_discovery:discover_packages(recursive) check parameters
[0.168s] Level 1:colcon.colcon_core.package_discovery:discover_packages(ignore) check parameters
[0.168s] Level 1:colcon.colcon_core.package_discovery:discover_packages(path) check parameters
[0.168s] Level 1:colcon.colcon_core.package_discovery:discover_packages(colcon_meta) discover
[0.168s] Level 1:colcon.colcon_core.package_discovery:discover_packages(recursive) discover
[0.168s] INFO:colcon.colcon_core.package_discovery:Crawling recursively for packages in '/root/sam_bot_description/src/joint_control'
[0.168s] Level 1:colcon.colcon_core.package_identification:_identify(.) by extensions ['ignore', 'ignore_ament_install']
[0.168s] Level 1:colcon.colcon_core.package_identification:_identify(.) by extension 'ignore'
[0.169s] Level 1:colcon.colcon_core.package_identification:_identify(.) by extension 'ignore_ament_install'
[0.169s] Level 1:colcon.colcon_core.package_identification:_identify(.) by extensions ['colcon_pkg']
[0.169s] Level 1:colcon.colcon_core.package_identification:_identify(.) by extension 'colcon_pkg'
[0.169s] Level 1:colcon.colcon_core.package_identification:_identify(.) by extensions ['colcon_meta']
[0.169s] Level 1:colcon.colcon_core.package_identification:_identify(.) by extension 'colcon_meta'
[0.169s] Level 1:colcon.colcon_core.package_identification:_identify(.) by extensions ['ros']
[0.169s] Level 1:colcon.colcon_core.package_identification:_identify(.) by extension 'ros'
[0.179s] DEBUG:colcon.colcon_core.package_identification:Package '.' with type 'ros.ament_cmake' and name 'joint_control'
[0.179s] Level 1:colcon.colcon_core.package_discovery:discover_packages(recursive) using defaults
[0.179s] Level 1:colcon.colcon_core.package_discovery:discover_packages(ignore) discover
[0.179s] Level 1:colcon.colcon_core.package_discovery:discover_packages(ignore) using defaults
[0.179s] Level 1:colcon.colcon_core.package_discovery:discover_packages(path) discover
[0.179s] Level 1:colcon.colcon_core.package_discovery:discover_packages(path) using defaults
[0.196s] Level 5:colcon.colcon_core.verb:set package 'joint_control' build argument 'cmake_args' from command line to 'None'
[0.196s] Level 5:colcon.colcon_core.verb:set package 'joint_control' build argument 'cmake_target' from command line to 'None'
[0.196s] Level 5:colcon.colcon_core.verb:set package 'joint_control' build argument 'cmake_target_skip_unavailable' from command line to 'False'
[0.196s] Level 5:colcon.colcon_core.verb:set package 'joint_control' build argument 'cmake_clean_cache' from command line to 'False'
[0.196s] Level 5:colcon.colcon_core.verb:set package 'joint_control' build argument 'cmake_clean_first' from command line to 'False'
[0.196s] Level 5:colcon.colcon_core.verb:set package 'joint_control' build argument 'cmake_force_configure' from command line to 'False'
[0.196s] Level 5:colcon.colcon_core.verb:set package 'joint_control' build argument 'ament_cmake_args' from command line to 'None'
[0.196s] Level 5:colcon.colcon_core.verb:set package 'joint_control' build argument 'catkin_cmake_args' from command line to 'None'
[0.196s] Level 5:colcon.colcon_core.verb:set package 'joint_control' build argument 'catkin_skip_building_tests' from command line to 'False'
[0.196s] DEBUG:colcon.colcon_core.verb:Building package 'joint_control' with the following arguments: {'ament_cmake_args': None, 'build_base': '/root/sam_bot_description/src/joint_control/build/joint_control', 'catkin_cmake_args': None, 'catkin_skip_building_tests': False, 'cmake_args': None, 'cmake_clean_cache': False, 'cmake_clean_first': False, 'cmake_force_configure': False, 'cmake_target': None, 'cmake_target_skip_unavailable': False, 'install_base': '/root/sam_bot_description/src/joint_control/install/joint_control', 'merge_install': False, 'path': '/root/sam_bot_description/src/joint_control', 'symlink_install': False, 'test_result_base': None}
[0.199s] INFO:colcon.colcon_core.executor:Executing jobs using 'parallel' executor
[0.200s] DEBUG:colcon.colcon_parallel_executor.executor.parallel:run_until_complete
[0.201s] INFO:colcon.colcon_ros.task.ament_cmake.build:Building ROS package in '/root/sam_bot_description/src/joint_control' with build type 'ament_cmake'
[0.201s] INFO:colcon.colcon_cmake.task.cmake.build:Building CMake package in '/root/sam_bot_description/src/joint_control'
[0.206s] INFO:colcon.colcon_core.plugin_system:Skipping extension 'colcon_core.shell.bat': Not used on non-Windows systems
[0.206s] INFO:colcon.colcon_core.shell:Skip shell extension 'powershell' for command environment: Not usable outside of PowerShell
[0.206s] DEBUG:colcon.colcon_core.shell:Skip shell extension 'dsv' for command environment
[0.216s] DEBUG:colcon.colcon_core.event_handler.log_command:Invoking command in '/root/sam_bot_description/src/joint_control/build/joint_control': CMAKE_PREFIX_PATH=/opt/ros/foxy /usr/bin/cmake /root/sam_bot_description/src/joint_control -DCMAKE_INSTALL_PREFIX=/root/sam_bot_description/src/joint_control/install/joint_control
[2.078s] DEBUG:colcon.colcon_core.event_handler.log_command:Invoked command in '/root/sam_bot_description/src/joint_control/build/joint_control' returned '0': CMAKE_PREFIX_PATH=/opt/ros/foxy /usr/bin/cmake /root/sam_bot_description/src/joint_control -DCMAKE_INSTALL_PREFIX=/root/sam_bot_description/src/joint_control/install/joint_control
[2.080s] DEBUG:colcon.colcon_core.event_handler.log_command:Invoking command in '/root/sam_bot_description/src/joint_control/build/joint_control': CMAKE_PREFIX_PATH=/opt/ros/foxy /usr/bin/cmake --build /root/sam_bot_description/src/joint_control/build/joint_control -- -j16 -l16
[2.134s] DEBUG:colcon.colcon_core.event_handler.log_command:Invoked command in '/root/sam_bot_description/src/joint_control/build/joint_control' returned '0': CMAKE_PREFIX_PATH=/opt/ros/foxy /usr/bin/cmake --build /root/sam_bot_description/src/joint_control/build/joint_control -- -j16 -l16
[2.175s] DEBUG:colcon.colcon_core.event_handler.log_command:Invoking command in '/root/sam_bot_description/src/joint_control/build/joint_control': CMAKE_PREFIX_PATH=/opt/ros/foxy /usr/bin/cmake --install /root/sam_bot_description/src/joint_control/build/joint_control
[2.197s] Level 1:colcon.colcon_core.environment:create_environment_scripts_only(joint_control)
[2.199s] DEBUG:colcon.colcon_core.event_handler.log_command:Invoked command in '/root/sam_bot_description/src/joint_control/build/joint_control' returned '0': CMAKE_PREFIX_PATH=/opt/ros/foxy /usr/bin/cmake --install /root/sam_bot_description/src/joint_control/build/joint_control
[2.206s] Level 1:colcon.colcon_core.environment:checking '/root/sam_bot_description/src/joint_control/install/joint_control' for CMake module files
[2.206s] Level 1:colcon.colcon_core.environment:checking '/root/sam_bot_description/src/joint_control/install/joint_control' for CMake config files
[2.206s] Level 1:colcon.colcon_core.shell:create_environment_hook('joint_control', 'cmake_prefix_path')
[2.207s] INFO:colcon.colcon_core.shell:Creating environment hook '/root/sam_bot_description/src/joint_control/install/joint_control/share/joint_control/hook/cmake_prefix_path.ps1'
[2.208s] INFO:colcon.colcon_core.shell:Creating environment descriptor '/root/sam_bot_description/src/joint_control/install/joint_control/share/joint_control/hook/cmake_prefix_path.dsv'
[2.208s] INFO:colcon.colcon_core.shell:Creating environment hook '/root/sam_bot_description/src/joint_control/install/joint_control/share/joint_control/hook/cmake_prefix_path.sh'
[2.209s] Level 1:colcon.colcon_core.environment:checking '/root/sam_bot_description/src/joint_control/install/joint_control/bin'
[2.209s] Level 1:colcon.colcon_core.environment:checking '/root/sam_bot_description/src/joint_control/install/joint_control/lib/pkgconfig/joint_control.pc'
[2.209s] Level 1:colcon.colcon_core.environment:checking '/root/sam_bot_description/src/joint_control/install/joint_control/lib/python3.8/site-packages'
[2.210s] INFO:colcon.colcon_core.shell:Creating package script '/root/sam_bot_description/src/joint_control/install/joint_control/share/joint_control/package.ps1'
[2.210s] INFO:colcon.colcon_core.shell:Creating package descriptor '/root/sam_bot_description/src/joint_control/install/joint_control/share/joint_control/package.dsv'
[2.211s] INFO:colcon.colcon_core.shell:Creating package script '/root/sam_bot_description/src/joint_control/install/joint_control/share/joint_control/package.sh'
[2.212s] INFO:colcon.colcon_core.shell:Creating package script '/root/sam_bot_description/src/joint_control/install/joint_control/share/joint_control/package.bash'
[2.212s] INFO:colcon.colcon_core.shell:Creating package script '/root/sam_bot_description/src/joint_control/install/joint_control/share/joint_control/package.zsh'
[2.213s] Level 1:colcon.colcon_core.environment:create_file_with_runtime_dependencies(/root/sam_bot_description/src/joint_control/install/joint_control/share/colcon-core/packages/joint_control)
[2.246s] Level 1:colcon.colcon_core.environment:create_environment_scripts_only(joint_control)
[2.247s] Level 1:colcon.colcon_core.environment:checking '/root/sam_bot_description/src/joint_control/install/joint_control' for CMake module files
[2.247s] Level 1:colcon.colcon_core.environment:checking '/root/sam_bot_description/src/joint_control/install/joint_control' for CMake config files
[2.247s] Level 1:colcon.colcon_core.shell:create_environment_hook('joint_control', 'cmake_prefix_path')
[2.248s] INFO:colcon.colcon_core.shell:Creating environment hook '/root/sam_bot_description/src/joint_control/install/joint_control/share/joint_control/hook/cmake_prefix_path.ps1'
[2.248s] INFO:colcon.colcon_core.shell:Creating environment descriptor '/root/sam_bot_description/src/joint_control/install/joint_control/share/joint_control/hook/cmake_prefix_path.dsv'
[2.248s] INFO:colcon.colcon_core.shell:Creating environment hook '/root/sam_bot_description/src/joint_control/install/joint_control/share/joint_control/hook/cmake_prefix_path.sh'
[2.249s] Level 1:colcon.colcon_core.environment:checking '/root/sam_bot_description/src/joint_control/install/joint_control/bin'
[2.249s] Level 1:colcon.colcon_core.environment:checking '/root/sam_bot_description/src/joint_control/install/joint_control/lib/pkgconfig/joint_control.pc'
[2.249s] Level 1:colcon.colcon_core.environment:checking '/root/sam_bot_description/src/joint_control/install/joint_control/lib/python3.8/site-packages'
[2.250s] INFO:colcon.colcon_core.shell:Creating package script '/root/sam_bot_description/src/joint_control/install/joint_control/share/joint_control/package.ps1'
[2.250s] INFO:colcon.colcon_core.shell:Creating package descriptor '/root/sam_bot_description/src/joint_control/install/joint_control/share/joint_control/package.dsv'
[2.251s] INFO:colcon.colcon_core.shell:Creating package script '/root/sam_bot_description/src/joint_control/install/joint_control/share/joint_control/package.sh'
[2.251s] INFO:colcon.colcon_core.shell:Creating package script '/root/sam_bot_description/src/joint_control/install/joint_control/share/joint_control/package.bash'
[2.252s] INFO:colcon.colcon_core.shell:Creating package script '/root/sam_bot_description/src/joint_control/install/joint_control/share/joint_control/package.zsh'
[2.252s] Level 1:colcon.colcon_core.environment:create_file_with_runtime_dependencies(/root/sam_bot_description/src/joint_control/install/joint_control/share/colcon-core/packages/joint_control)
[2.252s] DEBUG:colcon.colcon_parallel_executor.executor.parallel:closing loop
[2.253s] DEBUG:colcon.colcon_parallel_executor.executor.parallel:loop closed
[2.253s] DEBUG:colcon.colcon_parallel_executor.executor.parallel:run_until_complete finished with '0'
[2.253s] DEBUG:colcon.colcon_core.event_reactor:joining thread
[2.262s] INFO:colcon.colcon_core.plugin_system:Skipping extension 'colcon_notification.desktop_notification.notify_send': Could not find 'notify-send'
[2.262s] INFO:colcon.colcon_core.plugin_system:Skipping extension 'colcon_notification.desktop_notification.terminal_notifier': Not used on non-Darwin systems
[2.262s] INFO:colcon.colcon_core.plugin_system:Skipping extension 'colcon_notification.desktop_notification.win32': Not used on non-Windows systems
[2.262s] INFO:colcon.colcon_notification.desktop_notification:Sending desktop notification using 'notify2'
[2.274s] DEBUG:colcon.colcon_notification.desktop_notification.notify2:Failed to initialize notify2: org.freedesktop.DBus.Error.ServiceUnknown: The name org.freedesktop.Notifications was not provided by any .service files
[2.275s] DEBUG:colcon.colcon_core.event_reactor:joined thread
[2.276s] INFO:colcon.colcon_core.shell:Creating prefix script '/root/sam_bot_description/src/joint_control/install/local_setup.ps1'
[2.277s] INFO:colcon.colcon_core.shell:Creating prefix util module '/root/sam_bot_description/src/joint_control/install/_local_setup_util_ps1.py'
[2.278s] INFO:colcon.colcon_core.shell:Creating prefix chain script '/root/sam_bot_description/src/joint_control/install/setup.ps1'
[2.280s] INFO:colcon.colcon_core.shell:Creating prefix script '/root/sam_bot_description/src/joint_control/install/local_setup.sh'
[2.281s] INFO:colcon.colcon_core.shell:Creating prefix util module '/root/sam_bot_description/src/joint_control/install/_local_setup_util_sh.py'
[2.281s] INFO:colcon.colcon_core.shell:Creating prefix chain script '/root/sam_bot_description/src/joint_control/install/setup.sh'
[2.282s] INFO:colcon.colcon_core.shell:Creating prefix script '/root/sam_bot_description/src/joint_control/install/local_setup.bash'
[2.283s] INFO:colcon.colcon_core.shell:Creating prefix chain script '/root/sam_bot_description/src/joint_control/install/setup.bash'
[2.284s] INFO:colcon.colcon_core.shell:Creating prefix script '/root/sam_bot_description/src/joint_control/install/local_setup.zsh'
[2.284s] INFO:colcon.colcon_core.shell:Creating prefix chain script '/root/sam_bot_description/src/joint_control/install/setup.zsh'
