-- The C compiler identification is GNU 9.4.0
-- The CXX compiler identification is GNU 9.4.0
-- Check for working C compiler: /usr/lib/ccache/cc
-- Check for working C compiler: /usr/lib/ccache/cc -- works
-- Detecting C compiler ABI info
-- Detecting C compiler ABI info - done
-- Detecting C compile features
-- Detecting C compile features - done
-- Check for working CXX compiler: /usr/lib/ccache/c++
-- Check for working CXX compiler: /usr/lib/ccache/c++ -- works
-- Detecting CXX compiler ABI info
-- Detecting CXX compiler ABI info - done
-- Detecting CXX compile features
-- Detecting CXX compile features - done
-- Found ament_cmake: 0.9.9 (/opt/ros/foxy/share/ament_cmake/cmake)
-- Found PythonInterp: /usr/bin/python3 (found suitable version "3.8.10", minimum required is "3") 
-- Using PYTHON_EXECUTABLE: /usr/bin/python3
-- Found rosidl_default_generators: 1.0.1 (/opt/ros/foxy/share/rosidl_default_generators/cmake)
-- Using all available rosidl_typesupport_c: rosidl_typesupport_fastrtps_c;rosidl_typesupport_introspection_c
-- Found rosidl_adapter: 1.2.1 (/opt/ros/foxy/share/rosidl_adapter/cmake)
-- Found OpenSSL: /usr/lib/x86_64-linux-gnu/libcrypto.so (found version "1.1.1f")  
-- Found FastRTPS: /opt/ros/foxy/include  
-- Using all available rosidl_typesupport_cpp: rosidl_typesupport_fastrtps_cpp;rosidl_typesupport_introspection_cpp
-- Found PythonInterp: /usr/bin/python3 (found version "3.8.10") 
-- Found ament_cmake_ros: 0.9.2 (/opt/ros/foxy/share/ament_cmake_ros/cmake)
-- Using all available rosidl_typesupport_c: rosidl_typesupport_fastrtps_c;rosidl_typesupport_introspection_c
-- Using all available rosidl_typesupport_cpp: rosidl_typesupport_fastrtps_cpp;rosidl_typesupport_introspection_cpp
-- Found PythonInterp: /usr/bin/python3 (found suitable version "3.8.10", minimum required is "3.5") 
-- Found python_cmake_module: 0.8.1 (/opt/ros/foxy/share/python_cmake_module/cmake)
-- Found PythonLibs: /usr/lib/x86_64-linux-gnu/libpython3.8.so (found suitable version "3.8.10", minimum required is "3.5") 
-- Using PYTHON_EXECUTABLE: /usr/bin/python3
-- Using PYTHON_INCLUDE_DIRS: /usr/include/python3.8
-- Using PYTHON_LIBRARIES: /usr/lib/x86_64-linux-gnu/libpython3.8.so
-- Found PythonExtra: .so  
-- Found ament_lint_auto: 0.9.6 (/opt/ros/foxy/share/ament_lint_auto/cmake)
-- Added test 'copyright' to check source files copyright and LICENSE
-- Added test 'lint_cmake' to check CMake code style
-- Added test 'xmllint' to check XML markup files
-- Configuring done
-- Generating done
-- Build files have been written to: /home/tan/Desktop/car_d/car_ws/build/carrl_interface
[35m[1mScanning dependencies of target carrl_interface__cpp[0m
[  3%] [34m[1mGenerating C code for ROS interfaces[0m
[  6%] [34m[1mGenerating C++ code for ROS interfaces[0m
[  6%] Built target carrl_interface__cpp
[  9%] [34m[1mGenerating C++ type support for eProsima Fast-RTPS[0m
[ 12%] [34m[1mGenerating C++ type support dispatch for ROS interfaces[0m
[ 16%] [34m[1mGenerating C++ introspection for ROS interfaces[0m
[35m[1mScanning dependencies of target carrl_interface__rosidl_generator_c[0m
[ 19%] [32mBuilding C object CMakeFiles/carrl_interface__rosidl_generator_c.dir/rosidl_generator_c/carrl_interface/msg/detail/curve_coeffs__functions.c.o[0m
[ 22%] [32m[1mLinking C shared library libcarrl_interface__rosidl_generator_c.so[0m
[ 22%] Built target carrl_interface__rosidl_generator_c
[ 25%] [34m[1mGenerating C type support dispatch for ROS interfaces[0m
[ 29%] [34m[1mGenerating C introspection for ROS interfaces[0m
[35m[1mScanning dependencies of target carrl_interface__rosidl_typesupport_introspection_cpp[0m
[ 32%] [32mBuilding CXX object CMakeFiles/carrl_interface__rosidl_typesupport_introspection_cpp.dir/rosidl_typesupport_introspection_cpp/carrl_interface/msg/detail/curve_coeffs__type_support.cpp.o[0m
[35m[1mScanning dependencies of target carrl_interface__rosidl_typesupport_cpp[0m
[ 35%] [32mBuilding CXX object CMakeFiles/carrl_interface__rosidl_typesupport_cpp.dir/rosidl_typesupport_cpp/carrl_interface/msg/curve_coeffs__type_support.cpp.o[0m
[ 38%] [32m[1mLinking CXX shared library libcarrl_interface__rosidl_typesupport_introspection_cpp.so[0m
[35m[1mScanning dependencies of target carrl_interface__rosidl_typesupport_fastrtps_cpp[0m
[ 41%] [32mBuilding CXX object CMakeFiles/carrl_interface__rosidl_typesupport_fastrtps_cpp.dir/rosidl_typesupport_fastrtps_cpp/carrl_interface/msg/detail/dds_fastrtps/curve_coeffs__type_support.cpp.o[0m
[35m[1mScanning dependencies of target carrl_interface__rosidl_typesupport_c[0m
[ 45%] [32mBuilding CXX object CMakeFiles/carrl_interface__rosidl_typesupport_c.dir/rosidl_typesupport_c/carrl_interface/msg/curve_coeffs__type_support.cpp.o[0m
[ 48%] [32m[1mLinking CXX shared library libcarrl_interface__rosidl_typesupport_cpp.so[0m
[ 51%] [32m[1mLinking CXX shared library libcarrl_interface__rosidl_typesupport_c.so[0m
[35m[1mScanning dependencies of target carrl_interface__rosidl_typesupport_introspection_c[0m
[ 51%] Built target carrl_interface__rosidl_typesupport_introspection_cpp
[ 54%] [32mBuilding C object CMakeFiles/carrl_interface__rosidl_typesupport_introspection_c.dir/rosidl_typesupport_introspection_c/carrl_interface/msg/detail/curve_coeffs__type_support.c.o[0m
[ 58%] [32m[1mLinking CXX shared library libcarrl_interface__rosidl_typesupport_fastrtps_cpp.so[0m
[ 58%] Built target carrl_interface__rosidl_typesupport_cpp
[ 61%] [32m[1mLinking C shared library libcarrl_interface__rosidl_typesupport_introspection_c.so[0m
[ 61%] Built target carrl_interface__rosidl_typesupport_c
[ 61%] Built target carrl_interface__rosidl_typesupport_introspection_c
[ 61%] Built target carrl_interface__rosidl_typesupport_fastrtps_cpp
[ 64%] [34m[1mGenerating C type support for eProsima Fast-RTPS[0m
[35m[1mScanning dependencies of target carrl_interface__rosidl_typesupport_fastrtps_c[0m
[ 67%] [32mBuilding CXX object CMakeFiles/carrl_interface__rosidl_typesupport_fastrtps_c.dir/rosidl_typesupport_fastrtps_c/carrl_interface/msg/detail/curve_coeffs__type_support_c.cpp.o[0m
[ 70%] [32m[1mLinking CXX shared library libcarrl_interface__rosidl_typesupport_fastrtps_c.so[0m
[ 70%] Built target carrl_interface__rosidl_typesupport_fastrtps_c
[35m[1mScanning dependencies of target carrl_interface[0m
[ 70%] Built target carrl_interface
[35m[1mScanning dependencies of target carrl_interface__py[0m
[ 74%] [34m[1mGenerating Python code for ROS interfaces[0m
[ 74%] Built target carrl_interface__py
[35m[1mScanning dependencies of target carrl_interface__python[0m
[ 77%] [32mBuilding C object CMakeFiles/carrl_interface__python.dir/rosidl_generator_py/carrl_interface/msg/_curve_coeffs_s.c.o[0m
[ 80%] [32m[1mLinking C shared library rosidl_generator_py/carrl_interface/libcarrl_interface__python.so[0m
[ 80%] Built target carrl_interface__python
[35m[1mScanning dependencies of target carrl_interface__rosidl_typesupport_introspection_c__pyext[0m
[35m[1mScanning dependencies of target carrl_interface__rosidl_typesupport_c__pyext[0m
[35m[1mScanning dependencies of target carrl_interface__rosidl_typesupport_fastrtps_c__pyext[0m
[ 87%] [32mBuilding C object CMakeFiles/carrl_interface__rosidl_typesupport_c__pyext.dir/rosidl_generator_py/carrl_interface/_carrl_interface_s.ep.rosidl_typesupport_c.c.o[0m
[ 87%] [32mBuilding C object CMakeFiles/carrl_interface__rosidl_typesupport_introspection_c__pyext.dir/rosidl_generator_py/carrl_interface/_carrl_interface_s.ep.rosidl_typesupport_introspection_c.c.o[0m
[ 90%] [32mBuilding C object CMakeFiles/carrl_interface__rosidl_typesupport_fastrtps_c__pyext.dir/rosidl_generator_py/carrl_interface/_carrl_interface_s.ep.rosidl_typesupport_fastrtps_c.c.o[0m
[ 96%] [32m[1mLinking C shared library rosidl_generator_py/carrl_interface/carrl_interface_s__rosidl_typesupport_introspection_c.cpython-38-x86_64-linux-gnu.so[0m
[ 96%] [32m[1mLinking C shared library rosidl_generator_py/carrl_interface/carrl_interface_s__rosidl_typesupport_c.cpython-38-x86_64-linux-gnu.so[0m
[100%] [32m[1mLinking CXX shared library rosidl_generator_py/carrl_interface/carrl_interface_s__rosidl_typesupport_fastrtps_c.cpython-38-x86_64-linux-gnu.so[0m
[100%] Built target carrl_interface__rosidl_typesupport_introspection_c__pyext
[100%] Built target carrl_interface__rosidl_typesupport_c__pyext
[100%] Built target carrl_interface__rosidl_typesupport_fastrtps_c__pyext
