[0.036s] Invoking command in '/home/tan/Desktop/car_d/car_ws/build/carrl_interface': CMAKE_PREFIX_PATH=${CMAKE_PREFIX_PATH}:/opt/ros/foxy /usr/bin/cmake --build /home/tan/Desktop/car_d/car_ws/build/carrl_interface -- -j16 -l16
[0.076s] [  3%] Built target carrl_interface__cpp
[0.077s] [ 12%] Built target carrl_interface__rosidl_generator_c
[0.114s] [ 22%] Built target carrl_interface__rosidl_typesupport_cpp
[0.116s] [ 32%] Built target carrl_interface__rosidl_typesupport_fastrtps_cpp
[0.119s] [ 41%] Built target carrl_interface__rosidl_typesupport_introspection_cpp
[0.125s] [ 51%] Built target carrl_interface__rosidl_typesupport_introspection_c
[0.128s] [ 61%] Built target carrl_interface__rosidl_typesupport_c
[0.145s] [ 70%] Built target carrl_interface__rosidl_typesupport_fastrtps_c
[0.158s] [ 70%] Built target carrl_interface
[0.172s] [ 74%] Built target carrl_interface__py
[0.191s] [ 80%] Built target carrl_interface__python
[0.214s] [ 87%] Built target carrl_interface__rosidl_typesupport_introspection_c__pyext
[0.214s] [100%] Built target carrl_interface__rosidl_typesupport_c__pyext
[0.214s] [100%] Built target carrl_interface__rosidl_typesupport_fastrtps_c__pyext
[0.223s] Invoked command in '/home/tan/Desktop/car_d/car_ws/build/carrl_interface' returned '0': CMAKE_PREFIX_PATH=${CMAKE_PREFIX_PATH}:/opt/ros/foxy /usr/bin/cmake --build /home/tan/Desktop/car_d/car_ws/build/carrl_interface -- -j16 -l16
[0.269s] Invoking command in '/home/tan/Desktop/car_d/car_ws/build/carrl_interface': CMAKE_PREFIX_PATH=${CMAKE_PREFIX_PATH}:/opt/ros/foxy /usr/bin/cmake --install /home/tan/Desktop/car_d/car_ws/build/carrl_interface
[0.277s] -- Install configuration: ""
[0.277s] -- Up-to-date: /home/tan/Desktop/car_d/car_ws/install/carrl_interface/share/ament_index/resource_index/rosidl_interfaces/carrl_interface
[0.277s] -- Up-to-date: /home/tan/Desktop/car_d/car_ws/install/carrl_interface/include/carrl_interface
[0.278s] -- Up-to-date: /home/tan/Desktop/car_d/car_ws/install/carrl_interface/include/carrl_interface/msg
[0.278s] -- Up-to-date: /home/tan/Desktop/car_d/car_ws/install/carrl_interface/include/carrl_interface/msg/detail
[0.278s] -- Up-to-date: /home/tan/Desktop/car_d/car_ws/install/carrl_interface/include/carrl_interface/msg/detail/curve_coeffs__struct.h
[0.278s] -- Up-to-date: /home/tan/Desktop/car_d/car_ws/install/carrl_interface/include/carrl_interface/msg/detail/curve_coeffs__functions.h
[0.278s] -- Up-to-date: /home/tan/Desktop/car_d/car_ws/install/carrl_interface/include/carrl_interface/msg/detail/curve_coeffs__type_support.h
[0.279s] -- Up-to-date: /home/tan/Desktop/car_d/car_ws/install/carrl_interface/include/carrl_interface/msg/detail/curve_coeffs__functions.c
[0.279s] -- Up-to-date: /home/tan/Desktop/car_d/car_ws/install/carrl_interface/include/carrl_interface/msg/rosidl_generator_c__visibility_control.h
[0.279s] -- Up-to-date: /home/tan/Desktop/car_d/car_ws/install/carrl_interface/include/carrl_interface/msg/curve_coeffs.h
[0.279s] -- Up-to-date: /home/tan/Desktop/car_d/car_ws/install/carrl_interface/share/carrl_interface/environment/library_path.sh
[0.279s] -- Up-to-date: /home/tan/Desktop/car_d/car_ws/install/carrl_interface/share/carrl_interface/environment/library_path.dsv
[0.279s] -- Up-to-date: /home/tan/Desktop/car_d/car_ws/install/carrl_interface/lib/libcarrl_interface__rosidl_generator_c.so
[0.279s] -- Up-to-date: /home/tan/Desktop/car_d/car_ws/install/carrl_interface/include/carrl_interface
[0.280s] -- Up-to-date: /home/tan/Desktop/car_d/car_ws/install/carrl_interface/include/carrl_interface/msg
[0.280s] -- Up-to-date: /home/tan/Desktop/car_d/car_ws/install/carrl_interface/include/carrl_interface/msg/rosidl_typesupport_fastrtps_c__visibility_control.h
[0.282s] -- Up-to-date: /home/tan/Desktop/car_d/car_ws/install/carrl_interface/include/carrl_interface/msg/detail
[0.282s] -- Up-to-date: /home/tan/Desktop/car_d/car_ws/install/carrl_interface/include/carrl_interface/msg/detail/curve_coeffs__rosidl_typesupport_fastrtps_c.h
[0.282s] -- Up-to-date: /home/tan/Desktop/car_d/car_ws/install/carrl_interface/lib/libcarrl_interface__rosidl_typesupport_fastrtps_c.so
[0.283s] -- Up-to-date: /home/tan/Desktop/car_d/car_ws/install/carrl_interface/include/carrl_interface
[0.283s] -- Up-to-date: /home/tan/Desktop/car_d/car_ws/install/carrl_interface/include/carrl_interface/msg
[0.284s] -- Up-to-date: /home/tan/Desktop/car_d/car_ws/install/carrl_interface/include/carrl_interface/msg/rosidl_typesupport_fastrtps_cpp__visibility_control.h
[0.284s] -- Up-to-date: /home/tan/Desktop/car_d/car_ws/install/carrl_interface/include/carrl_interface/msg/detail
[0.284s] -- Up-to-date: /home/tan/Desktop/car_d/car_ws/install/carrl_interface/include/carrl_interface/msg/detail/curve_coeffs__rosidl_typesupport_fastrtps_cpp.hpp
[0.284s] -- Up-to-date: /home/tan/Desktop/car_d/car_ws/install/carrl_interface/include/carrl_interface/msg/detail/dds_fastrtps
[0.284s] -- Up-to-date: /home/tan/Desktop/car_d/car_ws/install/carrl_interface/lib/libcarrl_interface__rosidl_typesupport_fastrtps_cpp.so
[0.284s] -- Up-to-date: /home/tan/Desktop/car_d/car_ws/install/carrl_interface/include/carrl_interface
[0.284s] -- Up-to-date: /home/tan/Desktop/car_d/car_ws/install/carrl_interface/include/carrl_interface/msg
[0.285s] -- Up-to-date: /home/tan/Desktop/car_d/car_ws/install/carrl_interface/include/carrl_interface/msg/rosidl_typesupport_introspection_c__visibility_control.h
[0.285s] -- Up-to-date: /home/tan/Desktop/car_d/car_ws/install/carrl_interface/include/carrl_interface/msg/detail
[0.285s] -- Up-to-date: /home/tan/Desktop/car_d/car_ws/install/carrl_interface/include/carrl_interface/msg/detail/curve_coeffs__rosidl_typesupport_introspection_c.h
[0.285s] -- Up-to-date: /home/tan/Desktop/car_d/car_ws/install/carrl_interface/include/carrl_interface/msg/detail/curve_coeffs__type_support.c
[0.285s] -- Up-to-date: /home/tan/Desktop/car_d/car_ws/install/carrl_interface/lib/libcarrl_interface__rosidl_typesupport_introspection_c.so
[0.285s] -- Up-to-date: /home/tan/Desktop/car_d/car_ws/install/carrl_interface/lib/libcarrl_interface__rosidl_typesupport_c.so
[0.285s] -- Up-to-date: /home/tan/Desktop/car_d/car_ws/install/carrl_interface/include/carrl_interface
[0.285s] -- Up-to-date: /home/tan/Desktop/car_d/car_ws/install/carrl_interface/include/carrl_interface/msg
[0.285s] -- Up-to-date: /home/tan/Desktop/car_d/car_ws/install/carrl_interface/include/carrl_interface/msg/curve_coeffs.hpp
[0.285s] -- Up-to-date: /home/tan/Desktop/car_d/car_ws/install/carrl_interface/include/carrl_interface/msg/detail
[0.285s] -- Up-to-date: /home/tan/Desktop/car_d/car_ws/install/carrl_interface/include/carrl_interface/msg/detail/curve_coeffs__traits.hpp
[0.285s] -- Up-to-date: /home/tan/Desktop/car_d/car_ws/install/carrl_interface/include/carrl_interface/msg/detail/curve_coeffs__struct.hpp
[0.285s] -- Up-to-date: /home/tan/Desktop/car_d/car_ws/install/carrl_interface/include/carrl_interface/msg/detail/curve_coeffs__builder.hpp
[0.285s] -- Up-to-date: /home/tan/Desktop/car_d/car_ws/install/carrl_interface/include/carrl_interface
[0.285s] -- Up-to-date: /home/tan/Desktop/car_d/car_ws/install/carrl_interface/include/carrl_interface/msg
[0.285s] -- Up-to-date: /home/tan/Desktop/car_d/car_ws/install/carrl_interface/include/carrl_interface/msg/detail
[0.286s] -- Up-to-date: /home/tan/Desktop/car_d/car_ws/install/carrl_interface/include/carrl_interface/msg/detail/curve_coeffs__rosidl_typesupport_introspection_cpp.hpp
[0.286s] -- Up-to-date: /home/tan/Desktop/car_d/car_ws/install/carrl_interface/include/carrl_interface/msg/detail/curve_coeffs__type_support.cpp
[0.286s] -- Up-to-date: /home/tan/Desktop/car_d/car_ws/install/carrl_interface/lib/libcarrl_interface__rosidl_typesupport_introspection_cpp.so
[0.286s] -- Up-to-date: /home/tan/Desktop/car_d/car_ws/install/carrl_interface/lib/libcarrl_interface__rosidl_typesupport_cpp.so
[0.286s] -- Up-to-date: /home/tan/Desktop/car_d/car_ws/install/carrl_interface/share/carrl_interface/environment/pythonpath.sh
[0.286s] -- Up-to-date: /home/tan/Desktop/car_d/car_ws/install/carrl_interface/share/carrl_interface/environment/pythonpath.dsv
[0.286s] -- Up-to-date: /home/tan/Desktop/car_d/car_ws/install/carrl_interface/lib/python3.8/site-packages/carrl_interface/__init__.py
[0.306s] -- Up-to-date: /home/tan/Desktop/car_d/car_ws/install/carrl_interface/lib/python3.8/site-packages/carrl_interface/msg
[0.306s] -- Up-to-date: /home/tan/Desktop/car_d/car_ws/install/carrl_interface/lib/python3.8/site-packages/carrl_interface/msg/_curve_coeffs.py
[0.306s] -- Up-to-date: /home/tan/Desktop/car_d/car_ws/install/carrl_interface/lib/python3.8/site-packages/carrl_interface/msg/__init__.py
[0.306s] -- Up-to-date: /home/tan/Desktop/car_d/car_ws/install/carrl_interface/lib/python3.8/site-packages/carrl_interface/msg/_curve_coeffs_s.c
[0.306s] -- Up-to-date: /home/tan/Desktop/car_d/car_ws/install/carrl_interface/lib/python3.8/site-packages/carrl_interface/carrl_interface_s__rosidl_typesupport_fastrtps_c.cpython-38-x86_64-linux-gnu.so
[0.307s] -- Up-to-date: /home/tan/Desktop/car_d/car_ws/install/carrl_interface/lib/python3.8/site-packages/carrl_interface/carrl_interface_s__rosidl_typesupport_introspection_c.cpython-38-x86_64-linux-gnu.so
[0.307s] -- Up-to-date: /home/tan/Desktop/car_d/car_ws/install/carrl_interface/lib/python3.8/site-packages/carrl_interface/carrl_interface_s__rosidl_typesupport_c.cpython-38-x86_64-linux-gnu.so
[0.308s] -- Up-to-date: /home/tan/Desktop/car_d/car_ws/install/carrl_interface/lib/libcarrl_interface__python.so
[0.308s] -- Up-to-date: /home/tan/Desktop/car_d/car_ws/install/carrl_interface/share/carrl_interface/msg/CurveCoeffs.idl
[0.308s] -- Up-to-date: /home/tan/Desktop/car_d/car_ws/install/carrl_interface/share/carrl_interface/msg/CurveCoeffs.msg
[0.308s] -- Up-to-date: /home/tan/Desktop/car_d/car_ws/install/carrl_interface/share/ament_index/resource_index/package_run_dependencies/carrl_interface
[0.308s] -- Up-to-date: /home/tan/Desktop/car_d/car_ws/install/carrl_interface/share/ament_index/resource_index/parent_prefix_path/carrl_interface
[0.308s] -- Up-to-date: /home/tan/Desktop/car_d/car_ws/install/carrl_interface/share/carrl_interface/environment/ament_prefix_path.sh
[0.308s] -- Up-to-date: /home/tan/Desktop/car_d/car_ws/install/carrl_interface/share/carrl_interface/environment/ament_prefix_path.dsv
[0.308s] -- Up-to-date: /home/tan/Desktop/car_d/car_ws/install/carrl_interface/share/carrl_interface/environment/path.sh
[0.309s] -- Up-to-date: /home/tan/Desktop/car_d/car_ws/install/carrl_interface/share/carrl_interface/environment/path.dsv
[0.309s] -- Up-to-date: /home/tan/Desktop/car_d/car_ws/install/carrl_interface/share/carrl_interface/local_setup.bash
[0.309s] -- Up-to-date: /home/tan/Desktop/car_d/car_ws/install/carrl_interface/share/carrl_interface/local_setup.sh
[0.309s] -- Up-to-date: /home/tan/Desktop/car_d/car_ws/install/carrl_interface/share/carrl_interface/local_setup.zsh
[0.309s] -- Up-to-date: /home/tan/Desktop/car_d/car_ws/install/carrl_interface/share/carrl_interface/local_setup.dsv
[0.309s] -- Installing: /home/tan/Desktop/car_d/car_ws/install/carrl_interface/share/carrl_interface/package.dsv
[0.309s] -- Up-to-date: /home/tan/Desktop/car_d/car_ws/install/carrl_interface/share/ament_index/resource_index/packages/carrl_interface
[0.309s] -- Up-to-date: /home/tan/Desktop/car_d/car_ws/install/carrl_interface/share/carrl_interface/cmake/carrl_interface__rosidl_generator_cExport.cmake
[0.309s] -- Up-to-date: /home/tan/Desktop/car_d/car_ws/install/carrl_interface/share/carrl_interface/cmake/carrl_interface__rosidl_generator_cExport-noconfig.cmake
[0.309s] -- Up-to-date: /home/tan/Desktop/car_d/car_ws/install/carrl_interface/share/carrl_interface/cmake/carrl_interface__rosidl_typesupport_introspection_cExport.cmake
[0.310s] -- Up-to-date: /home/tan/Desktop/car_d/car_ws/install/carrl_interface/share/carrl_interface/cmake/carrl_interface__rosidl_typesupport_introspection_cExport-noconfig.cmake
[0.310s] -- Up-to-date: /home/tan/Desktop/car_d/car_ws/install/carrl_interface/share/carrl_interface/cmake/carrl_interface__rosidl_typesupport_cExport.cmake
[0.310s] -- Up-to-date: /home/tan/Desktop/car_d/car_ws/install/carrl_interface/share/carrl_interface/cmake/carrl_interface__rosidl_typesupport_cExport-noconfig.cmake
[0.310s] -- Up-to-date: /home/tan/Desktop/car_d/car_ws/install/carrl_interface/share/carrl_interface/cmake/carrl_interface__rosidl_generator_cppExport.cmake
[0.310s] -- Up-to-date: /home/tan/Desktop/car_d/car_ws/install/carrl_interface/share/carrl_interface/cmake/carrl_interface__rosidl_typesupport_introspection_cppExport.cmake
[0.310s] -- Up-to-date: /home/tan/Desktop/car_d/car_ws/install/carrl_interface/share/carrl_interface/cmake/carrl_interface__rosidl_typesupport_introspection_cppExport-noconfig.cmake
[0.310s] -- Up-to-date: /home/tan/Desktop/car_d/car_ws/install/carrl_interface/share/carrl_interface/cmake/carrl_interface__rosidl_typesupport_cppExport.cmake
[0.311s] -- Up-to-date: /home/tan/Desktop/car_d/car_ws/install/carrl_interface/share/carrl_interface/cmake/carrl_interface__rosidl_typesupport_cppExport-noconfig.cmake
[0.311s] -- Up-to-date: /home/tan/Desktop/car_d/car_ws/install/carrl_interface/share/carrl_interface/cmake/rosidl_cmake-extras.cmake
[0.311s] -- Up-to-date: /home/tan/Desktop/car_d/car_ws/install/carrl_interface/share/carrl_interface/cmake/ament_cmake_export_dependencies-extras.cmake
[0.311s] -- Up-to-date: /home/tan/Desktop/car_d/car_ws/install/carrl_interface/share/carrl_interface/cmake/ament_cmake_export_libraries-extras.cmake
[0.311s] -- Up-to-date: /home/tan/Desktop/car_d/car_ws/install/carrl_interface/share/carrl_interface/cmake/ament_cmake_export_targets-extras.cmake
[0.311s] -- Up-to-date: /home/tan/Desktop/car_d/car_ws/install/carrl_interface/share/carrl_interface/cmake/ament_cmake_export_include_directories-extras.cmake
[0.311s] -- Up-to-date: /home/tan/Desktop/car_d/car_ws/install/carrl_interface/share/carrl_interface/cmake/rosidl_cmake_export_typesupport_libraries-extras.cmake
[0.311s] -- Up-to-date: /home/tan/Desktop/car_d/car_ws/install/carrl_interface/share/carrl_interface/cmake/rosidl_cmake_export_typesupport_targets-extras.cmake
[0.311s] -- Up-to-date: /home/tan/Desktop/car_d/car_ws/install/carrl_interface/share/carrl_interface/cmake/carrl_interfaceConfig.cmake
[0.312s] -- Up-to-date: /home/tan/Desktop/car_d/car_ws/install/carrl_interface/share/carrl_interface/cmake/carrl_interfaceConfig-version.cmake
[0.312s] -- Up-to-date: /home/tan/Desktop/car_d/car_ws/install/carrl_interface/share/carrl_interface/package.xml
[0.314s] Invoked command in '/home/tan/Desktop/car_d/car_ws/build/carrl_interface' returned '0': CMAKE_PREFIX_PATH=${CMAKE_PREFIX_PATH}:/opt/ros/foxy /usr/bin/cmake --install /home/tan/Desktop/car_d/car_ws/build/carrl_interface
