[0.015s] Invoking command in '/root/sam_bot_description/src/joint_control/build/joint_control': CMAKE_PREFIX_PATH=/opt/ros/foxy /usr/bin/cmake --build /root/sam_bot_description/src/joint_control/build/joint_control -- -j16 -l16
[0.069s] [35m[1mScanning dependencies of target joint[0m
[0.097s] [ 50%] [32mBuilding CXX object CMakeFiles/joint.dir/src/joint_controller.cpp.o[0m
[2.174s] [01m[K/root/sam_bot_description/src/joint_control/src/joint_controller.cpp:154:3:[m[K [01;31m[Kerror: [m[K‘[01m[KOdometry[m[K’ does not name a type
[2.175s]   154 |   [01;31m[KOdometry[m[K odometry_;
[2.175s]       |   [01;31m[K^~~~~~~~[m[K
[2.188s] In file included from [01m[K/usr/include/c++/9/ext/alloc_traits.h:36[m[K,
[2.188s]                  from [01m[K/usr/include/c++/9/bits/stl_construct.h:61[m[K,
[2.188s]                  from [01m[K/usr/include/c++/9/bits/stl_tempbuf.h:60[m[K,
[2.189s]                  from [01m[K/usr/include/c++/9/bits/stl_algo.h:62[m[K,
[2.189s]                  from [01m[K/usr/include/c++/9/algorithm:62[m[K,
[2.189s]                  from [01m[K/opt/ros/foxy/include/rosidl_runtime_cpp/bounded_vector.hpp:18[m[K,
[2.189s]                  from [01m[K/opt/ros/foxy/include/std_msgs/msg/detail/string__struct.hpp:8[m[K,
[2.189s]                  from [01m[K/opt/ros/foxy/include/std_msgs/msg/string.hpp:7[m[K,
[2.189s]                  from [01m[K/root/sam_bot_description/src/joint_control/src/joint_controller.cpp:3[m[K:
[2.189s] /usr/include/c++/9/bits/alloc_traits.h: In instantiation of ‘[01m[Kstruct std::allocator_traits<std::allocator<const geometry_msgs::msg::Twist_<std::allocator<void> >&> >[m[K’:
[2.190s] [01m[K/opt/ros/foxy/include/rclcpp/message_memory_strategy.hpp:47:9:[m[K   required from ‘[01m[Kclass rclcpp::message_memory_strategy::MessageMemoryStrategy<const geometry_msgs::msg::Twist_<std::allocator<void> >&, std::allocator<void> >[m[K’
[2.190s] [01m[K/opt/ros/foxy/include/rclcpp/node_impl.hpp:91:1:[m[K   required by substitution of ‘[01m[Ktemplate<class MessageT, class CallbackT, class AllocatorT, class CallbackMessageT, class SubscriptionT, class MessageMemoryStrategyT> std::shared_ptr<SubscriptionT> rclcpp::Node::create_subscription(const string&, const rclcpp::QoS&, CallbackT&&, const rclcpp::SubscriptionOptionsWithAllocator<AllocatorT>&, typename MessageMemoryStrategyT::SharedPtr) [with MessageT = geometry_msgs::msg::Twist_<std::allocator<void> >; CallbackT = std::_Bind<void (TwistToAackermann::*(TwistToAackermann*, std::_Placeholder<1>))(const geometry_msgs::msg::Twist_<std::allocator<void> >&)>; AllocatorT = std::allocator<void>; CallbackMessageT = const geometry_msgs::msg::Twist_<std::allocator<void> >&; SubscriptionT = rclcpp::Subscription<const geometry_msgs::msg::Twist_<std::allocator<void> >&, std::allocator<void>, rclcpp::message_memory_strategy::MessageMemoryStrategy<const geometry_msgs::msg::Twist_<std::allocator<void> >&, std::allocator<void> > >; MessageMemoryStrategyT = rclcpp::message_memory_strategy::MessageMemoryStrategy<const geometry_msgs::msg::Twist_<std::allocator<void> >&, std::allocator<void> >][m[K’
[2.190s] [01m[K/root/sam_bot_description/src/joint_control/src/joint_controller.cpp:29:141:[m[K   required from here
[2.190s] [01m[K/usr/include/c++/9/bits/alloc_traits.h:400:13:[m[K [01;31m[Kerror: [m[Kforming pointer to reference type ‘[01m[Kconst geometry_msgs::msg::Twist_<std::allocator<void> >&[m[K’
[2.190s]   400 |       using [01;31m[Kpointer[m[K = _Tp*;
[2.190s]       |             [01;31m[K^~~~~~~[m[K
[2.191s] [01m[K/usr/include/c++/9/bits/alloc_traits.h:403:13:[m[K [01;31m[Kerror: [m[Kforming pointer to reference type ‘[01m[Kconst geometry_msgs::msg::Twist_<std::allocator<void> >&[m[K’
[2.191s]   403 |       using [01;31m[Kconst_pointer[m[K = const _Tp*;
[2.191s]       |             [01;31m[K^~~~~~~~~~~~~[m[K
[2.191s] In file included from [01m[K/usr/include/c++/9/memory:80[m[K,
[2.191s]                  from [01m[K/opt/ros/foxy/include/rosidl_runtime_cpp/bounded_vector.hpp:19[m[K,
[2.191s]                  from [01m[K/opt/ros/foxy/include/std_msgs/msg/detail/string__struct.hpp:8[m[K,
[2.192s]                  from [01m[K/opt/ros/foxy/include/std_msgs/msg/string.hpp:7[m[K,
[2.192s]                  from [01m[K/root/sam_bot_description/src/joint_control/src/joint_controller.cpp:3[m[K:
[2.192s] /usr/include/c++/9/bits/unique_ptr.h: In instantiation of ‘[01m[Kstruct std::default_delete<const geometry_msgs::msg::Twist_<std::allocator<void> >&>[m[K’:
[2.192s] [01m[K/opt/ros/foxy/include/rclcpp/message_memory_strategy.hpp:119:18:[m[K   required from ‘[01m[Kclass rclcpp::message_memory_strategy::MessageMemoryStrategy<const geometry_msgs::msg::Twist_<std::allocator<void> >&, std::allocator<void> >[m[K’
[2.192s] [01m[K/opt/ros/foxy/include/rclcpp/node_impl.hpp:91:1:[m[K   required by substitution of ‘[01m[Ktemplate<class MessageT, class CallbackT, class AllocatorT, class CallbackMessageT, class SubscriptionT, class MessageMemoryStrategyT> std::shared_ptr<SubscriptionT> rclcpp::Node::create_subscription(const string&, const rclcpp::QoS&, CallbackT&&, const rclcpp::SubscriptionOptionsWithAllocator<AllocatorT>&, typename MessageMemoryStrategyT::SharedPtr) [with MessageT = geometry_msgs::msg::Twist_<std::allocator<void> >; CallbackT = std::_Bind<void (TwistToAackermann::*(TwistToAackermann*, std::_Placeholder<1>))(const geometry_msgs::msg::Twist_<std::allocator<void> >&)>; AllocatorT = std::allocator<void>; CallbackMessageT = const geometry_msgs::msg::Twist_<std::allocator<void> >&; SubscriptionT = rclcpp::Subscription<const geometry_msgs::msg::Twist_<std::allocator<void> >&, std::allocator<void>, rclcpp::message_memory_strategy::MessageMemoryStrategy<const geometry_msgs::msg::Twist_<std::allocator<void> >&, std::allocator<void> > >; MessageMemoryStrategyT = rclcpp::message_memory_strategy::MessageMemoryStrategy<const geometry_msgs::msg::Twist_<std::allocator<void> >&, std::allocator<void> >][m[K’
[2.192s] [01m[K/root/sam_bot_description/src/joint_control/src/joint_controller.cpp:29:141:[m[K   required from here
[2.192s] [01m[K/usr/include/c++/9/bits/unique_ptr.h:71:9:[m[K [01;31m[Kerror: [m[Kforming pointer to reference type ‘[01m[Kconst geometry_msgs::msg::Twist_<std::allocator<void> >&[m[K’
[2.193s]    71 |         [01;31m[Kdefault_delete[m[K(const default_delete<_Up>&) noexcept { }
[2.193s]       |         [01;31m[K^~~~~~~~~~~~~~[m[K
[2.193s] [01m[K/usr/include/c++/9/bits/unique_ptr.h:75:7:[m[K [01;31m[Kerror: [m[Kforming pointer to reference type ‘[01m[Kconst geometry_msgs::msg::Twist_<std::allocator<void> >&[m[K’
[2.193s]    75 |       [01;31m[Koperator[m[K()(_Tp* __ptr) const
[2.193s]       |       [01;31m[K^~~~~~~~[m[K
[2.197s] [01m[K/root/sam_bot_description/src/joint_control/src/joint_controller.cpp:[m[K In constructor ‘[01m[KTwistToAackermann::TwistToAackermann()[m[K’:
[2.198s] [01m[K/root/sam_bot_description/src/joint_control/src/joint_controller.cpp:29:142:[m[K [01;31m[Kerror: [m[Kno matching function for call to ‘[01m[Krclcpp::Publisher<sensor_msgs::msg::JointState_<std::allocator<void> > >::Publisher(std::shared_ptr<rclcpp::Publisher<sensor_msgs::msg::JointState_<std::allocator<void> > > >)[m[K’
[2.198s]    29 |     sub_ (create_subscription<geometry_msgs::msg::Twist>("/cmd_vel", 1, std::bind(&TwistToAackermann::callback, this, std::placeholders::_1))[01;31m[K)[m[K
[2.198s]       |                                                                                                                                              [01;31m[K^[m[K
[2.198s] In file included from [01m[K/opt/ros/foxy/include/rclcpp/topic_statistics/subscription_topic_statistics.hpp:31[m[K,
[2.199s]                  from [01m[K/opt/ros/foxy/include/rclcpp/subscription.hpp:50[m[K,
[2.199s]                  from [01m[K/opt/ros/foxy/include/rclcpp/any_executable.hpp:25[m[K,
[2.199s]                  from [01m[K/opt/ros/foxy/include/rclcpp/memory_strategy.hpp:24[m[K,
[2.199s]                  from [01m[K/opt/ros/foxy/include/rclcpp/memory_strategies.hpp:18[m[K,
[2.199s]                  from [01m[K/opt/ros/foxy/include/rclcpp/executor_options.hpp:20[m[K,
[2.199s]                  from [01m[K/opt/ros/foxy/include/rclcpp/executor.hpp:33[m[K,
[2.199s]                  from [01m[K/opt/ros/foxy/include/rclcpp/executors/multi_threaded_executor.hpp:26[m[K,
[2.199s]                  from [01m[K/opt/ros/foxy/include/rclcpp/executors.hpp:21[m[K,
[2.199s]                  from [01m[K/opt/ros/foxy/include/rclcpp/rclcpp.hpp:146[m[K,
[2.200s]                  from [01m[K/root/sam_bot_description/src/joint_control/src/joint_controller.cpp:10[m[K:
[2.200s] [01m[K/opt/ros/foxy/include/rclcpp/publisher.hpp:73:3:[m[K [01;36m[Knote: [m[Kcandidate: ‘[01m[Krclcpp::Publisher<MessageT, AllocatorT>::Publisher(rclcpp::node_interfaces::NodeBaseInterface*, const string&, const rclcpp::QoS&, const rclcpp::PublisherOptionsWithAllocator<AllocatorT>&) [with MessageT = sensor_msgs::msg::JointState_<std::allocator<void> >; AllocatorT = std::allocator<void>; std::string = std::__cxx11::basic_string<char>][m[K’
[2.200s]    73 |   [01;36m[KPublisher[m[K(
[2.200s]       |   [01;36m[K^~~~~~~~~[m[K
[2.200s] [01m[K/opt/ros/foxy/include/rclcpp/publisher.hpp:73:3:[m[K [01;36m[Knote: [m[K  candidate expects 4 arguments, 1 provided
[2.201s] [01m[K/opt/ros/foxy/include/rclcpp/publisher.hpp:51:7:[m[K [01;36m[Knote: [m[Kcandidate: ‘[01m[Krclcpp::Publisher<sensor_msgs::msg::JointState_<std::allocator<void> > >::Publisher(const rclcpp::Publisher<sensor_msgs::msg::JointState_<std::allocator<void> > >&)[m[K’
[2.201s]    51 | class [01;36m[KPublisher[m[K : public PublisherBase
[2.201s]       |       [01;36m[K^~~~~~~~~[m[K
[2.201s] [01m[K/opt/ros/foxy/include/rclcpp/publisher.hpp:51:7:[m[K [01;36m[Knote: [m[K  no known conversion for argument 1 from ‘[01m[Kstd::shared_ptr<rclcpp::Publisher<sensor_msgs::msg::JointState_<std::allocator<void> > > >[m[K’ to ‘[01m[Kconst rclcpp::Publisher<sensor_msgs::msg::JointState_<std::allocator<void> > >&[m[K’
[2.201s] [01m[K/root/sam_bot_description/src/joint_control/src/joint_controller.cpp:29:142:[m[K [01;31m[Kerror: [m[Kno matching function for call to ‘[01m[Krclcpp::Publisher<nav_msgs::msg::Odometry_<std::allocator<void> > >::Publisher(std::shared_ptr<rclcpp::Publisher<nav_msgs::msg::Odometry_<std::allocator<void> > > >)[m[K’
[2.201s]    29 |     sub_ (create_subscription<geometry_msgs::msg::Twist>("/cmd_vel", 1, std::bind(&TwistToAackermann::callback, this, std::placeholders::_1))[01;31m[K)[m[K
[2.201s]       |                                                                                                                                              [01;31m[K^[m[K
[2.202s] In file included from [01m[K/opt/ros/foxy/include/rclcpp/topic_statistics/subscription_topic_statistics.hpp:31[m[K,
[2.202s]                  from [01m[K/opt/ros/foxy/include/rclcpp/subscription.hpp:50[m[K,
[2.202s]                  from [01m[K/opt/ros/foxy/include/rclcpp/any_executable.hpp:25[m[K,
[2.202s]                  from [01m[K/opt/ros/foxy/include/rclcpp/memory_strategy.hpp:24[m[K,
[2.202s]                  from [01m[K/opt/ros/foxy/include/rclcpp/memory_strategies.hpp:18[m[K,
[2.202s]                  from [01m[K/opt/ros/foxy/include/rclcpp/executor_options.hpp:20[m[K,
[2.202s]                  from [01m[K/opt/ros/foxy/include/rclcpp/executor.hpp:33[m[K,
[2.202s]                  from [01m[K/opt/ros/foxy/include/rclcpp/executors/multi_threaded_executor.hpp:26[m[K,
[2.203s]                  from [01m[K/opt/ros/foxy/include/rclcpp/executors.hpp:21[m[K,
[2.203s]                  from [01m[K/opt/ros/foxy/include/rclcpp/rclcpp.hpp:146[m[K,
[2.203s]                  from [01m[K/root/sam_bot_description/src/joint_control/src/joint_controller.cpp:10[m[K:
[2.203s] [01m[K/opt/ros/foxy/include/rclcpp/publisher.hpp:73:3:[m[K [01;36m[Knote: [m[Kcandidate: ‘[01m[Krclcpp::Publisher<MessageT, AllocatorT>::Publisher(rclcpp::node_interfaces::NodeBaseInterface*, const string&, const rclcpp::QoS&, const rclcpp::PublisherOptionsWithAllocator<AllocatorT>&) [with MessageT = nav_msgs::msg::Odometry_<std::allocator<void> >; AllocatorT = std::allocator<void>; std::string = std::__cxx11::basic_string<char>][m[K’
[2.204s]    73 |   [01;36m[KPublisher[m[K(
[2.204s]       |   [01;36m[K^~~~~~~~~[m[K
[2.204s] [01m[K/opt/ros/foxy/include/rclcpp/publisher.hpp:73:3:[m[K [01;36m[Knote: [m[K  candidate expects 4 arguments, 1 provided
[2.204s] [01m[K/opt/ros/foxy/include/rclcpp/publisher.hpp:51:7:[m[K [01;36m[Knote: [m[Kcandidate: ‘[01m[Krclcpp::Publisher<nav_msgs::msg::Odometry_<std::allocator<void> > >::Publisher(const rclcpp::Publisher<nav_msgs::msg::Odometry_<std::allocator<void> > >&)[m[K’
[2.204s]    51 | class [01;36m[KPublisher[m[K : public PublisherBase
[2.204s]       |       [01;36m[K^~~~~~~~~[m[K
[2.205s] [01m[K/opt/ros/foxy/include/rclcpp/publisher.hpp:51:7:[m[K [01;36m[Knote: [m[K  no known conversion for argument 1 from ‘[01m[Kstd::shared_ptr<rclcpp::Publisher<nav_msgs::msg::Odometry_<std::allocator<void> > > >[m[K’ to ‘[01m[Kconst rclcpp::Publisher<nav_msgs::msg::Odometry_<std::allocator<void> > >&[m[K’
[2.205s] [01m[K/root/sam_bot_description/src/joint_control/src/joint_controller.cpp:29:142:[m[K [01;31m[Kerror: [m[Kno matching function for call to ‘[01m[Krclcpp::Publisher<tf2_msgs::msg::TFMessage_<std::allocator<void> > >::Publisher(std::shared_ptr<rclcpp::Publisher<tf2_msgs::msg::TFMessage_<std::allocator<void> > > >)[m[K’
[2.205s]    29 |     sub_ (create_subscription<geometry_msgs::msg::Twist>("/cmd_vel", 1, std::bind(&TwistToAackermann::callback, this, std::placeholders::_1))[01;31m[K)[m[K
[2.205s]       |                                                                                                                                              [01;31m[K^[m[K
[2.205s] In file included from [01m[K/opt/ros/foxy/include/rclcpp/topic_statistics/subscription_topic_statistics.hpp:31[m[K,
[2.205s]                  from [01m[K/opt/ros/foxy/include/rclcpp/subscription.hpp:50[m[K,
[2.205s]                  from [01m[K/opt/ros/foxy/include/rclcpp/any_executable.hpp:25[m[K,
[2.205s]                  from [01m[K/opt/ros/foxy/include/rclcpp/memory_strategy.hpp:24[m[K,
[2.206s]                  from [01m[K/opt/ros/foxy/include/rclcpp/memory_strategies.hpp:18[m[K,
[2.206s]                  from [01m[K/opt/ros/foxy/include/rclcpp/executor_options.hpp:20[m[K,
[2.206s]                  from [01m[K/opt/ros/foxy/include/rclcpp/executor.hpp:33[m[K,
[2.206s]                  from [01m[K/opt/ros/foxy/include/rclcpp/executors/multi_threaded_executor.hpp:26[m[K,
[2.206s]                  from [01m[K/opt/ros/foxy/include/rclcpp/executors.hpp:21[m[K,
[2.206s]                  from [01m[K/opt/ros/foxy/include/rclcpp/rclcpp.hpp:146[m[K,
[2.206s]                  from [01m[K/root/sam_bot_description/src/joint_control/src/joint_controller.cpp:10[m[K:
[2.207s] [01m[K/opt/ros/foxy/include/rclcpp/publisher.hpp:73:3:[m[K [01;36m[Knote: [m[Kcandidate: ‘[01m[Krclcpp::Publisher<MessageT, AllocatorT>::Publisher(rclcpp::node_interfaces::NodeBaseInterface*, const string&, const rclcpp::QoS&, const rclcpp::PublisherOptionsWithAllocator<AllocatorT>&) [with MessageT = tf2_msgs::msg::TFMessage_<std::allocator<void> >; AllocatorT = std::allocator<void>; std::string = std::__cxx11::basic_string<char>][m[K’
[2.207s]    73 |   [01;36m[KPublisher[m[K(
[2.207s]       |   [01;36m[K^~~~~~~~~[m[K
[2.207s] [01m[K/opt/ros/foxy/include/rclcpp/publisher.hpp:73:3:[m[K [01;36m[Knote: [m[K  candidate expects 4 arguments, 1 provided
[2.207s] [01m[K/opt/ros/foxy/include/rclcpp/publisher.hpp:51:7:[m[K [01;36m[Knote: [m[Kcandidate: ‘[01m[Krclcpp::Publisher<tf2_msgs::msg::TFMessage_<std::allocator<void> > >::Publisher(const rclcpp::Publisher<tf2_msgs::msg::TFMessage_<std::allocator<void> > >&)[m[K’
[2.207s]    51 | class [01;36m[KPublisher[m[K : public PublisherBase
[2.207s]       |       [01;36m[K^~~~~~~~~[m[K
[2.208s] [01m[K/opt/ros/foxy/include/rclcpp/publisher.hpp:51:7:[m[K [01;36m[Knote: [m[K  no known conversion for argument 1 from ‘[01m[Kstd::shared_ptr<rclcpp::Publisher<tf2_msgs::msg::TFMessage_<std::allocator<void> > > >[m[K’ to ‘[01m[Kconst rclcpp::Publisher<tf2_msgs::msg::TFMessage_<std::allocator<void> > >&[m[K’
[2.208s] [01m[K/root/sam_bot_description/src/joint_control/src/joint_controller.cpp:29:142:[m[K [01;31m[Kerror: [m[Kno matching function for call to ‘[01m[Krclcpp::Subscription<geometry_msgs::msg::Twist_<std::allocator<void> > >::Subscription(std::shared_ptr<rclcpp::Subscription<const geometry_msgs::msg::Twist_<std::allocator<void> >&, std::allocator<void>, rclcpp::message_memory_strategy::MessageMemoryStrategy<const geometry_msgs::msg::Twist_<std::allocator<void> >&, std::allocator<void> > > >)[m[K’
[2.208s]    29 |     sub_ (create_subscription<geometry_msgs::msg::Twist>("/cmd_vel", 1, std::bind(&TwistToAackermann::callback, this, std::placeholders::_1))[01;31m[K)[m[K
[2.208s]       |                                                                                                                                              [01;31m[K^[m[K
[2.208s] In file included from [01m[K/opt/ros/foxy/include/rclcpp/any_executable.hpp:25[m[K,
[2.208s]                  from [01m[K/opt/ros/foxy/include/rclcpp/memory_strategy.hpp:24[m[K,
[2.209s]                  from [01m[K/opt/ros/foxy/include/rclcpp/memory_strategies.hpp:18[m[K,
[2.209s]                  from [01m[K/opt/ros/foxy/include/rclcpp/executor_options.hpp:20[m[K,
[2.209s]                  from [01m[K/opt/ros/foxy/include/rclcpp/executor.hpp:33[m[K,
[2.209s]                  from [01m[K/opt/ros/foxy/include/rclcpp/executors/multi_threaded_executor.hpp:26[m[K,
[2.209s]                  from [01m[K/opt/ros/foxy/include/rclcpp/executors.hpp:21[m[K,
[2.210s]                  from [01m[K/opt/ros/foxy/include/rclcpp/rclcpp.hpp:146[m[K,
[2.210s]                  from [01m[K/root/sam_bot_description/src/joint_control/src/joint_controller.cpp:10[m[K:
[2.210s] [01m[K/opt/ros/foxy/include/rclcpp/subscription.hpp:102:3:[m[K [01;36m[Knote: [m[Kcandidate: ‘[01m[Krclcpp::Subscription<CallbackMessageT, AllocatorT, MessageMemoryStrategyT>::Subscription(rclcpp::node_interfaces::NodeBaseInterface*, const rosidl_message_type_support_t&, const string&, const rclcpp::QoS&, rclcpp::AnySubscriptionCallback<CallbackMessageT, AllocatorT>, const rclcpp::SubscriptionOptionsWithAllocator<AllocatorT>&, typename MessageMemoryStrategyT::SharedPtr, rclcpp::Subscription<CallbackMessageT, AllocatorT, MessageMemoryStrategyT>::SubscriptionTopicStatisticsSharedPtr) [with CallbackMessageT = geometry_msgs::msg::Twist_<std::allocator<void> >; AllocatorT = std::allocator<void>; MessageMemoryStrategyT = rclcpp::message_memory_strategy::MessageMemoryStrategy<geometry_msgs::msg::Twist_<std::allocator<void> >, std::allocator<void> >; rosidl_message_type_support_t = rosidl_message_type_support_t; std::string = std::__cxx11::basic_string<char>; typename MessageMemoryStrategyT::SharedPtr = std::shared_ptr<rclcpp::message_memory_strategy::MessageMemoryStrategy<geometry_msgs::msg::Twist_<std::allocator<void> >, std::allocator<void> > >; rclcpp::Subscription<CallbackMessageT, AllocatorT, MessageMemoryStrategyT>::SubscriptionTopicStatisticsSharedPtr = std::shared_ptr<rclcpp::topic_statistics::SubscriptionTopicStatistics<geometry_msgs::msg::Twist_<std::allocator<void> > > >][m[K’
[2.210s]   102 |   [01;36m[KSubscription[m[K(
[2.210s]       |   [01;36m[K^~~~~~~~~~~~[m[K
[2.210s] [01m[K/opt/ros/foxy/include/rclcpp/subscription.hpp:102:3:[m[K [01;36m[Knote: [m[K  candidate expects 8 arguments, 1 provided
[2.210s] [01m[K/root/sam_bot_description/src/joint_control/src/joint_controller.cpp:32:5:[m[K [01;31m[Kerror: [m[K‘[01m[Kjoint[m[K’ was not declared in this scope
[2.210s]    32 |     [01;31m[Kjoint[m[K.header.frame_id = std::string("");
[2.210s]       |     [01;31m[K^~~~~[m[K
[2.210s] [01m[K/root/sam_bot_description/src/joint_control/src/joint_controller.cpp:45:6:[m[K [01;31m[Kerror: [m[K‘[01m[Kodometry_[m[K’ was not declared in this scope
[2.210s]    45 |      [01;31m[Kodometry_[m[K.setVelocityRollingWindowSize(10);
[2.211s]       |      [01;31m[K^~~~~~~~~[m[K
[2.213s] [01m[K/root/sam_bot_description/src/joint_control/src/joint_controller.cpp:72:44:[m[K [01;31m[Kerror: [m[K‘[01m[Kbase_frame_id_[m[K’ was not declared in this scope
[2.213s]    72 |     tf_msg_.transforms[0].child_frame_id = [01;31m[Kbase_frame_id_[m[K;
[2.213s]       |                                            [01;31m[K^~~~~~~~~~~~~~[m[K
[2.220s] [01m[K/root/sam_bot_description/src/joint_control/src/joint_controller.cpp:73:45:[m[K [01;31m[Kerror: [m[K‘[01m[Kodom_frame_id_[m[K’ was not declared in this scope
[2.221s]    73 |     tf_msg_.transforms[0].header.frame_id = [01;31m[Kodom_frame_id_[m[K;
[2.221s]       |                                             [01;31m[K^~~~~~~~~~~~~~[m[K
[2.222s] [01m[K/root/sam_bot_description/src/joint_control/src/joint_controller.cpp:[m[K In member function ‘[01m[Kvoid TwistToAackermann::callback(const Twist&)[m[K’:
[2.222s] [01m[K/root/sam_bot_description/src/joint_control/src/joint_controller.cpp:81:18:[m[K [01;31m[Kerror: [m[K‘[01m[KJointState[m[K’ is not a member of ‘[01m[Ksensor_msgs[m[K’; did you mean ‘[01m[Ksensor_msgs::msg::JointState[m[K’?
[2.222s]    81 |     sensor_msgs::[01;31m[KJointState[m[K joint;
[2.222s]       |                  [01;31m[K^~~~~~~~~~[m[K
[2.222s] In file included from [01m[K/opt/ros/foxy/include/sensor_msgs/msg/joint_state.hpp:7[m[K,
[2.222s]                  from [01m[K/root/sam_bot_description/src/joint_control/src/joint_controller.cpp:4[m[K:
[2.223s] [01m[K/opt/ros/foxy/include/sensor_msgs/msg/detail/joint_state__struct.hpp:166:7:[m[K [01;36m[Knote: [m[K‘[01m[Ksensor_msgs::msg::JointState[m[K’ declared here
[2.223s]   166 | using [01;36m[KJointState[m[K =
[2.223s]       |       [01;36m[K^~~~~~~~~~[m[K
[2.225s] [01m[K/root/sam_bot_description/src/joint_control/src/joint_controller.cpp:91:5:[m[K [01;31m[Kerror: [m[K‘[01m[Kjoint[m[K’ was not declared in this scope
[2.225s]    91 |     [01;31m[Kjoint[m[K.header.stamp = rclcpp::Time::now();
[2.225s]       |     [01;31m[K^~~~~[m[K
[2.225s] [01m[K/root/sam_bot_description/src/joint_control/src/joint_controller.cpp:91:40:[m[K [01;31m[Kerror: [m[K‘[01m[Know[m[K’ is not a member of ‘[01m[Krclcpp::Time[m[K’
[2.225s]    91 |     joint.header.stamp = rclcpp::Time::[01;31m[Know[m[K();
[2.225s]       |                                        [01;31m[K^~~[m[K
[2.225s] [01m[K/root/sam_bot_description/src/joint_control/src/joint_controller.cpp:105:29:[m[K [01;31m[Kerror: [m[Kexpected primary-expression before ‘[01m[K/[m[K’ token
[2.226s]   105 |       lwh = atan(actualBase+[01;31m[K/[m[K(r-(track/2)));
[2.226s]       |                             [01;31m[K^[m[K
[2.228s] [01m[K/root/sam_bot_description/src/joint_control/src/joint_controller.cpp:117:5:[m[K [01;31m[Kerror: [m[K‘[01m[Kodometry_[m[K’ was not declared in this scope
[2.228s]   117 |     [01;31m[Kodometry_[m[K.updateOpenLoop(msg.linear.x, msg.angular.z, joint.header.stamp);
[2.228s]       |     [01;31m[K^~~~~~~~~[m[K
[2.228s] [01m[K/root/sam_bot_description/src/joint_control/src/joint_controller.cpp:120:26:[m[K [01;31m[Kerror: [m[K‘[01m[KQuaternion[m[K’ in namespace ‘[01m[Kgeometry_msgs[m[K’ does not name a type
[2.228s]   120 |     const geometry_msgs::[01;31m[KQuaternion[m[K orientation(
[2.229s]       |                          [01;31m[K^~~~~~~~~~[m[K
[2.232s] [01m[K/root/sam_bot_description/src/joint_control/src/joint_controller.cpp:125:37:[m[K [01;31m[Kerror: [m[K‘[01m[Korientation[m[K’ was not declared in this scope
[2.232s]   125 |        msg_.pose.pose.orientation = [01;31m[Korientation[m[K;
[2.232s]       |                                     [01;31m[K^~~~~~~~~~~[m[K
[2.243s] [01m[K/root/sam_bot_description/src/joint_control/src/joint_controller.cpp:[m[K In function ‘[01m[Kint main(int, char**)[m[K’:
[2.243s] [01m[K/root/sam_bot_description/src/joint_control/src/joint_controller.cpp:161:28:[m[K [01;31m[Kerror: [m[Kinvalid initialization of reference of type ‘[01m[Kconst rclcpp::InitOptions&[m[K’ from expression of type ‘[01m[Kconst char [19][m[K’
[2.243s]   161 |   rclcpp::init(argc, argv, [01;31m[K"twist_to_ackermann"[m[K);
[2.244s]       |                            [01;31m[K^~~~~~~~~~~~~~~~~~~~[m[K
[2.244s] In file included from [01m[K/opt/ros/foxy/include/rclcpp/client.hpp:36[m[K,
[2.244s]                  from [01m[K/opt/ros/foxy/include/rclcpp/callback_group.hpp:23[m[K,
[2.244s]                  from [01m[K/opt/ros/foxy/include/rclcpp/any_executable.hpp:20[m[K,
[2.244s]                  from [01m[K/opt/ros/foxy/include/rclcpp/memory_strategy.hpp:24[m[K,
[2.244s]                  from [01m[K/opt/ros/foxy/include/rclcpp/memory_strategies.hpp:18[m[K,
[2.244s]                  from [01m[K/opt/ros/foxy/include/rclcpp/executor_options.hpp:20[m[K,
[2.245s]                  from [01m[K/opt/ros/foxy/include/rclcpp/executor.hpp:33[m[K,
[2.245s]                  from [01m[K/opt/ros/foxy/include/rclcpp/executors/multi_threaded_executor.hpp:26[m[K,
[2.245s]                  from [01m[K/opt/ros/foxy/include/rclcpp/executors.hpp:21[m[K,
[2.245s]                  from [01m[K/opt/ros/foxy/include/rclcpp/rclcpp.hpp:146[m[K,
[2.245s]                  from [01m[K/root/sam_bot_description/src/joint_control/src/joint_controller.cpp:10[m[K:
[2.245s] [01m[K/opt/ros/foxy/include/rclcpp/utilities.hpp:56:63:[m[K [01;36m[Knote: [m[Kin passing argument 3 of ‘[01m[Kvoid rclcpp::init(int, const char* const*, const rclcpp::InitOptions&)[m[K’
[2.245s]    56 | init(int argc, char const * const argv[], [01;36m[Kconst InitOptions & init_options = InitOptions()[m[K);
[2.245s]       |                                           [01;36m[K~~~~~~~~~~~~~~~~~~~~^~~~~~~~~~~~~~~~~~~~~~~~~~~~[m[K
[2.246s] [01m[K/root/sam_bot_description/src/joint_control/src/joint_controller.cpp:164:16:[m[K [01;31m[Kerror: [m[Kno matching function for call to ‘[01m[Kspin()[m[K’
[2.246s]   164 |   rclcpp::spin([01;31m[K)[m[K;
[2.246s]       |                [01;31m[K^[m[K
[2.246s] In file included from [01m[K/opt/ros/foxy/include/rclcpp/rclcpp.hpp:146[m[K,
[2.246s]                  from [01m[K/root/sam_bot_description/src/joint_control/src/joint_controller.cpp:10[m[K:
[2.246s] [01m[K/opt/ros/foxy/include/rclcpp/executors.hpp:45:1:[m[K [01;36m[Knote: [m[Kcandidate: ‘[01m[Kvoid rclcpp::spin(rclcpp::node_interfaces::NodeBaseInterface::SharedPtr)[m[K’
[2.246s]    45 | [01;36m[Kspin[m[K(rclcpp::node_interfaces::NodeBaseInterface::SharedPtr node_ptr);
[2.246s]       | [01;36m[K^~~~[m[K
[2.247s] [01m[K/opt/ros/foxy/include/rclcpp/executors.hpp:45:1:[m[K [01;36m[Knote: [m[K  candidate expects 1 argument, 0 provided
[2.247s] [01m[K/opt/ros/foxy/include/rclcpp/executors.hpp:49:1:[m[K [01;36m[Knote: [m[Kcandidate: ‘[01m[Kvoid rclcpp::spin(rclcpp::Node::SharedPtr)[m[K’
[2.247s]    49 | [01;36m[Kspin[m[K(rclcpp::Node::SharedPtr node_ptr);
[2.247s]       | [01;36m[K^~~~[m[K
[2.247s] [01m[K/opt/ros/foxy/include/rclcpp/executors.hpp:49:1:[m[K [01;36m[Knote: [m[K  candidate expects 1 argument, 0 provided
[2.488s] In file included from [01m[K/opt/ros/foxy/include/rclcpp/subscription_base.hpp:29[m[K,
[2.488s]                  from [01m[K/opt/ros/foxy/include/rclcpp/callback_group.hpp:26[m[K,
[2.488s]                  from [01m[K/opt/ros/foxy/include/rclcpp/any_executable.hpp:20[m[K,
[2.488s]                  from [01m[K/opt/ros/foxy/include/rclcpp/memory_strategy.hpp:24[m[K,
[2.488s]                  from [01m[K/opt/ros/foxy/include/rclcpp/memory_strategies.hpp:18[m[K,
[2.488s]                  from [01m[K/opt/ros/foxy/include/rclcpp/executor_options.hpp:20[m[K,
[2.488s]                  from [01m[K/opt/ros/foxy/include/rclcpp/executor.hpp:33[m[K,
[2.488s]                  from [01m[K/opt/ros/foxy/include/rclcpp/executors/multi_threaded_executor.hpp:26[m[K,
[2.488s]                  from [01m[K/opt/ros/foxy/include/rclcpp/executors.hpp:21[m[K,
[2.488s]                  from [01m[K/opt/ros/foxy/include/rclcpp/rclcpp.hpp:146[m[K,
[2.489s]                  from [01m[K/root/sam_bot_description/src/joint_control/src/joint_controller.cpp:10[m[K:
[2.489s] /opt/ros/foxy/include/rclcpp/any_subscription_callback.hpp: In instantiation of ‘[01m[Kclass rclcpp::AnySubscriptionCallback<const geometry_msgs::msg::Twist_<std::allocator<void> >&, std::allocator<void> >[m[K’:
[2.489s] [01m[K/opt/ros/foxy/include/rclcpp/subscription_factory.hpp:96:57:[m[K   required from ‘[01m[Krclcpp::SubscriptionFactory rclcpp::create_subscription_factory(CallbackT&&, const rclcpp::SubscriptionOptionsWithAllocator<AllocatorT>&, typename MessageMemoryStrategyT::SharedPtr, std::shared_ptr<rclcpp::topic_statistics::SubscriptionTopicStatistics<CallbackMessageT> >) [with MessageT = geometry_msgs::msg::Twist_<std::allocator<void> >; CallbackT = std::_Bind<void (TwistToAackermann::*(TwistToAackermann*, std::_Placeholder<1>))(const geometry_msgs::msg::Twist_<std::allocator<void> >&)>; AllocatorT = std::allocator<void>; CallbackMessageT = const geometry_msgs::msg::Twist_<std::allocator<void> >&; SubscriptionT = rclcpp::Subscription<const geometry_msgs::msg::Twist_<std::allocator<void> >&, std::allocator<void>, rclcpp::message_memory_strategy::MessageMemoryStrategy<const geometry_msgs::msg::Twist_<std::allocator<void> >&, std::allocator<void> > >; MessageMemoryStrategyT = rclcpp::message_memory_strategy::MessageMemoryStrategy<const geometry_msgs::msg::Twist_<std::allocator<void> >&, std::allocator<void> >; typename MessageMemoryStrategyT::SharedPtr = std::shared_ptr<rclcpp::message_memory_strategy::MessageMemoryStrategy<const geometry_msgs::msg::Twist_<std::allocator<void> >&, std::allocator<void> > >][m[K’
[2.490s] [01m[K/opt/ros/foxy/include/rclcpp/create_subscription.hpp:144:63:[m[K   required from ‘[01m[Kstd::shared_ptr<SubscriptionT> rclcpp::create_subscription(NodeT&&, const string&, const rclcpp::QoS&, CallbackT&&, const rclcpp::SubscriptionOptionsWithAllocator<AllocatorT>&, typename MessageMemoryStrategyT::SharedPtr) [with MessageT = geometry_msgs::msg::Twist_<std::allocator<void> >; CallbackT = std::_Bind<void (TwistToAackermann::*(TwistToAackermann*, std::_Placeholder<1>))(const geometry_msgs::msg::Twist_<std::allocator<void> >&)>; AllocatorT = std::allocator<void>; CallbackMessageT = const geometry_msgs::msg::Twist_<std::allocator<void> >&; SubscriptionT = rclcpp::Subscription<const geometry_msgs::msg::Twist_<std::allocator<void> >&, std::allocator<void>, rclcpp::message_memory_strategy::MessageMemoryStrategy<const geometry_msgs::msg::Twist_<std::allocator<void> >&, std::allocator<void> > >; MessageMemoryStrategyT = rclcpp::message_memory_strategy::MessageMemoryStrategy<const geometry_msgs::msg::Twist_<std::allocator<void> >&, std::allocator<void> >; NodeT = rclcpp::Node&; std::string = std::__cxx11::basic_string<char>; typename MessageMemoryStrategyT::SharedPtr = std::shared_ptr<rclcpp::message_memory_strategy::MessageMemoryStrategy<const geometry_msgs::msg::Twist_<std::allocator<void> >&, std::allocator<void> > >][m[K’
[2.490s] [01m[K/opt/ros/foxy/include/rclcpp/node_impl.hpp:98:47:[m[K   required from ‘[01m[Kstd::shared_ptr<SubscriptionT> rclcpp::Node::create_subscription(const string&, const rclcpp::QoS&, CallbackT&&, const rclcpp::SubscriptionOptionsWithAllocator<AllocatorT>&, typename MessageMemoryStrategyT::SharedPtr) [with MessageT = geometry_msgs::msg::Twist_<std::allocator<void> >; CallbackT = std::_Bind<void (TwistToAackermann::*(TwistToAackermann*, std::_Placeholder<1>))(const geometry_msgs::msg::Twist_<std::allocator<void> >&)>; AllocatorT = std::allocator<void>; CallbackMessageT = const geometry_msgs::msg::Twist_<std::allocator<void> >&; SubscriptionT = rclcpp::Subscription<const geometry_msgs::msg::Twist_<std::allocator<void> >&, std::allocator<void>, rclcpp::message_memory_strategy::MessageMemoryStrategy<const geometry_msgs::msg::Twist_<std::allocator<void> >&, std::allocator<void> > >; MessageMemoryStrategyT = rclcpp::message_memory_strategy::MessageMemoryStrategy<const geometry_msgs::msg::Twist_<std::allocator<void> >&, std::allocator<void> >; std::string = std::__cxx11::basic_string<char>; typename MessageMemoryStrategyT::SharedPtr = std::shared_ptr<rclcpp::message_memory_strategy::MessageMemoryStrategy<const geometry_msgs::msg::Twist_<std::allocator<void> >&, std::allocator<void> > >][m[K’
[2.490s] [01m[K/root/sam_bot_description/src/joint_control/src/joint_controller.cpp:29:141:[m[K   required from here
[2.490s] [01m[K/opt/ros/foxy/include/rclcpp/any_subscription_callback.hpp:111:8:[m[K [01;31m[Kerror: [m[K‘[01m[Ktemplate<class CallbackT, typename std::enable_if<rclcpp::function_traits::same_arguments<CallbackT, std::function<void(std::shared_ptr<const geometry_msgs::msg::Twist_<std::allocator<void> >&>)> >::value, void>::type* <anonymous> > void rclcpp::AnySubscriptionCallback<MessageT, Alloc>::set(CallbackT) [with CallbackT = CallbackT; typename std::enable_if<rclcpp::function_traits::same_arguments<CallbackT, std::function<void(std::shared_ptr<const _Tp>)> >::value>::type* <anonymous> = <enumerator>; MessageT = const geometry_msgs::msg::Twist_<std::allocator<void> >&; Alloc = std::allocator<void>][m[K’ cannot be overloaded with ‘[01m[Ktemplate<class CallbackT, typename std::enable_if<rclcpp::function_traits::same_arguments<CallbackT, std::function<void(std::shared_ptr<const geometry_msgs::msg::Twist_<std::allocator<void> >&>)> >::value, void>::type* <anonymous> > void rclcpp::AnySubscriptionCallback<MessageT, Alloc>::set(CallbackT) [with CallbackT = CallbackT; typename std::enable_if<rclcpp::function_traits::same_arguments<CallbackT, std::function<void(std::shared_ptr<_Tp>)> >::value>::type* <anonymous> = <enumerator>; MessageT = const geometry_msgs::msg::Twist_<std::allocator<void> >&; Alloc = std::allocator<void>][m[K’
[2.490s]   111 |   void [01;31m[Kset[m[K(CallbackT callback)
[2.490s]       |        [01;31m[K^~~[m[K
[2.490s] [01m[K/opt/ros/foxy/include/rclcpp/any_subscription_callback.hpp:83:8:[m[K [01;36m[Knote: [m[Kprevious declaration ‘[01m[Ktemplate<class CallbackT, typename std::enable_if<rclcpp::function_traits::same_arguments<CallbackT, std::function<void(std::shared_ptr<const geometry_msgs::msg::Twist_<std::allocator<void> >&>)> >::value, void>::type* <anonymous> > void rclcpp::AnySubscriptionCallback<MessageT, Alloc>::set(CallbackT) [with CallbackT = CallbackT; typename std::enable_if<rclcpp::function_traits::same_arguments<CallbackT, std::function<void(std::shared_ptr<_Tp>)> >::value>::type* <anonymous> = <enumerator>; MessageT = const geometry_msgs::msg::Twist_<std::allocator<void> >&; Alloc = std::allocator<void>][m[K’
[2.491s]    83 |   void [01;36m[Kset[m[K(CallbackT callback)
[2.491s]       |        [01;36m[K^~~[m[K
[2.491s] [01m[K/opt/ros/foxy/include/rclcpp/any_subscription_callback.hpp:125:8:[m[K [01;31m[Kerror: [m[K‘[01m[Ktemplate<class CallbackT, typename std::enable_if<rclcpp::function_traits::same_arguments<CallbackT, std::function<void(std::shared_ptr<const geometry_msgs::msg::Twist_<std::allocator<void> >&>, const rclcpp::MessageInfo&)> >::value, void>::type* <anonymous> > void rclcpp::AnySubscriptionCallback<MessageT, Alloc>::set(CallbackT) [with CallbackT = CallbackT; typename std::enable_if<rclcpp::function_traits::same_arguments<CallbackT, std::function<void(std::shared_ptr<const _Tp>, const rclcpp::MessageInfo&)> >::value>::type* <anonymous> = <enumerator>; MessageT = const geometry_msgs::msg::Twist_<std::allocator<void> >&; Alloc = std::allocator<void>][m[K’ cannot be overloaded with ‘[01m[Ktemplate<class CallbackT, typename std::enable_if<rclcpp::function_traits::same_arguments<CallbackT, std::function<void(std::shared_ptr<const geometry_msgs::msg::Twist_<std::allocator<void> >&>, const rclcpp::MessageInfo&)> >::value, void>::type* <anonymous> > void rclcpp::AnySubscriptionCallback<MessageT, Alloc>::set(CallbackT) [with CallbackT = CallbackT; typename std::enable_if<rclcpp::function_traits::same_arguments<CallbackT, std::function<void(std::shared_ptr<_Tp>, const rclcpp::MessageInfo&)> >::value>::type* <anonymous> = <enumerator>; MessageT = const geometry_msgs::msg::Twist_<std::allocator<void> >&; Alloc = std::allocator<void>][m[K’
[2.491s]   125 |   void [01;31m[Kset[m[K(CallbackT callback)
[2.491s]       |        [01;31m[K^~~[m[K
[2.491s] [01m[K/opt/ros/foxy/include/rclcpp/any_subscription_callback.hpp:97:8:[m[K [01;36m[Knote: [m[Kprevious declaration ‘[01m[Ktemplate<class CallbackT, typename std::enable_if<rclcpp::function_traits::same_arguments<CallbackT, std::function<void(std::shared_ptr<const geometry_msgs::msg::Twist_<std::allocator<void> >&>, const rclcpp::MessageInfo&)> >::value, void>::type* <anonymous> > void rclcpp::AnySubscriptionCallback<MessageT, Alloc>::set(CallbackT) [with CallbackT = CallbackT; typename std::enable_if<rclcpp::function_traits::same_arguments<CallbackT, std::function<void(std::shared_ptr<_Tp>, const rclcpp::MessageInfo&)> >::value>::type* <anonymous> = <enumerator>; MessageT = const geometry_msgs::msg::Twist_<std::allocator<void> >&; Alloc = std::allocator<void>][m[K’
[2.491s]    97 |   void [01;36m[Kset[m[K(CallbackT callback)
[2.492s]       |        [01;36m[K^~~[m[K
[2.492s] In file included from [01m[K/opt/ros/foxy/include/rclcpp/node_interfaces/node_topics_interface.hpp:32[m[K,
[2.492s]                  from [01m[K/opt/ros/foxy/include/rclcpp/node.hpp:55[m[K,
[2.492s]                  from [01m[K/opt/ros/foxy/include/rclcpp/executors/single_threaded_executor.hpp:28[m[K,
[2.492s]                  from [01m[K/opt/ros/foxy/include/rclcpp/executors.hpp:22[m[K,
[2.492s]                  from [01m[K/opt/ros/foxy/include/rclcpp/rclcpp.hpp:146[m[K,
[2.492s]                  from [01m[K/root/sam_bot_description/src/joint_control/src/joint_controller.cpp:10[m[K:
[2.492s] /opt/ros/foxy/include/rclcpp/subscription_factory.hpp: In instantiation of ‘[01m[Krclcpp::SubscriptionFactory rclcpp::create_subscription_factory(CallbackT&&, const rclcpp::SubscriptionOptionsWithAllocator<AllocatorT>&, typename MessageMemoryStrategyT::SharedPtr, std::shared_ptr<rclcpp::topic_statistics::SubscriptionTopicStatistics<CallbackMessageT> >) [with MessageT = geometry_msgs::msg::Twist_<std::allocator<void> >; CallbackT = std::_Bind<void (TwistToAackermann::*(TwistToAackermann*, std::_Placeholder<1>))(const geometry_msgs::msg::Twist_<std::allocator<void> >&)>; AllocatorT = std::allocator<void>; CallbackMessageT = const geometry_msgs::msg::Twist_<std::allocator<void> >&; SubscriptionT = rclcpp::Subscription<const geometry_msgs::msg::Twist_<std::allocator<void> >&, std::allocator<void>, rclcpp::message_memory_strategy::MessageMemoryStrategy<const geometry_msgs::msg::Twist_<std::allocator<void> >&, std::allocator<void> > >; MessageMemoryStrategyT = rclcpp::message_memory_strategy::MessageMemoryStrategy<const geometry_msgs::msg::Twist_<std::allocator<void> >&, std::allocator<void> >; typename MessageMemoryStrategyT::SharedPtr = std::shared_ptr<rclcpp::message_memory_strategy::MessageMemoryStrategy<const geometry_msgs::msg::Twist_<std::allocator<void> >&, std::allocator<void> > >][m[K’:
[2.493s] [01m[K/opt/ros/foxy/include/rclcpp/create_subscription.hpp:144:63:[m[K   required from ‘[01m[Kstd::shared_ptr<SubscriptionT> rclcpp::create_subscription(NodeT&&, const string&, const rclcpp::QoS&, CallbackT&&, const rclcpp::SubscriptionOptionsWithAllocator<AllocatorT>&, typename MessageMemoryStrategyT::SharedPtr) [with MessageT = geometry_msgs::msg::Twist_<std::allocator<void> >; CallbackT = std::_Bind<void (TwistToAackermann::*(TwistToAackermann*, std::_Placeholder<1>))(const geometry_msgs::msg::Twist_<std::allocator<void> >&)>; AllocatorT = std::allocator<void>; CallbackMessageT = const geometry_msgs::msg::Twist_<std::allocator<void> >&; SubscriptionT = rclcpp::Subscription<const geometry_msgs::msg::Twist_<std::allocator<void> >&, std::allocator<void>, rclcpp::message_memory_strategy::MessageMemoryStrategy<const geometry_msgs::msg::Twist_<std::allocator<void> >&, std::allocator<void> > >; MessageMemoryStrategyT = rclcpp::message_memory_strategy::MessageMemoryStrategy<const geometry_msgs::msg::Twist_<std::allocator<void> >&, std::allocator<void> >; NodeT = rclcpp::Node&; std::string = std::__cxx11::basic_string<char>; typename MessageMemoryStrategyT::SharedPtr = std::shared_ptr<rclcpp::message_memory_strategy::MessageMemoryStrategy<const geometry_msgs::msg::Twist_<std::allocator<void> >&, std::allocator<void> > >][m[K’
[2.493s] [01m[K/opt/ros/foxy/include/rclcpp/node_impl.hpp:98:47:[m[K   required from ‘[01m[Kstd::shared_ptr<SubscriptionT> rclcpp::Node::create_subscription(const string&, const rclcpp::QoS&, CallbackT&&, const rclcpp::SubscriptionOptionsWithAllocator<AllocatorT>&, typename MessageMemoryStrategyT::SharedPtr) [with MessageT = geometry_msgs::msg::Twist_<std::allocator<void> >; CallbackT = std::_Bind<void (TwistToAackermann::*(TwistToAackermann*, std::_Placeholder<1>))(const geometry_msgs::msg::Twist_<std::allocator<void> >&)>; AllocatorT = std::allocator<void>; CallbackMessageT = const geometry_msgs::msg::Twist_<std::allocator<void> >&; SubscriptionT = rclcpp::Subscription<const geometry_msgs::msg::Twist_<std::allocator<void> >&, std::allocator<void>, rclcpp::message_memory_strategy::MessageMemoryStrategy<const geometry_msgs::msg::Twist_<std::allocator<void> >&, std::allocator<void> > >; MessageMemoryStrategyT = rclcpp::message_memory_strategy::MessageMemoryStrategy<const geometry_msgs::msg::Twist_<std::allocator<void> >&, std::allocator<void> >; std::string = std::__cxx11::basic_string<char>; typename MessageMemoryStrategyT::SharedPtr = std::shared_ptr<rclcpp::message_memory_strategy::MessageMemoryStrategy<const geometry_msgs::msg::Twist_<std::allocator<void> >&, std::allocator<void> > >][m[K’
[2.493s] [01m[K/root/sam_bot_description/src/joint_control/src/joint_controller.cpp:29:141:[m[K   required from here
[2.493s] [01m[K/opt/ros/foxy/include/rclcpp/subscription_factory.hpp:97:3:[m[K [01;31m[Kerror: [m[Kno matching function for call to ‘[01m[Krclcpp::AnySubscriptionCallback<const geometry_msgs::msg::Twist_<std::allocator<void> >&, std::allocator<void> >::set(std::_Bind<void (TwistToAackermann::*(TwistToAackermann*, std::_Placeholder<1>))(const geometry_msgs::msg::Twist_<std::allocator<void> >&)>)[m[K’
[2.493s]    97 |   [01;31m[Kany_subscription_callback[m[K.set(std::forward<CallbackT>(callback));
[2.493s]       |   [01;31m[K^~~~~~~~~~~~~~~~~~~~~~~~~[m[K
[2.493s] In file included from [01m[K/opt/ros/foxy/include/rclcpp/subscription_base.hpp:29[m[K,
[2.494s]                  from [01m[K/opt/ros/foxy/include/rclcpp/callback_group.hpp:26[m[K,
[2.494s]                  from [01m[K/opt/ros/foxy/include/rclcpp/any_executable.hpp:20[m[K,
[2.494s]                  from [01m[K/opt/ros/foxy/include/rclcpp/memory_strategy.hpp:24[m[K,
[2.494s]                  from [01m[K/opt/ros/foxy/include/rclcpp/memory_strategies.hpp:18[m[K,
[2.494s]                  from [01m[K/opt/ros/foxy/include/rclcpp/executor_options.hpp:20[m[K,
[2.494s]                  from [01m[K/opt/ros/foxy/include/rclcpp/executor.hpp:33[m[K,
[2.494s]                  from [01m[K/opt/ros/foxy/include/rclcpp/executors/multi_threaded_executor.hpp:26[m[K,
[2.495s]                  from [01m[K/opt/ros/foxy/include/rclcpp/executors.hpp:21[m[K,
[2.495s]                  from [01m[K/opt/ros/foxy/include/rclcpp/rclcpp.hpp:146[m[K,
[2.495s]                  from [01m[K/root/sam_bot_description/src/joint_control/src/joint_controller.cpp:10[m[K:
[2.495s] [01m[K/opt/ros/foxy/include/rclcpp/any_subscription_callback.hpp:83:8:[m[K [01;36m[Knote: [m[Kcandidate: ‘[01m[Ktemplate<class CallbackT, typename std::enable_if<rclcpp::function_traits::same_arguments<CallbackT, std::function<void(std::shared_ptr<const geometry_msgs::msg::Twist_<std::allocator<void> >&>)> >::value, void>::type* <anonymous> > void rclcpp::AnySubscriptionCallback<MessageT, Alloc>::set(CallbackT) [with CallbackT = CallbackT; typename std::enable_if<rclcpp::function_traits::same_arguments<CallbackT, std::function<void(std::shared_ptr<_Tp>)> >::value>::type* <anonymous> = <enumerator>; MessageT = const geometry_msgs::msg::Twist_<std::allocator<void> >&; Alloc = std::allocator<void>][m[K’
[2.495s]    83 |   void [01;36m[Kset[m[K(CallbackT callback)
[2.495s]       |        [01;36m[K^~~[m[K
[2.495s] [01m[K/opt/ros/foxy/include/rclcpp/any_subscription_callback.hpp:83:8:[m[K [01;36m[Knote: [m[K  template argument deduction/substitution failed:
[2.496s] [01m[K/opt/ros/foxy/include/rclcpp/any_subscription_callback.hpp:81:17:[m[K [01;31m[Kerror: [m[Kno type named ‘[01m[Ktype[m[K’ in ‘[01m[Kstruct std::enable_if<false, void>[m[K’
[2.496s]    81 |     >::type * = [01;31m[Knullptr[m[K
[2.496s]       |                 [01;31m[K^~~~~~~[m[K
[2.496s] [01m[K/opt/ros/foxy/include/rclcpp/any_subscription_callback.hpp:97:8:[m[K [01;36m[Knote: [m[Kcandidate: ‘[01m[Ktemplate<class CallbackT, typename std::enable_if<rclcpp::function_traits::same_arguments<CallbackT, std::function<void(std::shared_ptr<const geometry_msgs::msg::Twist_<std::allocator<void> >&>, const rclcpp::MessageInfo&)> >::value, void>::type* <anonymous> > void rclcpp::AnySubscriptionCallback<MessageT, Alloc>::set(CallbackT) [with CallbackT = CallbackT; typename std::enable_if<rclcpp::function_traits::same_arguments<CallbackT, std::function<void(std::shared_ptr<_Tp>, const rclcpp::MessageInfo&)> >::value>::type* <anonymous> = <enumerator>; MessageT = const geometry_msgs::msg::Twist_<std::allocator<void> >&; Alloc = std::allocator<void>][m[K’
[2.496s]    97 |   void [01;36m[Kset[m[K(CallbackT callback)
[2.496s]       |        [01;36m[K^~~[m[K
[2.496s] [01m[K/opt/ros/foxy/include/rclcpp/any_subscription_callback.hpp:97:8:[m[K [01;36m[Knote: [m[K  template argument deduction/substitution failed:
[2.497s] [01m[K/opt/ros/foxy/include/rclcpp/any_subscription_callback.hpp:95:17:[m[K [01;31m[Kerror: [m[Kno type named ‘[01m[Ktype[m[K’ in ‘[01m[Kstruct std::enable_if<false, void>[m[K’
[2.497s]    95 |     >::type * = [01;31m[Knullptr[m[K
[2.497s]       |                 [01;31m[K^~~~~~~[m[K
[2.497s] [01m[K/opt/ros/foxy/include/rclcpp/any_subscription_callback.hpp:139:8:[m[K [01;36m[Knote: [m[Kcandidate: ‘[01m[Ktemplate<class CallbackT, typename std::enable_if<rclcpp::function_traits::same_arguments<CallbackT, std::function<void(std::unique_ptr<const geometry_msgs::msg::Twist_<std::allocator<void> >&, std::default_delete<const geometry_msgs::msg::Twist_<std::allocator<void> >&> >)> >::value, void>::type* <anonymous> > void rclcpp::AnySubscriptionCallback<MessageT, Alloc>::set(CallbackT) [with CallbackT = CallbackT; typename std::enable_if<rclcpp::function_traits::same_arguments<CallbackT, std::function<void(std::unique_ptr<MessageT, typename std::conditional<std::is_same<typename std::allocator_traits<typename std::allocator_traits<_Alloc>::rebind_traits<MessageT>::allocator_type>::rebind_alloc<MessageT>, typename std::allocator<void>::rebind<_Tp1>::other>::value, std::default_delete<_Tp>, rclcpp::allocator::AllocatorDeleter<typename std::allocator_traits<_Alloc>::rebind_traits<MessageT>::allocator_type> >::type>)> >::value>::type* <anonymous> = <enumerator>; MessageT = const geometry_msgs::msg::Twist_<std::allocator<void> >&; Alloc = std::allocator<void>][m[K’
[2.497s]   139 |   void [01;36m[Kset[m[K(CallbackT callback)
[2.497s]       |        [01;36m[K^~~[m[K
[2.497s] [01m[K/opt/ros/foxy/include/rclcpp/any_subscription_callback.hpp:139:8:[m[K [01;36m[Knote: [m[K  template argument deduction/substitution failed:
[2.497s] [01m[K/opt/ros/foxy/include/rclcpp/any_subscription_callback.hpp:137:17:[m[K [01;31m[Kerror: [m[Kno type named ‘[01m[Ktype[m[K’ in ‘[01m[Kstruct std::enable_if<false, void>[m[K’
[2.498s]   137 |     >::type * = [01;31m[Knullptr[m[K
[2.498s]       |                 [01;31m[K^~~~~~~[m[K
[2.498s] [01m[K/opt/ros/foxy/include/rclcpp/any_subscription_callback.hpp:153:8:[m[K [01;36m[Knote: [m[Kcandidate: ‘[01m[Ktemplate<class CallbackT, typename std::enable_if<rclcpp::function_traits::same_arguments<CallbackT, std::function<void(std::unique_ptr<const geometry_msgs::msg::Twist_<std::allocator<void> >&, std::default_delete<const geometry_msgs::msg::Twist_<std::allocator<void> >&> >, const rclcpp::MessageInfo&)> >::value, void>::type* <anonymous> > void rclcpp::AnySubscriptionCallback<MessageT, Alloc>::set(CallbackT) [with CallbackT = CallbackT; typename std::enable_if<rclcpp::function_traits::same_arguments<CallbackT, std::function<void(std::unique_ptr<MessageT, typename std::conditional<std::is_same<typename std::allocator_traits<typename std::allocator_traits<_Alloc>::rebind_traits<MessageT>::allocator_type>::rebind_alloc<MessageT>, typename std::allocator<void>::rebind<_Tp1>::other>::value, std::default_delete<_Tp>, rclcpp::allocator::AllocatorDeleter<typename std::allocator_traits<_Alloc>::rebind_traits<MessageT>::allocator_type> >::type>, const rclcpp::MessageInfo&)> >::value>::type* <anonymous> = <enumerator>; MessageT = const geometry_msgs::msg::Twist_<std::allocator<void> >&; Alloc = std::allocator<void>][m[K’
[2.498s]   153 |   void [01;36m[Kset[m[K(CallbackT callback)
[2.498s]       |        [01;36m[K^~~[m[K
[2.498s] [01m[K/opt/ros/foxy/include/rclcpp/any_subscription_callback.hpp:153:8:[m[K [01;36m[Knote: [m[K  template argument deduction/substitution failed:
[2.498s] [01m[K/opt/ros/foxy/include/rclcpp/any_subscription_callback.hpp:151:17:[m[K [01;31m[Kerror: [m[Kno type named ‘[01m[Ktype[m[K’ in ‘[01m[Kstruct std::enable_if<false, void>[m[K’
[2.499s]   151 |     >::type * = [01;31m[Knullptr[m[K
[2.499s]       |                 [01;31m[K^~~~~~~[m[K
[2.826s] In file included from [01m[K/usr/include/x86_64-linux-gnu/c++/9/bits/c++allocator.h:33[m[K,
[2.827s]                  from [01m[K/usr/include/c++/9/bits/allocator.h:46[m[K,
[2.827s]                  from [01m[K/usr/include/c++/9/memory:63[m[K,
[2.827s]                  from [01m[K/opt/ros/foxy/include/rosidl_runtime_cpp/bounded_vector.hpp:19[m[K,
[2.827s]                  from [01m[K/opt/ros/foxy/include/std_msgs/msg/detail/string__struct.hpp:8[m[K,
[2.827s]                  from [01m[K/opt/ros/foxy/include/std_msgs/msg/string.hpp:7[m[K,
[2.827s]                  from [01m[K/root/sam_bot_description/src/joint_control/src/joint_controller.cpp:3[m[K:
[2.828s] /usr/include/c++/9/ext/new_allocator.h: In instantiation of ‘[01m[Kclass __gnu_cxx::new_allocator<const geometry_msgs::msg::Twist_<std::allocator<void> >&>[m[K’:
[2.828s] [01m[K/usr/include/c++/9/bits/allocator.h:112:11:[m[K   required from ‘[01m[Kclass std::allocator<const geometry_msgs::msg::Twist_<std::allocator<void> >&>[m[K’
[2.828s] [01m[K/usr/include/c++/9/bits/shared_ptr_base.h:1365:63:[m[K   required by substitution of ‘[01m[Ktemplate<class _Yp> struct std::__shared_ptr<std::allocator<const geometry_msgs::msg::Twist_<std::allocator<void> >&>, __gnu_cxx::_S_atomic>::__has_esft_base<_Yp, std::__void_t<decltype (__enable_shared_from_this_base(declval<const std::__shared_count<__gnu_cxx::_S_atomic>&>(), declval<_Yp*>()))> > [with _Yp = std::allocator<const geometry_msgs::msg::Twist_<std::allocator<void> >&>][m[K’
[2.828s] [01m[K/usr/include/c++/9/bits/shared_ptr_base.h:1387:21:[m[K   required by substitution of ‘[01m[Ktemplate<class _Yp, class _Yp2> typename std::enable_if<(! std::__shared_ptr<std::allocator<const geometry_msgs::msg::Twist_<std::allocator<void> >&>, __gnu_cxx::_S_atomic>::__has_esft_base<_Yp2, void>::value), void>::type std::__shared_ptr<std::allocator<const geometry_msgs::msg::Twist_<std::allocator<void> >&>, __gnu_cxx::_S_atomic>::_M_enable_shared_from_this_with<_Yp, _Yp2>(_Yp*) [with _Yp = std::allocator<const geometry_msgs::msg::Twist_<std::allocator<void> >&>; _Yp2 = std::allocator<const geometry_msgs::msg::Twist_<std::allocator<void> >&>][m[K’
[2.828s] [01m[K/usr/include/c++/9/bits/shared_ptr_base.h:1345:4:[m[K   required from ‘[01m[Kstd::__shared_ptr<_Tp, _Lp>::__shared_ptr(std::_Sp_alloc_shared_tag<_Tp>, _Args&& ...) [with _Alloc = std::allocator<std::allocator<const geometry_msgs::msg::Twist_<std::allocator<void> >&> >; _Args = {std::allocator<void>&}; _Tp = std::allocator<const geometry_msgs::msg::Twist_<std::allocator<void> >&>; __gnu_cxx::_Lock_policy _Lp = __gnu_cxx::_S_atomic][m[K’
[2.828s] [01m[K/usr/include/c++/9/bits/shared_ptr.h:359:59:[m[K   required from ‘[01m[Kstd::shared_ptr<_Tp>::shared_ptr(std::_Sp_alloc_shared_tag<_Tp>, _Args&& ...) [with _Alloc = std::allocator<std::allocator<const geometry_msgs::msg::Twist_<std::allocator<void> >&> >; _Args = {std::allocator<void>&}; _Tp = std::allocator<const geometry_msgs::msg::Twist_<std::allocator<void> >&>][m[K’
[2.828s] [01m[K/usr/include/c++/9/bits/shared_ptr.h:701:14:[m[K   [ skipping 7 instantiation contexts, use -ftemplate-backtrace-limit=0 to disable ]
[2.829s] [01m[K/usr/include/c++/9/bits/shared_ptr_base.h:1344:71:[m[K   required from ‘[01m[Kstd::__shared_ptr<_Tp, _Lp>::__shared_ptr(std::_Sp_alloc_shared_tag<_Tp>, _Args&& ...) [with _Alloc = std::allocator<rclcpp::message_memory_strategy::MessageMemoryStrategy<const geometry_msgs::msg::Twist_<std::allocator<void> >&, std::allocator<void> > >; _Args = {std::shared_ptr<std::allocator<void> >}; _Tp = rclcpp::message_memory_strategy::MessageMemoryStrategy<const geometry_msgs::msg::Twist_<std::allocator<void> >&, std::allocator<void> >; __gnu_cxx::_Lock_policy _Lp = __gnu_cxx::_S_atomic][m[K’
[2.829s] [01m[K/usr/include/c++/9/bits/shared_ptr.h:359:59:[m[K   required from ‘[01m[Kstd::shared_ptr<_Tp>::shared_ptr(std::_Sp_alloc_shared_tag<_Tp>, _Args&& ...) [with _Alloc = std::allocator<rclcpp::message_memory_strategy::MessageMemoryStrategy<const geometry_msgs::msg::Twist_<std::allocator<void> >&, std::allocator<void> > >; _Args = {std::shared_ptr<std::allocator<void> >}; _Tp = rclcpp::message_memory_strategy::MessageMemoryStrategy<const geometry_msgs::msg::Twist_<std::allocator<void> >&, std::allocator<void> >][m[K’
[2.829s] [01m[K/usr/include/c++/9/bits/shared_ptr.h:701:14:[m[K   required from ‘[01m[Kstd::shared_ptr<_Tp> std::allocate_shared(const _Alloc&, _Args&& ...) [with _Tp = rclcpp::message_memory_strategy::MessageMemoryStrategy<const geometry_msgs::msg::Twist_<std::allocator<void> >&, std::allocator<void> >; _Alloc = std::allocator<rclcpp::message_memory_strategy::MessageMemoryStrategy<const geometry_msgs::msg::Twist_<std::allocator<void> >&, std::allocator<void> > >; _Args = {std::shared_ptr<std::allocator<void> >}][m[K’
[2.829s] [01m[K/usr/include/c++/9/bits/shared_ptr.h:717:39:[m[K   required from ‘[01m[Kstd::shared_ptr<_Tp> std::make_shared(_Args&& ...) [with _Tp = rclcpp::message_memory_strategy::MessageMemoryStrategy<const geometry_msgs::msg::Twist_<std::allocator<void> >&, std::allocator<void> >; _Args = {std::shared_ptr<std::allocator<void> >}][m[K’
[2.829s] [01m[K/opt/ros/foxy/include/rclcpp/message_memory_strategy.hpp:80:68:[m[K   required from ‘[01m[Kstatic rclcpp::message_memory_strategy::MessageMemoryStrategy<MessageT, Alloc>::SharedPtr rclcpp::message_memory_strategy::MessageMemoryStrategy<MessageT, Alloc>::create_default() [with MessageT = const geometry_msgs::msg::Twist_<std::allocator<void> >&; Alloc = std::allocator<void>; rclcpp::message_memory_strategy::MessageMemoryStrategy<MessageT, Alloc>::SharedPtr = std::shared_ptr<rclcpp::message_memory_strategy::MessageMemoryStrategy<const geometry_msgs::msg::Twist_<std::allocator<void> >&, std::allocator<void> > >][m[K’
[2.829s] [01m[K/opt/ros/foxy/include/rclcpp/node.hpp:220:45:[m[K   required from here
[2.829s] [01m[K/usr/include/c++/9/ext/new_allocator.h:63:26:[m[K [01;31m[Kerror: [m[Kforming pointer to reference type ‘[01m[Kconst geometry_msgs::msg::Twist_<std::allocator<void> >&[m[K’
[2.829s]    63 |       typedef _Tp*       [01;31m[Kpointer[m[K;
[2.830s]       |                          [01;31m[K^~~~~~~[m[K
[2.830s] [01m[K/usr/include/c++/9/ext/new_allocator.h:64:26:[m[K [01;31m[Kerror: [m[Kforming pointer to reference type ‘[01m[Kconst geometry_msgs::msg::Twist_<std::allocator<void> >&[m[K’
[2.830s]    64 |       typedef const _Tp* [01;31m[Kconst_pointer[m[K;
[2.830s]       |                          [01;31m[K^~~~~~~~~~~~~[m[K
[2.830s] In file included from [01m[K/usr/include/c++/9/memory:63[m[K,
[2.830s]                  from [01m[K/opt/ros/foxy/include/rosidl_runtime_cpp/bounded_vector.hpp:19[m[K,
[2.831s]                  from [01m[K/opt/ros/foxy/include/std_msgs/msg/detail/string__struct.hpp:8[m[K,
[2.831s]                  from [01m[K/opt/ros/foxy/include/std_msgs/msg/string.hpp:7[m[K,
[2.831s]                  from [01m[K/root/sam_bot_description/src/joint_control/src/joint_controller.cpp:3[m[K:
[2.831s] /usr/include/c++/9/bits/allocator.h: In instantiation of ‘[01m[Kclass std::allocator<const geometry_msgs::msg::Twist_<std::allocator<void> >&>[m[K’:
[2.831s] [01m[K/usr/include/c++/9/bits/shared_ptr_base.h:1365:63:[m[K   required by substitution of ‘[01m[Ktemplate<class _Yp> struct std::__shared_ptr<std::allocator<const geometry_msgs::msg::Twist_<std::allocator<void> >&>, __gnu_cxx::_S_atomic>::__has_esft_base<_Yp, std::__void_t<decltype (__enable_shared_from_this_base(declval<const std::__shared_count<__gnu_cxx::_S_atomic>&>(), declval<_Yp*>()))> > [with _Yp = std::allocator<const geometry_msgs::msg::Twist_<std::allocator<void> >&>][m[K’
[2.831s] [01m[K/usr/include/c++/9/bits/shared_ptr_base.h:1387:21:[m[K   required by substitution of ‘[01m[Ktemplate<class _Yp, class _Yp2> typename std::enable_if<(! std::__shared_ptr<std::allocator<const geometry_msgs::msg::Twist_<std::allocator<void> >&>, __gnu_cxx::_S_atomic>::__has_esft_base<_Yp2, void>::value), void>::type std::__shared_ptr<std::allocator<const geometry_msgs::msg::Twist_<std::allocator<void> >&>, __gnu_cxx::_S_atomic>::_M_enable_shared_from_this_with<_Yp, _Yp2>(_Yp*) [with _Yp = std::allocator<const geometry_msgs::msg::Twist_<std::allocator<void> >&>; _Yp2 = std::allocator<const geometry_msgs::msg::Twist_<std::allocator<void> >&>][m[K’
[2.831s] [01m[K/usr/include/c++/9/bits/shared_ptr_base.h:1345:4:[m[K   required from ‘[01m[Kstd::__shared_ptr<_Tp, _Lp>::__shared_ptr(std::_Sp_alloc_shared_tag<_Tp>, _Args&& ...) [with _Alloc = std::allocator<std::allocator<const geometry_msgs::msg::Twist_<std::allocator<void> >&> >; _Args = {std::allocator<void>&}; _Tp = std::allocator<const geometry_msgs::msg::Twist_<std::allocator<void> >&>; __gnu_cxx::_Lock_policy _Lp = __gnu_cxx::_S_atomic][m[K’
[2.832s] [01m[K/usr/include/c++/9/bits/shared_ptr.h:359:59:[m[K   required from ‘[01m[Kstd::shared_ptr<_Tp>::shared_ptr(std::_Sp_alloc_shared_tag<_Tp>, _Args&& ...) [with _Alloc = std::allocator<std::allocator<const geometry_msgs::msg::Twist_<std::allocator<void> >&> >; _Args = {std::allocator<void>&}; _Tp = std::allocator<const geometry_msgs::msg::Twist_<std::allocator<void> >&>][m[K’
[2.832s] [01m[K/usr/include/c++/9/bits/shared_ptr.h:701:14:[m[K   required from ‘[01m[Kstd::shared_ptr<_Tp> std::allocate_shared(const _Alloc&, _Args&& ...) [with _Tp = std::allocator<const geometry_msgs::msg::Twist_<std::allocator<void> >&>; _Alloc = std::allocator<std::allocator<const geometry_msgs::msg::Twist_<std::allocator<void> >&> >; _Args = {std::allocator<void>&}][m[K’
[2.832s] [01m[K/usr/include/c++/9/bits/shared_ptr.h:717:39:[m[K   [ skipping 6 instantiation contexts, use -ftemplate-backtrace-limit=0 to disable ]
[2.832s] [01m[K/usr/include/c++/9/bits/shared_ptr_base.h:1344:71:[m[K   required from ‘[01m[Kstd::__shared_ptr<_Tp, _Lp>::__shared_ptr(std::_Sp_alloc_shared_tag<_Tp>, _Args&& ...) [with _Alloc = std::allocator<rclcpp::message_memory_strategy::MessageMemoryStrategy<const geometry_msgs::msg::Twist_<std::allocator<void> >&, std::allocator<void> > >; _Args = {std::shared_ptr<std::allocator<void> >}; _Tp = rclcpp::message_memory_strategy::MessageMemoryStrategy<const geometry_msgs::msg::Twist_<std::allocator<void> >&, std::allocator<void> >; __gnu_cxx::_Lock_policy _Lp = __gnu_cxx::_S_atomic][m[K’
[2.832s] [01m[K/usr/include/c++/9/bits/shared_ptr.h:359:59:[m[K   required from ‘[01m[Kstd::shared_ptr<_Tp>::shared_ptr(std::_Sp_alloc_shared_tag<_Tp>, _Args&& ...) [with _Alloc = std::allocator<rclcpp::message_memory_strategy::MessageMemoryStrategy<const geometry_msgs::msg::Twist_<std::allocator<void> >&, std::allocator<void> > >; _Args = {std::shared_ptr<std::allocator<void> >}; _Tp = rclcpp::message_memory_strategy::MessageMemoryStrategy<const geometry_msgs::msg::Twist_<std::allocator<void> >&, std::allocator<void> >][m[K’
[2.832s] [01m[K/usr/include/c++/9/bits/shared_ptr.h:701:14:[m[K   required from ‘[01m[Kstd::shared_ptr<_Tp> std::allocate_shared(const _Alloc&, _Args&& ...) [with _Tp = rclcpp::message_memory_strategy::MessageMemoryStrategy<const geometry_msgs::msg::Twist_<std::allocator<void> >&, std::allocator<void> >; _Alloc = std::allocator<rclcpp::message_memory_strategy::MessageMemoryStrategy<const geometry_msgs::msg::Twist_<std::allocator<void> >&, std::allocator<void> > >; _Args = {std::shared_ptr<std::allocator<void> >}][m[K’
[2.832s] [01m[K/usr/include/c++/9/bits/shared_ptr.h:717:39:[m[K   required from ‘[01m[Kstd::shared_ptr<_Tp> std::make_shared(_Args&& ...) [with _Tp = rclcpp::message_memory_strategy::MessageMemoryStrategy<const geometry_msgs::msg::Twist_<std::allocator<void> >&, std::allocator<void> >; _Args = {std::shared_ptr<std::allocator<void> >}][m[K’
[2.833s] [01m[K/opt/ros/foxy/include/rclcpp/message_memory_strategy.hpp:80:68:[m[K   required from ‘[01m[Kstatic rclcpp::message_memory_strategy::MessageMemoryStrategy<MessageT, Alloc>::SharedPtr rclcpp::message_memory_strategy::MessageMemoryStrategy<MessageT, Alloc>::create_default() [with MessageT = const geometry_msgs::msg::Twist_<std::allocator<void> >&; Alloc = std::allocator<void>; rclcpp::message_memory_strategy::MessageMemoryStrategy<MessageT, Alloc>::SharedPtr = std::shared_ptr<rclcpp::message_memory_strategy::MessageMemoryStrategy<const geometry_msgs::msg::Twist_<std::allocator<void> >&, std::allocator<void> > >][m[K’
[2.833s] [01m[K/opt/ros/foxy/include/rclcpp/node.hpp:220:45:[m[K   required from here
[2.833s] [01m[K/usr/include/c++/9/bits/allocator.h:117:26:[m[K [01;31m[Kerror: [m[Kforming pointer to reference type ‘[01m[Kconst geometry_msgs::msg::Twist_<std::allocator<void> >&[m[K’
[2.833s]   117 |       typedef _Tp*       [01;31m[Kpointer[m[K;
[2.833s]       |                          [01;31m[K^~~~~~~[m[K
[2.833s] [01m[K/usr/include/c++/9/bits/allocator.h:118:26:[m[K [01;31m[Kerror: [m[Kforming pointer to reference type ‘[01m[Kconst geometry_msgs::msg::Twist_<std::allocator<void> >&[m[K’
[2.834s]   118 |       typedef const _Tp* [01;31m[Kconst_pointer[m[K;
[2.834s]       |                          [01;31m[K^~~~~~~~~~~~~[m[K
[2.955s] In file included from [01m[K/usr/include/c++/9/bits/shared_ptr.h:52[m[K,
[2.956s]                  from [01m[K/usr/include/c++/9/memory:81[m[K,
[2.956s]                  from [01m[K/opt/ros/foxy/include/rosidl_runtime_cpp/bounded_vector.hpp:19[m[K,
[2.956s]                  from [01m[K/opt/ros/foxy/include/std_msgs/msg/detail/string__struct.hpp:8[m[K,
[2.956s]                  from [01m[K/opt/ros/foxy/include/std_msgs/msg/string.hpp:7[m[K,
[2.957s]                  from [01m[K/root/sam_bot_description/src/joint_control/src/joint_controller.cpp:3[m[K:
[2.957s] /usr/include/c++/9/bits/shared_ptr_base.h: In instantiation of ‘[01m[Kclass std::__shared_ptr_access<const geometry_msgs::msg::Twist_<std::allocator<void> >&, __gnu_cxx::_S_atomic, false, false>[m[K’:
[2.957s] [01m[K/usr/include/c++/9/bits/shared_ptr_base.h:1080:11:[m[K   required from ‘[01m[Kclass std::__shared_ptr<const geometry_msgs::msg::Twist_<std::allocator<void> >&, __gnu_cxx::_S_atomic>[m[K’
[2.957s] [01m[K/opt/ros/foxy/include/rclcpp/message_memory_strategy.hpp:85:37:[m[K   recursively required from ‘[01m[Kstd::shared_ptr<_Tp> rclcpp::message_memory_strategy::MessageMemoryStrategy<MessageT, Alloc>::borrow_message() [with MessageT = const geometry_msgs::msg::Twist_<std::allocator<void> >&; Alloc = std::allocator<void>][m[K’
[2.957s] [01m[K/opt/ros/foxy/include/rclcpp/message_memory_strategy.hpp:85:37:[m[K   required from here
[2.957s] [01m[K/usr/include/c++/9/bits/shared_ptr_base.h:1012:7:[m[K [01;31m[Kerror: [m[Kforming pointer to reference type ‘[01m[Kstd::__shared_ptr_access<const geometry_msgs::msg::Twist_<std::allocator<void> >&, __gnu_cxx::_S_atomic, false, false>::element_type[m[K’ {aka ‘[01m[Kconst geometry_msgs::msg::Twist_<std::allocator<void> >&[m[K’}
[2.957s]  1012 |       [01;31m[Koperator[m[K->() const noexcept
[2.958s]       |       [01;31m[K^~~~~~~~[m[K
[2.958s] [01m[K/usr/include/c++/9/bits/shared_ptr_base.h:1020:7:[m[K [01;31m[Kerror: [m[Kforming pointer to reference type ‘[01m[Kstd::__shared_ptr_access<const geometry_msgs::msg::Twist_<std::allocator<void> >&, __gnu_cxx::_S_atomic, false, false>::element_type[m[K’ {aka ‘[01m[Kconst geometry_msgs::msg::Twist_<std::allocator<void> >&[m[K’}
[2.958s]  1020 |       [01;31m[K_M_get[m[K() const noexcept
[2.958s]       |       [01;31m[K^~~~~~[m[K
[2.958s] /usr/include/c++/9/bits/shared_ptr_base.h: In instantiation of ‘[01m[Kclass std::__shared_ptr<const geometry_msgs::msg::Twist_<std::allocator<void> >&, __gnu_cxx::_S_atomic>[m[K’:
[2.958s] [01m[K/opt/ros/foxy/include/rclcpp/message_memory_strategy.hpp:85:37:[m[K   recursively required from ‘[01m[Kstd::shared_ptr<_Tp> rclcpp::message_memory_strategy::MessageMemoryStrategy<MessageT, Alloc>::borrow_message() [with MessageT = const geometry_msgs::msg::Twist_<std::allocator<void> >&; Alloc = std::allocator<void>][m[K’
[2.958s] [01m[K/opt/ros/foxy/include/rclcpp/message_memory_strategy.hpp:85:37:[m[K   required from here
[2.959s] [01m[K/usr/include/c++/9/bits/shared_ptr_base.h:1094:8:[m[K [01;31m[Kerror: [m[Kforming pointer to reference type ‘[01m[Kconst geometry_msgs::msg::Twist_<std::allocator<void> >&[m[K’
[2.959s]  1094 |  using [01;31m[K_Compatible[m[K = typename
[2.959s]       |        [01;31m[K^~~~~~~~~~~[m[K
[2.959s] [01m[K/usr/include/c++/9/bits/shared_ptr_base.h:1104:8:[m[K [01;31m[Kerror: [m[Kforming pointer to reference type ‘[01m[Kconst geometry_msgs::msg::Twist_<std::allocator<void> >&[m[K’
[2.959s]  1104 |  using [01;31m[K_UniqCompatible[m[K = typename enable_if<__and_<
[2.959s]       |        [01;31m[K^~~~~~~~~~~~~~~[m[K
[2.959s] [01m[K/usr/include/c++/9/bits/shared_ptr_base.h:1162:2:[m[K [01;31m[Kerror: [m[Kforming pointer to reference type ‘[01m[Kstd::__shared_ptr<const geometry_msgs::msg::Twist_<std::allocator<void> >&, __gnu_cxx::_S_atomic>::element_type[m[K’ {aka ‘[01m[Kconst geometry_msgs::msg::Twist_<std::allocator<void> >&[m[K’}
[2.959s]  1162 |  [01;31m[K__shared_ptr[m[K(const __shared_ptr<_Yp, _Lp>& __r,
[2.960s]       |  [01;31m[K^~~~~~~~~~~~[m[K
[2.960s] /usr/include/c++/9/bits/shared_ptr_base.h: In substitution of ‘[01m[Ktemplate<class _Tp, __gnu_cxx::_Lock_policy _Lp> template<class _Yp, class _Res> using _Compatible = typename std::enable_if<std::__sp_compatible_with<_Yp*, _Tp*>::value, _Res>::type [with _Yp = _Yp; _Res = void; _Tp = const geometry_msgs::msg::Twist_<std::allocator<void> >&; __gnu_cxx::_Lock_policy _Lp = __gnu_cxx::_S_atomic][m[K’:
[2.960s] [01m[K/usr/include/c++/9/bits/shared_ptr_base.h:1172:2:[m[K   required from ‘[01m[Kclass std::__shared_ptr<const geometry_msgs::msg::Twist_<std::allocator<void> >&, __gnu_cxx::_S_atomic>[m[K’
[2.960s] [01m[K/opt/ros/foxy/include/rclcpp/message_memory_strategy.hpp:85:37:[m[K   recursively required from ‘[01m[Kstd::shared_ptr<_Tp> rclcpp::message_memory_strategy::MessageMemoryStrategy<MessageT, Alloc>::borrow_message() [with MessageT = const geometry_msgs::msg::Twist_<std::allocator<void> >&; Alloc = std::allocator<void>][m[K’
[2.960s] [01m[K/opt/ros/foxy/include/rclcpp/message_memory_strategy.hpp:85:37:[m[K   required from here
[2.960s] [01m[K/usr/include/c++/9/bits/shared_ptr_base.h:1094:8:[m[K [01;31m[Kerror: [m[Kforming pointer to reference type ‘[01m[Kconst geometry_msgs::msg::Twist_<std::allocator<void> >&[m[K’
[2.960s]  1094 |  using [01;31m[K_Compatible[m[K = typename
[2.961s]       |        [01;31m[K^~~~~~~~~~~[m[K
[2.961s] /usr/include/c++/9/bits/shared_ptr_base.h: In substitution of ‘[01m[Ktemplate<class _Tp, __gnu_cxx::_Lock_policy _Lp> template<class _Yp, class _Del, class _Res, class _Ptr> using _UniqCompatible = typename std::enable_if<std::__and_<std::__sp_compatible_with<_Yp*, _Tp*>, std::is_convertible<_Ptr, typename std::remove_extent<_Up>::type*> >::value, _Res>::type [with _Yp = _Yp; _Del = _Del; _Res = void; _Ptr = typename std::unique_ptr<_Tp, _Dp>::pointer; _Tp = const geometry_msgs::msg::Twist_<std::allocator<void> >&; __gnu_cxx::_Lock_policy _Lp = __gnu_cxx::_S_atomic][m[K’:
[2.961s] [01m[K/usr/include/c++/9/bits/shared_ptr_base.h:1203:2:[m[K   required from ‘[01m[Kclass std::__shared_ptr<const geometry_msgs::msg::Twist_<std::allocator<void> >&, __gnu_cxx::_S_atomic>[m[K’
[2.961s] [01m[K/opt/ros/foxy/include/rclcpp/message_memory_strategy.hpp:85:37:[m[K   recursively required from ‘[01m[Kstd::shared_ptr<_Tp> rclcpp::message_memory_strategy::MessageMemoryStrategy<MessageT, Alloc>::borrow_message() [with MessageT = const geometry_msgs::msg::Twist_<std::allocator<void> >&; Alloc = std::allocator<void>][m[K’
[2.961s] [01m[K/opt/ros/foxy/include/rclcpp/message_memory_strategy.hpp:85:37:[m[K   required from here
[2.961s] [01m[K/usr/include/c++/9/bits/shared_ptr_base.h:1104:8:[m[K [01;31m[Kerror: [m[Kforming pointer to reference type ‘[01m[Kconst geometry_msgs::msg::Twist_<std::allocator<void> >&[m[K’
[2.961s]  1104 |  using [01;31m[K_UniqCompatible[m[K = typename enable_if<__and_<
[2.962s]       |        [01;31m[K^~~~~~~~~~~~~~~[m[K
[2.962s] /usr/include/c++/9/bits/shared_ptr_base.h: In instantiation of ‘[01m[Kclass std::__shared_ptr<const geometry_msgs::msg::Twist_<std::allocator<void> >&, __gnu_cxx::_S_atomic>[m[K’:
[2.962s] [01m[K/opt/ros/foxy/include/rclcpp/message_memory_strategy.hpp:85:37:[m[K   recursively required from ‘[01m[Kstd::shared_ptr<_Tp> rclcpp::message_memory_strategy::MessageMemoryStrategy<MessageT, Alloc>::borrow_message() [with MessageT = const geometry_msgs::msg::Twist_<std::allocator<void> >&; Alloc = std::allocator<void>][m[K’
[2.962s] [01m[K/opt/ros/foxy/include/rclcpp/message_memory_strategy.hpp:85:37:[m[K   required from here
[2.962s] [01m[K/usr/include/c++/9/bits/shared_ptr_base.h:1219:2:[m[K [01;31m[Kerror: [m[Kforming pointer to reference type ‘[01m[Kconst geometry_msgs::msg::Twist_<std::allocator<void> >&[m[K’
[2.962s]  1219 |  [01;31m[K__shared_ptr[m[K(unique_ptr<_Tp1, _Del>&& __r, __sp_array_delete)
[2.962s]       |  [01;31m[K^~~~~~~~~~~~[m[K
[2.963s] [01m[K/usr/include/c++/9/bits/shared_ptr_base.h:1309:7:[m[K [01;31m[Kerror: [m[Kforming pointer to reference type ‘[01m[Kstd::__shared_ptr<const geometry_msgs::msg::Twist_<std::allocator<void> >&, __gnu_cxx::_S_atomic>::element_type[m[K’ {aka ‘[01m[Kconst geometry_msgs::msg::Twist_<std::allocator<void> >&[m[K’}
[2.963s]  1309 |       [01;31m[Kget[m[K() const noexcept
[2.963s]       |       [01;31m[K^~~[m[K
[2.963s] [01m[K/usr/include/c++/9/bits/shared_ptr_base.h:1404:24:[m[K [01;31m[Kerror: [m[Kforming pointer to reference type ‘[01m[Kstd::__shared_ptr<const geometry_msgs::msg::Twist_<std::allocator<void> >&, __gnu_cxx::_S_atomic>::element_type[m[K’ {aka ‘[01m[Kconst geometry_msgs::msg::Twist_<std::allocator<void> >&[m[K’}
[2.963s]  1404 |       element_type*    [01;31m[K_M_ptr[m[K;         // Contained pointer.
[2.963s]       |                        [01;31m[K^~~~~~[m[K
[2.963s] In file included from [01m[K/usr/include/c++/9/memory:81[m[K,
[2.964s]                  from [01m[K/opt/ros/foxy/include/rosidl_runtime_cpp/bounded_vector.hpp:19[m[K,
[2.964s]                  from [01m[K/opt/ros/foxy/include/std_msgs/msg/detail/string__struct.hpp:8[m[K,
[2.964s]                  from [01m[K/opt/ros/foxy/include/std_msgs/msg/string.hpp:7[m[K,
[2.964s]                  from [01m[K/root/sam_bot_description/src/joint_control/src/joint_controller.cpp:3[m[K:
[2.964s] /usr/include/c++/9/bits/shared_ptr.h: In instantiation of ‘[01m[Kclass std::shared_ptr<const geometry_msgs::msg::Twist_<std::allocator<void> >&>[m[K’:
[2.964s] [01m[K/opt/ros/foxy/include/rclcpp/message_memory_strategy.hpp:85:37:[m[K   recursively required from ‘[01m[Kstd::shared_ptr<_Tp> rclcpp::message_memory_strategy::MessageMemoryStrategy<MessageT, Alloc>::borrow_message() [with MessageT = const geometry_msgs::msg::Twist_<std::allocator<void> >&; Alloc = std::allocator<void>][m[K’
[2.964s] [01m[K/opt/ros/foxy/include/rclcpp/message_memory_strategy.hpp:85:37:[m[K   required from here
[2.964s] [01m[K/usr/include/c++/9/bits/shared_ptr.h:234:2:[m[K [01;31m[Kerror: [m[Kforming pointer to reference type ‘[01m[Kstd::shared_ptr<const geometry_msgs::msg::Twist_<std::allocator<void> >&>::element_type[m[K’ {aka ‘[01m[Kconst geometry_msgs::msg::Twist_<std::allocator<void> >&[m[K’}
[2.965s]   234 |  [01;31m[Kshared_ptr[m[K(const shared_ptr<_Yp>& __r, element_type* __p) noexcept
[2.965s]       |  [01;31m[K^~~~~~~~~~[m[K
[2.976s] In file included from [01m[K/usr/include/c++/9/bits/shared_ptr.h:52[m[K,
[2.976s]                  from [01m[K/usr/include/c++/9/memory:81[m[K,
[2.977s]                  from [01m[K/opt/ros/foxy/include/rosidl_runtime_cpp/bounded_vector.hpp:19[m[K,
[2.977s]                  from [01m[K/opt/ros/foxy/include/std_msgs/msg/detail/string__struct.hpp:8[m[K,
[2.977s]                  from [01m[K/opt/ros/foxy/include/std_msgs/msg/string.hpp:7[m[K,
[2.977s]                  from [01m[K/root/sam_bot_description/src/joint_control/src/joint_controller.cpp:3[m[K:
[2.977s] /usr/include/c++/9/bits/shared_ptr_base.h: In instantiation of ‘[01m[Kconstexpr std::__shared_ptr<_Tp, _Lp>::__shared_ptr() [with _Tp = const geometry_msgs::msg::Twist_<std::allocator<void> >&; __gnu_cxx::_Lock_policy _Lp = __gnu_cxx::_S_atomic][m[K’:
[2.977s] [01m[K/usr/include/c++/9/bits/shared_ptr_base.h:1287:9:[m[K   required from ‘[01m[Kvoid std::__shared_ptr<_Tp, _Lp>::reset() [with _Tp = const geometry_msgs::msg::Twist_<std::allocator<void> >&; __gnu_cxx::_Lock_policy _Lp = __gnu_cxx::_S_atomic][m[K’
[2.977s] [01m[K/opt/ros/foxy/include/rclcpp/message_memory_strategy.hpp:109:5:[m[K   required from ‘[01m[Kvoid rclcpp::message_memory_strategy::MessageMemoryStrategy<MessageT, Alloc>::return_message(std::shared_ptr<_Tp>&) [with MessageT = const geometry_msgs::msg::Twist_<std::allocator<void> >&; Alloc = std::allocator<void>][m[K’
[2.977s] [01m[K/opt/ros/foxy/include/rclcpp/message_memory_strategy.hpp:107:16:[m[K   required from here
[2.978s] [01m[K/usr/include/c++/9/bits/shared_ptr_base.h:1119:32:[m[K [01;31m[Kerror: [m[Kusing invalid field ‘[01m[Kstd::__shared_ptr<_Tp, _Lp>::_M_ptr[m[K’
[2.978s]  1119 |       : _M_ptr(0), _M_refcount([01;31m[K)[m[K
[2.978s]       |                                [01;31m[K^[m[K
[2.978s] /usr/include/c++/9/bits/shared_ptr_base.h: In instantiation of ‘[01m[Kvoid std::__shared_ptr<_Tp, _Lp>::swap(std::__shared_ptr<_Tp, _Lp>&) [with _Tp = const geometry_msgs::msg::Twist_<std::allocator<void> >&; __gnu_cxx::_Lock_policy _Lp = __gnu_cxx::_S_atomic][m[K’:
[2.978s] [01m[K/usr/include/c++/9/bits/shared_ptr_base.h:1287:24:[m[K   required from ‘[01m[Kvoid std::__shared_ptr<_Tp, _Lp>::reset() [with _Tp = const geometry_msgs::msg::Twist_<std::allocator<void> >&; __gnu_cxx::_Lock_policy _Lp = __gnu_cxx::_S_atomic][m[K’
[2.978s] [01m[K/opt/ros/foxy/include/rclcpp/message_memory_strategy.hpp:109:5:[m[K   required from ‘[01m[Kvoid rclcpp::message_memory_strategy::MessageMemoryStrategy<MessageT, Alloc>::return_message(std::shared_ptr<_Tp>&) [with MessageT = const geometry_msgs::msg::Twist_<std::allocator<void> >&; Alloc = std::allocator<void>][m[K’
[2.979s] [01m[K/opt/ros/foxy/include/rclcpp/message_memory_strategy.hpp:107:16:[m[K   required from here
[2.979s] [01m[K/usr/include/c++/9/bits/shared_ptr_base.h:1326:12:[m[K [01;31m[Kerror: [m[Kusing invalid field ‘[01m[Kstd::__shared_ptr<_Tp, _Lp>::_M_ptr[m[K’
[2.979s]  1326 |  std::swap([01;31m[K_M_ptr[m[K, __other._M_ptr);
[2.979s]       |            [01;31m[K^~~~~~[m[K
[2.979s] [01m[K/usr/include/c++/9/bits/shared_ptr_base.h:1326:28:[m[K [01;31m[Kerror: [m[K‘[01m[Kclass std::__shared_ptr<const geometry_msgs::msg::Twist_<std::allocator<void> >&, __gnu_cxx::_S_atomic>[m[K’ has no member named ‘[01m[K_M_ptr[m[K’
[2.979s]  1326 |  std::swap(_M_ptr, [01;31m[K__other._M_ptr[m[K);
[2.979s]       |                    [01;31m[K~~~~~~~~^~~~~~[m[K
[3.326s] In file included from [01m[K/usr/include/c++/9/functional:59[m[K,
[3.326s]                  from [01m[K/usr/include/boost/parameter/aux_/unwrap_cv_reference.hpp:38[m[K,
[3.326s]                  from [01m[K/usr/include/boost/parameter/aux_/tag.hpp:10[m[K,
[3.327s]                  from [01m[K/usr/include/boost/parameter/keyword.hpp:10[m[K,
[3.327s]                  from [01m[K/usr/include/boost/parameter/nested_keyword.hpp:10[m[K,
[3.327s]                  from [01m[K/usr/include/boost/accumulators/accumulators_fwd.hpp:229[m[K,
[3.327s]                  from [01m[K/usr/include/boost/accumulators/framework/accumulator_set.hpp:29[m[K,
[3.327s]                  from [01m[K/usr/include/boost/accumulators/accumulators.hpp:12[m[K,
[3.327s]                  from [01m[K/root/sam_bot_description/src/joint_control/src/odometry.h:47[m[K,
[3.328s]                  from [01m[K/root/sam_bot_description/src/joint_control/src/joint_controller.cpp:9[m[K:
[3.328s] [01m[K/usr/include/c++/9/bits/std_function.h:[m[K At global scope:
[3.328s] [01m[K/usr/include/c++/9/bits/std_function.h:667:7:[m[K [01;31m[Kerror: [m[K‘[01m[Kstd::function<_Res(_ArgTypes ...)>::function(_Functor) [with _Functor = rclcpp::create_subscription_factory(CallbackT&&, const rclcpp::SubscriptionOptionsWithAllocator<AllocatorT>&, typename MessageMemoryStrategyT::SharedPtr, std::shared_ptr<rclcpp::topic_statistics::SubscriptionTopicStatistics<CallbackMessageT> >) [with MessageT = geometry_msgs::msg::Twist_<std::allocator<void> >; CallbackT = std::_Bind<void (TwistToAackermann::*(TwistToAackermann*, std::_Placeholder<1>))(const geometry_msgs::msg::Twist_<std::allocator<void> >&)>; AllocatorT = std::allocator<void>; CallbackMessageT = const geometry_msgs::msg::Twist_<std::allocator<void> >&; SubscriptionT = rclcpp::Subscription<const geometry_msgs::msg::Twist_<std::allocator<void> >&, std::allocator<void>, rclcpp::message_memory_strategy::MessageMemoryStrategy<const geometry_msgs::msg::Twist_<std::allocator<void> >&, std::allocator<void> > >; MessageMemoryStrategyT = rclcpp::message_memory_strategy::MessageMemoryStrategy<const geometry_msgs::msg::Twist_<std::allocator<void> >&, std::allocator<void> >; typename MessageMemoryStrategyT::SharedPtr = std::shared_ptr<rclcpp::message_memory_strategy::MessageMemoryStrategy<const geometry_msgs::msg::Twist_<std::allocator<void> >&, std::allocator<void> > >]::<lambda(rclcpp::node_interfaces::NodeBaseInterface*, const string&, const rclcpp::QoS&)>; <template-parameter-2-2> = void; <template-parameter-2-3> = void; _Res = std::shared_ptr<rclcpp::SubscriptionBase>; _ArgTypes = {rclcpp::node_interfaces::NodeBaseInterface*, const std::__cxx11::basic_string<char, std::char_traits<char>, std::allocator<char> >&, const rclcpp::QoS&}][m[K’, declared using local type ‘[01m[Krclcpp::create_subscription_factory(CallbackT&&, const rclcpp::SubscriptionOptionsWithAllocator<AllocatorT>&, typename MessageMemoryStrategyT::SharedPtr, std::shared_ptr<rclcpp::topic_statistics::SubscriptionTopicStatistics<CallbackMessageT> >) [with MessageT = geometry_msgs::msg::Twist_<std::allocator<void> >; CallbackT = std::_Bind<void (TwistToAackermann::*(TwistToAackermann*, std::_Placeholder<1>))(const geometry_msgs::msg::Twist_<std::allocator<void> >&)>; AllocatorT = std::allocator<void>; CallbackMessageT = const geometry_msgs::msg::Twist_<std::allocator<void> >&; SubscriptionT = rclcpp::Subscription<const geometry_msgs::msg::Twist_<std::allocator<void> >&, std::allocator<void>, rclcpp::message_memory_strategy::MessageMemoryStrategy<const geometry_msgs::msg::Twist_<std::allocator<void> >&, std::allocator<void> > >; MessageMemoryStrategyT = rclcpp::message_memory_strategy::MessageMemoryStrategy<const geometry_msgs::msg::Twist_<std::allocator<void> >&, std::allocator<void> >; typename MessageMemoryStrategyT::SharedPtr = std::shared_ptr<rclcpp::message_memory_strategy::MessageMemoryStrategy<const geometry_msgs::msg::Twist_<std::allocator<void> >&, std::allocator<void> > >]::<lambda(rclcpp::node_interfaces::NodeBaseInterface*, const string&, const rclcpp::QoS&)>[m[K’, is used but never defined [[01;31m[K-fpermissive[m[K]
[3.328s]   667 |       [01;31m[Kfunction<_Res(_ArgTypes...)>[m[K::
[3.328s]       |       [01;31m[K^~~~~~~~~~~~~~~~~~~~~~~~~~~~[m[K
[3.440s] make[2]: *** [CMakeFiles/joint.dir/build.make:63: CMakeFiles/joint.dir/src/joint_controller.cpp.o] Error 1
[3.441s] make[1]: *** [CMakeFiles/Makefile2:78: CMakeFiles/joint.dir/all] Error 2
[3.441s] make: *** [Makefile:141: all] Error 2
[3.445s] Invoked command in '/root/sam_bot_description/src/joint_control/build/joint_control' returned '2': CMAKE_PREFIX_PATH=/opt/ros/foxy /usr/bin/cmake --build /root/sam_bot_description/src/joint_control/build/joint_control -- -j16 -l16
