[0.031s] Invoking command in '/home/tan/Desktop/car_d/car_ws/build/tan': CMAKE_PREFIX_PATH=${CMAKE_PREFIX_PATH}:/opt/ros/foxy /usr/bin/cmake --build /home/tan/Desktop/car_d/car_ws/build/tan -- -j16 -l16
[0.090s] [35m[1mScanning dependencies of target test_curve[0m
[0.136s] [ 14%] Built target go_to_pos
[0.148s] [ 28%] Built target vel_commander
[0.149s] [ 42%] Built target test_path
[0.150s] [ 57%] Built target mpc_commander
[0.151s] [ 71%] Built target mpc_commander_opt
[0.155s] [ 78%] [32mBuilding CXX object CMakeFiles/test_curve.dir/src/test_curve.cpp.o[0m
[0.157s] [ 92%] Built target mpc_commander_opt_curve
[6.426s] [100%] [32m[1mLinking CXX executable test_curve[0m
[6.697s] [100%] Built target test_curve
[6.705s] Invoked command in '/home/tan/Desktop/car_d/car_ws/build/tan' returned '0': CMAKE_PREFIX_PATH=${CMAKE_PREFIX_PATH}:/opt/ros/foxy /usr/bin/cmake --build /home/tan/Desktop/car_d/car_ws/build/tan -- -j16 -l16
[6.734s] Invoking command in '/home/tan/Desktop/car_d/car_ws/build/tan': CMAKE_PREFIX_PATH=${CMAKE_PREFIX_PATH}:/opt/ros/foxy /usr/bin/cmake --install /home/tan/Desktop/car_d/car_ws/build/tan
[6.741s] -- Install configuration: ""
[6.741s] -- Up-to-date: /home/tan/Desktop/car_d/car_ws/install/tan/lib/tan/go_to_pos
[6.742s] -- Up-to-date: /home/tan/Desktop/car_d/car_ws/install/tan/lib/tan/vel_commander
[6.742s] -- Up-to-date: /home/tan/Desktop/car_d/car_ws/install/tan/lib/tan/mpc_commander
[6.742s] -- Up-to-date: /home/tan/Desktop/car_d/car_ws/install/tan/lib/tan/mpc_commander_opt
[6.742s] -- Up-to-date: /home/tan/Desktop/car_d/car_ws/install/tan/lib/tan/mpc_commander_opt_curve
[6.743s] -- Up-to-date: /home/tan/Desktop/car_d/car_ws/install/tan/lib/tan/test_path
[6.743s] -- Installing: /home/tan/Desktop/car_d/car_ws/install/tan/lib/tan/test_curve
[6.749s] -- Set runtime path of "/home/tan/Desktop/car_d/car_ws/install/tan/lib/tan/test_curve" to ""
[6.749s] -- Up-to-date: /home/tan/Desktop/car_d/car_ws/install/tan/share/ament_index/resource_index/package_run_dependencies/tan
[6.749s] -- Up-to-date: /home/tan/Desktop/car_d/car_ws/install/tan/share/ament_index/resource_index/parent_prefix_path/tan
[6.749s] -- Up-to-date: /home/tan/Desktop/car_d/car_ws/install/tan/share/tan/environment/ament_prefix_path.sh
[6.749s] -- Up-to-date: /home/tan/Desktop/car_d/car_ws/install/tan/share/tan/environment/ament_prefix_path.dsv
[6.749s] -- Up-to-date: /home/tan/Desktop/car_d/car_ws/install/tan/share/tan/environment/path.sh
[6.749s] -- Up-to-date: /home/tan/Desktop/car_d/car_ws/install/tan/share/tan/environment/path.dsv
[6.749s] -- Up-to-date: /home/tan/Desktop/car_d/car_ws/install/tan/share/tan/local_setup.bash
[6.749s] -- Up-to-date: /home/tan/Desktop/car_d/car_ws/install/tan/share/tan/local_setup.sh
[6.749s] -- Up-to-date: /home/tan/Desktop/car_d/car_ws/install/tan/share/tan/local_setup.zsh
[6.750s] -- Up-to-date: /home/tan/Desktop/car_d/car_ws/install/tan/share/tan/local_setup.dsv
[6.750s] -- Installing: /home/tan/Desktop/car_d/car_ws/install/tan/share/tan/package.dsv
[6.750s] -- Up-to-date: /home/tan/Desktop/car_d/car_ws/install/tan/share/ament_index/resource_index/packages/tan
[6.750s] -- Up-to-date: /home/tan/Desktop/car_d/car_ws/install/tan/share/tan/cmake/tanConfig.cmake
[6.750s] -- Up-to-date: /home/tan/Desktop/car_d/car_ws/install/tan/share/tan/cmake/tanConfig-version.cmake
[6.750s] -- Up-to-date: /home/tan/Desktop/car_d/car_ws/install/tan/share/tan/package.xml
[6.755s] Invoked command in '/home/tan/Desktop/car_d/car_ws/build/tan' returned '0': CMAKE_PREFIX_PATH=${CMAKE_PREFIX_PATH}:/opt/ros/foxy /usr/bin/cmake --install /home/tan/Desktop/car_d/car_ws/build/tan
