[0.044s] Invoking command in '/home/tan/Desktop/car_d/car_ws/build/carrl_interface': CMAKE_PREFIX_PATH=${CMAKE_PREFIX_PATH}:/opt/ros/foxy /usr/bin/cmake --build /home/tan/Desktop/car_d/car_ws/build/carrl_interface -- -j16 -l16
[0.114s] [  9%] Built target carrl_interface__rosidl_generator_c
[0.115s] [ 12%] Built target carrl_interface__cpp
[0.162s] [ 22%] Built target carrl_interface__rosidl_typesupport_introspection_c
[0.166s] [ 32%] Built target carrl_interface__rosidl_typesupport_c
[0.167s] [ 41%] Built target carrl_interface__rosidl_typesupport_introspection_cpp
[0.190s] [ 51%] Built target carrl_interface__rosidl_typesupport_cpp
[0.195s] [ 61%] Built target carrl_interface__rosidl_typesupport_fastrtps_cpp
[0.219s] [ 70%] Built target carrl_interface__rosidl_typesupport_fastrtps_c
[0.238s] [ 70%] Built target carrl_interface
[0.259s] [ 74%] Built target carrl_interface__py
[0.295s] [ 80%] Built target carrl_interface__python
[0.329s] [ 87%] Built target carrl_interface__rosidl_typesupport_c__pyext
[0.330s] [ 93%] Built target carrl_interface__rosidl_typesupport_fastrtps_c__pyext
[0.336s] [100%] Built target carrl_interface__rosidl_typesupport_introspection_c__pyext
[0.347s] Invoked command in '/home/tan/Desktop/car_d/car_ws/build/carrl_interface' returned '0': CMAKE_PREFIX_PATH=${CMAKE_PREFIX_PATH}:/opt/ros/foxy /usr/bin/cmake --build /home/tan/Desktop/car_d/car_ws/build/carrl_interface -- -j16 -l16
[0.409s] Invoking command in '/home/tan/Desktop/car_d/car_ws/build/carrl_interface': CMAKE_PREFIX_PATH=${CMAKE_PREFIX_PATH}:/opt/ros/foxy /usr/bin/cmake --install /home/tan/Desktop/car_d/car_ws/build/carrl_interface
[0.418s] -- Install configuration: ""
[0.418s] -- Up-to-date: /home/tan/Desktop/car_d/car_ws/install/carrl_interface/share/ament_index/resource_index/rosidl_interfaces/carrl_interface
[0.418s] -- Up-to-date: /home/tan/Desktop/car_d/car_ws/install/carrl_interface/include/carrl_interface
[0.418s] -- Up-to-date: /home/tan/Desktop/car_d/car_ws/install/carrl_interface/include/carrl_interface/msg
[0.418s] -- Up-to-date: /home/tan/Desktop/car_d/car_ws/install/carrl_interface/include/carrl_interface/msg/detail
[0.419s] -- Up-to-date: /home/tan/Desktop/car_d/car_ws/install/carrl_interface/include/carrl_interface/msg/detail/curve_coeffs__struct.h
[0.419s] -- Up-to-date: /home/tan/Desktop/car_d/car_ws/install/carrl_interface/include/carrl_interface/msg/detail/curve_coeffs__functions.h
[0.419s] -- Up-to-date: /home/tan/Desktop/car_d/car_ws/install/carrl_interface/include/carrl_interface/msg/detail/curve_coeffs__type_support.h
[0.419s] -- Up-to-date: /home/tan/Desktop/car_d/car_ws/install/carrl_interface/include/carrl_interface/msg/detail/curve_coeffs__functions.c
[0.419s] -- Up-to-date: /home/tan/Desktop/car_d/car_ws/install/carrl_interface/include/carrl_interface/msg/rosidl_generator_c__visibility_control.h
[0.419s] -- Up-to-date: /home/tan/Desktop/car_d/car_ws/install/carrl_interface/include/carrl_interface/msg/curve_coeffs.h
[0.420s] -- Up-to-date: /home/tan/Desktop/car_d/car_ws/install/carrl_interface/share/carrl_interface/environment/library_path.sh
[0.420s] -- Up-to-date: /home/tan/Desktop/car_d/car_ws/install/carrl_interface/share/carrl_interface/environment/library_path.dsv
[0.420s] -- Up-to-date: /home/tan/Desktop/car_d/car_ws/install/carrl_interface/lib/libcarrl_interface__rosidl_generator_c.so
[0.420s] -- Up-to-date: /home/tan/Desktop/car_d/car_ws/install/carrl_interface/include/carrl_interface
[0.420s] -- Up-to-date: /home/tan/Desktop/car_d/car_ws/install/carrl_interface/include/carrl_interface/msg
[0.420s] -- Up-to-date: /home/tan/Desktop/car_d/car_ws/install/carrl_interface/include/carrl_interface/msg/rosidl_typesupport_fastrtps_c__visibility_control.h
[0.420s] -- Up-to-date: /home/tan/Desktop/car_d/car_ws/install/carrl_interface/include/carrl_interface/msg/detail
[0.421s] -- Up-to-date: /home/tan/Desktop/car_d/car_ws/install/carrl_interface/include/carrl_interface/msg/detail/curve_coeffs__rosidl_typesupport_fastrtps_c.h
[0.421s] -- Up-to-date: /home/tan/Desktop/car_d/car_ws/install/carrl_interface/lib/libcarrl_interface__rosidl_typesupport_fastrtps_c.so
[0.421s] -- Up-to-date: /home/tan/Desktop/car_d/car_ws/install/carrl_interface/include/carrl_interface
[0.421s] -- Up-to-date: /home/tan/Desktop/car_d/car_ws/install/carrl_interface/include/carrl_interface/msg
[0.421s] -- Up-to-date: /home/tan/Desktop/car_d/car_ws/install/carrl_interface/include/carrl_interface/msg/rosidl_typesupport_fastrtps_cpp__visibility_control.h
[0.422s] -- Up-to-date: /home/tan/Desktop/car_d/car_ws/install/carrl_interface/include/carrl_interface/msg/detail
[0.422s] -- Up-to-date: /home/tan/Desktop/car_d/car_ws/install/carrl_interface/include/carrl_interface/msg/detail/curve_coeffs__rosidl_typesupport_fastrtps_cpp.hpp
[0.422s] -- Up-to-date: /home/tan/Desktop/car_d/car_ws/install/carrl_interface/include/carrl_interface/msg/detail/dds_fastrtps
[0.422s] -- Up-to-date: /home/tan/Desktop/car_d/car_ws/install/carrl_interface/lib/libcarrl_interface__rosidl_typesupport_fastrtps_cpp.so
[0.422s] -- Up-to-date: /home/tan/Desktop/car_d/car_ws/install/carrl_interface/include/carrl_interface
[0.422s] -- Up-to-date: /home/tan/Desktop/car_d/car_ws/install/carrl_interface/include/carrl_interface/msg
[0.423s] -- Up-to-date: /home/tan/Desktop/car_d/car_ws/install/carrl_interface/include/carrl_interface/msg/rosidl_typesupport_introspection_c__visibility_control.h
[0.423s] -- Up-to-date: /home/tan/Desktop/car_d/car_ws/install/carrl_interface/include/carrl_interface/msg/detail
[0.423s] -- Up-to-date: /home/tan/Desktop/car_d/car_ws/install/carrl_interface/include/carrl_interface/msg/detail/curve_coeffs__rosidl_typesupport_introspection_c.h
[0.423s] -- Up-to-date: /home/tan/Desktop/car_d/car_ws/install/carrl_interface/include/carrl_interface/msg/detail/curve_coeffs__type_support.c
[0.423s] -- Up-to-date: /home/tan/Desktop/car_d/car_ws/install/carrl_interface/lib/libcarrl_interface__rosidl_typesupport_introspection_c.so
[0.423s] -- Up-to-date: /home/tan/Desktop/car_d/car_ws/install/carrl_interface/lib/libcarrl_interface__rosidl_typesupport_c.so
[0.424s] -- Up-to-date: /home/tan/Desktop/car_d/car_ws/install/carrl_interface/include/carrl_interface
[0.424s] -- Up-to-date: /home/tan/Desktop/car_d/car_ws/install/carrl_interface/include/carrl_interface/msg
[0.424s] -- Up-to-date: /home/tan/Desktop/car_d/car_ws/install/carrl_interface/include/carrl_interface/msg/curve_coeffs.hpp
[0.424s] -- Up-to-date: /home/tan/Desktop/car_d/car_ws/install/carrl_interface/include/carrl_interface/msg/detail
[0.424s] -- Up-to-date: /home/tan/Desktop/car_d/car_ws/install/carrl_interface/include/carrl_interface/msg/detail/curve_coeffs__traits.hpp
[0.424s] -- Up-to-date: /home/tan/Desktop/car_d/car_ws/install/carrl_interface/include/carrl_interface/msg/detail/curve_coeffs__struct.hpp
[0.425s] -- Up-to-date: /home/tan/Desktop/car_d/car_ws/install/carrl_interface/include/carrl_interface/msg/detail/curve_coeffs__builder.hpp
[0.425s] -- Up-to-date: /home/tan/Desktop/car_d/car_ws/install/carrl_interface/include/carrl_interface
[0.425s] -- Up-to-date: /home/tan/Desktop/car_d/car_ws/install/carrl_interface/include/carrl_interface/msg
[0.426s] -- Up-to-date: /home/tan/Desktop/car_d/car_ws/install/carrl_interface/include/carrl_interface/msg/detail
[0.426s] -- Up-to-date: /home/tan/Desktop/car_d/car_ws/install/carrl_interface/include/carrl_interface/msg/detail/curve_coeffs__rosidl_typesupport_introspection_cpp.hpp
[0.426s] -- Up-to-date: /home/tan/Desktop/car_d/car_ws/install/carrl_interface/include/carrl_interface/msg/detail/curve_coeffs__type_support.cpp
[0.428s] -- Up-to-date: /home/tan/Desktop/car_d/car_ws/install/carrl_interface/lib/libcarrl_interface__rosidl_typesupport_introspection_cpp.so
[0.428s] -- Up-to-date: /home/tan/Desktop/car_d/car_ws/install/carrl_interface/lib/libcarrl_interface__rosidl_typesupport_cpp.so
[0.429s] -- Up-to-date: /home/tan/Desktop/car_d/car_ws/install/carrl_interface/share/carrl_interface/environment/pythonpath.sh
[0.429s] -- Up-to-date: /home/tan/Desktop/car_d/car_ws/install/carrl_interface/share/carrl_interface/environment/pythonpath.dsv
[0.429s] -- Up-to-date: /home/tan/Desktop/car_d/car_ws/install/carrl_interface/lib/python3.8/site-packages/carrl_interface/__init__.py
[0.459s] -- Up-to-date: /home/tan/Desktop/car_d/car_ws/install/carrl_interface/lib/python3.8/site-packages/carrl_interface/msg
[0.459s] -- Up-to-date: /home/tan/Desktop/car_d/car_ws/install/carrl_interface/lib/python3.8/site-packages/carrl_interface/msg/_curve_coeffs.py
[0.459s] -- Up-to-date: /home/tan/Desktop/car_d/car_ws/install/carrl_interface/lib/python3.8/site-packages/carrl_interface/msg/__init__.py
[0.459s] -- Up-to-date: /home/tan/Desktop/car_d/car_ws/install/carrl_interface/lib/python3.8/site-packages/carrl_interface/msg/_curve_coeffs_s.c
[0.459s] -- Up-to-date: /home/tan/Desktop/car_d/car_ws/install/carrl_interface/lib/python3.8/site-packages/carrl_interface/carrl_interface_s__rosidl_typesupport_fastrtps_c.cpython-38-x86_64-linux-gnu.so
[0.460s] -- Up-to-date: /home/tan/Desktop/car_d/car_ws/install/carrl_interface/lib/python3.8/site-packages/carrl_interface/carrl_interface_s__rosidl_typesupport_introspection_c.cpython-38-x86_64-linux-gnu.so
[0.460s] -- Up-to-date: /home/tan/Desktop/car_d/car_ws/install/carrl_interface/lib/python3.8/site-packages/carrl_interface/carrl_interface_s__rosidl_typesupport_c.cpython-38-x86_64-linux-gnu.so
[0.461s] -- Up-to-date: /home/tan/Desktop/car_d/car_ws/install/carrl_interface/lib/libcarrl_interface__python.so
[0.461s] -- Up-to-date: /home/tan/Desktop/car_d/car_ws/install/carrl_interface/share/carrl_interface/msg/CurveCoeffs.idl
[0.461s] -- Up-to-date: /home/tan/Desktop/car_d/car_ws/install/carrl_interface/share/carrl_interface/msg/CurveCoeffs.msg
[0.461s] -- Up-to-date: /home/tan/Desktop/car_d/car_ws/install/carrl_interface/share/ament_index/resource_index/package_run_dependencies/carrl_interface
[0.461s] -- Up-to-date: /home/tan/Desktop/car_d/car_ws/install/carrl_interface/share/ament_index/resource_index/parent_prefix_path/carrl_interface
[0.462s] -- Up-to-date: /home/tan/Desktop/car_d/car_ws/install/carrl_interface/share/carrl_interface/environment/ament_prefix_path.sh
[0.462s] -- Up-to-date: /home/tan/Desktop/car_d/car_ws/install/carrl_interface/share/carrl_interface/environment/ament_prefix_path.dsv
[0.462s] -- Up-to-date: /home/tan/Desktop/car_d/car_ws/install/carrl_interface/share/carrl_interface/environment/path.sh
[0.462s] -- Up-to-date: /home/tan/Desktop/car_d/car_ws/install/carrl_interface/share/carrl_interface/environment/path.dsv
[0.462s] -- Up-to-date: /home/tan/Desktop/car_d/car_ws/install/carrl_interface/share/carrl_interface/local_setup.bash
[0.463s] -- Up-to-date: /home/tan/Desktop/car_d/car_ws/install/carrl_interface/share/carrl_interface/local_setup.sh
[0.463s] -- Up-to-date: /home/tan/Desktop/car_d/car_ws/install/carrl_interface/share/carrl_interface/local_setup.zsh
[0.463s] -- Up-to-date: /home/tan/Desktop/car_d/car_ws/install/carrl_interface/share/carrl_interface/local_setup.dsv
[0.463s] -- Installing: /home/tan/Desktop/car_d/car_ws/install/carrl_interface/share/carrl_interface/package.dsv
[0.463s] -- Up-to-date: /home/tan/Desktop/car_d/car_ws/install/carrl_interface/share/ament_index/resource_index/packages/carrl_interface
[0.463s] -- Up-to-date: /home/tan/Desktop/car_d/car_ws/install/carrl_interface/share/carrl_interface/cmake/carrl_interface__rosidl_generator_cExport.cmake
[0.463s] -- Up-to-date: /home/tan/Desktop/car_d/car_ws/install/carrl_interface/share/carrl_interface/cmake/carrl_interface__rosidl_generator_cExport-noconfig.cmake
[0.464s] -- Up-to-date: /home/tan/Desktop/car_d/car_ws/install/carrl_interface/share/carrl_interface/cmake/carrl_interface__rosidl_typesupport_introspection_cExport.cmake
[0.464s] -- Up-to-date: /home/tan/Desktop/car_d/car_ws/install/carrl_interface/share/carrl_interface/cmake/carrl_interface__rosidl_typesupport_introspection_cExport-noconfig.cmake
[0.464s] -- Up-to-date: /home/tan/Desktop/car_d/car_ws/install/carrl_interface/share/carrl_interface/cmake/carrl_interface__rosidl_typesupport_cExport.cmake
[0.464s] -- Up-to-date: /home/tan/Desktop/car_d/car_ws/install/carrl_interface/share/carrl_interface/cmake/carrl_interface__rosidl_typesupport_cExport-noconfig.cmake
[0.465s] -- Up-to-date: /home/tan/Desktop/car_d/car_ws/install/carrl_interface/share/carrl_interface/cmake/carrl_interface__rosidl_generator_cppExport.cmake
[0.465s] -- Up-to-date: /home/tan/Desktop/car_d/car_ws/install/carrl_interface/share/carrl_interface/cmake/carrl_interface__rosidl_typesupport_introspection_cppExport.cmake
[0.465s] -- Up-to-date: /home/tan/Desktop/car_d/car_ws/install/carrl_interface/share/carrl_interface/cmake/carrl_interface__rosidl_typesupport_introspection_cppExport-noconfig.cmake
[0.466s] -- Up-to-date: /home/tan/Desktop/car_d/car_ws/install/carrl_interface/share/carrl_interface/cmake/carrl_interface__rosidl_typesupport_cppExport.cmake
[0.466s] -- Up-to-date: /home/tan/Desktop/car_d/car_ws/install/carrl_interface/share/carrl_interface/cmake/carrl_interface__rosidl_typesupport_cppExport-noconfig.cmake
[0.466s] -- Up-to-date: /home/tan/Desktop/car_d/car_ws/install/carrl_interface/share/carrl_interface/cmake/rosidl_cmake-extras.cmake
[0.466s] -- Up-to-date: /home/tan/Desktop/car_d/car_ws/install/carrl_interface/share/carrl_interface/cmake/ament_cmake_export_dependencies-extras.cmake
[0.466s] -- Up-to-date: /home/tan/Desktop/car_d/car_ws/install/carrl_interface/share/carrl_interface/cmake/ament_cmake_export_libraries-extras.cmake
[0.466s] -- Up-to-date: /home/tan/Desktop/car_d/car_ws/install/carrl_interface/share/carrl_interface/cmake/ament_cmake_export_targets-extras.cmake
[0.467s] -- Up-to-date: /home/tan/Desktop/car_d/car_ws/install/carrl_interface/share/carrl_interface/cmake/ament_cmake_export_include_directories-extras.cmake
[0.470s] -- Up-to-date: /home/tan/Desktop/car_d/car_ws/install/carrl_interface/share/carrl_interface/cmake/rosidl_cmake_export_typesupport_libraries-extras.cmake
[0.470s] -- Up-to-date: /home/tan/Desktop/car_d/car_ws/install/carrl_interface/share/carrl_interface/cmake/rosidl_cmake_export_typesupport_targets-extras.cmake
[0.470s] -- Up-to-date: /home/tan/Desktop/car_d/car_ws/install/carrl_interface/share/carrl_interface/cmake/carrl_interfaceConfig.cmake
[0.471s] -- Up-to-date: /home/tan/Desktop/car_d/car_ws/install/carrl_interface/share/carrl_interface/cmake/carrl_interfaceConfig-version.cmake
[0.471s] -- Up-to-date: /home/tan/Desktop/car_d/car_ws/install/carrl_interface/share/carrl_interface/package.xml
[0.495s] Invoked command in '/home/tan/Desktop/car_d/car_ws/build/carrl_interface' returned '0': CMAKE_PREFIX_PATH=${CMAKE_PREFIX_PATH}:/opt/ros/foxy /usr/bin/cmake --install /home/tan/Desktop/car_d/car_ws/build/carrl_interface
