[0.016s] Invoking command in '/root/sam_bot_description/src/joint_control/build/joint_control': CMAKE_PREFIX_PATH=${CMAKE_PREFIX_PATH}:/root/sam_bot_description/src/joint_init/install/joint_init:/opt/ros/foxy /usr/bin/cmake --build /root/sam_bot_description/src/joint_control/build/joint_control -- -j16 -l16
[0.060s] [35m[1mScanning dependencies of target joint[0m
[0.088s] [ 33%] [32mBuilding CXX object CMakeFiles/joint.dir/src/joint_controller.cpp.o[0m
[2.226s] [01m[K/root/sam_bot_description/src/joint_control/src/joint_controller.cpp:175:28:[m[K [01;31m[Kerror: [m[K‘[01m[KTransformBroadcaster[m[K’ is not a member of ‘[01m[Ktf2_ros[m[K’
[2.226s]   175 |   std::shared_ptr<tf2_ros::[01;31m[KTransformBroadcaster[m[K> tf_publisher_;
[2.226s]       |                            [01;31m[K^~~~~~~~~~~~~~~~~~~~[m[K
[2.226s] [01m[K/root/sam_bot_description/src/joint_control/src/joint_controller.cpp:175:28:[m[K [01;31m[Kerror: [m[K‘[01m[KTransformBroadcaster[m[K’ is not a member of ‘[01m[Ktf2_ros[m[K’
[2.227s] [01m[K/root/sam_bot_description/src/joint_control/src/joint_controller.cpp:175:48:[m[K [01;31m[Kerror: [m[Ktemplate argument 1 is invalid
[2.227s]   175 |   std::shared_ptr<tf2_ros::TransformBroadcaster[01;31m[K>[m[K tf_publisher_;
[2.227s]       |                                                [01;31m[K^[m[K
[2.240s] [01m[K/root/sam_bot_description/src/joint_control/src/joint_controller.cpp:[m[K In constructor ‘[01m[KTwistToAackermann::TwistToAackermann()[m[K’:
[2.240s] [01m[K/root/sam_bot_description/src/joint_control/src/joint_controller.cpp:34:47:[m[K [01;31m[Kerror: [m[K‘[01m[KTransformBroadcaster[m[K’ is not a member of ‘[01m[Ktf2_ros[m[K’
[2.240s]    34 |     tf_publisher_ = std::make_shared<tf2_ros::[01;31m[KTransformBroadcaster[m[K>(this);
[2.240s]       |                                               [01;31m[K^~~~~~~~~~~~~~~~~~~~[m[K
[2.240s] [01m[K/root/sam_bot_description/src/joint_control/src/joint_controller.cpp:34:47:[m[K [01;31m[Kerror: [m[K‘[01m[KTransformBroadcaster[m[K’ is not a member of ‘[01m[Ktf2_ros[m[K’
[2.240s] [01m[K/root/sam_bot_description/src/joint_control/src/joint_controller.cpp:34:73:[m[K [01;31m[Kerror: [m[Kno matching function for call to ‘[01m[Kmake_shared<<expression error> >(TwistToAackermann*)[m[K’
[2.240s]    34 |     tf_publisher_ = std::make_shared<tf2_ros::TransformBroadcaster>(this[01;31m[K)[m[K;
[2.240s]       |                                                                         [01;31m[K^[m[K
[2.240s] In file included from [01m[K/usr/include/c++/9/memory:81[m[K,
[2.241s]                  from [01m[K/opt/ros/foxy/include/rosidl_runtime_cpp/bounded_vector.hpp:19[m[K,
[2.241s]                  from [01m[K/opt/ros/foxy/include/std_msgs/msg/detail/string__struct.hpp:8[m[K,
[2.241s]                  from [01m[K/opt/ros/foxy/include/std_msgs/msg/string.hpp:7[m[K,
[2.241s]                  from [01m[K/root/sam_bot_description/src/joint_control/src/joint_controller.cpp:3[m[K:
[2.241s] [01m[K/usr/include/c++/9/bits/shared_ptr.h:714:5:[m[K [01;36m[Knote: [m[Kcandidate: ‘[01m[Ktemplate<class _Tp, class ... _Args> std::shared_ptr<_Tp> std::make_shared(_Args&& ...)[m[K’
[2.241s]   714 |     [01;36m[Kmake_shared[m[K(_Args&&... __args)
[2.241s]       |     [01;36m[K^~~~~~~~~~~[m[K
[2.241s] [01m[K/usr/include/c++/9/bits/shared_ptr.h:714:5:[m[K [01;36m[Knote: [m[K  template argument deduction/substitution failed:
[2.241s] [01m[K/root/sam_bot_description/src/joint_control/src/joint_controller.cpp:34:73:[m[K [01;31m[Kerror: [m[Ktemplate argument 1 is invalid
[2.241s]    34 |     tf_publisher_ = std::make_shared<tf2_ros::TransformBroadcaster>(this[01;31m[K)[m[K;
[2.241s]       |                                                                         [01;31m[K^[m[K
[2.242s] [01m[K/root/sam_bot_description/src/joint_control/src/joint_controller.cpp:36:7:[m[K [01;31m[Kerror: [m[Kunable to find numeric literal operator ‘[01m[Koperator""ms[m[K’
[2.242s]    36 |       [01;31m[K100ms[m[K, std::bind(&TwistToAackermann::broadcast_timer_callback, this));
[2.242s]       |       [01;31m[K^~~~~[m[K
[2.246s] [01m[K/root/sam_bot_description/src/joint_control/src/joint_controller.cpp:[m[K In member function ‘[01m[Kvoid TwistToAackermann::broadcast_timer_callback()[m[K’:
[2.246s] [01m[K/root/sam_bot_description/src/joint_control/src/joint_controller.cpp:88:18:[m[K [01;31m[Kerror: [m[Kbase operand of ‘[01m[K->[m[K’ is not a pointer
[2.246s]    88 |     tf_publisher_[01;31m[K->[m[KsendTransform(t);
[2.246s]       |                  [01;31m[K^~[m[K
[3.786s] make[2]: *** [CMakeFiles/joint.dir/build.make:63: CMakeFiles/joint.dir/src/joint_controller.cpp.o] Error 1
[3.787s] make[1]: *** [CMakeFiles/Makefile2:78: CMakeFiles/joint.dir/all] Error 2
[3.787s] make: *** [Makefile:141: all] Error 2
[3.792s] Invoked command in '/root/sam_bot_description/src/joint_control/build/joint_control' returned '2': CMAKE_PREFIX_PATH=${CMAKE_PREFIX_PATH}:/root/sam_bot_description/src/joint_init/install/joint_init:/opt/ros/foxy /usr/bin/cmake --build /root/sam_bot_description/src/joint_control/build/joint_control -- -j16 -l16
