-- Found ament_cmake: 0.9.9 (/opt/ros/foxy/share/ament_cmake/cmake)
-- Using PYTHON_EXECUTABLE: /usr/bin/python3
-- Found rclcpp: 2.4.0 (/opt/ros/foxy/share/rclcpp/cmake)
-- Using all available rosidl_typesupport_c: rosidl_typesupport_fastrtps_c;rosidl_typesupport_introspection_c
-- Found rosidl_adapter: 1.2.1 (/opt/ros/foxy/share/rosidl_adapter/cmake)
-- Using all available rosidl_typesupport_cpp: rosidl_typesupport_fastrtps_cpp;rosidl_typesupport_introspection_cpp
-- Found rmw_implementation_cmake: 1.0.3 (/opt/ros/foxy/share/rmw_implementation_cmake/cmake)
-- Using RMW implementation 'rmw_fastrtps_cpp' as default
-- Found nav_msgs: 2.0.4 (/opt/ros/foxy/share/nav_msgs/cmake)
CMake Error at CMakeLists.txt:24 (find_package):
  By not providing "Findtf.cmake" in CMAKE_MODULE_PATH this project has asked
  CMake to find a package configuration file provided by "tf", but CMake did
  not find one.

  Could not find a package configuration file provided by "tf" with any of
  the following names:

    tfConfig.cmake
    tf-config.cmake

  Add the installation prefix of "tf" to CMAKE_PREFIX_PATH or set "tf_DIR" to
  a directory containing one of the above files.  If "tf" provides a separate
  development package or SDK, be sure it has been installed.


-- Configuring incomplete, errors occurred!
See also "/root/sam_bot_description/src/joint_control/build/joint_control/CMakeFiles/CMakeOutput.log".
See also "/root/sam_bot_description/src/joint_control/build/joint_control/CMakeFiles/CMakeError.log".
make: *** [Makefile:266: cmake_check_build_system] Error 1
