[0.014s] Invoking command in '/root/sam_bot_description/src/joint_control/build/joint_control': CMAKE_PREFIX_PATH=/opt/ros/foxy /usr/bin/cmake --build /root/sam_bot_description/src/joint_control/build/joint_control -- -j16 -l16
[0.036s] -- Found ament_cmake: 0.9.9 (/opt/ros/foxy/share/ament_cmake/cmake)
[0.072s] -- Using PYTHON_EXECUTABLE: /usr/bin/python3
[0.234s] -- Found rclcpp: 2.4.0 (/opt/ros/foxy/share/rclcpp/cmake)
[0.306s] -- Using all available rosidl_typesupport_c: rosidl_typesupport_fastrtps_c;rosidl_typesupport_introspection_c
[0.309s] -- Found rosidl_adapter: 1.2.1 (/opt/ros/foxy/share/rosidl_adapter/cmake)
[0.434s] -- Using all available rosidl_typesupport_cpp: rosidl_typesupport_fastrtps_cpp;rosidl_typesupport_introspection_cpp
[0.474s] -- Found rmw_implementation_cmake: 1.0.3 (/opt/ros/foxy/share/rmw_implementation_cmake/cmake)
[0.475s] -- Using RMW implementation 'rmw_fastrtps_cpp' as default
[0.589s] -- Found nav_msgs: 2.0.4 (/opt/ros/foxy/share/nav_msgs/cmake)
[0.694s] CMake Error at CMakeLists.txt:24 (find_package):
[0.695s]   By not providing "Findtf.cmake" in CMAKE_MODULE_PATH this project has asked
[0.695s]   CMake to find a package configuration file provided by "tf", but CMake did
[0.695s]   not find one.
[0.695s] 
[0.695s]   Could not find a package configuration file provided by "tf" with any of
[0.695s]   the following names:
[0.696s] 
[0.696s]     tfConfig.cmake
[0.696s]     tf-config.cmake
[0.696s] 
[0.696s]   Add the installation prefix of "tf" to CMAKE_PREFIX_PATH or set "tf_DIR" to
[0.696s]   a directory containing one of the above files.  If "tf" provides a separate
[0.697s]   development package or SDK, be sure it has been installed.
[0.697s] 
[0.697s] 
[0.697s] -- Configuring incomplete, errors occurred!
[0.697s] See also "/root/sam_bot_description/src/joint_control/build/joint_control/CMakeFiles/CMakeOutput.log".
[0.697s] See also "/root/sam_bot_description/src/joint_control/build/joint_control/CMakeFiles/CMakeError.log".
[0.701s] make: *** [Makefile:266: cmake_check_build_system] Error 1
[0.704s] Invoked command in '/root/sam_bot_description/src/joint_control/build/joint_control' returned '2': CMAKE_PREFIX_PATH=/opt/ros/foxy /usr/bin/cmake --build /root/sam_bot_description/src/joint_control/build/joint_control -- -j16 -l16
