[0.015s] Invoking command in '/root/sam_bot_description/src/joint_control/build/joint_control': CMAKE_PREFIX_PATH=/opt/ros/foxy /usr/bin/cmake /root/sam_bot_description/src/joint_control -DCMAKE_INSTALL_PREFIX=/root/sam_bot_description/src/joint_control/install/joint_control
[0.133s] -- The C compiler identification is GNU 9.3.0
[0.219s] -- The CXX compiler identification is GNU 9.3.0
[0.225s] -- Check for working C compiler: /usr/bin/cc
[0.303s] -- Check for working C compiler: /usr/bin/cc -- works
[0.304s] -- Detecting C compiler ABI info
[0.391s] -- Detecting C compiler ABI info - done
[0.417s] -- Detecting C compile features
[0.417s] -- Detecting C compile features - done
[0.424s] -- Check for working CXX compiler: /usr/bin/c++
[0.493s] -- Check for working CXX compiler: /usr/bin/c++ -- works
[0.495s] -- Detecting CXX compiler ABI info
[0.598s] -- Detecting CXX compiler ABI info - done
[0.624s] -- Detecting CXX compile features
[0.626s] -- Detecting CXX compile features - done
[0.631s] -- Found ament_cmake: 0.9.9 (/opt/ros/foxy/share/ament_cmake/cmake)
[0.678s] -- Found PythonInterp: /usr/bin/python3 (found suitable version "3.8.10", minimum required is "3") 
[0.678s] -- Using PYTHON_EXECUTABLE: /usr/bin/python3
[0.839s] -- Found rclcpp: 2.4.0 (/opt/ros/foxy/share/rclcpp/cmake)
[0.883s] -- Using all available rosidl_typesupport_c: rosidl_typesupport_fastrtps_c;rosidl_typesupport_introspection_c
[0.890s] -- Found rosidl_adapter: 1.2.1 (/opt/ros/foxy/share/rosidl_adapter/cmake)
[1.009s] -- Found OpenSSL: /usr/lib/x86_64-linux-gnu/libcrypto.so (found version "1.1.1f")  
[1.056s] -- Found FastRTPS: /opt/ros/foxy/include  
[1.139s] -- Using all available rosidl_typesupport_cpp: rosidl_typesupport_fastrtps_cpp;rosidl_typesupport_introspection_cpp
[1.190s] -- Found rmw_implementation_cmake: 1.0.3 (/opt/ros/foxy/share/rmw_implementation_cmake/cmake)
[1.192s] -- Using RMW implementation 'rmw_fastrtps_cpp' as default
[1.193s] -- Looking for pthread.h
[1.281s] -- Looking for pthread.h - found
[1.281s] -- Performing Test CMAKE_HAVE_LIBC_PTHREAD
[1.373s] -- Performing Test CMAKE_HAVE_LIBC_PTHREAD - Failed
[1.373s] -- Looking for pthread_create in pthreads
[1.438s] -- Looking for pthread_create in pthreads - not found
[1.438s] -- Looking for pthread_create in pthread
[1.502s] -- Looking for pthread_create in pthread - found
[1.504s] -- Found Threads: TRUE  
[1.660s] -- Found nav_msgs: 2.0.4 (/opt/ros/foxy/share/nav_msgs/cmake)
[1.757s] -- Found ament_lint_auto: 0.9.6 (/opt/ros/foxy/share/ament_lint_auto/cmake)
[1.851s] -- Added test 'copyright' to check source files copyright and LICENSE
[1.854s] -- Added test 'cppcheck' to perform static code analysis on C / C++ code
[1.855s] -- Configured cppcheck include dirs: 
[1.855s] -- Configured cppcheck exclude dirs and/or files: 
[1.858s] -- Added test 'cpplint' to check C / C++ code against the Google style
[1.858s] -- Configured cpplint exclude dirs and/or files: 
[1.859s] -- Added test 'lint_cmake' to check CMake code style
[1.863s] -- Added test 'uncrustify' to check C / C++ code style
[1.863s] -- Configured uncrustify additional arguments: 
[1.864s] -- Added test 'xmllint' to check XML markup files
[1.867s] -- Configuring done
[1.869s] -- Generating done
[1.871s] -- Build files have been written to: /root/sam_bot_description/src/joint_control/build/joint_control
[1.877s] Invoked command in '/root/sam_bot_description/src/joint_control/build/joint_control' returned '0': CMAKE_PREFIX_PATH=/opt/ros/foxy /usr/bin/cmake /root/sam_bot_description/src/joint_control -DCMAKE_INSTALL_PREFIX=/root/sam_bot_description/src/joint_control/install/joint_control
[1.878s] Invoking command in '/root/sam_bot_description/src/joint_control/build/joint_control': CMAKE_PREFIX_PATH=/opt/ros/foxy /usr/bin/cmake --build /root/sam_bot_description/src/joint_control/build/joint_control -- -j16 -l16
[1.933s] Invoked command in '/root/sam_bot_description/src/joint_control/build/joint_control' returned '0': CMAKE_PREFIX_PATH=/opt/ros/foxy /usr/bin/cmake --build /root/sam_bot_description/src/joint_control/build/joint_control -- -j16 -l16
[1.974s] Invoking command in '/root/sam_bot_description/src/joint_control/build/joint_control': CMAKE_PREFIX_PATH=/opt/ros/foxy /usr/bin/cmake --install /root/sam_bot_description/src/joint_control/build/joint_control
[1.988s] -- Install configuration: ""
[1.988s] -- Installing: /root/sam_bot_description/src/joint_control/install/joint_control/share/ament_index/resource_index/package_run_dependencies/joint_control
[1.988s] -- Installing: /root/sam_bot_description/src/joint_control/install/joint_control/share/ament_index/resource_index/parent_prefix_path/joint_control
[1.989s] -- Installing: /root/sam_bot_description/src/joint_control/install/joint_control/share/joint_control/environment/ament_prefix_path.sh
[1.989s] -- Installing: /root/sam_bot_description/src/joint_control/install/joint_control/share/joint_control/environment/ament_prefix_path.dsv
[1.989s] -- Installing: /root/sam_bot_description/src/joint_control/install/joint_control/share/joint_control/environment/path.sh
[1.990s] -- Installing: /root/sam_bot_description/src/joint_control/install/joint_control/share/joint_control/environment/path.dsv
[1.990s] -- Installing: /root/sam_bot_description/src/joint_control/install/joint_control/share/joint_control/local_setup.bash
[1.991s] -- Installing: /root/sam_bot_description/src/joint_control/install/joint_control/share/joint_control/local_setup.sh
[1.991s] -- Installing: /root/sam_bot_description/src/joint_control/install/joint_control/share/joint_control/local_setup.zsh
[1.991s] -- Installing: /root/sam_bot_description/src/joint_control/install/joint_control/share/joint_control/local_setup.dsv
[1.991s] -- Installing: /root/sam_bot_description/src/joint_control/install/joint_control/share/joint_control/package.dsv
[1.992s] -- Installing: /root/sam_bot_description/src/joint_control/install/joint_control/share/ament_index/resource_index/packages/joint_control
[1.992s] -- Installing: /root/sam_bot_description/src/joint_control/install/joint_control/share/joint_control/cmake/joint_controlConfig.cmake
[1.992s] -- Installing: /root/sam_bot_description/src/joint_control/install/joint_control/share/joint_control/cmake/joint_controlConfig-version.cmake
[1.993s] -- Installing: /root/sam_bot_description/src/joint_control/install/joint_control/share/joint_control/package.xml
[1.997s] Invoked command in '/root/sam_bot_description/src/joint_control/build/joint_control' returned '0': CMAKE_PREFIX_PATH=/opt/ros/foxy /usr/bin/cmake --install /root/sam_bot_description/src/joint_control/build/joint_control
