[0.146s] DEBUG:colcon:Command line arguments: ['/usr/bin/colcon', 'build', '--allow-overriding', 'joint_control']
[0.146s] DEBUG:colcon:Parsed command line arguments: Namespace(allow_overriding=['joint_control'], ament_cmake_args=None, base_paths=['.'], build_base='build', catkin_cmake_args=None, catkin_skip_building_tests=False, cmake_args=None, cmake_clean_cache=False, cmake_clean_first=False, cmake_force_configure=False, cmake_target=None, cmake_target_skip_unavailable=False, continue_on_error=False, event_handlers=None, executor='parallel', ignore_user_meta=False, install_base='install', log_base=None, log_level=None, main=<bound method BuildVerb.main of <colcon_core.verb.build.BuildVerb object at 0x7f0f39022250>>, merge_install=False, metas=['./colcon.meta'], mixin=None, mixin_files=None, mixin_verb=('build',), packages_above=None, packages_above_and_dependencies=None, packages_above_depth=None, packages_end=None, packages_ignore=None, packages_ignore_regex=None, packages_select=None, packages_select_build_failed=False, packages_select_by_dep=None, packages_select_regex=None, packages_select_test_failures=False, packages_skip=None, packages_skip_build_finished=False, packages_skip_by_dep=None, packages_skip_regex=None, packages_skip_test_passed=False, packages_skip_up_to=None, packages_start=None, packages_up_to=None, packages_up_to_regex=None, parallel_workers=8, paths=None, symlink_install=False, test_result_base=None, verb_extension=<colcon_core.verb.build.BuildVerb object at 0x7f0f39022250>, verb_name='build', verb_parser=<colcon_mixin.mixin.mixin_argument.MixinArgumentDecorator object at 0x7f0f390228b0>)
[0.150s] Level 1:colcon.colcon_core.package_discovery:discover_packages(colcon_meta) check parameters
[0.151s] INFO:colcon.colcon_metadata.package_discovery.colcon_meta:Using configuration from '/root/.colcon/metadata/default/Gazebo.meta'
[0.152s] INFO:colcon.colcon_metadata.package_discovery.colcon_meta:Using configuration from '/root/.colcon/metadata/default/fastrtps.meta'
[0.152s] Level 1:colcon.colcon_core.package_discovery:discover_packages(recursive) check parameters
[0.152s] Level 1:colcon.colcon_core.package_discovery:discover_packages(ignore) check parameters
[0.152s] Level 1:colcon.colcon_core.package_discovery:discover_packages(path) check parameters
[0.152s] Level 1:colcon.colcon_core.package_discovery:discover_packages(colcon_meta) discover
[0.152s] Level 1:colcon.colcon_core.package_discovery:discover_packages(recursive) discover
[0.152s] INFO:colcon.colcon_core.package_discovery:Crawling recursively for packages in '/root/sam_bot_description/src/joint_control'
[0.152s] Level 1:colcon.colcon_core.package_identification:_identify(.) by extensions ['ignore', 'ignore_ament_install']
[0.153s] Level 1:colcon.colcon_core.package_identification:_identify(.) by extension 'ignore'
[0.153s] Level 1:colcon.colcon_core.package_identification:_identify(.) by extension 'ignore_ament_install'
[0.153s] Level 1:colcon.colcon_core.package_identification:_identify(.) by extensions ['colcon_pkg']
[0.153s] Level 1:colcon.colcon_core.package_identification:_identify(.) by extension 'colcon_pkg'
[0.153s] Level 1:colcon.colcon_core.package_identification:_identify(.) by extensions ['colcon_meta']
[0.153s] Level 1:colcon.colcon_core.package_identification:_identify(.) by extension 'colcon_meta'
[0.153s] Level 1:colcon.colcon_core.package_identification:_identify(.) by extensions ['ros']
[0.153s] Level 1:colcon.colcon_core.package_identification:_identify(.) by extension 'ros'
[0.164s] DEBUG:colcon.colcon_core.package_identification:Package '.' with type 'ros.ament_cmake' and name 'joint_control'
[0.164s] Level 1:colcon.colcon_core.package_discovery:discover_packages(recursive) using defaults
[0.164s] Level 1:colcon.colcon_core.package_discovery:discover_packages(ignore) discover
[0.164s] Level 1:colcon.colcon_core.package_discovery:discover_packages(ignore) using defaults
[0.164s] Level 1:colcon.colcon_core.package_discovery:discover_packages(path) discover
[0.164s] Level 1:colcon.colcon_core.package_discovery:discover_packages(path) using defaults
[0.180s] Level 5:colcon.colcon_core.verb:set package 'joint_control' build argument 'cmake_args' from command line to 'None'
[0.180s] Level 5:colcon.colcon_core.verb:set package 'joint_control' build argument 'cmake_target' from command line to 'None'
[0.180s] Level 5:colcon.colcon_core.verb:set package 'joint_control' build argument 'cmake_target_skip_unavailable' from command line to 'False'
[0.180s] Level 5:colcon.colcon_core.verb:set package 'joint_control' build argument 'cmake_clean_cache' from command line to 'False'
[0.180s] Level 5:colcon.colcon_core.verb:set package 'joint_control' build argument 'cmake_clean_first' from command line to 'False'
[0.180s] Level 5:colcon.colcon_core.verb:set package 'joint_control' build argument 'cmake_force_configure' from command line to 'False'
[0.180s] Level 5:colcon.colcon_core.verb:set package 'joint_control' build argument 'ament_cmake_args' from command line to 'None'
[0.180s] Level 5:colcon.colcon_core.verb:set package 'joint_control' build argument 'catkin_cmake_args' from command line to 'None'
[0.180s] Level 5:colcon.colcon_core.verb:set package 'joint_control' build argument 'catkin_skip_building_tests' from command line to 'False'
[0.181s] DEBUG:colcon.colcon_core.verb:Building package 'joint_control' with the following arguments: {'ament_cmake_args': None, 'build_base': '/root/sam_bot_description/src/joint_control/build/joint_control', 'catkin_cmake_args': None, 'catkin_skip_building_tests': False, 'cmake_args': None, 'cmake_clean_cache': False, 'cmake_clean_first': False, 'cmake_force_configure': False, 'cmake_target': None, 'cmake_target_skip_unavailable': False, 'install_base': '/root/sam_bot_description/src/joint_control/install/joint_control', 'merge_install': False, 'path': '/root/sam_bot_description/src/joint_control', 'symlink_install': False, 'test_result_base': None}
[0.185s] INFO:colcon.colcon_core.executor:Executing jobs using 'parallel' executor
[0.187s] DEBUG:colcon.colcon_parallel_executor.executor.parallel:run_until_complete
[0.187s] INFO:colcon.colcon_ros.task.ament_cmake.build:Building ROS package in '/root/sam_bot_description/src/joint_control' with build type 'ament_cmake'
[0.187s] INFO:colcon.colcon_cmake.task.cmake.build:Building CMake package in '/root/sam_bot_description/src/joint_control'
[0.190s] INFO:colcon.colcon_core.plugin_system:Skipping extension 'colcon_core.shell.bat': Not used on non-Windows systems
[0.191s] INFO:colcon.colcon_core.shell:Skip shell extension 'powershell' for command environment: Not usable outside of PowerShell
[0.191s] DEBUG:colcon.colcon_core.shell:Skip shell extension 'dsv' for command environment
[0.203s] DEBUG:colcon.colcon_core.event_handler.log_command:Invoking command in '/root/sam_bot_description/src/joint_control/build/joint_control': CMAKE_PREFIX_PATH=${CMAKE_PREFIX_PATH}:/opt/ros/foxy:/root/sam_bot_description/src/joint_init/install/joint_init /usr/bin/cmake --build /root/sam_bot_description/src/joint_control/build/joint_control -- -j8 -l8
[0.275s] DEBUG:colcon.colcon_core.event_handler.log_command:Invoked command in '/root/sam_bot_description/src/joint_control/build/joint_control' returned '0': CMAKE_PREFIX_PATH=${CMAKE_PREFIX_PATH}:/opt/ros/foxy:/root/sam_bot_description/src/joint_init/install/joint_init /usr/bin/cmake --build /root/sam_bot_description/src/joint_control/build/joint_control -- -j8 -l8
[0.307s] DEBUG:colcon.colcon_core.event_handler.log_command:Invoking command in '/root/sam_bot_description/src/joint_control/build/joint_control': CMAKE_PREFIX_PATH=${CMAKE_PREFIX_PATH}:/opt/ros/foxy:/root/sam_bot_description/src/joint_init/install/joint_init /usr/bin/cmake --install /root/sam_bot_description/src/joint_control/build/joint_control
[0.318s] Level 1:colcon.colcon_core.environment:create_environment_scripts_only(joint_control)
[0.320s] DEBUG:colcon.colcon_core.event_handler.log_command:Invoked command in '/root/sam_bot_description/src/joint_control/build/joint_control' returned '0': CMAKE_PREFIX_PATH=${CMAKE_PREFIX_PATH}:/opt/ros/foxy:/root/sam_bot_description/src/joint_init/install/joint_init /usr/bin/cmake --install /root/sam_bot_description/src/joint_control/build/joint_control
[0.322s] Level 1:colcon.colcon_core.environment:checking '/root/sam_bot_description/src/joint_control/install/joint_control' for CMake module files
[0.323s] Level 1:colcon.colcon_core.environment:checking '/root/sam_bot_description/src/joint_control/install/joint_control' for CMake config files
[0.323s] Level 1:colcon.colcon_core.shell:create_environment_hook('joint_control', 'cmake_prefix_path')
[0.323s] INFO:colcon.colcon_core.shell:Creating environment hook '/root/sam_bot_description/src/joint_control/install/joint_control/share/joint_control/hook/cmake_prefix_path.ps1'
[0.324s] INFO:colcon.colcon_core.shell:Creating environment descriptor '/root/sam_bot_description/src/joint_control/install/joint_control/share/joint_control/hook/cmake_prefix_path.dsv'
[0.324s] INFO:colcon.colcon_core.shell:Creating environment hook '/root/sam_bot_description/src/joint_control/install/joint_control/share/joint_control/hook/cmake_prefix_path.sh'
[0.325s] Level 1:colcon.colcon_core.environment:checking '/root/sam_bot_description/src/joint_control/install/joint_control/lib'
[0.325s] Level 1:colcon.colcon_core.environment:checking '/root/sam_bot_description/src/joint_control/install/joint_control/bin'
[0.326s] Level 1:colcon.colcon_core.environment:checking '/root/sam_bot_description/src/joint_control/install/joint_control/lib/pkgconfig/joint_control.pc'
[0.326s] Level 1:colcon.colcon_core.environment:checking '/root/sam_bot_description/src/joint_control/install/joint_control/lib/python3.8/site-packages'
[0.326s] INFO:colcon.colcon_core.shell:Creating package script '/root/sam_bot_description/src/joint_control/install/joint_control/share/joint_control/package.ps1'
[0.327s] INFO:colcon.colcon_core.shell:Creating package descriptor '/root/sam_bot_description/src/joint_control/install/joint_control/share/joint_control/package.dsv'
[0.327s] INFO:colcon.colcon_core.shell:Creating package script '/root/sam_bot_description/src/joint_control/install/joint_control/share/joint_control/package.sh'
[0.328s] INFO:colcon.colcon_core.shell:Creating package script '/root/sam_bot_description/src/joint_control/install/joint_control/share/joint_control/package.bash'
[0.328s] INFO:colcon.colcon_core.shell:Creating package script '/root/sam_bot_description/src/joint_control/install/joint_control/share/joint_control/package.zsh'
[0.329s] Level 1:colcon.colcon_core.environment:create_file_with_runtime_dependencies(/root/sam_bot_description/src/joint_control/install/joint_control/share/colcon-core/packages/joint_control)
[0.351s] Level 1:colcon.colcon_core.environment:create_environment_scripts_only(joint_control)
[0.352s] Level 1:colcon.colcon_core.environment:checking '/root/sam_bot_description/src/joint_control/install/joint_control' for CMake module files
[0.353s] Level 1:colcon.colcon_core.environment:checking '/root/sam_bot_description/src/joint_control/install/joint_control' for CMake config files
[0.353s] Level 1:colcon.colcon_core.shell:create_environment_hook('joint_control', 'cmake_prefix_path')
[0.353s] INFO:colcon.colcon_core.shell:Creating environment hook '/root/sam_bot_description/src/joint_control/install/joint_control/share/joint_control/hook/cmake_prefix_path.ps1'
[0.354s] INFO:colcon.colcon_core.shell:Creating environment descriptor '/root/sam_bot_description/src/joint_control/install/joint_control/share/joint_control/hook/cmake_prefix_path.dsv'
[0.354s] INFO:colcon.colcon_core.shell:Creating environment hook '/root/sam_bot_description/src/joint_control/install/joint_control/share/joint_control/hook/cmake_prefix_path.sh'
[0.355s] Level 1:colcon.colcon_core.environment:checking '/root/sam_bot_description/src/joint_control/install/joint_control/lib'
[0.355s] Level 1:colcon.colcon_core.environment:checking '/root/sam_bot_description/src/joint_control/install/joint_control/bin'
[0.355s] Level 1:colcon.colcon_core.environment:checking '/root/sam_bot_description/src/joint_control/install/joint_control/lib/pkgconfig/joint_control.pc'
[0.355s] Level 1:colcon.colcon_core.environment:checking '/root/sam_bot_description/src/joint_control/install/joint_control/lib/python3.8/site-packages'
[0.355s] INFO:colcon.colcon_core.shell:Creating package script '/root/sam_bot_description/src/joint_control/install/joint_control/share/joint_control/package.ps1'
[0.356s] INFO:colcon.colcon_core.shell:Creating package descriptor '/root/sam_bot_description/src/joint_control/install/joint_control/share/joint_control/package.dsv'
[0.357s] INFO:colcon.colcon_core.shell:Creating package script '/root/sam_bot_description/src/joint_control/install/joint_control/share/joint_control/package.sh'
[0.357s] INFO:colcon.colcon_core.shell:Creating package script '/root/sam_bot_description/src/joint_control/install/joint_control/share/joint_control/package.bash'
[0.358s] INFO:colcon.colcon_core.shell:Creating package script '/root/sam_bot_description/src/joint_control/install/joint_control/share/joint_control/package.zsh'
[0.358s] Level 1:colcon.colcon_core.environment:create_file_with_runtime_dependencies(/root/sam_bot_description/src/joint_control/install/joint_control/share/colcon-core/packages/joint_control)
[0.359s] DEBUG:colcon.colcon_parallel_executor.executor.parallel:closing loop
[0.359s] DEBUG:colcon.colcon_parallel_executor.executor.parallel:loop closed
[0.359s] DEBUG:colcon.colcon_parallel_executor.executor.parallel:run_until_complete finished with '0'
[0.360s] DEBUG:colcon.colcon_core.event_reactor:joining thread
[0.365s] INFO:colcon.colcon_core.plugin_system:Skipping extension 'colcon_notification.desktop_notification.notify_send': Could not find 'notify-send'
[0.365s] INFO:colcon.colcon_core.plugin_system:Skipping extension 'colcon_notification.desktop_notification.terminal_notifier': Not used on non-Darwin systems
[0.365s] INFO:colcon.colcon_core.plugin_system:Skipping extension 'colcon_notification.desktop_notification.win32': Not used on non-Windows systems
[0.365s] INFO:colcon.colcon_notification.desktop_notification:Sending desktop notification using 'notify2'
[0.368s] DEBUG:colcon.colcon_notification.desktop_notification.notify2:Failed to initialize notify2: org.freedesktop.DBus.Error.ServiceUnknown: The name org.freedesktop.Notifications was not provided by any .service files
[0.369s] DEBUG:colcon.colcon_core.event_reactor:joined thread
[0.370s] INFO:colcon.colcon_core.shell:Creating prefix script '/root/sam_bot_description/src/joint_control/install/local_setup.ps1'
[0.371s] INFO:colcon.colcon_core.shell:Creating prefix util module '/root/sam_bot_description/src/joint_control/install/_local_setup_util_ps1.py'
[0.372s] INFO:colcon.colcon_core.shell:Creating prefix chain script '/root/sam_bot_description/src/joint_control/install/setup.ps1'
[0.373s] INFO:colcon.colcon_core.shell:Creating prefix script '/root/sam_bot_description/src/joint_control/install/local_setup.sh'
[0.374s] INFO:colcon.colcon_core.shell:Creating prefix util module '/root/sam_bot_description/src/joint_control/install/_local_setup_util_sh.py'
[0.374s] INFO:colcon.colcon_core.shell:Creating prefix chain script '/root/sam_bot_description/src/joint_control/install/setup.sh'
[0.376s] INFO:colcon.colcon_core.shell:Creating prefix script '/root/sam_bot_description/src/joint_control/install/local_setup.bash'
[0.376s] INFO:colcon.colcon_core.shell:Creating prefix chain script '/root/sam_bot_description/src/joint_control/install/setup.bash'
[0.377s] INFO:colcon.colcon_core.shell:Creating prefix script '/root/sam_bot_description/src/joint_control/install/local_setup.zsh'
[0.377s] INFO:colcon.colcon_core.shell:Creating prefix chain script '/root/sam_bot_description/src/joint_control/install/setup.zsh'
