-- The C compiler identification is GNU 9.4.0
-- The CXX compiler identification is GNU 9.4.0
-- Check for working C compiler: /usr/lib/ccache/cc
-- Check for working C compiler: /usr/lib/ccache/cc -- works
-- Detecting C compiler ABI info
-- Detecting C compiler ABI info - done
-- Detecting C compile features
-- Detecting C compile features - done
-- Check for working CXX compiler: /usr/lib/ccache/c++
-- Check for working CXX compiler: /usr/lib/ccache/c++ -- works
-- Detecting CXX compiler ABI info
-- Detecting CXX compiler ABI info - done
-- Detecting CXX compile features
-- Detecting CXX compile features - done
-- Found ament_cmake: 0.9.9 (/opt/ros/foxy/share/ament_cmake/cmake)
-- Found PythonInterp: /usr/bin/python3 (found suitable version "3.8.10", minimum required is "3") 
-- Using PYTHON_EXECUTABLE: /usr/bin/python3
-- Found rosidl_default_generators: 1.0.1 (/opt/ros/foxy/share/rosidl_default_generators/cmake)
-- Using all available rosidl_typesupport_c: rosidl_typesupport_fastrtps_c;rosidl_typesupport_introspection_c
-- Found rosidl_adapter: 1.2.1 (/opt/ros/foxy/share/rosidl_adapter/cmake)
-- Found OpenSSL: /usr/lib/x86_64-linux-gnu/libcrypto.so (found version "1.1.1f")  
-- Found FastRTPS: /opt/ros/foxy/include  
-- Using all available rosidl_typesupport_cpp: rosidl_typesupport_fastrtps_cpp;rosidl_typesupport_introspection_cpp
-- Found PythonInterp: /usr/bin/python3 (found version "3.8.10") 
-- Found ament_cmake_ros: 0.9.2 (/opt/ros/foxy/share/ament_cmake_ros/cmake)
-- Using all available rosidl_typesupport_c: rosidl_typesupport_fastrtps_c;rosidl_typesupport_introspection_c
-- Using all available rosidl_typesupport_cpp: rosidl_typesupport_fastrtps_cpp;rosidl_typesupport_introspection_cpp
-- Found PythonInterp: /usr/bin/python3 (found suitable version "3.8.10", minimum required is "3.5") 
-- Found python_cmake_module: 0.8.1 (/opt/ros/foxy/share/python_cmake_module/cmake)
-- Found PythonLibs: /usr/lib/x86_64-linux-gnu/libpython3.8.so (found suitable version "3.8.10", minimum required is "3.5") 
-- Using PYTHON_EXECUTABLE: /usr/bin/python3
-- Using PYTHON_INCLUDE_DIRS: /usr/include/python3.8
-- Using PYTHON_LIBRARIES: /usr/lib/x86_64-linux-gnu/libpython3.8.so
-- Found PythonExtra: .so  
-- Found ament_lint_auto: 0.9.6 (/opt/ros/foxy/share/ament_lint_auto/cmake)
-- Added test 'copyright' to check source files copyright and LICENSE
-- Added test 'lint_cmake' to check CMake code style
-- Added test 'xmllint' to check XML markup files
-- Configuring done
-- Generating done
-- Build files have been written to: /home/tan/Desktop/car_d/car_ws/build/msg_interface
[  2%] [34m[1mGenerating C code for ROS interfaces[0m
[35m[1mScanning dependencies of target msg_interface__cpp[0m
[  4%] [34m[1mGenerating C++ code for ROS interfaces[0m
[35m[1mScanning dependencies of target msg_interface__rosidl_generator_c[0m
[  6%] [32mBuilding C object CMakeFiles/msg_interface__rosidl_generator_c.dir/rosidl_generator_c/msg_interface/msg/detail/velocity__functions.c.o[0m
[ 10%] [32mBuilding C object CMakeFiles/msg_interface__rosidl_generator_c.dir/rosidl_generator_c/msg_interface/msg/detail/control__functions.c.o[0m
[ 10%] [32mBuilding C object CMakeFiles/msg_interface__rosidl_generator_c.dir/rosidl_generator_c/msg_interface/msg/detail/force__functions.c.o[0m
[ 10%] Built target msg_interface__cpp
[ 14%] [34m[1mGenerating C++ type support for eProsima Fast-RTPS[0m
[ 14%] [34m[1mGenerating C++ type support dispatch for ROS interfaces[0m
[ 17%] [34m[1mGenerating C++ introspection for ROS interfaces[0m
[ 19%] [32m[1mLinking C shared library libmsg_interface__rosidl_generator_c.so[0m
[ 19%] Built target msg_interface__rosidl_generator_c
[ 23%] [34m[1mGenerating C introspection for ROS interfaces[0m
[ 23%] [34m[1mGenerating C type support dispatch for ROS interfaces[0m
[35m[1mScanning dependencies of target msg_interface__rosidl_typesupport_cpp[0m
[35m[1mScanning dependencies of target msg_interface__rosidl_typesupport_introspection_cpp[0m
[ 25%] [32mBuilding CXX object CMakeFiles/msg_interface__rosidl_typesupport_introspection_cpp.dir/rosidl_typesupport_introspection_cpp/msg_interface/msg/detail/velocity__type_support.cpp.o[0m
[ 27%] [32mBuilding CXX object CMakeFiles/msg_interface__rosidl_typesupport_cpp.dir/rosidl_typesupport_cpp/msg_interface/msg/force__type_support.cpp.o[0m
[ 29%] [32mBuilding CXX object CMakeFiles/msg_interface__rosidl_typesupport_introspection_cpp.dir/rosidl_typesupport_introspection_cpp/msg_interface/msg/detail/force__type_support.cpp.o[0m
[ 31%] [32mBuilding CXX object CMakeFiles/msg_interface__rosidl_typesupport_introspection_cpp.dir/rosidl_typesupport_introspection_cpp/msg_interface/msg/detail/control__type_support.cpp.o[0m
[ 34%] [32mBuilding CXX object CMakeFiles/msg_interface__rosidl_typesupport_cpp.dir/rosidl_typesupport_cpp/msg_interface/msg/control__type_support.cpp.o[0m
[ 36%] [32mBuilding CXX object CMakeFiles/msg_interface__rosidl_typesupport_cpp.dir/rosidl_typesupport_cpp/msg_interface/msg/velocity__type_support.cpp.o[0m
[35m[1mScanning dependencies of target msg_interface__rosidl_typesupport_c[0m
[35m[1mScanning dependencies of target msg_interface__rosidl_typesupport_fastrtps_cpp[0m
[ 38%] [32mBuilding CXX object CMakeFiles/msg_interface__rosidl_typesupport_c.dir/rosidl_typesupport_c/msg_interface/msg/force__type_support.cpp.o[0m
[ 42%] [32mBuilding CXX object CMakeFiles/msg_interface__rosidl_typesupport_c.dir/rosidl_typesupport_c/msg_interface/msg/control__type_support.cpp.o[0m
[ 42%] [32mBuilding CXX object CMakeFiles/msg_interface__rosidl_typesupport_c.dir/rosidl_typesupport_c/msg_interface/msg/velocity__type_support.cpp.o[0m
[ 44%] [32mBuilding CXX object CMakeFiles/msg_interface__rosidl_typesupport_fastrtps_cpp.dir/rosidl_typesupport_fastrtps_cpp/msg_interface/msg/detail/dds_fastrtps/velocity__type_support.cpp.o[0m
[ 46%] [32mBuilding CXX object CMakeFiles/msg_interface__rosidl_typesupport_fastrtps_cpp.dir/rosidl_typesupport_fastrtps_cpp/msg_interface/msg/detail/dds_fastrtps/control__type_support.cpp.o[0m
[ 48%] [32mBuilding CXX object CMakeFiles/msg_interface__rosidl_typesupport_fastrtps_cpp.dir/rosidl_typesupport_fastrtps_cpp/msg_interface/msg/detail/dds_fastrtps/force__type_support.cpp.o[0m
[35m[1mScanning dependencies of target msg_interface__rosidl_typesupport_introspection_c[0m
[ 51%] [32m[1mLinking CXX shared library libmsg_interface__rosidl_typesupport_c.so[0m
[ 53%] [32m[1mLinking CXX shared library libmsg_interface__rosidl_typesupport_fastrtps_cpp.so[0m
[ 57%] [32m[1mLinking CXX shared library libmsg_interface__rosidl_typesupport_introspection_cpp.so[0m
[ 57%] [32mBuilding C object CMakeFiles/msg_interface__rosidl_typesupport_introspection_c.dir/rosidl_typesupport_introspection_c/msg_interface/msg/detail/control__type_support.c.o[0m
[ 59%] [32mBuilding C object CMakeFiles/msg_interface__rosidl_typesupport_introspection_c.dir/rosidl_typesupport_introspection_c/msg_interface/msg/detail/force__type_support.c.o[0m
[ 61%] [32mBuilding C object CMakeFiles/msg_interface__rosidl_typesupport_introspection_c.dir/rosidl_typesupport_introspection_c/msg_interface/msg/detail/velocity__type_support.c.o[0m
[ 63%] [32m[1mLinking CXX shared library libmsg_interface__rosidl_typesupport_cpp.so[0m
[ 63%] Built target msg_interface__rosidl_typesupport_c
[ 65%] [32m[1mLinking C shared library libmsg_interface__rosidl_typesupport_introspection_c.so[0m
[ 65%] Built target msg_interface__rosidl_typesupport_introspection_cpp
[ 65%] Built target msg_interface__rosidl_typesupport_cpp
[ 65%] Built target msg_interface__rosidl_typesupport_introspection_c
[ 65%] Built target msg_interface__rosidl_typesupport_fastrtps_cpp
[ 68%] [34m[1mGenerating C type support for eProsima Fast-RTPS[0m
[35m[1mScanning dependencies of target msg_interface__rosidl_typesupport_fastrtps_c[0m
[ 70%] [32mBuilding CXX object CMakeFiles/msg_interface__rosidl_typesupport_fastrtps_c.dir/rosidl_typesupport_fastrtps_c/msg_interface/msg/detail/velocity__type_support_c.cpp.o[0m
[ 72%] [32mBuilding CXX object CMakeFiles/msg_interface__rosidl_typesupport_fastrtps_c.dir/rosidl_typesupport_fastrtps_c/msg_interface/msg/detail/control__type_support_c.cpp.o[0m
[ 74%] [32mBuilding CXX object CMakeFiles/msg_interface__rosidl_typesupport_fastrtps_c.dir/rosidl_typesupport_fastrtps_c/msg_interface/msg/detail/force__type_support_c.cpp.o[0m
[ 76%] [32m[1mLinking CXX shared library libmsg_interface__rosidl_typesupport_fastrtps_c.so[0m
[ 76%] Built target msg_interface__rosidl_typesupport_fastrtps_c
[35m[1mScanning dependencies of target msg_interface[0m
[ 76%] Built target msg_interface
[35m[1mScanning dependencies of target msg_interface__py[0m
[ 78%] [34m[1mGenerating Python code for ROS interfaces[0m
[ 78%] Built target msg_interface__py
[35m[1mScanning dependencies of target msg_interface__python[0m
[ 82%] [32mBuilding C object CMakeFiles/msg_interface__python.dir/rosidl_generator_py/msg_interface/msg/_force_s.c.o[0m
[ 82%] [32mBuilding C object CMakeFiles/msg_interface__python.dir/rosidl_generator_py/msg_interface/msg/_velocity_s.c.o[0m
[ 85%] [32mBuilding C object CMakeFiles/msg_interface__python.dir/rosidl_generator_py/msg_interface/msg/_control_s.c.o[0m
[ 87%] [32m[1mLinking C shared library rosidl_generator_py/msg_interface/libmsg_interface__python.so[0m
[ 87%] Built target msg_interface__python
[35m[1mScanning dependencies of target msg_interface__rosidl_typesupport_c__pyext[0m
[35m[1mScanning dependencies of target msg_interface__rosidl_typesupport_introspection_c__pyext[0m
[35m[1mScanning dependencies of target msg_interface__rosidl_typesupport_fastrtps_c__pyext[0m
[ 93%] [32mBuilding C object CMakeFiles/msg_interface__rosidl_typesupport_fastrtps_c__pyext.dir/rosidl_generator_py/msg_interface/_msg_interface_s.ep.rosidl_typesupport_fastrtps_c.c.o[0m
[ 93%] [32mBuilding C object CMakeFiles/msg_interface__rosidl_typesupport_c__pyext.dir/rosidl_generator_py/msg_interface/_msg_interface_s.ep.rosidl_typesupport_c.c.o[0m
[ 93%] [32mBuilding C object CMakeFiles/msg_interface__rosidl_typesupport_introspection_c__pyext.dir/rosidl_generator_py/msg_interface/_msg_interface_s.ep.rosidl_typesupport_introspection_c.c.o[0m
[100%] [32m[1mLinking CXX shared library rosidl_generator_py/msg_interface/msg_interface_s__rosidl_typesupport_fastrtps_c.cpython-38-x86_64-linux-gnu.so[0m
[100%] [32m[1mLinking C shared library rosidl_generator_py/msg_interface/msg_interface_s__rosidl_typesupport_c.cpython-38-x86_64-linux-gnu.so[0m
[100%] [32m[1mLinking C shared library rosidl_generator_py/msg_interface/msg_interface_s__rosidl_typesupport_introspection_c.cpython-38-x86_64-linux-gnu.so[0m
[100%] Built target msg_interface__rosidl_typesupport_c__pyext
[100%] Built target msg_interface__rosidl_typesupport_introspection_c__pyext
[100%] Built target msg_interface__rosidl_typesupport_fastrtps_c__pyext
