[0.063s] Invoking command in '/home/tan/Desktop/car_d/car_ws/build/msg_interface': CMAKE_PREFIX_PATH=${CMAKE_PREFIX_PATH}:/opt/ros/foxy /usr/bin/cmake /home/tan/Desktop/car_d/car_ws/src/msg_interface -DCMAKE_INSTALL_PREFIX=/home/tan/Desktop/car_d/car_ws/install/msg_interface
[0.124s] -- The C compiler identification is GNU 9.4.0
[0.177s] -- The CXX compiler identification is GNU 9.4.0
[0.182s] -- Check for working C compiler: /usr/lib/ccache/cc
[0.238s] -- Check for working C compiler: /usr/lib/ccache/cc -- works
[0.239s] -- Detecting C compiler ABI info
[0.290s] -- Detecting C compiler ABI info - done
[0.303s] -- Detecting C compile features
[0.304s] -- Detecting C compile features - done
[0.307s] -- Check for working CXX compiler: /usr/lib/ccache/c++
[0.370s] -- Check for working CXX compiler: /usr/lib/ccache/c++ -- works
[0.371s] -- Detecting CXX compiler ABI info
[0.434s] -- Detecting CXX compiler ABI info - done
[0.446s] -- Detecting CXX compile features
[0.447s] -- Detecting CXX compile features - done
[0.449s] -- Found ament_cmake: 0.9.9 (/opt/ros/foxy/share/ament_cmake/cmake)
[0.475s] -- Found PythonInterp: /usr/bin/python3 (found suitable version "3.8.10", minimum required is "3") 
[0.475s] -- Using PYTHON_EXECUTABLE: /usr/bin/python3
[0.707s] -- Found rosidl_default_generators: 1.0.1 (/opt/ros/foxy/share/rosidl_default_generators/cmake)
[0.711s] -- Using all available rosidl_typesupport_c: rosidl_typesupport_fastrtps_c;rosidl_typesupport_introspection_c
[0.721s] -- Found rosidl_adapter: 1.2.1 (/opt/ros/foxy/share/rosidl_adapter/cmake)
[0.834s] -- Found OpenSSL: /usr/lib/x86_64-linux-gnu/libcrypto.so (found version "1.1.1f")  
[0.877s] -- Found FastRTPS: /opt/ros/foxy/include  
[0.963s] -- Using all available rosidl_typesupport_cpp: rosidl_typesupport_fastrtps_cpp;rosidl_typesupport_introspection_cpp
[1.018s] -- Found PythonInterp: /usr/bin/python3 (found version "3.8.10") 
[1.154s] -- Found ament_cmake_ros: 0.9.2 (/opt/ros/foxy/share/ament_cmake_ros/cmake)
[1.261s] -- Using all available rosidl_typesupport_c: rosidl_typesupport_fastrtps_c;rosidl_typesupport_introspection_c
[1.270s] -- Using all available rosidl_typesupport_cpp: rosidl_typesupport_fastrtps_cpp;rosidl_typesupport_introspection_cpp
[1.295s] -- Found PythonInterp: /usr/bin/python3 (found suitable version "3.8.10", minimum required is "3.5") 
[1.296s] -- Found python_cmake_module: 0.8.1 (/opt/ros/foxy/share/python_cmake_module/cmake)
[1.326s] -- Found PythonLibs: /usr/lib/x86_64-linux-gnu/libpython3.8.so (found suitable version "3.8.10", minimum required is "3.5") 
[1.326s] -- Using PYTHON_EXECUTABLE: /usr/bin/python3
[1.326s] -- Using PYTHON_INCLUDE_DIRS: /usr/include/python3.8
[1.327s] -- Using PYTHON_LIBRARIES: /usr/lib/x86_64-linux-gnu/libpython3.8.so
[1.348s] -- Found PythonExtra: .so  
[1.388s] -- Found ament_lint_auto: 0.9.6 (/opt/ros/foxy/share/ament_lint_auto/cmake)
[1.411s] -- Added test 'copyright' to check source files copyright and LICENSE
[1.413s] -- Added test 'lint_cmake' to check CMake code style
[1.414s] -- Added test 'xmllint' to check XML markup files
[1.420s] -- Configuring done
[1.454s] -- Generating done
[1.458s] -- Build files have been written to: /home/tan/Desktop/car_d/car_ws/build/msg_interface
[1.466s] Invoked command in '/home/tan/Desktop/car_d/car_ws/build/msg_interface' returned '0': CMAKE_PREFIX_PATH=${CMAKE_PREFIX_PATH}:/opt/ros/foxy /usr/bin/cmake /home/tan/Desktop/car_d/car_ws/src/msg_interface -DCMAKE_INSTALL_PREFIX=/home/tan/Desktop/car_d/car_ws/install/msg_interface
[1.469s] Invoking command in '/home/tan/Desktop/car_d/car_ws/build/msg_interface': CMAKE_PREFIX_PATH=${CMAKE_PREFIX_PATH}:/opt/ros/foxy /usr/bin/cmake --build /home/tan/Desktop/car_d/car_ws/build/msg_interface -- -j16 -l16
[1.514s] [  2%] [34m[1mGenerating C code for ROS interfaces[0m
[1.514s] [35m[1mScanning dependencies of target msg_interface__cpp[0m
[1.528s] [  4%] [34m[1mGenerating C++ code for ROS interfaces[0m
[1.930s] [35m[1mScanning dependencies of target msg_interface__rosidl_generator_c[0m
[1.947s] [  6%] [32mBuilding C object CMakeFiles/msg_interface__rosidl_generator_c.dir/rosidl_generator_c/msg_interface/msg/detail/velocity__functions.c.o[0m
[1.950s] [ 10%] [32mBuilding C object CMakeFiles/msg_interface__rosidl_generator_c.dir/rosidl_generator_c/msg_interface/msg/detail/control__functions.c.o[0m
[1.951s] [ 10%] [32mBuilding C object CMakeFiles/msg_interface__rosidl_generator_c.dir/rosidl_generator_c/msg_interface/msg/detail/force__functions.c.o[0m
[1.958s] [ 10%] Built target msg_interface__cpp
[1.977s] [ 14%] [34m[1mGenerating C++ type support for eProsima Fast-RTPS[0m
[1.977s] [ 14%] [34m[1mGenerating C++ type support dispatch for ROS interfaces[0m
[1.978s] [ 17%] [34m[1mGenerating C++ introspection for ROS interfaces[0m
[1.987s] [ 19%] [32m[1mLinking C shared library libmsg_interface__rosidl_generator_c.so[0m
[2.043s] [ 19%] Built target msg_interface__rosidl_generator_c
[2.062s] [ 23%] [34m[1mGenerating C introspection for ROS interfaces[0m
[2.063s] [ 23%] [34m[1mGenerating C type support dispatch for ROS interfaces[0m
[2.531s] [35m[1mScanning dependencies of target msg_interface__rosidl_typesupport_cpp[0m
[2.531s] [35m[1mScanning dependencies of target msg_interface__rosidl_typesupport_introspection_cpp[0m
[2.557s] [ 25%] [32mBuilding CXX object CMakeFiles/msg_interface__rosidl_typesupport_introspection_cpp.dir/rosidl_typesupport_introspection_cpp/msg_interface/msg/detail/velocity__type_support.cpp.o[0m
[2.563s] [ 27%] [32mBuilding CXX object CMakeFiles/msg_interface__rosidl_typesupport_cpp.dir/rosidl_typesupport_cpp/msg_interface/msg/force__type_support.cpp.o[0m
[2.563s] [ 29%] [32mBuilding CXX object CMakeFiles/msg_interface__rosidl_typesupport_introspection_cpp.dir/rosidl_typesupport_introspection_cpp/msg_interface/msg/detail/force__type_support.cpp.o[0m
[2.564s] [ 31%] [32mBuilding CXX object CMakeFiles/msg_interface__rosidl_typesupport_introspection_cpp.dir/rosidl_typesupport_introspection_cpp/msg_interface/msg/detail/control__type_support.cpp.o[0m
[2.568s] [ 34%] [32mBuilding CXX object CMakeFiles/msg_interface__rosidl_typesupport_cpp.dir/rosidl_typesupport_cpp/msg_interface/msg/control__type_support.cpp.o[0m
[2.574s] [ 36%] [32mBuilding CXX object CMakeFiles/msg_interface__rosidl_typesupport_cpp.dir/rosidl_typesupport_cpp/msg_interface/msg/velocity__type_support.cpp.o[0m
[2.638s] [35m[1mScanning dependencies of target msg_interface__rosidl_typesupport_c[0m
[2.641s] [35m[1mScanning dependencies of target msg_interface__rosidl_typesupport_fastrtps_cpp[0m
[2.662s] [ 38%] [32mBuilding CXX object CMakeFiles/msg_interface__rosidl_typesupport_c.dir/rosidl_typesupport_c/msg_interface/msg/force__type_support.cpp.o[0m
[2.667s] [ 42%] [32mBuilding CXX object CMakeFiles/msg_interface__rosidl_typesupport_c.dir/rosidl_typesupport_c/msg_interface/msg/control__type_support.cpp.o[0m
[2.669s] [ 42%] [32mBuilding CXX object CMakeFiles/msg_interface__rosidl_typesupport_c.dir/rosidl_typesupport_c/msg_interface/msg/velocity__type_support.cpp.o[0m
[2.674s] [ 44%] [32mBuilding CXX object CMakeFiles/msg_interface__rosidl_typesupport_fastrtps_cpp.dir/rosidl_typesupport_fastrtps_cpp/msg_interface/msg/detail/dds_fastrtps/velocity__type_support.cpp.o[0m
[2.675s] [ 46%] [32mBuilding CXX object CMakeFiles/msg_interface__rosidl_typesupport_fastrtps_cpp.dir/rosidl_typesupport_fastrtps_cpp/msg_interface/msg/detail/dds_fastrtps/control__type_support.cpp.o[0m
[2.689s] [ 48%] [32mBuilding CXX object CMakeFiles/msg_interface__rosidl_typesupport_fastrtps_cpp.dir/rosidl_typesupport_fastrtps_cpp/msg_interface/msg/detail/dds_fastrtps/force__type_support.cpp.o[0m
[2.716s] [35m[1mScanning dependencies of target msg_interface__rosidl_typesupport_introspection_c[0m
[2.721s] [ 51%] [32m[1mLinking CXX shared library libmsg_interface__rosidl_typesupport_c.so[0m
[2.738s] [ 53%] [32m[1mLinking CXX shared library libmsg_interface__rosidl_typesupport_fastrtps_cpp.so[0m
[2.743s] [ 57%] [32m[1mLinking CXX shared library libmsg_interface__rosidl_typesupport_introspection_cpp.so[0m
[2.744s] [ 57%] [32mBuilding C object CMakeFiles/msg_interface__rosidl_typesupport_introspection_c.dir/rosidl_typesupport_introspection_c/msg_interface/msg/detail/control__type_support.c.o[0m
[2.747s] [ 59%] [32mBuilding C object CMakeFiles/msg_interface__rosidl_typesupport_introspection_c.dir/rosidl_typesupport_introspection_c/msg_interface/msg/detail/force__type_support.c.o[0m
[2.752s] [ 61%] [32mBuilding C object CMakeFiles/msg_interface__rosidl_typesupport_introspection_c.dir/rosidl_typesupport_introspection_c/msg_interface/msg/detail/velocity__type_support.c.o[0m
[2.780s] [ 63%] [32m[1mLinking CXX shared library libmsg_interface__rosidl_typesupport_cpp.so[0m
[2.791s] [ 63%] Built target msg_interface__rosidl_typesupport_c
[2.796s] [ 65%] [32m[1mLinking C shared library libmsg_interface__rosidl_typesupport_introspection_c.so[0m
[2.814s] [ 65%] Built target msg_interface__rosidl_typesupport_introspection_cpp
[2.837s] [ 65%] Built target msg_interface__rosidl_typesupport_cpp
[2.839s] [ 65%] Built target msg_interface__rosidl_typesupport_introspection_c
[2.888s] [ 65%] Built target msg_interface__rosidl_typesupport_fastrtps_cpp
[2.900s] [ 68%] [34m[1mGenerating C type support for eProsima Fast-RTPS[0m
[3.289s] [35m[1mScanning dependencies of target msg_interface__rosidl_typesupport_fastrtps_c[0m
[3.312s] [ 70%] [32mBuilding CXX object CMakeFiles/msg_interface__rosidl_typesupport_fastrtps_c.dir/rosidl_typesupport_fastrtps_c/msg_interface/msg/detail/velocity__type_support_c.cpp.o[0m
[3.313s] [ 72%] [32mBuilding CXX object CMakeFiles/msg_interface__rosidl_typesupport_fastrtps_c.dir/rosidl_typesupport_fastrtps_c/msg_interface/msg/detail/control__type_support_c.cpp.o[0m
[3.313s] [ 74%] [32mBuilding CXX object CMakeFiles/msg_interface__rosidl_typesupport_fastrtps_c.dir/rosidl_typesupport_fastrtps_c/msg_interface/msg/detail/force__type_support_c.cpp.o[0m
[3.358s] [ 76%] [32m[1mLinking CXX shared library libmsg_interface__rosidl_typesupport_fastrtps_c.so[0m
[3.502s] [ 76%] Built target msg_interface__rosidl_typesupport_fastrtps_c
[3.515s] [35m[1mScanning dependencies of target msg_interface[0m
[3.533s] [ 76%] Built target msg_interface
[3.552s] [35m[1mScanning dependencies of target msg_interface__py[0m
[3.567s] [ 78%] [34m[1mGenerating Python code for ROS interfaces[0m
[4.221s] [ 78%] Built target msg_interface__py
[4.232s] [35m[1mScanning dependencies of target msg_interface__python[0m
[4.255s] [ 82%] [32mBuilding C object CMakeFiles/msg_interface__python.dir/rosidl_generator_py/msg_interface/msg/_force_s.c.o[0m
[4.255s] [ 82%] [32mBuilding C object CMakeFiles/msg_interface__python.dir/rosidl_generator_py/msg_interface/msg/_velocity_s.c.o[0m
[4.255s] [ 85%] [32mBuilding C object CMakeFiles/msg_interface__python.dir/rosidl_generator_py/msg_interface/msg/_control_s.c.o[0m
[4.270s] [ 87%] [32m[1mLinking C shared library rosidl_generator_py/msg_interface/libmsg_interface__python.so[0m
[4.321s] [ 87%] Built target msg_interface__python
[4.333s] [35m[1mScanning dependencies of target msg_interface__rosidl_typesupport_c__pyext[0m
[4.334s] [35m[1mScanning dependencies of target msg_interface__rosidl_typesupport_introspection_c__pyext[0m
[4.334s] [35m[1mScanning dependencies of target msg_interface__rosidl_typesupport_fastrtps_c__pyext[0m
[4.352s] [ 93%] [32mBuilding C object CMakeFiles/msg_interface__rosidl_typesupport_fastrtps_c__pyext.dir/rosidl_generator_py/msg_interface/_msg_interface_s.ep.rosidl_typesupport_fastrtps_c.c.o[0m
[4.353s] [ 93%] [32mBuilding C object CMakeFiles/msg_interface__rosidl_typesupport_c__pyext.dir/rosidl_generator_py/msg_interface/_msg_interface_s.ep.rosidl_typesupport_c.c.o[0m
[4.353s] [ 93%] [32mBuilding C object CMakeFiles/msg_interface__rosidl_typesupport_introspection_c__pyext.dir/rosidl_generator_py/msg_interface/_msg_interface_s.ep.rosidl_typesupport_introspection_c.c.o[0m
[4.367s] [100%] [32m[1mLinking CXX shared library rosidl_generator_py/msg_interface/msg_interface_s__rosidl_typesupport_fastrtps_c.cpython-38-x86_64-linux-gnu.so[0m
[4.367s] [100%] [32m[1mLinking C shared library rosidl_generator_py/msg_interface/msg_interface_s__rosidl_typesupport_c.cpython-38-x86_64-linux-gnu.so[0m
[4.368s] [100%] [32m[1mLinking C shared library rosidl_generator_py/msg_interface/msg_interface_s__rosidl_typesupport_introspection_c.cpython-38-x86_64-linux-gnu.so[0m
[4.402s] [100%] Built target msg_interface__rosidl_typesupport_c__pyext
[4.402s] [100%] Built target msg_interface__rosidl_typesupport_introspection_c__pyext
[4.428s] [100%] Built target msg_interface__rosidl_typesupport_fastrtps_c__pyext
