[0.015s] Invoking command in '/root/sam_bot_description/src/joint_control/build/joint_control': CMAKE_PREFIX_PATH=${CMAKE_PREFIX_PATH}:/root/sam_bot_description/src/joint_init/install/joint_init:/opt/ros/foxy /usr/bin/cmake --build /root/sam_bot_description/src/joint_control/build/joint_control -- -j16 -l16
[0.081s] [35m[1mScanning dependencies of target joint[0m
[0.112s] [ 33%] [32mBuilding CXX object CMakeFiles/joint.dir/src/joint_controller.cpp.o[0m
[6.104s] [ 66%] [32m[1mLinking CXX executable ../../install/joint_control/lib/joint_control/joint[0m
[6.484s] [100%] Built target joint
[6.504s] Invoked command in '/root/sam_bot_description/src/joint_control/build/joint_control' returned '0': CMAKE_PREFIX_PATH=${CMAKE_PREFIX_PATH}:/root/sam_bot_description/src/joint_init/install/joint_init:/opt/ros/foxy /usr/bin/cmake --build /root/sam_bot_description/src/joint_control/build/joint_control -- -j16 -l16
[6.561s] Invoking command in '/root/sam_bot_description/src/joint_control/build/joint_control': CMAKE_PREFIX_PATH=${CMAKE_PREFIX_PATH}:/root/sam_bot_description/src/joint_init/install/joint_init:/opt/ros/foxy /usr/bin/cmake --install /root/sam_bot_description/src/joint_control/build/joint_control
[6.576s] -- Install configuration: ""
[6.576s] -- Up-to-date: /root/sam_bot_description/src/joint_control/install/joint_control/share/ament_index/resource_index/package_run_dependencies/joint_control
[6.577s] -- Up-to-date: /root/sam_bot_description/src/joint_control/install/joint_control/share/ament_index/resource_index/parent_prefix_path/joint_control
[6.577s] -- Up-to-date: /root/sam_bot_description/src/joint_control/install/joint_control/share/joint_control/environment/ament_prefix_path.sh
[6.577s] -- Up-to-date: /root/sam_bot_description/src/joint_control/install/joint_control/share/joint_control/environment/ament_prefix_path.dsv
[6.577s] -- Up-to-date: /root/sam_bot_description/src/joint_control/install/joint_control/share/joint_control/environment/path.sh
[6.577s] -- Up-to-date: /root/sam_bot_description/src/joint_control/install/joint_control/share/joint_control/environment/path.dsv
[6.578s] -- Up-to-date: /root/sam_bot_description/src/joint_control/install/joint_control/share/joint_control/local_setup.bash
[6.578s] -- Up-to-date: /root/sam_bot_description/src/joint_control/install/joint_control/share/joint_control/local_setup.sh
[6.578s] -- Up-to-date: /root/sam_bot_description/src/joint_control/install/joint_control/share/joint_control/local_setup.zsh
[6.578s] -- Up-to-date: /root/sam_bot_description/src/joint_control/install/joint_control/share/joint_control/local_setup.dsv
[6.578s] -- Installing: /root/sam_bot_description/src/joint_control/install/joint_control/share/joint_control/package.dsv
[6.578s] -- Up-to-date: /root/sam_bot_description/src/joint_control/install/joint_control/share/ament_index/resource_index/packages/joint_control
[6.578s] -- Up-to-date: /root/sam_bot_description/src/joint_control/install/joint_control/share/joint_control/cmake/joint_controlConfig.cmake
[6.578s] -- Up-to-date: /root/sam_bot_description/src/joint_control/install/joint_control/share/joint_control/cmake/joint_controlConfig-version.cmake
[6.578s] -- Up-to-date: /root/sam_bot_description/src/joint_control/install/joint_control/share/joint_control/package.xml
[6.581s] Invoked command in '/root/sam_bot_description/src/joint_control/build/joint_control' returned '0': CMAKE_PREFIX_PATH=${CMAKE_PREFIX_PATH}:/root/sam_bot_description/src/joint_init/install/joint_init:/opt/ros/foxy /usr/bin/cmake --install /root/sam_bot_description/src/joint_control/build/joint_control
