[  1%] Built target service_interface__cpp
[ 12%] Built target service_interface__rosidl_generator_c
[ 23%] Built target service_interface__rosidl_typesupport_cpp
[ 35%] Built target service_interface__rosidl_typesupport_introspection_cpp
[ 46%] Built target service_interface__rosidl_typesupport_c
[ 57%] Built target service_interface__rosidl_typesupport_introspection_c
[ 69%] Built target service_interface__rosidl_typesupport_fastrtps_cpp
[ 80%] Built target service_interface__rosidl_typesupport_fastrtps_c
[ 80%] Built target service_interface
[ 81%] Built target service_interface__py
[ 91%] Built target service_interface__python
[ 94%] Built target service_interface__rosidl_typesupport_introspection_c__pyext
[ 97%] Built target service_interface__rosidl_typesupport_c__pyext
[100%] Built target service_interface__rosidl_typesupport_fastrtps_c__pyext
-- Install configuration: ""
-- Up-to-date: /home/tan/Desktop/car_d/car_ws/install/service_interface/share/ament_index/resource_index/rosidl_interfaces/service_interface
-- Up-to-date: /home/tan/Desktop/car_d/car_ws/install/service_interface/include/service_interface
-- Up-to-date: /home/tan/Desktop/car_d/car_ws/install/service_interface/include/service_interface/srv
-- Up-to-date: /home/tan/Desktop/car_d/car_ws/install/service_interface/include/service_interface/srv/force_boundary_check.h
-- Up-to-date: /home/tan/Desktop/car_d/car_ws/install/service_interface/include/service_interface/srv/force.h
-- Up-to-date: /home/tan/Desktop/car_d/car_ws/install/service_interface/include/service_interface/srv/detail
-- Up-to-date: /home/tan/Desktop/car_d/car_ws/install/service_interface/include/service_interface/srv/detail/force__functions.h
-- Up-to-date: /home/tan/Desktop/car_d/car_ws/install/service_interface/include/service_interface/srv/detail/velocity_boundary_check__type_support.h
-- Up-to-date: /home/tan/Desktop/car_d/car_ws/install/service_interface/include/service_interface/srv/detail/location__type_support.h
-- Up-to-date: /home/tan/Desktop/car_d/car_ws/install/service_interface/include/service_interface/srv/detail/ready__functions.h
-- Up-to-date: /home/tan/Desktop/car_d/car_ws/install/service_interface/include/service_interface/srv/detail/location__struct.h
-- Up-to-date: /home/tan/Desktop/car_d/car_ws/install/service_interface/include/service_interface/srv/detail/force__struct.h
-- Up-to-date: /home/tan/Desktop/car_d/car_ws/install/service_interface/include/service_interface/srv/detail/ready__struct.h
-- Up-to-date: /home/tan/Desktop/car_d/car_ws/install/service_interface/include/service_interface/srv/detail/ready__type_support.h
-- Up-to-date: /home/tan/Desktop/car_d/car_ws/install/service_interface/include/service_interface/srv/detail/ready__functions.c
-- Up-to-date: /home/tan/Desktop/car_d/car_ws/install/service_interface/include/service_interface/srv/detail/velocity_boundary_check__functions.c
-- Up-to-date: /home/tan/Desktop/car_d/car_ws/install/service_interface/include/service_interface/srv/detail/force_boundary_check__functions.h
-- Up-to-date: /home/tan/Desktop/car_d/car_ws/install/service_interface/include/service_interface/srv/detail/poly_line_intersection_check__functions.h
-- Up-to-date: /home/tan/Desktop/car_d/car_ws/install/service_interface/include/service_interface/srv/detail/velocity_boundary_check__struct.h
-- Up-to-date: /home/tan/Desktop/car_d/car_ws/install/service_interface/include/service_interface/srv/detail/poly_line_intersection_check__functions.c
-- Up-to-date: /home/tan/Desktop/car_d/car_ws/install/service_interface/include/service_interface/srv/detail/force_boundary_check__functions.c
-- Up-to-date: /home/tan/Desktop/car_d/car_ws/install/service_interface/include/service_interface/srv/detail/force_boundary_check__type_support.h
-- Up-to-date: /home/tan/Desktop/car_d/car_ws/install/service_interface/include/service_interface/srv/detail/force__type_support.h
-- Up-to-date: /home/tan/Desktop/car_d/car_ws/install/service_interface/include/service_interface/srv/detail/poly_line_intersection_check__type_support.h
-- Up-to-date: /home/tan/Desktop/car_d/car_ws/install/service_interface/include/service_interface/srv/detail/poly_line_intersection_check__struct.h
-- Up-to-date: /home/tan/Desktop/car_d/car_ws/install/service_interface/include/service_interface/srv/detail/force__functions.c
-- Up-to-date: /home/tan/Desktop/car_d/car_ws/install/service_interface/include/service_interface/srv/detail/location__functions.c
-- Up-to-date: /home/tan/Desktop/car_d/car_ws/install/service_interface/include/service_interface/srv/detail/force_boundary_check__struct.h
-- Up-to-date: /home/tan/Desktop/car_d/car_ws/install/service_interface/include/service_interface/srv/detail/location__functions.h
-- Up-to-date: /home/tan/Desktop/car_d/car_ws/install/service_interface/include/service_interface/srv/detail/velocity_boundary_check__functions.h
-- Up-to-date: /home/tan/Desktop/car_d/car_ws/install/service_interface/include/service_interface/srv/velocity_boundary_check.h
-- Up-to-date: /home/tan/Desktop/car_d/car_ws/install/service_interface/include/service_interface/srv/ready.h
-- Up-to-date: /home/tan/Desktop/car_d/car_ws/install/service_interface/include/service_interface/srv/location.h
-- Up-to-date: /home/tan/Desktop/car_d/car_ws/install/service_interface/include/service_interface/srv/poly_line_intersection_check.h
-- Up-to-date: /home/tan/Desktop/car_d/car_ws/install/service_interface/include/service_interface/msg
-- Up-to-date: /home/tan/Desktop/car_d/car_ws/install/service_interface/include/service_interface/msg/rosidl_generator_c__visibility_control.h
-- Up-to-date: /home/tan/Desktop/car_d/car_ws/install/service_interface/share/service_interface/environment/library_path.sh
-- Up-to-date: /home/tan/Desktop/car_d/car_ws/install/service_interface/share/service_interface/environment/library_path.dsv
-- Up-to-date: /home/tan/Desktop/car_d/car_ws/install/service_interface/lib/libservice_interface__rosidl_generator_c.so
-- Up-to-date: /home/tan/Desktop/car_d/car_ws/install/service_interface/include/service_interface
-- Up-to-date: /home/tan/Desktop/car_d/car_ws/install/service_interface/include/service_interface/srv
-- Up-to-date: /home/tan/Desktop/car_d/car_ws/install/service_interface/include/service_interface/srv/detail
-- Up-to-date: /home/tan/Desktop/car_d/car_ws/install/service_interface/include/service_interface/srv/detail/force_boundary_check__rosidl_typesupport_fastrtps_c.h
-- Up-to-date: /home/tan/Desktop/car_d/car_ws/install/service_interface/include/service_interface/srv/detail/location__rosidl_typesupport_fastrtps_c.h
-- Up-to-date: /home/tan/Desktop/car_d/car_ws/install/service_interface/include/service_interface/srv/detail/velocity_boundary_check__rosidl_typesupport_fastrtps_c.h
-- Up-to-date: /home/tan/Desktop/car_d/car_ws/install/service_interface/include/service_interface/srv/detail/ready__rosidl_typesupport_fastrtps_c.h
-- Up-to-date: /home/tan/Desktop/car_d/car_ws/install/service_interface/include/service_interface/srv/detail/force__rosidl_typesupport_fastrtps_c.h
-- Up-to-date: /home/tan/Desktop/car_d/car_ws/install/service_interface/include/service_interface/srv/detail/poly_line_intersection_check__rosidl_typesupport_fastrtps_c.h
-- Up-to-date: /home/tan/Desktop/car_d/car_ws/install/service_interface/include/service_interface/msg
-- Up-to-date: /home/tan/Desktop/car_d/car_ws/install/service_interface/include/service_interface/msg/rosidl_typesupport_fastrtps_c__visibility_control.h
-- Up-to-date: /home/tan/Desktop/car_d/car_ws/install/service_interface/lib/libservice_interface__rosidl_typesupport_fastrtps_c.so
-- Up-to-date: /home/tan/Desktop/car_d/car_ws/install/service_interface/include/service_interface
-- Up-to-date: /home/tan/Desktop/car_d/car_ws/install/service_interface/include/service_interface/srv
-- Up-to-date: /home/tan/Desktop/car_d/car_ws/install/service_interface/include/service_interface/srv/detail
-- Up-to-date: /home/tan/Desktop/car_d/car_ws/install/service_interface/include/service_interface/srv/detail/velocity_boundary_check__rosidl_typesupport_fastrtps_cpp.hpp
-- Up-to-date: /home/tan/Desktop/car_d/car_ws/install/service_interface/include/service_interface/srv/detail/ready__rosidl_typesupport_fastrtps_cpp.hpp
-- Up-to-date: /home/tan/Desktop/car_d/car_ws/install/service_interface/include/service_interface/srv/detail/location__rosidl_typesupport_fastrtps_cpp.hpp
-- Up-to-date: /home/tan/Desktop/car_d/car_ws/install/service_interface/include/service_interface/srv/detail/dds_fastrtps
-- Up-to-date: /home/tan/Desktop/car_d/car_ws/install/service_interface/include/service_interface/srv/detail/force_boundary_check__rosidl_typesupport_fastrtps_cpp.hpp
-- Up-to-date: /home/tan/Desktop/car_d/car_ws/install/service_interface/include/service_interface/srv/detail/poly_line_intersection_check__rosidl_typesupport_fastrtps_cpp.hpp
-- Up-to-date: /home/tan/Desktop/car_d/car_ws/install/service_interface/include/service_interface/srv/detail/force__rosidl_typesupport_fastrtps_cpp.hpp
-- Up-to-date: /home/tan/Desktop/car_d/car_ws/install/service_interface/include/service_interface/msg
-- Up-to-date: /home/tan/Desktop/car_d/car_ws/install/service_interface/include/service_interface/msg/rosidl_typesupport_fastrtps_cpp__visibility_control.h
-- Up-to-date: /home/tan/Desktop/car_d/car_ws/install/service_interface/lib/libservice_interface__rosidl_typesupport_fastrtps_cpp.so
-- Up-to-date: /home/tan/Desktop/car_d/car_ws/install/service_interface/include/service_interface
-- Up-to-date: /home/tan/Desktop/car_d/car_ws/install/service_interface/include/service_interface/srv
-- Up-to-date: /home/tan/Desktop/car_d/car_ws/install/service_interface/include/service_interface/srv/detail
-- Up-to-date: /home/tan/Desktop/car_d/car_ws/install/service_interface/include/service_interface/srv/detail/poly_line_intersection_check__rosidl_typesupport_introspection_c.h
-- Up-to-date: /home/tan/Desktop/car_d/car_ws/install/service_interface/include/service_interface/srv/detail/velocity_boundary_check__rosidl_typesupport_introspection_c.h
-- Up-to-date: /home/tan/Desktop/car_d/car_ws/install/service_interface/include/service_interface/srv/detail/force_boundary_check__type_support.c
-- Up-to-date: /home/tan/Desktop/car_d/car_ws/install/service_interface/include/service_interface/srv/detail/ready__type_support.c
-- Up-to-date: /home/tan/Desktop/car_d/car_ws/install/service_interface/include/service_interface/srv/detail/force__rosidl_typesupport_introspection_c.h
-- Up-to-date: /home/tan/Desktop/car_d/car_ws/install/service_interface/include/service_interface/srv/detail/location__rosidl_typesupport_introspection_c.h
-- Up-to-date: /home/tan/Desktop/car_d/car_ws/install/service_interface/include/service_interface/srv/detail/poly_line_intersection_check__type_support.c
-- Up-to-date: /home/tan/Desktop/car_d/car_ws/install/service_interface/include/service_interface/srv/detail/velocity_boundary_check__type_support.c
-- Up-to-date: /home/tan/Desktop/car_d/car_ws/install/service_interface/include/service_interface/srv/detail/force_boundary_check__rosidl_typesupport_introspection_c.h
-- Up-to-date: /home/tan/Desktop/car_d/car_ws/install/service_interface/include/service_interface/srv/detail/force__type_support.c
-- Up-to-date: /home/tan/Desktop/car_d/car_ws/install/service_interface/include/service_interface/srv/detail/location__type_support.c
-- Up-to-date: /home/tan/Desktop/car_d/car_ws/install/service_interface/include/service_interface/srv/detail/ready__rosidl_typesupport_introspection_c.h
-- Up-to-date: /home/tan/Desktop/car_d/car_ws/install/service_interface/include/service_interface/msg
-- Up-to-date: /home/tan/Desktop/car_d/car_ws/install/service_interface/include/service_interface/msg/rosidl_typesupport_introspection_c__visibility_control.h
-- Up-to-date: /home/tan/Desktop/car_d/car_ws/install/service_interface/lib/libservice_interface__rosidl_typesupport_introspection_c.so
-- Up-to-date: /home/tan/Desktop/car_d/car_ws/install/service_interface/lib/libservice_interface__rosidl_typesupport_c.so
-- Up-to-date: /home/tan/Desktop/car_d/car_ws/install/service_interface/include/service_interface
-- Up-to-date: /home/tan/Desktop/car_d/car_ws/install/service_interface/include/service_interface/srv
-- Up-to-date: /home/tan/Desktop/car_d/car_ws/install/service_interface/include/service_interface/srv/poly_line_intersection_check.hpp
-- Up-to-date: /home/tan/Desktop/car_d/car_ws/install/service_interface/include/service_interface/srv/force.hpp
-- Up-to-date: /home/tan/Desktop/car_d/car_ws/install/service_interface/include/service_interface/srv/ready.hpp
-- Up-to-date: /home/tan/Desktop/car_d/car_ws/install/service_interface/include/service_interface/srv/location.hpp
-- Up-to-date: /home/tan/Desktop/car_d/car_ws/install/service_interface/include/service_interface/srv/force_boundary_check.hpp
-- Up-to-date: /home/tan/Desktop/car_d/car_ws/install/service_interface/include/service_interface/srv/detail
-- Up-to-date: /home/tan/Desktop/car_d/car_ws/install/service_interface/include/service_interface/srv/detail/force_boundary_check__builder.hpp
-- Up-to-date: /home/tan/Desktop/car_d/car_ws/install/service_interface/include/service_interface/srv/detail/velocity_boundary_check__struct.hpp
-- Up-to-date: /home/tan/Desktop/car_d/car_ws/install/service_interface/include/service_interface/srv/detail/velocity_boundary_check__builder.hpp
-- Up-to-date: /home/tan/Desktop/car_d/car_ws/install/service_interface/include/service_interface/srv/detail/velocity_boundary_check__traits.hpp
-- Up-to-date: /home/tan/Desktop/car_d/car_ws/install/service_interface/include/service_interface/srv/detail/force__builder.hpp
-- Up-to-date: /home/tan/Desktop/car_d/car_ws/install/service_interface/include/service_interface/srv/detail/force_boundary_check__struct.hpp
-- Up-to-date: /home/tan/Desktop/car_d/car_ws/install/service_interface/include/service_interface/srv/detail/ready__builder.hpp
-- Up-to-date: /home/tan/Desktop/car_d/car_ws/install/service_interface/include/service_interface/srv/detail/ready__struct.hpp
-- Up-to-date: /home/tan/Desktop/car_d/car_ws/install/service_interface/include/service_interface/srv/detail/ready__traits.hpp
-- Up-to-date: /home/tan/Desktop/car_d/car_ws/install/service_interface/include/service_interface/srv/detail/poly_line_intersection_check__traits.hpp
-- Up-to-date: /home/tan/Desktop/car_d/car_ws/install/service_interface/include/service_interface/srv/detail/force__traits.hpp
-- Up-to-date: /home/tan/Desktop/car_d/car_ws/install/service_interface/include/service_interface/srv/detail/location__struct.hpp
-- Up-to-date: /home/tan/Desktop/car_d/car_ws/install/service_interface/include/service_interface/srv/detail/location__traits.hpp
-- Up-to-date: /home/tan/Desktop/car_d/car_ws/install/service_interface/include/service_interface/srv/detail/poly_line_intersection_check__struct.hpp
-- Up-to-date: /home/tan/Desktop/car_d/car_ws/install/service_interface/include/service_interface/srv/detail/force__struct.hpp
-- Up-to-date: /home/tan/Desktop/car_d/car_ws/install/service_interface/include/service_interface/srv/detail/force_boundary_check__traits.hpp
-- Up-to-date: /home/tan/Desktop/car_d/car_ws/install/service_interface/include/service_interface/srv/detail/location__builder.hpp
-- Up-to-date: /home/tan/Desktop/car_d/car_ws/install/service_interface/include/service_interface/srv/detail/poly_line_intersection_check__builder.hpp
-- Up-to-date: /home/tan/Desktop/car_d/car_ws/install/service_interface/include/service_interface/srv/velocity_boundary_check.hpp
-- Up-to-date: /home/tan/Desktop/car_d/car_ws/install/service_interface/include/service_interface
-- Up-to-date: /home/tan/Desktop/car_d/car_ws/install/service_interface/include/service_interface/srv
-- Up-to-date: /home/tan/Desktop/car_d/car_ws/install/service_interface/include/service_interface/srv/detail
-- Up-to-date: /home/tan/Desktop/car_d/car_ws/install/service_interface/include/service_interface/srv/detail/velocity_boundary_check__type_support.cpp
-- Up-to-date: /home/tan/Desktop/car_d/car_ws/install/service_interface/include/service_interface/srv/detail/poly_line_intersection_check__type_support.cpp
-- Up-to-date: /home/tan/Desktop/car_d/car_ws/install/service_interface/include/service_interface/srv/detail/force__type_support.cpp
-- Up-to-date: /home/tan/Desktop/car_d/car_ws/install/service_interface/include/service_interface/srv/detail/ready__type_support.cpp
-- Up-to-date: /home/tan/Desktop/car_d/car_ws/install/service_interface/include/service_interface/srv/detail/force_boundary_check__rosidl_typesupport_introspection_cpp.hpp
-- Up-to-date: /home/tan/Desktop/car_d/car_ws/install/service_interface/include/service_interface/srv/detail/ready__rosidl_typesupport_introspection_cpp.hpp
-- Up-to-date: /home/tan/Desktop/car_d/car_ws/install/service_interface/include/service_interface/srv/detail/force__rosidl_typesupport_introspection_cpp.hpp
-- Up-to-date: /home/tan/Desktop/car_d/car_ws/install/service_interface/include/service_interface/srv/detail/force_boundary_check__type_support.cpp
-- Up-to-date: /home/tan/Desktop/car_d/car_ws/install/service_interface/include/service_interface/srv/detail/velocity_boundary_check__rosidl_typesupport_introspection_cpp.hpp
-- Up-to-date: /home/tan/Desktop/car_d/car_ws/install/service_interface/include/service_interface/srv/detail/location__rosidl_typesupport_introspection_cpp.hpp
-- Up-to-date: /home/tan/Desktop/car_d/car_ws/install/service_interface/include/service_interface/srv/detail/poly_line_intersection_check__rosidl_typesupport_introspection_cpp.hpp
-- Up-to-date: /home/tan/Desktop/car_d/car_ws/install/service_interface/include/service_interface/srv/detail/location__type_support.cpp
-- Up-to-date: /home/tan/Desktop/car_d/car_ws/install/service_interface/lib/libservice_interface__rosidl_typesupport_introspection_cpp.so
-- Up-to-date: /home/tan/Desktop/car_d/car_ws/install/service_interface/lib/libservice_interface__rosidl_typesupport_cpp.so
-- Up-to-date: /home/tan/Desktop/car_d/car_ws/install/service_interface/share/service_interface/environment/pythonpath.sh
-- Up-to-date: /home/tan/Desktop/car_d/car_ws/install/service_interface/share/service_interface/environment/pythonpath.dsv
-- Up-to-date: /home/tan/Desktop/car_d/car_ws/install/service_interface/lib/python3.8/site-packages/service_interface/__init__.py
-- Up-to-date: /home/tan/Desktop/car_d/car_ws/install/service_interface/lib/python3.8/site-packages/service_interface/srv
-- Up-to-date: /home/tan/Desktop/car_d/car_ws/install/service_interface/lib/python3.8/site-packages/service_interface/srv/_force_boundary_check_s.c
-- Up-to-date: /home/tan/Desktop/car_d/car_ws/install/service_interface/lib/python3.8/site-packages/service_interface/srv/_ready.py
-- Up-to-date: /home/tan/Desktop/car_d/car_ws/install/service_interface/lib/python3.8/site-packages/service_interface/srv/_force_s.c
-- Up-to-date: /home/tan/Desktop/car_d/car_ws/install/service_interface/lib/python3.8/site-packages/service_interface/srv/_force_boundary_check.py
-- Up-to-date: /home/tan/Desktop/car_d/car_ws/install/service_interface/lib/python3.8/site-packages/service_interface/srv/_poly_line_intersection_check.py
-- Up-to-date: /home/tan/Desktop/car_d/car_ws/install/service_interface/lib/python3.8/site-packages/service_interface/srv/_velocity_boundary_check_s.c
-- Up-to-date: /home/tan/Desktop/car_d/car_ws/install/service_interface/lib/python3.8/site-packages/service_interface/srv/_ready_s.c
-- Up-to-date: /home/tan/Desktop/car_d/car_ws/install/service_interface/lib/python3.8/site-packages/service_interface/srv/_force.py
-- Up-to-date: /home/tan/Desktop/car_d/car_ws/install/service_interface/lib/python3.8/site-packages/service_interface/srv/_location.py
-- Up-to-date: /home/tan/Desktop/car_d/car_ws/install/service_interface/lib/python3.8/site-packages/service_interface/srv/__init__.py
-- Up-to-date: /home/tan/Desktop/car_d/car_ws/install/service_interface/lib/python3.8/site-packages/service_interface/srv/_velocity_boundary_check.py
-- Up-to-date: /home/tan/Desktop/car_d/car_ws/install/service_interface/lib/python3.8/site-packages/service_interface/srv/_location_s.c
-- Up-to-date: /home/tan/Desktop/car_d/car_ws/install/service_interface/lib/python3.8/site-packages/service_interface/srv/_poly_line_intersection_check_s.c
-- Up-to-date: /home/tan/Desktop/car_d/car_ws/install/service_interface/lib/python3.8/site-packages/service_interface/service_interface_s__rosidl_typesupport_fastrtps_c.cpython-38-x86_64-linux-gnu.so
-- Up-to-date: /home/tan/Desktop/car_d/car_ws/install/service_interface/lib/python3.8/site-packages/service_interface/service_interface_s__rosidl_typesupport_introspection_c.cpython-38-x86_64-linux-gnu.so
-- Up-to-date: /home/tan/Desktop/car_d/car_ws/install/service_interface/lib/python3.8/site-packages/service_interface/service_interface_s__rosidl_typesupport_c.cpython-38-x86_64-linux-gnu.so
-- Up-to-date: /home/tan/Desktop/car_d/car_ws/install/service_interface/lib/libservice_interface__python.so
-- Up-to-date: /home/tan/Desktop/car_d/car_ws/install/service_interface/share/service_interface/srv/Force.idl
-- Up-to-date: /home/tan/Desktop/car_d/car_ws/install/service_interface/share/service_interface/srv/Location.idl
-- Up-to-date: /home/tan/Desktop/car_d/car_ws/install/service_interface/share/service_interface/srv/ForceBoundaryCheck.idl
-- Up-to-date: /home/tan/Desktop/car_d/car_ws/install/service_interface/share/service_interface/srv/VelocityBoundaryCheck.idl
-- Up-to-date: /home/tan/Desktop/car_d/car_ws/install/service_interface/share/service_interface/srv/PolyLineIntersectionCheck.idl
-- Up-to-date: /home/tan/Desktop/car_d/car_ws/install/service_interface/share/service_interface/srv/Ready.idl
-- Up-to-date: /home/tan/Desktop/car_d/car_ws/install/service_interface/share/service_interface/srv/Force.srv
-- Up-to-date: /home/tan/Desktop/car_d/car_ws/install/service_interface/share/service_interface/srv/Force_Request.msg
-- Up-to-date: /home/tan/Desktop/car_d/car_ws/install/service_interface/share/service_interface/srv/Force_Response.msg
-- Up-to-date: /home/tan/Desktop/car_d/car_ws/install/service_interface/share/service_interface/srv/Location.srv
-- Up-to-date: /home/tan/Desktop/car_d/car_ws/install/service_interface/share/service_interface/srv/Location_Request.msg
-- Up-to-date: /home/tan/Desktop/car_d/car_ws/install/service_interface/share/service_interface/srv/Location_Response.msg
-- Up-to-date: /home/tan/Desktop/car_d/car_ws/install/service_interface/share/service_interface/srv/ForceBoundaryCheck.srv
-- Up-to-date: /home/tan/Desktop/car_d/car_ws/install/service_interface/share/service_interface/srv/ForceBoundaryCheck_Request.msg
-- Up-to-date: /home/tan/Desktop/car_d/car_ws/install/service_interface/share/service_interface/srv/ForceBoundaryCheck_Response.msg
-- Up-to-date: /home/tan/Desktop/car_d/car_ws/install/service_interface/share/service_interface/srv/VelocityBoundaryCheck.srv
-- Up-to-date: /home/tan/Desktop/car_d/car_ws/install/service_interface/share/service_interface/srv/VelocityBoundaryCheck_Request.msg
-- Up-to-date: /home/tan/Desktop/car_d/car_ws/install/service_interface/share/service_interface/srv/VelocityBoundaryCheck_Response.msg
-- Up-to-date: /home/tan/Desktop/car_d/car_ws/install/service_interface/share/service_interface/srv/PolyLineIntersectionCheck.srv
-- Up-to-date: /home/tan/Desktop/car_d/car_ws/install/service_interface/share/service_interface/srv/PolyLineIntersectionCheck_Request.msg
-- Up-to-date: /home/tan/Desktop/car_d/car_ws/install/service_interface/share/service_interface/srv/PolyLineIntersectionCheck_Response.msg
-- Up-to-date: /home/tan/Desktop/car_d/car_ws/install/service_interface/share/service_interface/srv/Ready.srv
-- Up-to-date: /home/tan/Desktop/car_d/car_ws/install/service_interface/share/service_interface/srv/Ready_Request.msg
-- Up-to-date: /home/tan/Desktop/car_d/car_ws/install/service_interface/share/service_interface/srv/Ready_Response.msg
-- Up-to-date: /home/tan/Desktop/car_d/car_ws/install/service_interface/share/ament_index/resource_index/package_run_dependencies/service_interface
-- Up-to-date: /home/tan/Desktop/car_d/car_ws/install/service_interface/share/ament_index/resource_index/parent_prefix_path/service_interface
-- Up-to-date: /home/tan/Desktop/car_d/car_ws/install/service_interface/share/service_interface/environment/ament_prefix_path.sh
-- Up-to-date: /home/tan/Desktop/car_d/car_ws/install/service_interface/share/service_interface/environment/ament_prefix_path.dsv
-- Up-to-date: /home/tan/Desktop/car_d/car_ws/install/service_interface/share/service_interface/environment/path.sh
-- Up-to-date: /home/tan/Desktop/car_d/car_ws/install/service_interface/share/service_interface/environment/path.dsv
-- Up-to-date: /home/tan/Desktop/car_d/car_ws/install/service_interface/share/service_interface/local_setup.bash
-- Up-to-date: /home/tan/Desktop/car_d/car_ws/install/service_interface/share/service_interface/local_setup.sh
-- Up-to-date: /home/tan/Desktop/car_d/car_ws/install/service_interface/share/service_interface/local_setup.zsh
-- Up-to-date: /home/tan/Desktop/car_d/car_ws/install/service_interface/share/service_interface/local_setup.dsv
-- Installing: /home/tan/Desktop/car_d/car_ws/install/service_interface/share/service_interface/package.dsv
-- Up-to-date: /home/tan/Desktop/car_d/car_ws/install/service_interface/share/ament_index/resource_index/packages/service_interface
-- Up-to-date: /home/tan/Desktop/car_d/car_ws/install/service_interface/share/service_interface/cmake/service_interface__rosidl_generator_cExport.cmake
-- Up-to-date: /home/tan/Desktop/car_d/car_ws/install/service_interface/share/service_interface/cmake/service_interface__rosidl_generator_cExport-noconfig.cmake
-- Up-to-date: /home/tan/Desktop/car_d/car_ws/install/service_interface/share/service_interface/cmake/service_interface__rosidl_typesupport_introspection_cExport.cmake
-- Up-to-date: /home/tan/Desktop/car_d/car_ws/install/service_interface/share/service_interface/cmake/service_interface__rosidl_typesupport_introspection_cExport-noconfig.cmake
-- Up-to-date: /home/tan/Desktop/car_d/car_ws/install/service_interface/share/service_interface/cmake/service_interface__rosidl_typesupport_cExport.cmake
-- Up-to-date: /home/tan/Desktop/car_d/car_ws/install/service_interface/share/service_interface/cmake/service_interface__rosidl_typesupport_cExport-noconfig.cmake
-- Up-to-date: /home/tan/Desktop/car_d/car_ws/install/service_interface/share/service_interface/cmake/service_interface__rosidl_generator_cppExport.cmake
-- Up-to-date: /home/tan/Desktop/car_d/car_ws/install/service_interface/share/service_interface/cmake/service_interface__rosidl_typesupport_introspection_cppExport.cmake
-- Up-to-date: /home/tan/Desktop/car_d/car_ws/install/service_interface/share/service_interface/cmake/service_interface__rosidl_typesupport_introspection_cppExport-noconfig.cmake
-- Up-to-date: /home/tan/Desktop/car_d/car_ws/install/service_interface/share/service_interface/cmake/service_interface__rosidl_typesupport_cppExport.cmake
-- Up-to-date: /home/tan/Desktop/car_d/car_ws/install/service_interface/share/service_interface/cmake/service_interface__rosidl_typesupport_cppExport-noconfig.cmake
-- Up-to-date: /home/tan/Desktop/car_d/car_ws/install/service_interface/share/service_interface/cmake/rosidl_cmake-extras.cmake
-- Up-to-date: /home/tan/Desktop/car_d/car_ws/install/service_interface/share/service_interface/cmake/ament_cmake_export_dependencies-extras.cmake
-- Up-to-date: /home/tan/Desktop/car_d/car_ws/install/service_interface/share/service_interface/cmake/ament_cmake_export_libraries-extras.cmake
-- Up-to-date: /home/tan/Desktop/car_d/car_ws/install/service_interface/share/service_interface/cmake/ament_cmake_export_targets-extras.cmake
-- Up-to-date: /home/tan/Desktop/car_d/car_ws/install/service_interface/share/service_interface/cmake/ament_cmake_export_include_directories-extras.cmake
-- Up-to-date: /home/tan/Desktop/car_d/car_ws/install/service_interface/share/service_interface/cmake/rosidl_cmake_export_typesupport_libraries-extras.cmake
-- Up-to-date: /home/tan/Desktop/car_d/car_ws/install/service_interface/share/service_interface/cmake/rosidl_cmake_export_typesupport_targets-extras.cmake
-- Up-to-date: /home/tan/Desktop/car_d/car_ws/install/service_interface/share/service_interface/cmake/service_interfaceConfig.cmake
-- Up-to-date: /home/tan/Desktop/car_d/car_ws/install/service_interface/share/service_interface/cmake/service_interfaceConfig-version.cmake
-- Up-to-date: /home/tan/Desktop/car_d/car_ws/install/service_interface/share/service_interface/package.xml
