[0.431s] DEBUG:colcon:Command line arguments: ['/usr/bin/colcon', 'build']
[0.431s] DEBUG:colcon:Parsed command line arguments: Namespace(ament_cmake_args=None, base_paths=['.'], build_base='build', catkin_cmake_args=None, catkin_skip_building_tests=False, cmake_args=None, cmake_clean_cache=False, cmake_clean_first=False, cmake_force_configure=False, cmake_target=None, cmake_target_skip_unavailable=False, continue_on_error=False, event_handlers=None, executor='parallel', ignore_user_meta=False, install_base='install', log_base=None, log_level=None, main=<bound method BuildVerb.main of <colcon_core.verb.build.BuildVerb object at 0x7f7625b7bac0>>, merge_install=False, metas=['./colcon.meta'], mixin=None, mixin_files=None, mixin_verb=('build',), packages_above=None, packages_above_and_dependencies=None, packages_above_depth=None, packages_end=None, packages_ignore=None, packages_ignore_regex=None, packages_select=None, packages_select_build_failed=False, packages_select_by_dep=None, packages_select_regex=None, packages_select_test_failures=False, packages_skip=None, packages_skip_build_finished=False, packages_skip_by_dep=None, packages_skip_regex=None, packages_skip_test_passed=False, packages_skip_up_to=None, packages_start=None, packages_up_to=None, packages_up_to_regex=None, parallel_workers=8, paths=None, symlink_install=False, test_result_base=None, verb_extension=<colcon_core.verb.build.BuildVerb object at 0x7f7625b7bac0>, verb_name='build', verb_parser=<colcon_mixin.mixin.mixin_argument.MixinArgumentDecorator object at 0x7f7625b8d0d0>)
[0.437s] Level 1:colcon.colcon_core.package_discovery:discover_packages(colcon_meta) check parameters
[0.438s] INFO:colcon.colcon_metadata.package_discovery.colcon_meta:Using configuration from '/root/.colcon/metadata/default/Gazebo.meta'
[0.439s] INFO:colcon.colcon_metadata.package_discovery.colcon_meta:Using configuration from '/root/.colcon/metadata/default/fastrtps.meta'
[0.439s] Level 1:colcon.colcon_core.package_discovery:discover_packages(recursive) check parameters
[0.439s] Level 1:colcon.colcon_core.package_discovery:discover_packages(ignore) check parameters
[0.439s] Level 1:colcon.colcon_core.package_discovery:discover_packages(path) check parameters
[0.439s] Level 1:colcon.colcon_core.package_discovery:discover_packages(colcon_meta) discover
[0.439s] Level 1:colcon.colcon_core.package_discovery:discover_packages(recursive) discover
[0.439s] INFO:colcon.colcon_core.package_discovery:Crawling recursively for packages in '/root/host_ws/src/trx6_mobile_robot'
[0.440s] Level 1:colcon.colcon_core.package_identification:_identify(.) by extensions ['ignore', 'ignore_ament_install']
[0.440s] Level 1:colcon.colcon_core.package_identification:_identify(.) by extension 'ignore'
[0.440s] Level 1:colcon.colcon_core.package_identification:_identify(.) by extension 'ignore_ament_install'
[0.440s] Level 1:colcon.colcon_core.package_identification:_identify(.) by extensions ['colcon_pkg']
[0.440s] Level 1:colcon.colcon_core.package_identification:_identify(.) by extension 'colcon_pkg'
[0.440s] Level 1:colcon.colcon_core.package_identification:_identify(.) by extensions ['colcon_meta']
[0.440s] Level 1:colcon.colcon_core.package_identification:_identify(.) by extension 'colcon_meta'
[0.440s] Level 1:colcon.colcon_core.package_identification:_identify(.) by extensions ['ros']
[0.440s] Level 1:colcon.colcon_core.package_identification:_identify(.) by extension 'ros'
[0.462s] DEBUG:colcon.colcon_core.package_identification:Package '.' with type 'ros.ament_cmake' and name 'trx6_mobile_robot'
[0.462s] Level 1:colcon.colcon_core.package_discovery:discover_packages(recursive) using defaults
[0.462s] Level 1:colcon.colcon_core.package_discovery:discover_packages(ignore) discover
[0.462s] Level 1:colcon.colcon_core.package_discovery:discover_packages(ignore) using defaults
[0.462s] Level 1:colcon.colcon_core.package_discovery:discover_packages(path) discover
[0.462s] Level 1:colcon.colcon_core.package_discovery:discover_packages(path) using defaults
[0.486s] Level 5:colcon.colcon_core.verb:set package 'trx6_mobile_robot' build argument 'cmake_args' from command line to 'None'
[0.487s] Level 5:colcon.colcon_core.verb:set package 'trx6_mobile_robot' build argument 'cmake_target' from command line to 'None'
[0.487s] Level 5:colcon.colcon_core.verb:set package 'trx6_mobile_robot' build argument 'cmake_target_skip_unavailable' from command line to 'False'
[0.487s] Level 5:colcon.colcon_core.verb:set package 'trx6_mobile_robot' build argument 'cmake_clean_cache' from command line to 'False'
[0.487s] Level 5:colcon.colcon_core.verb:set package 'trx6_mobile_robot' build argument 'cmake_clean_first' from command line to 'False'
[0.487s] Level 5:colcon.colcon_core.verb:set package 'trx6_mobile_robot' build argument 'cmake_force_configure' from command line to 'False'
[0.487s] Level 5:colcon.colcon_core.verb:set package 'trx6_mobile_robot' build argument 'ament_cmake_args' from command line to 'None'
[0.487s] Level 5:colcon.colcon_core.verb:set package 'trx6_mobile_robot' build argument 'catkin_cmake_args' from command line to 'None'
[0.487s] Level 5:colcon.colcon_core.verb:set package 'trx6_mobile_robot' build argument 'catkin_skip_building_tests' from command line to 'False'
[0.487s] DEBUG:colcon.colcon_core.verb:Building package 'trx6_mobile_robot' with the following arguments: {'ament_cmake_args': None, 'build_base': '/root/host_ws/src/trx6_mobile_robot/build/trx6_mobile_robot', 'catkin_cmake_args': None, 'catkin_skip_building_tests': False, 'cmake_args': None, 'cmake_clean_cache': False, 'cmake_clean_first': False, 'cmake_force_configure': False, 'cmake_target': None, 'cmake_target_skip_unavailable': False, 'install_base': '/root/host_ws/src/trx6_mobile_robot/install/trx6_mobile_robot', 'merge_install': False, 'path': '/root/host_ws/src/trx6_mobile_robot', 'symlink_install': False, 'test_result_base': None}
[0.487s] INFO:colcon.colcon_core.executor:Executing jobs using 'parallel' executor
[0.490s] DEBUG:colcon.colcon_parallel_executor.executor.parallel:run_until_complete
[0.490s] INFO:colcon.colcon_ros.task.ament_cmake.build:Building ROS package in '/root/host_ws/src/trx6_mobile_robot' with build type 'ament_cmake'
[0.491s] INFO:colcon.colcon_cmake.task.cmake.build:Building CMake package in '/root/host_ws/src/trx6_mobile_robot'
[0.495s] INFO:colcon.colcon_core.plugin_system:Skipping extension 'colcon_core.shell.bat': Not used on non-Windows systems
[0.495s] INFO:colcon.colcon_core.shell:Skip shell extension 'powershell' for command environment: Not usable outside of PowerShell
[0.495s] DEBUG:colcon.colcon_core.shell:Skip shell extension 'dsv' for command environment
[0.498s] DEBUG:colcon.colcon_core.shell:Ignoring prefix path '/opt/ros/foxy'
[0.509s] DEBUG:colcon.colcon_core.event_handler.log_command:Invoking command in '/root/host_ws/src/trx6_mobile_robot/build/trx6_mobile_robot': CMAKE_PREFIX_PATH=${CMAKE_PREFIX_PATH}:/opt/ros/foxy /usr/bin/cmake /root/host_ws/src/trx6_mobile_robot -DCMAKE_INSTALL_PREFIX=/root/host_ws/src/trx6_mobile_robot/install/trx6_mobile_robot
[1.566s] DEBUG:colcon.colcon_core.event_handler.log_command:Invoked command in '/root/host_ws/src/trx6_mobile_robot/build/trx6_mobile_robot' returned '0': CMAKE_PREFIX_PATH=${CMAKE_PREFIX_PATH}:/opt/ros/foxy /usr/bin/cmake /root/host_ws/src/trx6_mobile_robot -DCMAKE_INSTALL_PREFIX=/root/host_ws/src/trx6_mobile_robot/install/trx6_mobile_robot
[1.567s] DEBUG:colcon.colcon_core.event_handler.log_command:Invoking command in '/root/host_ws/src/trx6_mobile_robot/build/trx6_mobile_robot': CMAKE_PREFIX_PATH=${CMAKE_PREFIX_PATH}:/opt/ros/foxy /usr/bin/cmake --build /root/host_ws/src/trx6_mobile_robot/build/trx6_mobile_robot -- -j8 -l8
[1.619s] DEBUG:colcon.colcon_core.event_handler.log_command:Invoked command in '/root/host_ws/src/trx6_mobile_robot/build/trx6_mobile_robot' returned '0': CMAKE_PREFIX_PATH=${CMAKE_PREFIX_PATH}:/opt/ros/foxy /usr/bin/cmake --build /root/host_ws/src/trx6_mobile_robot/build/trx6_mobile_robot -- -j8 -l8
[1.673s] DEBUG:colcon.colcon_core.event_handler.log_command:Invoking command in '/root/host_ws/src/trx6_mobile_robot/build/trx6_mobile_robot': CMAKE_PREFIX_PATH=${CMAKE_PREFIX_PATH}:/opt/ros/foxy /usr/bin/cmake --install /root/host_ws/src/trx6_mobile_robot/build/trx6_mobile_robot
[1.696s] Level 1:colcon.colcon_core.environment:create_environment_scripts_only(trx6_mobile_robot)
[1.697s] DEBUG:colcon.colcon_core.event_handler.log_command:Invoked command in '/root/host_ws/src/trx6_mobile_robot/build/trx6_mobile_robot' returned '0': CMAKE_PREFIX_PATH=${CMAKE_PREFIX_PATH}:/opt/ros/foxy /usr/bin/cmake --install /root/host_ws/src/trx6_mobile_robot/build/trx6_mobile_robot
[1.701s] Level 1:colcon.colcon_core.environment:checking '/root/host_ws/src/trx6_mobile_robot/install/trx6_mobile_robot' for CMake module files
[1.702s] Level 1:colcon.colcon_core.environment:checking '/root/host_ws/src/trx6_mobile_robot/install/trx6_mobile_robot' for CMake config files
[1.702s] Level 1:colcon.colcon_core.shell:create_environment_hook('trx6_mobile_robot', 'cmake_prefix_path')
[1.703s] INFO:colcon.colcon_core.shell:Creating environment hook '/root/host_ws/src/trx6_mobile_robot/install/trx6_mobile_robot/share/trx6_mobile_robot/hook/cmake_prefix_path.ps1'
[1.703s] INFO:colcon.colcon_core.shell:Creating environment descriptor '/root/host_ws/src/trx6_mobile_robot/install/trx6_mobile_robot/share/trx6_mobile_robot/hook/cmake_prefix_path.dsv'
[1.704s] INFO:colcon.colcon_core.shell:Creating environment hook '/root/host_ws/src/trx6_mobile_robot/install/trx6_mobile_robot/share/trx6_mobile_robot/hook/cmake_prefix_path.sh'
[1.705s] Level 1:colcon.colcon_core.environment:checking '/root/host_ws/src/trx6_mobile_robot/install/trx6_mobile_robot/bin'
[1.705s] Level 1:colcon.colcon_core.environment:checking '/root/host_ws/src/trx6_mobile_robot/install/trx6_mobile_robot/lib/pkgconfig/trx6_mobile_robot.pc'
[1.705s] Level 1:colcon.colcon_core.environment:checking '/root/host_ws/src/trx6_mobile_robot/install/trx6_mobile_robot/lib/python3.8/site-packages'
[1.706s] INFO:colcon.colcon_core.shell:Creating package script '/root/host_ws/src/trx6_mobile_robot/install/trx6_mobile_robot/share/trx6_mobile_robot/package.ps1'
[1.707s] INFO:colcon.colcon_core.shell:Creating package descriptor '/root/host_ws/src/trx6_mobile_robot/install/trx6_mobile_robot/share/trx6_mobile_robot/package.dsv'
[1.708s] INFO:colcon.colcon_core.shell:Creating package script '/root/host_ws/src/trx6_mobile_robot/install/trx6_mobile_robot/share/trx6_mobile_robot/package.sh'
[1.709s] INFO:colcon.colcon_core.shell:Creating package script '/root/host_ws/src/trx6_mobile_robot/install/trx6_mobile_robot/share/trx6_mobile_robot/package.bash'
[1.710s] INFO:colcon.colcon_core.shell:Creating package script '/root/host_ws/src/trx6_mobile_robot/install/trx6_mobile_robot/share/trx6_mobile_robot/package.zsh'
[1.711s] Level 1:colcon.colcon_core.environment:create_file_with_runtime_dependencies(/root/host_ws/src/trx6_mobile_robot/install/trx6_mobile_robot/share/colcon-core/packages/trx6_mobile_robot)
[1.747s] Level 1:colcon.colcon_core.environment:create_environment_scripts_only(trx6_mobile_robot)
[1.748s] Level 1:colcon.colcon_core.environment:checking '/root/host_ws/src/trx6_mobile_robot/install/trx6_mobile_robot' for CMake module files
[1.749s] Level 1:colcon.colcon_core.environment:checking '/root/host_ws/src/trx6_mobile_robot/install/trx6_mobile_robot' for CMake config files
[1.749s] Level 1:colcon.colcon_core.shell:create_environment_hook('trx6_mobile_robot', 'cmake_prefix_path')
[1.750s] INFO:colcon.colcon_core.shell:Creating environment hook '/root/host_ws/src/trx6_mobile_robot/install/trx6_mobile_robot/share/trx6_mobile_robot/hook/cmake_prefix_path.ps1'
[1.751s] INFO:colcon.colcon_core.shell:Creating environment descriptor '/root/host_ws/src/trx6_mobile_robot/install/trx6_mobile_robot/share/trx6_mobile_robot/hook/cmake_prefix_path.dsv'
[1.751s] INFO:colcon.colcon_core.shell:Creating environment hook '/root/host_ws/src/trx6_mobile_robot/install/trx6_mobile_robot/share/trx6_mobile_robot/hook/cmake_prefix_path.sh'
[1.752s] Level 1:colcon.colcon_core.environment:checking '/root/host_ws/src/trx6_mobile_robot/install/trx6_mobile_robot/bin'
[1.752s] Level 1:colcon.colcon_core.environment:checking '/root/host_ws/src/trx6_mobile_robot/install/trx6_mobile_robot/lib/pkgconfig/trx6_mobile_robot.pc'
[1.752s] Level 1:colcon.colcon_core.environment:checking '/root/host_ws/src/trx6_mobile_robot/install/trx6_mobile_robot/lib/python3.8/site-packages'
[1.753s] INFO:colcon.colcon_core.shell:Creating package script '/root/host_ws/src/trx6_mobile_robot/install/trx6_mobile_robot/share/trx6_mobile_robot/package.ps1'
[1.754s] INFO:colcon.colcon_core.shell:Creating package descriptor '/root/host_ws/src/trx6_mobile_robot/install/trx6_mobile_robot/share/trx6_mobile_robot/package.dsv'
[1.754s] INFO:colcon.colcon_core.shell:Creating package script '/root/host_ws/src/trx6_mobile_robot/install/trx6_mobile_robot/share/trx6_mobile_robot/package.sh'
[1.755s] INFO:colcon.colcon_core.shell:Creating package script '/root/host_ws/src/trx6_mobile_robot/install/trx6_mobile_robot/share/trx6_mobile_robot/package.bash'
[1.756s] INFO:colcon.colcon_core.shell:Creating package script '/root/host_ws/src/trx6_mobile_robot/install/trx6_mobile_robot/share/trx6_mobile_robot/package.zsh'
[1.756s] Level 1:colcon.colcon_core.environment:create_file_with_runtime_dependencies(/root/host_ws/src/trx6_mobile_robot/install/trx6_mobile_robot/share/colcon-core/packages/trx6_mobile_robot)
[1.757s] DEBUG:colcon.colcon_parallel_executor.executor.parallel:closing loop
[1.758s] DEBUG:colcon.colcon_parallel_executor.executor.parallel:loop closed
[1.758s] DEBUG:colcon.colcon_parallel_executor.executor.parallel:run_until_complete finished with '0'
[1.758s] DEBUG:colcon.colcon_core.event_reactor:joining thread
[1.766s] INFO:colcon.colcon_core.plugin_system:Skipping extension 'colcon_notification.desktop_notification.notify_send': Could not find 'notify-send'
[1.766s] INFO:colcon.colcon_core.plugin_system:Skipping extension 'colcon_notification.desktop_notification.terminal_notifier': Not used on non-Darwin systems
[1.766s] INFO:colcon.colcon_core.plugin_system:Skipping extension 'colcon_notification.desktop_notification.win32': Not used on non-Windows systems
[1.766s] INFO:colcon.colcon_notification.desktop_notification:Sending desktop notification using 'notify2'
[1.771s] DEBUG:colcon.colcon_notification.desktop_notification.notify2:Failed to initialize notify2: org.freedesktop.DBus.Error.ServiceUnknown: The name org.freedesktop.Notifications was not provided by any .service files
[1.772s] DEBUG:colcon.colcon_core.event_reactor:joined thread
[1.773s] INFO:colcon.colcon_core.shell:Creating prefix script '/root/host_ws/src/trx6_mobile_robot/install/local_setup.ps1'
[1.774s] INFO:colcon.colcon_core.shell:Creating prefix util module '/root/host_ws/src/trx6_mobile_robot/install/_local_setup_util_ps1.py'
[1.775s] INFO:colcon.colcon_core.shell:Creating prefix chain script '/root/host_ws/src/trx6_mobile_robot/install/setup.ps1'
[1.778s] INFO:colcon.colcon_core.shell:Creating prefix script '/root/host_ws/src/trx6_mobile_robot/install/local_setup.sh'
[1.778s] INFO:colcon.colcon_core.shell:Creating prefix util module '/root/host_ws/src/trx6_mobile_robot/install/_local_setup_util_sh.py'
[1.779s] INFO:colcon.colcon_core.shell:Creating prefix chain script '/root/host_ws/src/trx6_mobile_robot/install/setup.sh'
[1.782s] INFO:colcon.colcon_core.shell:Creating prefix script '/root/host_ws/src/trx6_mobile_robot/install/local_setup.bash'
[1.783s] INFO:colcon.colcon_core.shell:Creating prefix chain script '/root/host_ws/src/trx6_mobile_robot/install/setup.bash'
[1.786s] INFO:colcon.colcon_core.shell:Creating prefix script '/root/host_ws/src/trx6_mobile_robot/install/local_setup.zsh'
[1.786s] INFO:colcon.colcon_core.shell:Creating prefix chain script '/root/host_ws/src/trx6_mobile_robot/install/setup.zsh'
