[0.014s] Invoking command in '/root/sam_bot_description/src/joint_control/build/joint_control': CMAKE_PREFIX_PATH=/opt/ros/foxy /usr/bin/cmake --build /root/sam_bot_description/src/joint_control/build/joint_control -- -j16 -l16
[0.085s] CMake Error at CMakeLists.txt:17 (find_package):
[0.085s]   By not providing "Findcatkin.cmake" in CMAKE_MODULE_PATH this project has
[0.085s]   asked CMake to find a package configuration file provided by "catkin", but
[0.085s]   CMake did not find one.
[0.085s] 
[0.086s]   Could not find a package configuration file provided by "catkin" with any
[0.086s]   of the following names:
[0.086s] 
[0.086s]     catkinConfig.cmake
[0.086s]     catkin-config.cmake
[0.087s] 
[0.087s]   Add the installation prefix of "catkin" to CMAKE_PREFIX_PATH or set
[0.087s]   "catkin_DIR" to a directory containing one of the above files.  If "catkin"
[0.087s]   provides a separate development package or SDK, be sure it has been
[0.087s]   installed.
[0.087s] 
[0.087s] 
[0.088s] -- Configuring incomplete, errors occurred!
[0.089s] See also "/root/sam_bot_description/src/joint_control/build/joint_control/CMakeFiles/CMakeOutput.log".
[0.090s] See also "/root/sam_bot_description/src/joint_control/build/joint_control/CMakeFiles/CMakeError.log".
[0.090s] make: *** [Makefile:266: cmake_check_build_system] Error 1
[0.090s] Invoked command in '/root/sam_bot_description/src/joint_control/build/joint_control' returned '2': CMAKE_PREFIX_PATH=/opt/ros/foxy /usr/bin/cmake --build /root/sam_bot_description/src/joint_control/build/joint_control -- -j16 -l16
