[0.130s] DEBUG:colcon:Command line arguments: ['/usr/bin/colcon', 'build']
[0.130s] DEBUG:colcon:Parsed command line arguments: Namespace(allow_overriding=[], ament_cmake_args=None, base_paths=['.'], build_base='build', catkin_cmake_args=None, catkin_skip_building_tests=False, cmake_args=None, cmake_clean_cache=False, cmake_clean_first=False, cmake_force_configure=False, cmake_target=None, cmake_target_skip_unavailable=False, continue_on_error=False, event_handlers=None, executor='parallel', ignore_user_meta=False, install_base='install', log_base=None, log_level=None, main=<bound method BuildVerb.main of <colcon_core.verb.build.BuildVerb object at 0x7faf1272f1c0>>, merge_install=False, metas=['./colcon.meta'], packages_above=None, packages_above_and_dependencies=None, packages_above_depth=None, packages_end=None, packages_ignore=None, packages_ignore_regex=None, packages_select=None, packages_select_build_failed=False, packages_select_by_dep=None, packages_select_regex=None, packages_select_test_failures=False, packages_skip=None, packages_skip_build_finished=False, packages_skip_by_dep=None, packages_skip_regex=None, packages_skip_test_passed=False, packages_skip_up_to=None, packages_start=None, packages_up_to=None, packages_up_to_regex=None, parallel_workers=16, paths=None, symlink_install=False, test_result_base=None, verb_extension=<colcon_core.verb.build.BuildVerb object at 0x7faf1272f1c0>, verb_name='build', verb_parser=<colcon_defaults.argument_parser.defaults.DefaultArgumentsDecorator object at 0x7faf1272f700>)
[0.152s] Level 1:colcon.colcon_core.package_discovery:discover_packages(colcon_meta) check parameters
[0.152s] Level 1:colcon.colcon_core.package_discovery:discover_packages(recursive) check parameters
[0.152s] Level 1:colcon.colcon_core.package_discovery:discover_packages(ignore) check parameters
[0.152s] Level 1:colcon.colcon_core.package_discovery:discover_packages(path) check parameters
[0.152s] Level 1:colcon.colcon_core.package_discovery:discover_packages(colcon_meta) discover
[0.152s] Level 1:colcon.colcon_core.package_discovery:discover_packages(recursive) discover
[0.152s] INFO:colcon.colcon_core.package_discovery:Crawling recursively for packages in '/home/tan/Desktop/car_d/car_ws'
[0.152s] Level 1:colcon.colcon_core.package_identification:_identify(.) by extensions ['ignore', 'ignore_ament_install']
[0.152s] Level 1:colcon.colcon_core.package_identification:_identify(.) by extension 'ignore'
[0.153s] Level 1:colcon.colcon_core.package_identification:_identify(.) by extension 'ignore_ament_install'
[0.153s] Level 1:colcon.colcon_core.package_identification:_identify(.) by extensions ['colcon_pkg']
[0.153s] Level 1:colcon.colcon_core.package_identification:_identify(.) by extension 'colcon_pkg'
[0.153s] Level 1:colcon.colcon_core.package_identification:_identify(.) by extensions ['colcon_meta']
[0.153s] Level 1:colcon.colcon_core.package_identification:_identify(.) by extension 'colcon_meta'
[0.153s] Level 1:colcon.colcon_core.package_identification:_identify(.) by extensions ['ros']
[0.153s] Level 1:colcon.colcon_core.package_identification:_identify(.) by extension 'ros'
[0.167s] Level 1:colcon.colcon_core.package_identification:_identify(.) by extensions ['cmake', 'python']
[0.167s] Level 1:colcon.colcon_core.package_identification:_identify(.) by extension 'cmake'
[0.167s] Level 1:colcon.colcon_core.package_identification:_identify(.) by extension 'python'
[0.167s] Level 1:colcon.colcon_core.package_identification:_identify(.) by extensions ['python_setup_py']
[0.167s] Level 1:colcon.colcon_core.package_identification:_identify(.) by extension 'python_setup_py'
[0.167s] Level 1:colcon.colcon_core.package_identification:_identify(build) by extensions ['ignore', 'ignore_ament_install']
[0.167s] Level 1:colcon.colcon_core.package_identification:_identify(build) by extension 'ignore'
[0.167s] Level 1:colcon.colcon_core.package_identification:_identify(build) ignored
[0.167s] Level 1:colcon.colcon_core.package_identification:_identify(install) by extensions ['ignore', 'ignore_ament_install']
[0.167s] Level 1:colcon.colcon_core.package_identification:_identify(install) by extension 'ignore'
[0.167s] Level 1:colcon.colcon_core.package_identification:_identify(install) ignored
[0.168s] Level 1:colcon.colcon_core.package_identification:_identify(log) by extensions ['ignore', 'ignore_ament_install']
[0.168s] Level 1:colcon.colcon_core.package_identification:_identify(log) by extension 'ignore'
[0.168s] Level 1:colcon.colcon_core.package_identification:_identify(log) ignored
[0.168s] Level 1:colcon.colcon_core.package_identification:_identify(src) by extensions ['ignore', 'ignore_ament_install']
[0.168s] Level 1:colcon.colcon_core.package_identification:_identify(src) by extension 'ignore'
[0.168s] Level 1:colcon.colcon_core.package_identification:_identify(src) by extension 'ignore_ament_install'
[0.168s] Level 1:colcon.colcon_core.package_identification:_identify(src) by extensions ['colcon_pkg']
[0.168s] Level 1:colcon.colcon_core.package_identification:_identify(src) by extension 'colcon_pkg'
[0.168s] Level 1:colcon.colcon_core.package_identification:_identify(src) by extensions ['colcon_meta']
[0.168s] Level 1:colcon.colcon_core.package_identification:_identify(src) by extension 'colcon_meta'
[0.168s] Level 1:colcon.colcon_core.package_identification:_identify(src) by extensions ['ros']
[0.168s] Level 1:colcon.colcon_core.package_identification:_identify(src) by extension 'ros'
[0.168s] Level 1:colcon.colcon_core.package_identification:_identify(src) by extensions ['cmake', 'python']
[0.168s] Level 1:colcon.colcon_core.package_identification:_identify(src) by extension 'cmake'
[0.168s] Level 1:colcon.colcon_core.package_identification:_identify(src) by extension 'python'
[0.168s] Level 1:colcon.colcon_core.package_identification:_identify(src) by extensions ['python_setup_py']
[0.168s] Level 1:colcon.colcon_core.package_identification:_identify(src) by extension 'python_setup_py'
[0.168s] Level 1:colcon.colcon_core.package_identification:_identify(src/carrl_interface) by extensions ['ignore', 'ignore_ament_install']
[0.168s] Level 1:colcon.colcon_core.package_identification:_identify(src/carrl_interface) by extension 'ignore'
[0.168s] Level 1:colcon.colcon_core.package_identification:_identify(src/carrl_interface) by extension 'ignore_ament_install'
[0.168s] Level 1:colcon.colcon_core.package_identification:_identify(src/carrl_interface) by extensions ['colcon_pkg']
[0.168s] Level 1:colcon.colcon_core.package_identification:_identify(src/carrl_interface) by extension 'colcon_pkg'
[0.168s] Level 1:colcon.colcon_core.package_identification:_identify(src/carrl_interface) by extensions ['colcon_meta']
[0.169s] Level 1:colcon.colcon_core.package_identification:_identify(src/carrl_interface) by extension 'colcon_meta'
[0.169s] Level 1:colcon.colcon_core.package_identification:_identify(src/carrl_interface) by extensions ['ros']
[0.169s] Level 1:colcon.colcon_core.package_identification:_identify(src/carrl_interface) by extension 'ros'
[0.170s] DEBUG:colcon.colcon_core.package_identification:Package 'src/carrl_interface' with type 'ros.ament_cmake' and name 'carrl_interface'
[0.170s] Level 1:colcon.colcon_core.package_identification:_identify(src/msg_interface) by extensions ['ignore', 'ignore_ament_install']
[0.171s] Level 1:colcon.colcon_core.package_identification:_identify(src/msg_interface) by extension 'ignore'
[0.171s] Level 1:colcon.colcon_core.package_identification:_identify(src/msg_interface) by extension 'ignore_ament_install'
[0.171s] Level 1:colcon.colcon_core.package_identification:_identify(src/msg_interface) by extensions ['colcon_pkg']
[0.171s] Level 1:colcon.colcon_core.package_identification:_identify(src/msg_interface) by extension 'colcon_pkg'
[0.171s] Level 1:colcon.colcon_core.package_identification:_identify(src/msg_interface) by extensions ['colcon_meta']
[0.171s] Level 1:colcon.colcon_core.package_identification:_identify(src/msg_interface) by extension 'colcon_meta'
[0.171s] Level 1:colcon.colcon_core.package_identification:_identify(src/msg_interface) by extensions ['ros']
[0.171s] Level 1:colcon.colcon_core.package_identification:_identify(src/msg_interface) by extension 'ros'
[0.171s] DEBUG:colcon.colcon_core.package_identification:Package 'src/msg_interface' with type 'ros.ament_cmake' and name 'msg_interface'
[0.171s] Level 1:colcon.colcon_core.package_identification:_identify(src/px4_node) by extensions ['ignore', 'ignore_ament_install']
[0.171s] Level 1:colcon.colcon_core.package_identification:_identify(src/px4_node) by extension 'ignore'
[0.171s] Level 1:colcon.colcon_core.package_identification:_identify(src/px4_node) by extension 'ignore_ament_install'
[0.172s] Level 1:colcon.colcon_core.package_identification:_identify(src/px4_node) by extensions ['colcon_pkg']
[0.172s] Level 1:colcon.colcon_core.package_identification:_identify(src/px4_node) by extension 'colcon_pkg'
[0.172s] Level 1:colcon.colcon_core.package_identification:_identify(src/px4_node) by extensions ['colcon_meta']
[0.172s] Level 1:colcon.colcon_core.package_identification:_identify(src/px4_node) by extension 'colcon_meta'
[0.172s] Level 1:colcon.colcon_core.package_identification:_identify(src/px4_node) by extensions ['ros']
[0.172s] Level 1:colcon.colcon_core.package_identification:_identify(src/px4_node) by extension 'ros'
[0.172s] DEBUG:colcon.colcon_core.package_identification:Package 'src/px4_node' with type 'ros.ament_cmake' and name 'px4_node'
[0.172s] Level 1:colcon.colcon_core.package_identification:_identify(src/service_interface) by extensions ['ignore', 'ignore_ament_install']
[0.173s] Level 1:colcon.colcon_core.package_identification:_identify(src/service_interface) by extension 'ignore'
[0.173s] Level 1:colcon.colcon_core.package_identification:_identify(src/service_interface) by extension 'ignore_ament_install'
[0.173s] Level 1:colcon.colcon_core.package_identification:_identify(src/service_interface) by extensions ['colcon_pkg']
[0.173s] Level 1:colcon.colcon_core.package_identification:_identify(src/service_interface) by extension 'colcon_pkg'
[0.173s] Level 1:colcon.colcon_core.package_identification:_identify(src/service_interface) by extensions ['colcon_meta']
[0.173s] Level 1:colcon.colcon_core.package_identification:_identify(src/service_interface) by extension 'colcon_meta'
[0.173s] Level 1:colcon.colcon_core.package_identification:_identify(src/service_interface) by extensions ['ros']
[0.173s] Level 1:colcon.colcon_core.package_identification:_identify(src/service_interface) by extension 'ros'
[0.173s] DEBUG:colcon.colcon_core.package_identification:Package 'src/service_interface' with type 'ros.ament_cmake' and name 'service_interface'
[0.173s] Level 1:colcon.colcon_core.package_identification:_identify(src/tan) by extensions ['ignore', 'ignore_ament_install']
[0.173s] Level 1:colcon.colcon_core.package_identification:_identify(src/tan) by extension 'ignore'
[0.173s] Level 1:colcon.colcon_core.package_identification:_identify(src/tan) by extension 'ignore_ament_install'
[0.174s] Level 1:colcon.colcon_core.package_identification:_identify(src/tan) by extensions ['colcon_pkg']
[0.174s] Level 1:colcon.colcon_core.package_identification:_identify(src/tan) by extension 'colcon_pkg'
[0.174s] Level 1:colcon.colcon_core.package_identification:_identify(src/tan) by extensions ['colcon_meta']
[0.174s] Level 1:colcon.colcon_core.package_identification:_identify(src/tan) by extension 'colcon_meta'
[0.174s] Level 1:colcon.colcon_core.package_identification:_identify(src/tan) by extensions ['ros']
[0.174s] Level 1:colcon.colcon_core.package_identification:_identify(src/tan) by extension 'ros'
[0.175s] DEBUG:colcon.colcon_core.package_identification:Package 'src/tan' with type 'ros.ament_cmake' and name 'tan'
[0.175s] Level 1:colcon.colcon_core.package_discovery:discover_packages(recursive) using defaults
[0.175s] Level 1:colcon.colcon_core.package_discovery:discover_packages(ignore) discover
[0.175s] Level 1:colcon.colcon_core.package_discovery:discover_packages(ignore) using defaults
[0.175s] Level 1:colcon.colcon_core.package_discovery:discover_packages(path) discover
[0.175s] Level 1:colcon.colcon_core.package_discovery:discover_packages(path) using defaults
[0.193s] Level 1:colcon.colcon_core.package_discovery:discover_packages(prefix_path) check parameters
[0.193s] Level 1:colcon.colcon_core.package_discovery:discover_packages(prefix_path) discover
[0.196s] DEBUG:colcon.colcon_installed_package_information.package_discovery:Found 5 installed packages in /home/tan/Desktop/car_d/car_ws/install
[0.197s] DEBUG:colcon.colcon_installed_package_information.package_discovery:Found 3 installed packages in /home/tan/ros2_ws/install
[0.198s] DEBUG:colcon.colcon_installed_package_information.package_discovery:Found 311 installed packages in /opt/ros/foxy
[0.200s] Level 1:colcon.colcon_core.package_discovery:discover_packages(prefix_path) using defaults
[0.255s] Level 5:colcon.colcon_core.verb:set package 'carrl_interface' build argument 'cmake_args' from command line to 'None'
[0.255s] Level 5:colcon.colcon_core.verb:set package 'carrl_interface' build argument 'cmake_target' from command line to 'None'
[0.256s] Level 5:colcon.colcon_core.verb:set package 'carrl_interface' build argument 'cmake_target_skip_unavailable' from command line to 'False'
[0.256s] Level 5:colcon.colcon_core.verb:set package 'carrl_interface' build argument 'cmake_clean_cache' from command line to 'False'
[0.256s] Level 5:colcon.colcon_core.verb:set package 'carrl_interface' build argument 'cmake_clean_first' from command line to 'False'
[0.256s] Level 5:colcon.colcon_core.verb:set package 'carrl_interface' build argument 'cmake_force_configure' from command line to 'False'
[0.256s] Level 5:colcon.colcon_core.verb:set package 'carrl_interface' build argument 'ament_cmake_args' from command line to 'None'
[0.256s] Level 5:colcon.colcon_core.verb:set package 'carrl_interface' build argument 'catkin_cmake_args' from command line to 'None'
[0.256s] Level 5:colcon.colcon_core.verb:set package 'carrl_interface' build argument 'catkin_skip_building_tests' from command line to 'False'
[0.256s] DEBUG:colcon.colcon_core.verb:Building package 'carrl_interface' with the following arguments: {'ament_cmake_args': None, 'build_base': '/home/tan/Desktop/car_d/car_ws/build/carrl_interface', 'catkin_cmake_args': None, 'catkin_skip_building_tests': False, 'cmake_args': None, 'cmake_clean_cache': False, 'cmake_clean_first': False, 'cmake_force_configure': False, 'cmake_target': None, 'cmake_target_skip_unavailable': False, 'install_base': '/home/tan/Desktop/car_d/car_ws/install/carrl_interface', 'merge_install': False, 'path': '/home/tan/Desktop/car_d/car_ws/src/carrl_interface', 'symlink_install': False, 'test_result_base': None}
[0.257s] Level 5:colcon.colcon_core.verb:set package 'msg_interface' build argument 'cmake_args' from command line to 'None'
[0.257s] Level 5:colcon.colcon_core.verb:set package 'msg_interface' build argument 'cmake_target' from command line to 'None'
[0.257s] Level 5:colcon.colcon_core.verb:set package 'msg_interface' build argument 'cmake_target_skip_unavailable' from command line to 'False'
[0.257s] Level 5:colcon.colcon_core.verb:set package 'msg_interface' build argument 'cmake_clean_cache' from command line to 'False'
[0.257s] Level 5:colcon.colcon_core.verb:set package 'msg_interface' build argument 'cmake_clean_first' from command line to 'False'
[0.257s] Level 5:colcon.colcon_core.verb:set package 'msg_interface' build argument 'cmake_force_configure' from command line to 'False'
[0.257s] Level 5:colcon.colcon_core.verb:set package 'msg_interface' build argument 'ament_cmake_args' from command line to 'None'
[0.257s] Level 5:colcon.colcon_core.verb:set package 'msg_interface' build argument 'catkin_cmake_args' from command line to 'None'
[0.257s] Level 5:colcon.colcon_core.verb:set package 'msg_interface' build argument 'catkin_skip_building_tests' from command line to 'False'
[0.257s] DEBUG:colcon.colcon_core.verb:Building package 'msg_interface' with the following arguments: {'ament_cmake_args': None, 'build_base': '/home/tan/Desktop/car_d/car_ws/build/msg_interface', 'catkin_cmake_args': None, 'catkin_skip_building_tests': False, 'cmake_args': None, 'cmake_clean_cache': False, 'cmake_clean_first': False, 'cmake_force_configure': False, 'cmake_target': None, 'cmake_target_skip_unavailable': False, 'install_base': '/home/tan/Desktop/car_d/car_ws/install/msg_interface', 'merge_install': False, 'path': '/home/tan/Desktop/car_d/car_ws/src/msg_interface', 'symlink_install': False, 'test_result_base': None}
[0.258s] Level 5:colcon.colcon_core.verb:set package 'service_interface' build argument 'cmake_args' from command line to 'None'
[0.258s] Level 5:colcon.colcon_core.verb:set package 'service_interface' build argument 'cmake_target' from command line to 'None'
[0.258s] Level 5:colcon.colcon_core.verb:set package 'service_interface' build argument 'cmake_target_skip_unavailable' from command line to 'False'
[0.258s] Level 5:colcon.colcon_core.verb:set package 'service_interface' build argument 'cmake_clean_cache' from command line to 'False'
[0.258s] Level 5:colcon.colcon_core.verb:set package 'service_interface' build argument 'cmake_clean_first' from command line to 'False'
[0.258s] Level 5:colcon.colcon_core.verb:set package 'service_interface' build argument 'cmake_force_configure' from command line to 'False'
[0.258s] Level 5:colcon.colcon_core.verb:set package 'service_interface' build argument 'ament_cmake_args' from command line to 'None'
[0.258s] Level 5:colcon.colcon_core.verb:set package 'service_interface' build argument 'catkin_cmake_args' from command line to 'None'
[0.259s] Level 5:colcon.colcon_core.verb:set package 'service_interface' build argument 'catkin_skip_building_tests' from command line to 'False'
[0.259s] DEBUG:colcon.colcon_core.verb:Building package 'service_interface' with the following arguments: {'ament_cmake_args': None, 'build_base': '/home/tan/Desktop/car_d/car_ws/build/service_interface', 'catkin_cmake_args': None, 'catkin_skip_building_tests': False, 'cmake_args': None, 'cmake_clean_cache': False, 'cmake_clean_first': False, 'cmake_force_configure': False, 'cmake_target': None, 'cmake_target_skip_unavailable': False, 'install_base': '/home/tan/Desktop/car_d/car_ws/install/service_interface', 'merge_install': False, 'path': '/home/tan/Desktop/car_d/car_ws/src/service_interface', 'symlink_install': False, 'test_result_base': None}
[0.260s] Level 5:colcon.colcon_core.verb:set package 'tan' build argument 'cmake_args' from command line to 'None'
[0.260s] Level 5:colcon.colcon_core.verb:set package 'tan' build argument 'cmake_target' from command line to 'None'
[0.260s] Level 5:colcon.colcon_core.verb:set package 'tan' build argument 'cmake_target_skip_unavailable' from command line to 'False'
[0.260s] Level 5:colcon.colcon_core.verb:set package 'tan' build argument 'cmake_clean_cache' from command line to 'False'
[0.260s] Level 5:colcon.colcon_core.verb:set package 'tan' build argument 'cmake_clean_first' from command line to 'False'
[0.260s] Level 5:colcon.colcon_core.verb:set package 'tan' build argument 'cmake_force_configure' from command line to 'False'
[0.260s] Level 5:colcon.colcon_core.verb:set package 'tan' build argument 'ament_cmake_args' from command line to 'None'
[0.260s] Level 5:colcon.colcon_core.verb:set package 'tan' build argument 'catkin_cmake_args' from command line to 'None'
[0.260s] Level 5:colcon.colcon_core.verb:set package 'tan' build argument 'catkin_skip_building_tests' from command line to 'False'
[0.260s] DEBUG:colcon.colcon_core.verb:Building package 'tan' with the following arguments: {'ament_cmake_args': None, 'build_base': '/home/tan/Desktop/car_d/car_ws/build/tan', 'catkin_cmake_args': None, 'catkin_skip_building_tests': False, 'cmake_args': None, 'cmake_clean_cache': False, 'cmake_clean_first': False, 'cmake_force_configure': False, 'cmake_target': None, 'cmake_target_skip_unavailable': False, 'install_base': '/home/tan/Desktop/car_d/car_ws/install/tan', 'merge_install': False, 'path': '/home/tan/Desktop/car_d/car_ws/src/tan', 'symlink_install': False, 'test_result_base': None}
[0.261s] Level 5:colcon.colcon_core.verb:set package 'px4_node' build argument 'cmake_args' from command line to 'None'
[0.261s] Level 5:colcon.colcon_core.verb:set package 'px4_node' build argument 'cmake_target' from command line to 'None'
[0.261s] Level 5:colcon.colcon_core.verb:set package 'px4_node' build argument 'cmake_target_skip_unavailable' from command line to 'False'
[0.261s] Level 5:colcon.colcon_core.verb:set package 'px4_node' build argument 'cmake_clean_cache' from command line to 'False'
[0.261s] Level 5:colcon.colcon_core.verb:set package 'px4_node' build argument 'cmake_clean_first' from command line to 'False'
[0.261s] Level 5:colcon.colcon_core.verb:set package 'px4_node' build argument 'cmake_force_configure' from command line to 'False'
[0.261s] Level 5:colcon.colcon_core.verb:set package 'px4_node' build argument 'ament_cmake_args' from command line to 'None'
[0.261s] Level 5:colcon.colcon_core.verb:set package 'px4_node' build argument 'catkin_cmake_args' from command line to 'None'
[0.261s] Level 5:colcon.colcon_core.verb:set package 'px4_node' build argument 'catkin_skip_building_tests' from command line to 'False'
[0.261s] DEBUG:colcon.colcon_core.verb:Building package 'px4_node' with the following arguments: {'ament_cmake_args': None, 'build_base': '/home/tan/Desktop/car_d/car_ws/build/px4_node', 'catkin_cmake_args': None, 'catkin_skip_building_tests': False, 'cmake_args': None, 'cmake_clean_cache': False, 'cmake_clean_first': False, 'cmake_force_configure': False, 'cmake_target': None, 'cmake_target_skip_unavailable': False, 'install_base': '/home/tan/Desktop/car_d/car_ws/install/px4_node', 'merge_install': False, 'path': '/home/tan/Desktop/car_d/car_ws/src/px4_node', 'symlink_install': False, 'test_result_base': None}
[0.262s] INFO:colcon.colcon_core.executor:Executing jobs using 'parallel' executor
[0.268s] DEBUG:colcon.colcon_parallel_executor.executor.parallel:run_until_complete
[0.268s] INFO:colcon.colcon_ros.task.ament_cmake.build:Building ROS package in '/home/tan/Desktop/car_d/car_ws/src/msg_interface' with build type 'ament_cmake'
[0.268s] INFO:colcon.colcon_cmake.task.cmake.build:Building CMake package in '/home/tan/Desktop/car_d/car_ws/src/msg_interface'
[0.274s] INFO:colcon.colcon_core.plugin_system:Skipping extension 'colcon_core.shell.bat': Not used on non-Windows systems
[0.274s] INFO:colcon.colcon_core.shell:Skip shell extension 'powershell' for command environment: Not usable outside of PowerShell
[0.274s] DEBUG:colcon.colcon_core.shell:Skip shell extension 'dsv' for command environment
[0.283s] INFO:colcon.colcon_ros.task.ament_cmake.build:Building ROS package in '/home/tan/Desktop/car_d/car_ws/src/service_interface' with build type 'ament_cmake'
[0.283s] INFO:colcon.colcon_cmake.task.cmake.build:Building CMake package in '/home/tan/Desktop/car_d/car_ws/src/service_interface'
[0.286s] INFO:colcon.colcon_core.shell:Skip shell extension 'powershell' for command environment: Not usable outside of PowerShell
[0.286s] DEBUG:colcon.colcon_core.shell:Skip shell extension 'dsv' for command environment
[0.295s] INFO:colcon.colcon_ros.task.ament_cmake.build:Building ROS package in '/home/tan/Desktop/car_d/car_ws/src/carrl_interface' with build type 'ament_cmake'
[0.296s] INFO:colcon.colcon_cmake.task.cmake.build:Building CMake package in '/home/tan/Desktop/car_d/car_ws/src/carrl_interface'
[0.302s] INFO:colcon.colcon_core.shell:Skip shell extension 'powershell' for command environment: Not usable outside of PowerShell
[0.302s] DEBUG:colcon.colcon_core.shell:Skip shell extension 'dsv' for command environment
[0.317s] INFO:colcon.colcon_ros.task.ament_cmake.build:Building ROS package in '/home/tan/Desktop/car_d/car_ws/src/tan' with build type 'ament_cmake'
[0.318s] INFO:colcon.colcon_cmake.task.cmake.build:Building CMake package in '/home/tan/Desktop/car_d/car_ws/src/tan'
[0.324s] INFO:colcon.colcon_core.shell:Skip shell extension 'powershell' for command environment: Not usable outside of PowerShell
[0.324s] DEBUG:colcon.colcon_core.shell:Skip shell extension 'dsv' for command environment
[0.339s] DEBUG:colcon.colcon_core.event_handler.log_command:Invoking command in '/home/tan/Desktop/car_d/car_ws/build/msg_interface': CMAKE_PREFIX_PATH=${CMAKE_PREFIX_PATH}:/opt/ros/foxy /usr/bin/cmake --build /home/tan/Desktop/car_d/car_ws/build/msg_interface -- -j16 -l16
[0.350s] DEBUG:colcon.colcon_core.event_handler.log_command:Invoking command in '/home/tan/Desktop/car_d/car_ws/build/service_interface': CMAKE_PREFIX_PATH=${CMAKE_PREFIX_PATH}:/opt/ros/foxy /usr/bin/cmake --build /home/tan/Desktop/car_d/car_ws/build/service_interface -- -j16 -l16
[0.356s] DEBUG:colcon.colcon_core.event_handler.log_command:Invoking command in '/home/tan/Desktop/car_d/car_ws/build/carrl_interface': CMAKE_PREFIX_PATH=${CMAKE_PREFIX_PATH}:/opt/ros/foxy /usr/bin/cmake --build /home/tan/Desktop/car_d/car_ws/build/carrl_interface -- -j16 -l16
[0.362s] DEBUG:colcon.colcon_core.event_handler.log_command:Invoking command in '/home/tan/Desktop/car_d/car_ws/build/tan': CMAKE_PREFIX_PATH=${CMAKE_PREFIX_PATH}:/opt/ros/foxy /usr/bin/cmake --build /home/tan/Desktop/car_d/car_ws/build/tan -- -j16 -l16
[0.624s] DEBUG:colcon.colcon_core.event_handler.log_command:Invoked command in '/home/tan/Desktop/car_d/car_ws/build/msg_interface' returned '0': CMAKE_PREFIX_PATH=${CMAKE_PREFIX_PATH}:/opt/ros/foxy /usr/bin/cmake --build /home/tan/Desktop/car_d/car_ws/build/msg_interface -- -j16 -l16
[0.645s] DEBUG:colcon.colcon_core.event_handler.log_command:Invoked command in '/home/tan/Desktop/car_d/car_ws/build/carrl_interface' returned '0': CMAKE_PREFIX_PATH=${CMAKE_PREFIX_PATH}:/opt/ros/foxy /usr/bin/cmake --build /home/tan/Desktop/car_d/car_ws/build/carrl_interface -- -j16 -l16
[0.654s] DEBUG:colcon.colcon_core.event_handler.log_command:Invoked command in '/home/tan/Desktop/car_d/car_ws/build/service_interface' returned '0': CMAKE_PREFIX_PATH=${CMAKE_PREFIX_PATH}:/opt/ros/foxy /usr/bin/cmake --build /home/tan/Desktop/car_d/car_ws/build/service_interface -- -j16 -l16
[0.705s] DEBUG:colcon.colcon_core.event_handler.log_command:Invoking command in '/home/tan/Desktop/car_d/car_ws/build/carrl_interface': CMAKE_PREFIX_PATH=${CMAKE_PREFIX_PATH}:/opt/ros/foxy /usr/bin/cmake --install /home/tan/Desktop/car_d/car_ws/build/carrl_interface
[0.709s] DEBUG:colcon.colcon_core.event_handler.log_command:Invoking command in '/home/tan/Desktop/car_d/car_ws/build/msg_interface': CMAKE_PREFIX_PATH=${CMAKE_PREFIX_PATH}:/opt/ros/foxy /usr/bin/cmake --install /home/tan/Desktop/car_d/car_ws/build/msg_interface
[0.764s] Level 1:colcon.colcon_core.environment:create_environment_scripts_only(carrl_interface)
[0.775s] Level 1:colcon.colcon_core.environment:checking '/home/tan/Desktop/car_d/car_ws/install/carrl_interface' for CMake module files
[0.777s] Level 1:colcon.colcon_core.environment:checking '/home/tan/Desktop/car_d/car_ws/install/carrl_interface' for CMake config files
[0.780s] Level 1:colcon.colcon_core.shell:create_environment_hook('carrl_interface', 'cmake_prefix_path')
[0.783s] INFO:colcon.colcon_core.shell:Creating environment hook '/home/tan/Desktop/car_d/car_ws/install/carrl_interface/share/carrl_interface/hook/cmake_prefix_path.ps1'
[0.784s] INFO:colcon.colcon_core.shell:Creating environment descriptor '/home/tan/Desktop/car_d/car_ws/install/carrl_interface/share/carrl_interface/hook/cmake_prefix_path.dsv'
[0.785s] INFO:colcon.colcon_core.shell:Creating environment hook '/home/tan/Desktop/car_d/car_ws/install/carrl_interface/share/carrl_interface/hook/cmake_prefix_path.sh'
[0.786s] DEBUG:colcon.colcon_core.event_handler.log_command:Invoked command in '/home/tan/Desktop/car_d/car_ws/build/carrl_interface' returned '0': CMAKE_PREFIX_PATH=${CMAKE_PREFIX_PATH}:/opt/ros/foxy /usr/bin/cmake --install /home/tan/Desktop/car_d/car_ws/build/carrl_interface
[0.786s] Level 1:colcon.colcon_core.environment:checking '/home/tan/Desktop/car_d/car_ws/install/carrl_interface/lib'
[0.787s] Level 1:colcon.colcon_core.shell:create_environment_hook('carrl_interface', 'ld_library_path_lib')
[0.790s] INFO:colcon.colcon_core.shell:Creating environment hook '/home/tan/Desktop/car_d/car_ws/install/carrl_interface/share/carrl_interface/hook/ld_library_path_lib.ps1'
[0.790s] INFO:colcon.colcon_core.shell:Creating environment descriptor '/home/tan/Desktop/car_d/car_ws/install/carrl_interface/share/carrl_interface/hook/ld_library_path_lib.dsv'
[0.790s] INFO:colcon.colcon_core.shell:Creating environment hook '/home/tan/Desktop/car_d/car_ws/install/carrl_interface/share/carrl_interface/hook/ld_library_path_lib.sh'
[0.791s] Level 1:colcon.colcon_core.environment:checking '/home/tan/Desktop/car_d/car_ws/install/carrl_interface/bin'
[0.791s] Level 1:colcon.colcon_core.environment:checking '/home/tan/Desktop/car_d/car_ws/install/carrl_interface/lib/pkgconfig/carrl_interface.pc'
[0.791s] Level 1:colcon.colcon_core.environment:checking '/home/tan/Desktop/car_d/car_ws/install/carrl_interface/lib/python3.8/site-packages'
[0.791s] Level 1:colcon.colcon_core.shell:create_environment_hook('carrl_interface', 'pythonpath')
[0.794s] INFO:colcon.colcon_core.shell:Creating environment hook '/home/tan/Desktop/car_d/car_ws/install/carrl_interface/share/carrl_interface/hook/pythonpath.ps1'
[0.795s] INFO:colcon.colcon_core.shell:Creating environment descriptor '/home/tan/Desktop/car_d/car_ws/install/carrl_interface/share/carrl_interface/hook/pythonpath.dsv'
[0.795s] INFO:colcon.colcon_core.shell:Creating environment hook '/home/tan/Desktop/car_d/car_ws/install/carrl_interface/share/carrl_interface/hook/pythonpath.sh'
[0.796s] Level 1:colcon.colcon_core.environment:checking '/home/tan/Desktop/car_d/car_ws/install/carrl_interface/bin'
[0.799s] INFO:colcon.colcon_core.shell:Creating package script '/home/tan/Desktop/car_d/car_ws/install/carrl_interface/share/carrl_interface/package.ps1'
[0.800s] INFO:colcon.colcon_core.shell:Creating package descriptor '/home/tan/Desktop/car_d/car_ws/install/carrl_interface/share/carrl_interface/package.dsv'
[0.800s] INFO:colcon.colcon_core.shell:Creating package script '/home/tan/Desktop/car_d/car_ws/install/carrl_interface/share/carrl_interface/package.sh'
[0.801s] INFO:colcon.colcon_core.shell:Creating package script '/home/tan/Desktop/car_d/car_ws/install/carrl_interface/share/carrl_interface/package.bash'
[0.802s] INFO:colcon.colcon_core.shell:Creating package script '/home/tan/Desktop/car_d/car_ws/install/carrl_interface/share/carrl_interface/package.zsh'
[0.803s] Level 1:colcon.colcon_core.environment:create_file_with_runtime_dependencies(/home/tan/Desktop/car_d/car_ws/install/carrl_interface/share/colcon-core/packages/carrl_interface)
[0.806s] Level 1:colcon.colcon_core.environment:create_environment_scripts_only(msg_interface)
[0.811s] Level 1:colcon.colcon_core.environment:checking '/home/tan/Desktop/car_d/car_ws/install/msg_interface' for CMake module files
[0.812s] DEBUG:colcon.colcon_core.event_handler.log_command:Invoked command in '/home/tan/Desktop/car_d/car_ws/build/msg_interface' returned '0': CMAKE_PREFIX_PATH=${CMAKE_PREFIX_PATH}:/opt/ros/foxy /usr/bin/cmake --install /home/tan/Desktop/car_d/car_ws/build/msg_interface
[0.812s] Level 1:colcon.colcon_core.environment:checking '/home/tan/Desktop/car_d/car_ws/install/msg_interface' for CMake config files
[0.813s] Level 1:colcon.colcon_core.shell:create_environment_hook('msg_interface', 'cmake_prefix_path')
[0.816s] INFO:colcon.colcon_core.shell:Creating environment hook '/home/tan/Desktop/car_d/car_ws/install/msg_interface/share/msg_interface/hook/cmake_prefix_path.ps1'
[0.816s] INFO:colcon.colcon_core.shell:Creating environment descriptor '/home/tan/Desktop/car_d/car_ws/install/msg_interface/share/msg_interface/hook/cmake_prefix_path.dsv'
[0.817s] INFO:colcon.colcon_core.shell:Creating environment hook '/home/tan/Desktop/car_d/car_ws/install/msg_interface/share/msg_interface/hook/cmake_prefix_path.sh'
[0.817s] Level 1:colcon.colcon_core.environment:checking '/home/tan/Desktop/car_d/car_ws/install/msg_interface/lib'
[0.817s] Level 1:colcon.colcon_core.shell:create_environment_hook('msg_interface', 'ld_library_path_lib')
[0.820s] INFO:colcon.colcon_core.shell:Creating environment hook '/home/tan/Desktop/car_d/car_ws/install/msg_interface/share/msg_interface/hook/ld_library_path_lib.ps1'
[0.821s] INFO:colcon.colcon_core.shell:Creating environment descriptor '/home/tan/Desktop/car_d/car_ws/install/msg_interface/share/msg_interface/hook/ld_library_path_lib.dsv'
[0.821s] INFO:colcon.colcon_core.shell:Creating environment hook '/home/tan/Desktop/car_d/car_ws/install/msg_interface/share/msg_interface/hook/ld_library_path_lib.sh'
[0.821s] Level 1:colcon.colcon_core.environment:checking '/home/tan/Desktop/car_d/car_ws/install/msg_interface/bin'
[0.821s] Level 1:colcon.colcon_core.environment:checking '/home/tan/Desktop/car_d/car_ws/install/msg_interface/lib/pkgconfig/msg_interface.pc'
[0.822s] Level 1:colcon.colcon_core.environment:checking '/home/tan/Desktop/car_d/car_ws/install/msg_interface/lib/python3.8/site-packages'
[0.822s] Level 1:colcon.colcon_core.shell:create_environment_hook('msg_interface', 'pythonpath')
[0.824s] INFO:colcon.colcon_core.shell:Creating environment hook '/home/tan/Desktop/car_d/car_ws/install/msg_interface/share/msg_interface/hook/pythonpath.ps1'
[0.825s] INFO:colcon.colcon_core.shell:Creating environment descriptor '/home/tan/Desktop/car_d/car_ws/install/msg_interface/share/msg_interface/hook/pythonpath.dsv'
[0.825s] INFO:colcon.colcon_core.shell:Creating environment hook '/home/tan/Desktop/car_d/car_ws/install/msg_interface/share/msg_interface/hook/pythonpath.sh'
[0.826s] Level 1:colcon.colcon_core.environment:checking '/home/tan/Desktop/car_d/car_ws/install/msg_interface/bin'
[0.829s] INFO:colcon.colcon_core.shell:Creating package script '/home/tan/Desktop/car_d/car_ws/install/msg_interface/share/msg_interface/package.ps1'
[0.829s] INFO:colcon.colcon_core.shell:Creating package descriptor '/home/tan/Desktop/car_d/car_ws/install/msg_interface/share/msg_interface/package.dsv'
[0.830s] INFO:colcon.colcon_core.shell:Creating package script '/home/tan/Desktop/car_d/car_ws/install/msg_interface/share/msg_interface/package.sh'
[0.830s] INFO:colcon.colcon_core.shell:Creating package script '/home/tan/Desktop/car_d/car_ws/install/msg_interface/share/msg_interface/package.bash'
[0.831s] INFO:colcon.colcon_core.shell:Creating package script '/home/tan/Desktop/car_d/car_ws/install/msg_interface/share/msg_interface/package.zsh'
[0.831s] Level 1:colcon.colcon_core.environment:create_file_with_runtime_dependencies(/home/tan/Desktop/car_d/car_ws/install/msg_interface/share/colcon-core/packages/msg_interface)
[0.836s] DEBUG:colcon.colcon_core.event_handler.log_command:Invoking command in '/home/tan/Desktop/car_d/car_ws/build/service_interface': CMAKE_PREFIX_PATH=${CMAKE_PREFIX_PATH}:/opt/ros/foxy /usr/bin/cmake --install /home/tan/Desktop/car_d/car_ws/build/service_interface
[0.853s] Level 1:colcon.colcon_core.environment:create_environment_scripts_only(carrl_interface)
[0.858s] Level 1:colcon.colcon_core.environment:checking '/home/tan/Desktop/car_d/car_ws/install/carrl_interface' for CMake module files
[0.861s] Level 1:colcon.colcon_core.environment:checking '/home/tan/Desktop/car_d/car_ws/install/carrl_interface' for CMake config files
[0.864s] Level 1:colcon.colcon_core.shell:create_environment_hook('carrl_interface', 'cmake_prefix_path')
[0.867s] INFO:colcon.colcon_core.shell:Creating environment hook '/home/tan/Desktop/car_d/car_ws/install/carrl_interface/share/carrl_interface/hook/cmake_prefix_path.ps1'
[0.868s] INFO:colcon.colcon_core.shell:Creating environment descriptor '/home/tan/Desktop/car_d/car_ws/install/carrl_interface/share/carrl_interface/hook/cmake_prefix_path.dsv'
[0.868s] INFO:colcon.colcon_core.shell:Creating environment hook '/home/tan/Desktop/car_d/car_ws/install/carrl_interface/share/carrl_interface/hook/cmake_prefix_path.sh'
[0.870s] Level 1:colcon.colcon_core.environment:checking '/home/tan/Desktop/car_d/car_ws/install/carrl_interface/lib'
[0.870s] Level 1:colcon.colcon_core.shell:create_environment_hook('carrl_interface', 'ld_library_path_lib')
[0.873s] INFO:colcon.colcon_core.shell:Creating environment hook '/home/tan/Desktop/car_d/car_ws/install/carrl_interface/share/carrl_interface/hook/ld_library_path_lib.ps1'
[0.874s] INFO:colcon.colcon_core.shell:Creating environment descriptor '/home/tan/Desktop/car_d/car_ws/install/carrl_interface/share/carrl_interface/hook/ld_library_path_lib.dsv'
[0.875s] INFO:colcon.colcon_core.shell:Creating environment hook '/home/tan/Desktop/car_d/car_ws/install/carrl_interface/share/carrl_interface/hook/ld_library_path_lib.sh'
[0.876s] Level 1:colcon.colcon_core.environment:checking '/home/tan/Desktop/car_d/car_ws/install/carrl_interface/bin'
[0.876s] Level 1:colcon.colcon_core.environment:checking '/home/tan/Desktop/car_d/car_ws/install/carrl_interface/lib/pkgconfig/carrl_interface.pc'
[0.876s] Level 1:colcon.colcon_core.environment:checking '/home/tan/Desktop/car_d/car_ws/install/carrl_interface/lib/python3.8/site-packages'
[0.877s] Level 1:colcon.colcon_core.shell:create_environment_hook('carrl_interface', 'pythonpath')
[0.880s] INFO:colcon.colcon_core.shell:Creating environment hook '/home/tan/Desktop/car_d/car_ws/install/carrl_interface/share/carrl_interface/hook/pythonpath.ps1'
[0.881s] INFO:colcon.colcon_core.shell:Creating environment descriptor '/home/tan/Desktop/car_d/car_ws/install/carrl_interface/share/carrl_interface/hook/pythonpath.dsv'
[0.882s] INFO:colcon.colcon_core.shell:Creating environment hook '/home/tan/Desktop/car_d/car_ws/install/carrl_interface/share/carrl_interface/hook/pythonpath.sh'
[0.883s] Level 1:colcon.colcon_core.environment:checking '/home/tan/Desktop/car_d/car_ws/install/carrl_interface/bin'
[0.886s] INFO:colcon.colcon_core.shell:Creating package script '/home/tan/Desktop/car_d/car_ws/install/carrl_interface/share/carrl_interface/package.ps1'
[0.887s] INFO:colcon.colcon_core.shell:Creating package descriptor '/home/tan/Desktop/car_d/car_ws/install/carrl_interface/share/carrl_interface/package.dsv'
[0.888s] INFO:colcon.colcon_core.shell:Creating package script '/home/tan/Desktop/car_d/car_ws/install/carrl_interface/share/carrl_interface/package.sh'
[0.889s] INFO:colcon.colcon_core.shell:Creating package script '/home/tan/Desktop/car_d/car_ws/install/carrl_interface/share/carrl_interface/package.bash'
[0.890s] INFO:colcon.colcon_core.shell:Creating package script '/home/tan/Desktop/car_d/car_ws/install/carrl_interface/share/carrl_interface/package.zsh'
[0.891s] Level 1:colcon.colcon_core.environment:create_file_with_runtime_dependencies(/home/tan/Desktop/car_d/car_ws/install/carrl_interface/share/colcon-core/packages/carrl_interface)
[0.904s] Level 1:colcon.colcon_core.environment:create_environment_scripts_only(service_interface)
[0.909s] Level 1:colcon.colcon_core.environment:checking '/home/tan/Desktop/car_d/car_ws/install/service_interface' for CMake module files
[0.911s] DEBUG:colcon.colcon_core.event_handler.log_command:Invoked command in '/home/tan/Desktop/car_d/car_ws/build/service_interface' returned '0': CMAKE_PREFIX_PATH=${CMAKE_PREFIX_PATH}:/opt/ros/foxy /usr/bin/cmake --install /home/tan/Desktop/car_d/car_ws/build/service_interface
[0.912s] Level 1:colcon.colcon_core.environment:checking '/home/tan/Desktop/car_d/car_ws/install/service_interface' for CMake config files
[0.912s] Level 1:colcon.colcon_core.shell:create_environment_hook('service_interface', 'cmake_prefix_path')
[0.915s] INFO:colcon.colcon_core.shell:Creating environment hook '/home/tan/Desktop/car_d/car_ws/install/service_interface/share/service_interface/hook/cmake_prefix_path.ps1'
[0.915s] INFO:colcon.colcon_core.shell:Creating environment descriptor '/home/tan/Desktop/car_d/car_ws/install/service_interface/share/service_interface/hook/cmake_prefix_path.dsv'
[0.916s] INFO:colcon.colcon_core.shell:Creating environment hook '/home/tan/Desktop/car_d/car_ws/install/service_interface/share/service_interface/hook/cmake_prefix_path.sh'
[0.916s] Level 1:colcon.colcon_core.environment:checking '/home/tan/Desktop/car_d/car_ws/install/service_interface/lib'
[0.916s] Level 1:colcon.colcon_core.shell:create_environment_hook('service_interface', 'ld_library_path_lib')
[0.918s] INFO:colcon.colcon_core.shell:Creating environment hook '/home/tan/Desktop/car_d/car_ws/install/service_interface/share/service_interface/hook/ld_library_path_lib.ps1'
[0.919s] INFO:colcon.colcon_core.shell:Creating environment descriptor '/home/tan/Desktop/car_d/car_ws/install/service_interface/share/service_interface/hook/ld_library_path_lib.dsv'
[0.919s] INFO:colcon.colcon_core.shell:Creating environment hook '/home/tan/Desktop/car_d/car_ws/install/service_interface/share/service_interface/hook/ld_library_path_lib.sh'
[0.919s] Level 1:colcon.colcon_core.environment:checking '/home/tan/Desktop/car_d/car_ws/install/service_interface/bin'
[0.919s] Level 1:colcon.colcon_core.environment:checking '/home/tan/Desktop/car_d/car_ws/install/service_interface/lib/pkgconfig/service_interface.pc'
[0.920s] Level 1:colcon.colcon_core.environment:checking '/home/tan/Desktop/car_d/car_ws/install/service_interface/lib/python3.8/site-packages'
[0.920s] Level 1:colcon.colcon_core.shell:create_environment_hook('service_interface', 'pythonpath')
[0.922s] INFO:colcon.colcon_core.shell:Creating environment hook '/home/tan/Desktop/car_d/car_ws/install/service_interface/share/service_interface/hook/pythonpath.ps1'
[0.922s] INFO:colcon.colcon_core.shell:Creating environment descriptor '/home/tan/Desktop/car_d/car_ws/install/service_interface/share/service_interface/hook/pythonpath.dsv'
[0.922s] INFO:colcon.colcon_core.shell:Creating environment hook '/home/tan/Desktop/car_d/car_ws/install/service_interface/share/service_interface/hook/pythonpath.sh'
[0.923s] Level 1:colcon.colcon_core.environment:checking '/home/tan/Desktop/car_d/car_ws/install/service_interface/bin'
[0.926s] INFO:colcon.colcon_core.shell:Creating package script '/home/tan/Desktop/car_d/car_ws/install/service_interface/share/service_interface/package.ps1'
[0.926s] INFO:colcon.colcon_core.shell:Creating package descriptor '/home/tan/Desktop/car_d/car_ws/install/service_interface/share/service_interface/package.dsv'
[0.926s] INFO:colcon.colcon_core.shell:Creating package script '/home/tan/Desktop/car_d/car_ws/install/service_interface/share/service_interface/package.sh'
[0.927s] INFO:colcon.colcon_core.shell:Creating package script '/home/tan/Desktop/car_d/car_ws/install/service_interface/share/service_interface/package.bash'
[0.927s] INFO:colcon.colcon_core.shell:Creating package script '/home/tan/Desktop/car_d/car_ws/install/service_interface/share/service_interface/package.zsh'
[0.927s] Level 1:colcon.colcon_core.environment:create_file_with_runtime_dependencies(/home/tan/Desktop/car_d/car_ws/install/service_interface/share/colcon-core/packages/service_interface)
[0.933s] Level 1:colcon.colcon_core.environment:create_environment_scripts_only(msg_interface)
[0.936s] Level 1:colcon.colcon_core.environment:checking '/home/tan/Desktop/car_d/car_ws/install/msg_interface' for CMake module files
[0.937s] Level 1:colcon.colcon_core.environment:checking '/home/tan/Desktop/car_d/car_ws/install/msg_interface' for CMake config files
[0.937s] Level 1:colcon.colcon_core.shell:create_environment_hook('msg_interface', 'cmake_prefix_path')
[0.940s] INFO:colcon.colcon_core.shell:Creating environment hook '/home/tan/Desktop/car_d/car_ws/install/msg_interface/share/msg_interface/hook/cmake_prefix_path.ps1'
[0.940s] INFO:colcon.colcon_core.shell:Creating environment descriptor '/home/tan/Desktop/car_d/car_ws/install/msg_interface/share/msg_interface/hook/cmake_prefix_path.dsv'
[0.940s] INFO:colcon.colcon_core.shell:Creating environment hook '/home/tan/Desktop/car_d/car_ws/install/msg_interface/share/msg_interface/hook/cmake_prefix_path.sh'
[0.941s] Level 1:colcon.colcon_core.environment:checking '/home/tan/Desktop/car_d/car_ws/install/msg_interface/lib'
[0.941s] Level 1:colcon.colcon_core.shell:create_environment_hook('msg_interface', 'ld_library_path_lib')
[0.943s] INFO:colcon.colcon_core.shell:Creating environment hook '/home/tan/Desktop/car_d/car_ws/install/msg_interface/share/msg_interface/hook/ld_library_path_lib.ps1'
[0.944s] INFO:colcon.colcon_core.shell:Creating environment descriptor '/home/tan/Desktop/car_d/car_ws/install/msg_interface/share/msg_interface/hook/ld_library_path_lib.dsv'
[0.944s] INFO:colcon.colcon_core.shell:Creating environment hook '/home/tan/Desktop/car_d/car_ws/install/msg_interface/share/msg_interface/hook/ld_library_path_lib.sh'
[0.944s] Level 1:colcon.colcon_core.environment:checking '/home/tan/Desktop/car_d/car_ws/install/msg_interface/bin'
[0.944s] Level 1:colcon.colcon_core.environment:checking '/home/tan/Desktop/car_d/car_ws/install/msg_interface/lib/pkgconfig/msg_interface.pc'
[0.945s] Level 1:colcon.colcon_core.environment:checking '/home/tan/Desktop/car_d/car_ws/install/msg_interface/lib/python3.8/site-packages'
[0.945s] Level 1:colcon.colcon_core.shell:create_environment_hook('msg_interface', 'pythonpath')
[0.947s] INFO:colcon.colcon_core.shell:Creating environment hook '/home/tan/Desktop/car_d/car_ws/install/msg_interface/share/msg_interface/hook/pythonpath.ps1'
[0.947s] INFO:colcon.colcon_core.shell:Creating environment descriptor '/home/tan/Desktop/car_d/car_ws/install/msg_interface/share/msg_interface/hook/pythonpath.dsv'
[0.948s] INFO:colcon.colcon_core.shell:Creating environment hook '/home/tan/Desktop/car_d/car_ws/install/msg_interface/share/msg_interface/hook/pythonpath.sh'
[0.948s] Level 1:colcon.colcon_core.environment:checking '/home/tan/Desktop/car_d/car_ws/install/msg_interface/bin'
[0.951s] INFO:colcon.colcon_core.shell:Creating package script '/home/tan/Desktop/car_d/car_ws/install/msg_interface/share/msg_interface/package.ps1'
[0.951s] INFO:colcon.colcon_core.shell:Creating package descriptor '/home/tan/Desktop/car_d/car_ws/install/msg_interface/share/msg_interface/package.dsv'
[0.952s] INFO:colcon.colcon_core.shell:Creating package script '/home/tan/Desktop/car_d/car_ws/install/msg_interface/share/msg_interface/package.sh'
[0.952s] INFO:colcon.colcon_core.shell:Creating package script '/home/tan/Desktop/car_d/car_ws/install/msg_interface/share/msg_interface/package.bash'
[0.953s] INFO:colcon.colcon_core.shell:Creating package script '/home/tan/Desktop/car_d/car_ws/install/msg_interface/share/msg_interface/package.zsh'
[0.953s] Level 1:colcon.colcon_core.environment:create_file_with_runtime_dependencies(/home/tan/Desktop/car_d/car_ws/install/msg_interface/share/colcon-core/packages/msg_interface)
[1.034s] Level 1:colcon.colcon_core.environment:create_environment_scripts_only(service_interface)
[1.038s] Level 1:colcon.colcon_core.environment:checking '/home/tan/Desktop/car_d/car_ws/install/service_interface' for CMake module files
[1.039s] Level 1:colcon.colcon_core.environment:checking '/home/tan/Desktop/car_d/car_ws/install/service_interface' for CMake config files
[1.039s] Level 1:colcon.colcon_core.shell:create_environment_hook('service_interface', 'cmake_prefix_path')
[1.042s] INFO:colcon.colcon_core.shell:Creating environment hook '/home/tan/Desktop/car_d/car_ws/install/service_interface/share/service_interface/hook/cmake_prefix_path.ps1'
[1.042s] INFO:colcon.colcon_core.shell:Creating environment descriptor '/home/tan/Desktop/car_d/car_ws/install/service_interface/share/service_interface/hook/cmake_prefix_path.dsv'
[1.043s] INFO:colcon.colcon_core.shell:Creating environment hook '/home/tan/Desktop/car_d/car_ws/install/service_interface/share/service_interface/hook/cmake_prefix_path.sh'
[1.043s] Level 1:colcon.colcon_core.environment:checking '/home/tan/Desktop/car_d/car_ws/install/service_interface/lib'
[1.043s] Level 1:colcon.colcon_core.shell:create_environment_hook('service_interface', 'ld_library_path_lib')
[1.046s] INFO:colcon.colcon_core.shell:Creating environment hook '/home/tan/Desktop/car_d/car_ws/install/service_interface/share/service_interface/hook/ld_library_path_lib.ps1'
[1.046s] INFO:colcon.colcon_core.shell:Creating environment descriptor '/home/tan/Desktop/car_d/car_ws/install/service_interface/share/service_interface/hook/ld_library_path_lib.dsv'
[1.047s] INFO:colcon.colcon_core.shell:Creating environment hook '/home/tan/Desktop/car_d/car_ws/install/service_interface/share/service_interface/hook/ld_library_path_lib.sh'
[1.047s] Level 1:colcon.colcon_core.environment:checking '/home/tan/Desktop/car_d/car_ws/install/service_interface/bin'
[1.048s] Level 1:colcon.colcon_core.environment:checking '/home/tan/Desktop/car_d/car_ws/install/service_interface/lib/pkgconfig/service_interface.pc'
[1.048s] Level 1:colcon.colcon_core.environment:checking '/home/tan/Desktop/car_d/car_ws/install/service_interface/lib/python3.8/site-packages'
[1.048s] Level 1:colcon.colcon_core.shell:create_environment_hook('service_interface', 'pythonpath')
[1.051s] INFO:colcon.colcon_core.shell:Creating environment hook '/home/tan/Desktop/car_d/car_ws/install/service_interface/share/service_interface/hook/pythonpath.ps1'
[1.052s] INFO:colcon.colcon_core.shell:Creating environment descriptor '/home/tan/Desktop/car_d/car_ws/install/service_interface/share/service_interface/hook/pythonpath.dsv'
[1.052s] INFO:colcon.colcon_core.shell:Creating environment hook '/home/tan/Desktop/car_d/car_ws/install/service_interface/share/service_interface/hook/pythonpath.sh'
[1.053s] Level 1:colcon.colcon_core.environment:checking '/home/tan/Desktop/car_d/car_ws/install/service_interface/bin'
[1.059s] INFO:colcon.colcon_core.shell:Creating package script '/home/tan/Desktop/car_d/car_ws/install/service_interface/share/service_interface/package.ps1'
[1.061s] INFO:colcon.colcon_core.shell:Creating package descriptor '/home/tan/Desktop/car_d/car_ws/install/service_interface/share/service_interface/package.dsv'
[1.061s] INFO:colcon.colcon_core.shell:Creating package script '/home/tan/Desktop/car_d/car_ws/install/service_interface/share/service_interface/package.sh'
[1.062s] INFO:colcon.colcon_core.shell:Creating package script '/home/tan/Desktop/car_d/car_ws/install/service_interface/share/service_interface/package.bash'
[1.062s] INFO:colcon.colcon_core.shell:Creating package script '/home/tan/Desktop/car_d/car_ws/install/service_interface/share/service_interface/package.zsh'
[1.063s] Level 1:colcon.colcon_core.environment:create_file_with_runtime_dependencies(/home/tan/Desktop/car_d/car_ws/install/service_interface/share/colcon-core/packages/service_interface)
[1.063s] INFO:colcon.colcon_ros.task.ament_cmake.build:Building ROS package in '/home/tan/Desktop/car_d/car_ws/src/px4_node' with build type 'ament_cmake'
[1.064s] INFO:colcon.colcon_cmake.task.cmake.build:Building CMake package in '/home/tan/Desktop/car_d/car_ws/src/px4_node'
[1.067s] INFO:colcon.colcon_core.shell:Skip shell extension 'powershell' for command environment: Not usable outside of PowerShell
[1.067s] DEBUG:colcon.colcon_core.shell:Skip shell extension 'dsv' for command environment
[1.090s] DEBUG:colcon.colcon_core.event_handler.log_command:Invoking command in '/home/tan/Desktop/car_d/car_ws/build/px4_node': CMAKE_PREFIX_PATH=/home/tan/Desktop/car_d/car_ws/install/service_interface:/home/tan/Desktop/car_d/car_ws/install/msg_interface:/home/tan/Desktop/car_d/car_ws/install/tan:/home/tan/Desktop/car_d/car_ws/install/px4_node:/home/tan/Desktop/car_d/car_ws/install/carrl_interface:/home/tan/ros2_ws/install/realsense2_description:/home/tan/ros2_ws/install/realsense2_camera:/home/tan/ros2_ws/install/realsense2_camera_msgs:/opt/ros/foxy LD_LIBRARY_PATH=/home/tan/Desktop/car_d/car_ws/install/service_interface/lib:/home/tan/Desktop/car_d/car_ws/install/msg_interface/lib:/home/tan/Desktop/car_d/car_ws/install/carrl_interface/lib:/home/tan/ros2_ws/install/realsense2_camera/lib:/home/tan/ros2_ws/install/realsense2_camera_msgs/lib:/opt/ros/foxy/opt/yaml_cpp_vendor/lib:/opt/ros/foxy/opt/rviz_ogre_vendor/lib:/opt/ros/foxy/lib/x86_64-linux-gnu:/opt/ros/foxy/lib:/usr/lib/x86_64-linux-gnu/gazebo-11/plugins:/usr/lib/x86_64-linux-gnu/gazebo-11/plugins:/home/tan/ardupilot_gazebo/build:/usr/lib/x86_64-linux-gnu/gazebo-11/plugins /usr/bin/cmake --build /home/tan/Desktop/car_d/car_ws/build/px4_node -- -j16 -l16
[1.157s] DEBUG:colcon.colcon_core.event_handler.log_command:Invoked command in '/home/tan/Desktop/car_d/car_ws/build/px4_node' returned '0': CMAKE_PREFIX_PATH=/home/tan/Desktop/car_d/car_ws/install/service_interface:/home/tan/Desktop/car_d/car_ws/install/msg_interface:/home/tan/Desktop/car_d/car_ws/install/tan:/home/tan/Desktop/car_d/car_ws/install/px4_node:/home/tan/Desktop/car_d/car_ws/install/carrl_interface:/home/tan/ros2_ws/install/realsense2_description:/home/tan/ros2_ws/install/realsense2_camera:/home/tan/ros2_ws/install/realsense2_camera_msgs:/opt/ros/foxy LD_LIBRARY_PATH=/home/tan/Desktop/car_d/car_ws/install/service_interface/lib:/home/tan/Desktop/car_d/car_ws/install/msg_interface/lib:/home/tan/Desktop/car_d/car_ws/install/carrl_interface/lib:/home/tan/ros2_ws/install/realsense2_camera/lib:/home/tan/ros2_ws/install/realsense2_camera_msgs/lib:/opt/ros/foxy/opt/yaml_cpp_vendor/lib:/opt/ros/foxy/opt/rviz_ogre_vendor/lib:/opt/ros/foxy/lib/x86_64-linux-gnu:/opt/ros/foxy/lib:/usr/lib/x86_64-linux-gnu/gazebo-11/plugins:/usr/lib/x86_64-linux-gnu/gazebo-11/plugins:/home/tan/ardupilot_gazebo/build:/usr/lib/x86_64-linux-gnu/gazebo-11/plugins /usr/bin/cmake --build /home/tan/Desktop/car_d/car_ws/build/px4_node -- -j16 -l16
[1.182s] DEBUG:colcon.colcon_core.event_handler.log_command:Invoking command in '/home/tan/Desktop/car_d/car_ws/build/px4_node': CMAKE_PREFIX_PATH=/home/tan/Desktop/car_d/car_ws/install/service_interface:/home/tan/Desktop/car_d/car_ws/install/msg_interface:/home/tan/Desktop/car_d/car_ws/install/tan:/home/tan/Desktop/car_d/car_ws/install/px4_node:/home/tan/Desktop/car_d/car_ws/install/carrl_interface:/home/tan/ros2_ws/install/realsense2_description:/home/tan/ros2_ws/install/realsense2_camera:/home/tan/ros2_ws/install/realsense2_camera_msgs:/opt/ros/foxy LD_LIBRARY_PATH=/home/tan/Desktop/car_d/car_ws/install/service_interface/lib:/home/tan/Desktop/car_d/car_ws/install/msg_interface/lib:/home/tan/Desktop/car_d/car_ws/install/carrl_interface/lib:/home/tan/ros2_ws/install/realsense2_camera/lib:/home/tan/ros2_ws/install/realsense2_camera_msgs/lib:/opt/ros/foxy/opt/yaml_cpp_vendor/lib:/opt/ros/foxy/opt/rviz_ogre_vendor/lib:/opt/ros/foxy/lib/x86_64-linux-gnu:/opt/ros/foxy/lib:/usr/lib/x86_64-linux-gnu/gazebo-11/plugins:/usr/lib/x86_64-linux-gnu/gazebo-11/plugins:/home/tan/ardupilot_gazebo/build:/usr/lib/x86_64-linux-gnu/gazebo-11/plugins /usr/bin/cmake --install /home/tan/Desktop/car_d/car_ws/build/px4_node
[1.192s] Level 1:colcon.colcon_core.environment:create_environment_scripts_only(px4_node)
[1.196s] Level 1:colcon.colcon_core.environment:checking '/home/tan/Desktop/car_d/car_ws/install/px4_node' for CMake module files
[1.196s] DEBUG:colcon.colcon_core.event_handler.log_command:Invoked command in '/home/tan/Desktop/car_d/car_ws/build/px4_node' returned '0': CMAKE_PREFIX_PATH=/home/tan/Desktop/car_d/car_ws/install/service_interface:/home/tan/Desktop/car_d/car_ws/install/msg_interface:/home/tan/Desktop/car_d/car_ws/install/tan:/home/tan/Desktop/car_d/car_ws/install/px4_node:/home/tan/Desktop/car_d/car_ws/install/carrl_interface:/home/tan/ros2_ws/install/realsense2_description:/home/tan/ros2_ws/install/realsense2_camera:/home/tan/ros2_ws/install/realsense2_camera_msgs:/opt/ros/foxy LD_LIBRARY_PATH=/home/tan/Desktop/car_d/car_ws/install/service_interface/lib:/home/tan/Desktop/car_d/car_ws/install/msg_interface/lib:/home/tan/Desktop/car_d/car_ws/install/carrl_interface/lib:/home/tan/ros2_ws/install/realsense2_camera/lib:/home/tan/ros2_ws/install/realsense2_camera_msgs/lib:/opt/ros/foxy/opt/yaml_cpp_vendor/lib:/opt/ros/foxy/opt/rviz_ogre_vendor/lib:/opt/ros/foxy/lib/x86_64-linux-gnu:/opt/ros/foxy/lib:/usr/lib/x86_64-linux-gnu/gazebo-11/plugins:/usr/lib/x86_64-linux-gnu/gazebo-11/plugins:/home/tan/ardupilot_gazebo/build:/usr/lib/x86_64-linux-gnu/gazebo-11/plugins /usr/bin/cmake --install /home/tan/Desktop/car_d/car_ws/build/px4_node
[1.196s] Level 1:colcon.colcon_core.environment:checking '/home/tan/Desktop/car_d/car_ws/install/px4_node' for CMake config files
[1.196s] Level 1:colcon.colcon_core.shell:create_environment_hook('px4_node', 'cmake_prefix_path')
[1.199s] INFO:colcon.colcon_core.shell:Creating environment hook '/home/tan/Desktop/car_d/car_ws/install/px4_node/share/px4_node/hook/cmake_prefix_path.ps1'
[1.199s] INFO:colcon.colcon_core.shell:Creating environment descriptor '/home/tan/Desktop/car_d/car_ws/install/px4_node/share/px4_node/hook/cmake_prefix_path.dsv'
[1.199s] INFO:colcon.colcon_core.shell:Creating environment hook '/home/tan/Desktop/car_d/car_ws/install/px4_node/share/px4_node/hook/cmake_prefix_path.sh'
[1.200s] Level 1:colcon.colcon_core.environment:checking '/home/tan/Desktop/car_d/car_ws/install/px4_node/lib'
[1.200s] Level 1:colcon.colcon_core.environment:checking '/home/tan/Desktop/car_d/car_ws/install/px4_node/bin'
[1.200s] Level 1:colcon.colcon_core.environment:checking '/home/tan/Desktop/car_d/car_ws/install/px4_node/lib/pkgconfig/px4_node.pc'
[1.200s] Level 1:colcon.colcon_core.environment:checking '/home/tan/Desktop/car_d/car_ws/install/px4_node/lib/python3.8/site-packages'
[1.200s] Level 1:colcon.colcon_core.environment:checking '/home/tan/Desktop/car_d/car_ws/install/px4_node/bin'
[1.203s] INFO:colcon.colcon_core.shell:Creating package script '/home/tan/Desktop/car_d/car_ws/install/px4_node/share/px4_node/package.ps1'
[1.203s] INFO:colcon.colcon_core.shell:Creating package descriptor '/home/tan/Desktop/car_d/car_ws/install/px4_node/share/px4_node/package.dsv'
[1.203s] INFO:colcon.colcon_core.shell:Creating package script '/home/tan/Desktop/car_d/car_ws/install/px4_node/share/px4_node/package.sh'
[1.204s] INFO:colcon.colcon_core.shell:Creating package script '/home/tan/Desktop/car_d/car_ws/install/px4_node/share/px4_node/package.bash'
[1.204s] INFO:colcon.colcon_core.shell:Creating package script '/home/tan/Desktop/car_d/car_ws/install/px4_node/share/px4_node/package.zsh'
[1.204s] Level 1:colcon.colcon_core.environment:create_file_with_runtime_dependencies(/home/tan/Desktop/car_d/car_ws/install/px4_node/share/colcon-core/packages/px4_node)
[1.230s] Level 1:colcon.colcon_core.environment:create_environment_scripts_only(px4_node)
[1.233s] Level 1:colcon.colcon_core.environment:checking '/home/tan/Desktop/car_d/car_ws/install/px4_node' for CMake module files
[1.233s] Level 1:colcon.colcon_core.environment:checking '/home/tan/Desktop/car_d/car_ws/install/px4_node' for CMake config files
[1.233s] Level 1:colcon.colcon_core.shell:create_environment_hook('px4_node', 'cmake_prefix_path')
[1.235s] INFO:colcon.colcon_core.shell:Creating environment hook '/home/tan/Desktop/car_d/car_ws/install/px4_node/share/px4_node/hook/cmake_prefix_path.ps1'
[1.236s] INFO:colcon.colcon_core.shell:Creating environment descriptor '/home/tan/Desktop/car_d/car_ws/install/px4_node/share/px4_node/hook/cmake_prefix_path.dsv'
[1.236s] INFO:colcon.colcon_core.shell:Creating environment hook '/home/tan/Desktop/car_d/car_ws/install/px4_node/share/px4_node/hook/cmake_prefix_path.sh'
[1.237s] Level 1:colcon.colcon_core.environment:checking '/home/tan/Desktop/car_d/car_ws/install/px4_node/lib'
[1.237s] Level 1:colcon.colcon_core.environment:checking '/home/tan/Desktop/car_d/car_ws/install/px4_node/bin'
[1.237s] Level 1:colcon.colcon_core.environment:checking '/home/tan/Desktop/car_d/car_ws/install/px4_node/lib/pkgconfig/px4_node.pc'
[1.237s] Level 1:colcon.colcon_core.environment:checking '/home/tan/Desktop/car_d/car_ws/install/px4_node/lib/python3.8/site-packages'
[1.237s] Level 1:colcon.colcon_core.environment:checking '/home/tan/Desktop/car_d/car_ws/install/px4_node/bin'
[1.239s] INFO:colcon.colcon_core.shell:Creating package script '/home/tan/Desktop/car_d/car_ws/install/px4_node/share/px4_node/package.ps1'
[1.240s] INFO:colcon.colcon_core.shell:Creating package descriptor '/home/tan/Desktop/car_d/car_ws/install/px4_node/share/px4_node/package.dsv'
[1.240s] INFO:colcon.colcon_core.shell:Creating package script '/home/tan/Desktop/car_d/car_ws/install/px4_node/share/px4_node/package.sh'
[1.240s] INFO:colcon.colcon_core.shell:Creating package script '/home/tan/Desktop/car_d/car_ws/install/px4_node/share/px4_node/package.bash'
[1.241s] INFO:colcon.colcon_core.shell:Creating package script '/home/tan/Desktop/car_d/car_ws/install/px4_node/share/px4_node/package.zsh'
[1.241s] Level 1:colcon.colcon_core.environment:create_file_with_runtime_dependencies(/home/tan/Desktop/car_d/car_ws/install/px4_node/share/colcon-core/packages/px4_node)
[7.161s] DEBUG:colcon.colcon_core.event_handler.log_command:Invoked command in '/home/tan/Desktop/car_d/car_ws/build/tan' returned '0': CMAKE_PREFIX_PATH=${CMAKE_PREFIX_PATH}:/opt/ros/foxy /usr/bin/cmake --build /home/tan/Desktop/car_d/car_ws/build/tan -- -j16 -l16
[7.191s] DEBUG:colcon.colcon_core.event_handler.log_command:Invoking command in '/home/tan/Desktop/car_d/car_ws/build/tan': CMAKE_PREFIX_PATH=${CMAKE_PREFIX_PATH}:/opt/ros/foxy /usr/bin/cmake --install /home/tan/Desktop/car_d/car_ws/build/tan
[7.209s] Level 1:colcon.colcon_core.environment:create_environment_scripts_only(tan)
[7.213s] Level 1:colcon.colcon_core.environment:checking '/home/tan/Desktop/car_d/car_ws/install/tan' for CMake module files
[7.213s] DEBUG:colcon.colcon_core.event_handler.log_command:Invoked command in '/home/tan/Desktop/car_d/car_ws/build/tan' returned '0': CMAKE_PREFIX_PATH=${CMAKE_PREFIX_PATH}:/opt/ros/foxy /usr/bin/cmake --install /home/tan/Desktop/car_d/car_ws/build/tan
[7.213s] Level 1:colcon.colcon_core.environment:checking '/home/tan/Desktop/car_d/car_ws/install/tan' for CMake config files
[7.214s] Level 1:colcon.colcon_core.shell:create_environment_hook('tan', 'cmake_prefix_path')
[7.216s] INFO:colcon.colcon_core.shell:Creating environment hook '/home/tan/Desktop/car_d/car_ws/install/tan/share/tan/hook/cmake_prefix_path.ps1'
[7.216s] INFO:colcon.colcon_core.shell:Creating environment descriptor '/home/tan/Desktop/car_d/car_ws/install/tan/share/tan/hook/cmake_prefix_path.dsv'
[7.216s] INFO:colcon.colcon_core.shell:Creating environment hook '/home/tan/Desktop/car_d/car_ws/install/tan/share/tan/hook/cmake_prefix_path.sh'
[7.217s] Level 1:colcon.colcon_core.environment:checking '/home/tan/Desktop/car_d/car_ws/install/tan/lib'
[7.217s] Level 1:colcon.colcon_core.environment:checking '/home/tan/Desktop/car_d/car_ws/install/tan/bin'
[7.217s] Level 1:colcon.colcon_core.environment:checking '/home/tan/Desktop/car_d/car_ws/install/tan/lib/pkgconfig/tan.pc'
[7.217s] Level 1:colcon.colcon_core.environment:checking '/home/tan/Desktop/car_d/car_ws/install/tan/lib/python3.8/site-packages'
[7.217s] Level 1:colcon.colcon_core.environment:checking '/home/tan/Desktop/car_d/car_ws/install/tan/bin'
[7.219s] INFO:colcon.colcon_core.shell:Creating package script '/home/tan/Desktop/car_d/car_ws/install/tan/share/tan/package.ps1'
[7.219s] INFO:colcon.colcon_core.shell:Creating package descriptor '/home/tan/Desktop/car_d/car_ws/install/tan/share/tan/package.dsv'
[7.220s] INFO:colcon.colcon_core.shell:Creating package script '/home/tan/Desktop/car_d/car_ws/install/tan/share/tan/package.sh'
[7.220s] INFO:colcon.colcon_core.shell:Creating package script '/home/tan/Desktop/car_d/car_ws/install/tan/share/tan/package.bash'
[7.220s] INFO:colcon.colcon_core.shell:Creating package script '/home/tan/Desktop/car_d/car_ws/install/tan/share/tan/package.zsh'
[7.220s] Level 1:colcon.colcon_core.environment:create_file_with_runtime_dependencies(/home/tan/Desktop/car_d/car_ws/install/tan/share/colcon-core/packages/tan)
[7.253s] Level 1:colcon.colcon_core.environment:create_environment_scripts_only(tan)
[7.256s] Level 1:colcon.colcon_core.environment:checking '/home/tan/Desktop/car_d/car_ws/install/tan' for CMake module files
[7.256s] Level 1:colcon.colcon_core.environment:checking '/home/tan/Desktop/car_d/car_ws/install/tan' for CMake config files
[7.256s] Level 1:colcon.colcon_core.shell:create_environment_hook('tan', 'cmake_prefix_path')
[7.258s] INFO:colcon.colcon_core.shell:Creating environment hook '/home/tan/Desktop/car_d/car_ws/install/tan/share/tan/hook/cmake_prefix_path.ps1'
[7.259s] INFO:colcon.colcon_core.shell:Creating environment descriptor '/home/tan/Desktop/car_d/car_ws/install/tan/share/tan/hook/cmake_prefix_path.dsv'
[7.259s] INFO:colcon.colcon_core.shell:Creating environment hook '/home/tan/Desktop/car_d/car_ws/install/tan/share/tan/hook/cmake_prefix_path.sh'
[7.260s] Level 1:colcon.colcon_core.environment:checking '/home/tan/Desktop/car_d/car_ws/install/tan/lib'
[7.260s] Level 1:colcon.colcon_core.environment:checking '/home/tan/Desktop/car_d/car_ws/install/tan/bin'
[7.260s] Level 1:colcon.colcon_core.environment:checking '/home/tan/Desktop/car_d/car_ws/install/tan/lib/pkgconfig/tan.pc'
[7.260s] Level 1:colcon.colcon_core.environment:checking '/home/tan/Desktop/car_d/car_ws/install/tan/lib/python3.8/site-packages'
[7.260s] Level 1:colcon.colcon_core.environment:checking '/home/tan/Desktop/car_d/car_ws/install/tan/bin'
[7.262s] INFO:colcon.colcon_core.shell:Creating package script '/home/tan/Desktop/car_d/car_ws/install/tan/share/tan/package.ps1'
[7.263s] INFO:colcon.colcon_core.shell:Creating package descriptor '/home/tan/Desktop/car_d/car_ws/install/tan/share/tan/package.dsv'
[7.263s] INFO:colcon.colcon_core.shell:Creating package script '/home/tan/Desktop/car_d/car_ws/install/tan/share/tan/package.sh'
[7.263s] INFO:colcon.colcon_core.shell:Creating package script '/home/tan/Desktop/car_d/car_ws/install/tan/share/tan/package.bash'
[7.264s] INFO:colcon.colcon_core.shell:Creating package script '/home/tan/Desktop/car_d/car_ws/install/tan/share/tan/package.zsh'
[7.264s] Level 1:colcon.colcon_core.environment:create_file_with_runtime_dependencies(/home/tan/Desktop/car_d/car_ws/install/tan/share/colcon-core/packages/tan)
[7.264s] DEBUG:colcon.colcon_parallel_executor.executor.parallel:closing loop
[7.264s] DEBUG:colcon.colcon_parallel_executor.executor.parallel:loop closed
[7.264s] DEBUG:colcon.colcon_parallel_executor.executor.parallel:run_until_complete finished with '0'
[7.265s] DEBUG:colcon.colcon_core.event_reactor:joining thread
[7.273s] INFO:colcon.colcon_core.plugin_system:Skipping extension 'colcon_notification.desktop_notification.terminal_notifier': Not used on non-Darwin systems
[7.273s] INFO:colcon.colcon_core.plugin_system:Skipping extension 'colcon_notification.desktop_notification.win32': Not used on non-Windows systems
[7.273s] INFO:colcon.colcon_notification.desktop_notification:Sending desktop notification using 'notify2'
[7.286s] DEBUG:colcon.colcon_core.event_reactor:joined thread
[7.289s] INFO:colcon.colcon_core.shell:Creating prefix script '/home/tan/Desktop/car_d/car_ws/install/local_setup.ps1'
[7.289s] INFO:colcon.colcon_core.shell:Creating prefix util module '/home/tan/Desktop/car_d/car_ws/install/_local_setup_util_ps1.py'
[7.290s] INFO:colcon.colcon_core.shell:Creating prefix chain script '/home/tan/Desktop/car_d/car_ws/install/setup.ps1'
[7.292s] INFO:colcon.colcon_core.shell:Creating prefix script '/home/tan/Desktop/car_d/car_ws/install/local_setup.sh'
[7.293s] INFO:colcon.colcon_core.shell:Creating prefix util module '/home/tan/Desktop/car_d/car_ws/install/_local_setup_util_sh.py'
[7.293s] INFO:colcon.colcon_core.shell:Creating prefix chain script '/home/tan/Desktop/car_d/car_ws/install/setup.sh'
[7.294s] INFO:colcon.colcon_core.shell:Creating prefix script '/home/tan/Desktop/car_d/car_ws/install/local_setup.bash'
[7.295s] INFO:colcon.colcon_core.shell:Creating prefix chain script '/home/tan/Desktop/car_d/car_ws/install/setup.bash'
[7.296s] INFO:colcon.colcon_core.shell:Creating prefix script '/home/tan/Desktop/car_d/car_ws/install/local_setup.zsh'
[7.297s] INFO:colcon.colcon_core.shell:Creating prefix chain script '/home/tan/Desktop/car_d/car_ws/install/setup.zsh'
